# gmm-latgen-faster --max-active=7000 --beam=13.0 --lattice-beam=6.0 --acoustic-scale=0.083333 --allow-partial=true --word-symbol-table=exp/mono/graph/words.txt exp/mono/final.mdl exp/mono/graph/HCLG.fst "ark,s,cs:apply-cmvn  --utt2spk=ark:data/test/split1/1/utt2spk scp:data/test/split1/1/cmvn.scp scp:data/test/split1/1/feats.scp ark:- | add-deltas  ark:- ark:- |" "ark:|gzip -c > exp/mono/decode/lat.1.gz" 
# Started at Wed Oct 12 02:58:23 PDT 2016
#
gmm-latgen-faster --max-active=7000 --beam=13.0 --lattice-beam=6.0 --acoustic-scale=0.083333 --allow-partial=true --word-symbol-table=exp/mono/graph/words.txt exp/mono/final.mdl exp/mono/graph/HCLG.fst 'ark,s,cs:apply-cmvn  --utt2spk=ark:data/test/split1/1/utt2spk scp:data/test/split1/1/cmvn.scp scp:data/test/split1/1/feats.scp ark:- | add-deltas  ark:- ark:- |' 'ark:|gzip -c > exp/mono/decode/lat.1.gz' 
add-deltas ark:- ark:- 
apply-cmvn --utt2spk=ark:data/test/split1/1/utt2spk scp:data/test/split1/1/cmvn.scp scp:data/test/split1/1/feats.scp ark:- 
raj_1_2_5 ஆறு எட்டு ஆறு 
LOG (gmm-latgen-faster:DecodeUtteranceLatticeFaster():decoder-wrappers.cc:285) Log-like per frame for utterance raj_1_2_5 is -7.28818 over 478 frames.
raj_9_3_4 ஏழு எட்டு ஒன்பது 
LOG (gmm-latgen-faster:DecodeUtteranceLatticeFaster():decoder-wrappers.cc:285) Log-like per frame for utterance raj_9_3_4 is -7.3007 over 542 frames.
ranjini_1_2_3 ஐந்து ஒன்பது மூன்று 
LOG (gmm-latgen-faster:DecodeUtteranceLatticeFaster():decoder-wrappers.cc:285) Log-like per frame for utterance ranjini_1_2_3 is -7.67472 over 310 frames.
LOG (apply-cmvn:main():apply-cmvn.cc:146) Applied cepstral mean normalization to 9 utterances, errors on 0
ranjini_22_23_24 ஒரு ஐந்து ஐந்து ஐந்து 
LOG (gmm-latgen-faster:DecodeUtteranceLatticeFaster():decoder-wrappers.cc:285) Log-like per frame for utterance ranjini_22_23_24 is -8.96804 over 486 frames.
ranjini_4_8_7 ஒன்பது மூன்று ஐந்து 
LOG (gmm-latgen-faster:DecodeUtteranceLatticeFaster():decoder-wrappers.cc:285) Log-like per frame for utterance ranjini_4_8_7 is -7.72169 over 342 frames.
ranjini_5_9_3 ஒன்பது மூன்று 
LOG (gmm-latgen-faster:DecodeUtteranceLatticeFaster():decoder-wrappers.cc:285) Log-like per frame for utterance ranjini_5_9_3 is -7.48685 over 326 frames.
ranjini_9_3_5 ஒரு இரண்டு மூன்று 
LOG (gmm-latgen-faster:DecodeUtteranceLatticeFaster():decoder-wrappers.cc:285) Log-like per frame for utterance ranjini_9_3_5 is -7.71113 over 326 frames.
sindhu_3_5_1 நான்கு இரண்டு எட்டு 
LOG (gmm-latgen-faster:DecodeUtteranceLatticeFaster():decoder-wrappers.cc:285) Log-like per frame for utterance sindhu_3_5_1 is -7.64734 over 318 frames.
sindhu_4_2_8 நான்கு எட்டு ஏழு 
LOG (gmm-latgen-faster:DecodeUtteranceLatticeFaster():decoder-wrappers.cc:285) Log-like per frame for utterance sindhu_4_2_8 is -7.5528 over 318 frames.
LOG (gmm-latgen-faster:main():gmm-latgen-faster.cc:176) Time taken 0.577619s: real-time factor assuming 100 frames/sec is 0.016762
LOG (gmm-latgen-faster:main():gmm-latgen-faster.cc:179) Done 9 utterances, failed for 0
LOG (gmm-latgen-faster:main():gmm-latgen-faster.cc:181) Overall log-likelihood per frame is -7.72123 over 3446 frames.
# Accounting: time=1 threads=1
# Ended (code 0) at Wed Oct 12 02:58:24 PDT 2016, elapsed time 1 seconds
