# gunzip -c exp/mono/decode/depth_stats_tmp.*.gz | steps/diagnostic/analyze_lattice_depth_stats.py exp/mono/graph 
# Started at Sun Sep 11 01:06:40 PDT 2016
#
The total amount of data analyzed assuming 100 frames per second is 1.3 hours
Overall, lattice depth (10,50,90-percentile)=(1,3,14) and mean=6.3
Nonsilence phones as a group account for 87.5% of frames, with lattice depth (10,50,90-percentile)=(1,2,14) and mean=6.4
Phone sil accounts for 12.5% of frames, with lattice depth (10,50,90-percentile)=(1,3,12) and mean=5.6
Phone n_E accounts for 3.3% of frames, with lattice depth (10,50,90-percentile)=(1,3,19) and mean=8.8
Phone z_E accounts for 3.0% of frames, with lattice depth (10,50,90-percentile)=(1,3,14) and mean=6.2
Phone s_B accounts for 2.9% of frames, with lattice depth (10,50,90-percentile)=(1,2,17) and mean=6.8
Phone s_I accounts for 2.8% of frames, with lattice depth (10,50,90-percentile)=(1,2,11) and mean=5.3
Phone iy_I accounts for 2.7% of frames, with lattice depth (10,50,90-percentile)=(1,2,10) and mean=6.2
Phone ae_I accounts for 2.6% of frames, with lattice depth (10,50,90-percentile)=(1,3,16) and mean=7.3
Phone r_I accounts for 2.4% of frames, with lattice depth (10,50,90-percentile)=(1,2,10) and mean=4.8
Phone ax_I accounts for 2.3% of frames, with lattice depth (10,50,90-percentile)=(1,2,11) and mean=5.6
Phone eh_I accounts for 2.0% of frames, with lattice depth (10,50,90-percentile)=(1,3,14) and mean=6.3
Phone iy_E accounts for 2.0% of frames, with lattice depth (10,50,90-percentile)=(1,3,16) and mean=6.4
Phone er_I accounts for 1.9% of frames, with lattice depth (10,50,90-percentile)=(1,2,14) and mean=6.6
Phone l_I accounts for 1.7% of frames, with lattice depth (10,50,90-percentile)=(1,2,11) and mean=5.4
Phone ey_I accounts for 1.7% of frames, with lattice depth (10,50,90-percentile)=(1,2,10) and mean=5.1
Phone p_I accounts for 1.7% of frames, with lattice depth (10,50,90-percentile)=(1,2,9) and mean=4.2
Phone n_I accounts for 1.6% of frames, with lattice depth (10,50,90-percentile)=(1,3,16) and mean=7.2
Phone f_B accounts for 1.5% of frames, with lattice depth (10,50,90-percentile)=(1,2,12) and mean=5.5
Phone k_B accounts for 1.5% of frames, with lattice depth (10,50,90-percentile)=(1,2,12) and mean=5.2
Phone td_E accounts for 1.5% of frames, with lattice depth (10,50,90-percentile)=(1,3,18) and mean=8.0
Phone ih_I accounts for 1.4% of frames, with lattice depth (10,50,90-percentile)=(1,2,13) and mean=6.4
Phone s_E accounts for 1.4% of frames, with lattice depth (10,50,90-percentile)=(1,2,13) and mean=5.3
Phone ay_I accounts for 1.4% of frames, with lattice depth (10,50,90-percentile)=(1,2,12) and mean=5.5
Phone aa_I accounts for 1.4% of frames, with lattice depth (10,50,90-percentile)=(1,3,15) and mean=6.1
Phone ao_I accounts for 1.3% of frames, with lattice depth (10,50,90-percentile)=(1,2,11) and mean=5.1
Phone w_B accounts for 1.3% of frames, with lattice depth (10,50,90-percentile)=(1,4,16) and mean=7.1
Phone k_I accounts for 1.3% of frames, with lattice depth (10,50,90-percentile)=(1,2,9) and mean=4.2
Phone t_I accounts for 1.1% of frames, with lattice depth (10,50,90-percentile)=(1,3,17) and mean=8.9
Phone ah_I accounts for 1.1% of frames, with lattice depth (10,50,90-percentile)=(1,3,14) and mean=6.7
Phone t_B accounts for 1.1% of frames, with lattice depth (10,50,90-percentile)=(1,3,17) and mean=7.5
Phone er_E accounts for 1.1% of frames, with lattice depth (10,50,90-percentile)=(1,2,14) and mean=6.7
Phone ih_B accounts for 1.0% of frames, with lattice depth (10,50,90-percentile)=(1,6,20) and mean=9.8
Phone sh_I accounts for 1.0% of frames, with lattice depth (10,50,90-percentile)=(1,1,7) and mean=3.5
Phone m_I accounts for 1.0% of frames, with lattice depth (10,50,90-percentile)=(1,2,8) and mean=4.2
Phone eh_B accounts for 1.0% of frames, with lattice depth (10,50,90-percentile)=(1,3,15) and mean=6.4
Phone p_B accounts for 0.9% of frames, with lattice depth (10,50,90-percentile)=(1,3,12) and mean=6.2
Phone aa_B accounts for 0.9% of frames, with lattice depth (10,50,90-percentile)=(1,5,22) and mean=9.8
Phone l_B accounts for 0.9% of frames, with lattice depth (10,50,90-percentile)=(1,3,22) and mean=8.8
Phone m_B accounts for 0.9% of frames, with lattice depth (10,50,90-percentile)=(1,4,16) and mean=6.8
Phone r_B accounts for 0.8% of frames, with lattice depth (10,50,90-percentile)=(1,2,10) and mean=4.5
Phone dh_B accounts for 0.8% of frames, with lattice depth (10,50,90-percentile)=(1,6,28) and mean=12.2
Phone sh_B accounts for 0.8% of frames, with lattice depth (10,50,90-percentile)=(1,2,11) and mean=5.2
Phone hh_B accounts for 0.8% of frames, with lattice depth (10,50,90-percentile)=(1,2,12) and mean=5.3
Phone uw_I accounts for 0.8% of frames, with lattice depth (10,50,90-percentile)=(1,2,13) and mean=6.7
Phone v_E accounts for 0.8% of frames, with lattice depth (10,50,90-percentile)=(1,4,21) and mean=9.5
Phone uw_E accounts for 0.8% of frames, with lattice depth (10,50,90-percentile)=(1,3,15) and mean=7.2
Phone b_I accounts for 0.8% of frames, with lattice depth (10,50,90-percentile)=(1,2,9) and mean=4.5
Phone ow_I accounts for 0.7% of frames, with lattice depth (10,50,90-percentile)=(1,2,9) and mean=4.3
Phone f_I accounts for 0.7% of frames, with lattice depth (10,50,90-percentile)=(1,2,8) and mean=3.9
Phone ts_E accounts for 0.7% of frames, with lattice depth (10,50,90-percentile)=(1,2,8) and mean=5.0
Phone d_B accounts for 0.7% of frames, with lattice depth (10,50,90-percentile)=(1,2,12) and mean=5.3
Phone dx_I accounts for 0.7% of frames, with lattice depth (10,50,90-percentile)=(1,2,11) and mean=5.0
Phone ch_I accounts for 0.6% of frames, with lattice depth (10,50,90-percentile)=(1,2,9) and mean=4.1
Phone ax_B accounts for 0.6% of frames, with lattice depth (10,50,90-percentile)=(1,4,19) and mean=8.5
Phone ey_E accounts for 0.6% of frames, with lattice depth (10,50,90-percentile)=(1,2,7) and mean=3.9
Phone r_E accounts for 0.6% of frames, with lattice depth (10,50,90-percentile)=(1,6,29) and mean=11.8
Phone ax_E accounts for 0.6% of frames, with lattice depth (10,50,90-percentile)=(1,6,30) and mean=13.0
Phone z_I accounts for 0.5% of frames, with lattice depth (10,50,90-percentile)=(1,2,13) and mean=5.7
Phone y_I accounts for 0.5% of frames, with lattice depth (10,50,90-percentile)=(1,2,7) and mean=3.7
Phone g_B accounts for 0.5% of frames, with lattice depth (10,50,90-percentile)=(1,4,16) and mean=7.4
# Accounting: time=0 threads=1
# Ended (code 0) at Sun Sep 11 01:06:40 PDT 2016, elapsed time 0 seconds
