# gmm-latgen-faster --max-active=7000 --beam=20.0 --lattice-beam=10.0 --acoustic-scale=0.083333 --allow-partial=true --word-symbol-table=exp/mono/graph/words.txt exp/mono/final.mdl exp/mono/graph/HCLG.fst "ark,s,cs:apply-cmvn  --utt2spk=ark:data/test/split20/4/utt2spk scp:data/test/split20/4/cmvn.scp scp:data/test/split20/4/feats.scp ark:- | add-deltas  ark:- ark:- |" "ark:|gzip -c > exp/mono/decode/lat.4.gz" 
# Started at Sun Sep 11 00:57:20 PDT 2016
#
gmm-latgen-faster --max-active=7000 --beam=20.0 --lattice-beam=10.0 --acoustic-scale=0.083333 --allow-partial=true --word-symbol-table=exp/mono/graph/words.txt exp/mono/final.mdl exp/mono/graph/HCLG.fst 'ark,s,cs:apply-cmvn  --utt2spk=ark:data/test/split20/4/utt2spk scp:data/test/split20/4/cmvn.scp scp:data/test/split20/4/feats.scp ark:- | add-deltas  ark:- ark:- |' 'ark:|gzip -c > exp/mono/decode/lat.4.gz' 
apply-cmvn --utt2spk=ark:data/test/split20/4/utt2spk scp:data/test/split20/4/cmvn.scp scp:data/test/split20/4/feats.scp ark:- 
add-deltas ark:- ark:- 
cau07_st0031_feb91 DON+T SHOW THE CHART ON REDRAW 
LOG (gmm-latgen-faster:DecodeUtteranceLatticeFaster():decoder-wrappers.cc:285) Log-like per frame for utterance cau07_st0031_feb91 is -8.64755 over 199 frames.
cau07_st0104_feb91 WHAT+RE THE ESTIMATED TIME OF ARRIVAL AT OAKLAND OF JARRETT 
LOG (gmm-latgen-faster:DecodeUtteranceLatticeFaster():decoder-wrappers.cc:285) Log-like per frame for utterance cau07_st0104_feb91 is -8.93077 over 329 frames.
cau07_st0172_feb91 WHAT SUBMARINES IN CHINA SEA ON TWENTY NOVEMBER WILL CHOP TO ATLANTIC FLEET BY TWENTY NINE APRIL 
LOG (gmm-latgen-faster:DecodeUtteranceLatticeFaster():decoder-wrappers.cc:285) Log-like per frame for utterance cau07_st0172_feb91 is -8.71702 over 637 frames.
cau07_st0254_feb91 ARE ANY CRUISERS CAPABLE ARE THE MAX SPEED OF MORE THAN SIXTY KNOTS 
LOG (gmm-latgen-faster:DecodeUtteranceLatticeFaster():decoder-wrappers.cc:285) Log-like per frame for utterance cau07_st0254_feb91 is -8.82913 over 448 frames.
cau07_st0328_feb91 WILL WINAMAC+S C2 SUPPLIES PROBLEM BE FIXED BY SIXTEEN APRIL 
LOG (gmm-latgen-faster:DecodeUtteranceLatticeFaster():decoder-wrappers.cc:285) Log-like per frame for utterance cau07_st0328_feb91 is -8.97381 over 420 frames.
cau07_st0398_feb91 FIND INDEPENDENCE+S OVERALL READINESS 
LOG (gmm-latgen-faster:DecodeUtteranceLatticeFaster():decoder-wrappers.cc:285) Log-like per frame for utterance cau07_st0398_feb91 is -8.73545 over 288 frames.
cau07_st0463_feb91 GET SPEEDS FOR CRUISERS IN BASS STRAIT 
LOG (gmm-latgen-faster:DecodeUtteranceLatticeFaster():decoder-wrappers.cc:285) Log-like per frame for utterance cau07_st0463_feb91 is -8.69761 over 278 frames.
cau07_st0542_feb91 USE BRIGHT YELLOW FOR TRACKS OF NUCLEAR SURFACE SHIPS 
LOG (gmm-latgen-faster:DecodeUtteranceLatticeFaster():decoder-wrappers.cc:285) Log-like per frame for utterance cau07_st0542_feb91 is -8.68796 over 336 frames.
cau07_st0598_feb91 CENTER IT AROUND INDIAN OCEAN 
LOG (gmm-latgen-faster:DecodeUtteranceLatticeFaster():decoder-wrappers.cc:285) Log-like per frame for utterance cau07_st0598_feb91 is -8.91046 over 226 frames.
cau07_st0687_feb91 FIND DATA FOR PUFFER UPDATED SINCE SEVENTEEN HUNDRED HOURS 
LOG (gmm-latgen-faster:DecodeUtteranceLatticeFaster():decoder-wrappers.cc:285) Log-like per frame for utterance cau07_st0687_feb91 is -8.80963 over 408 frames.
cau07_st0781_feb91 FIND ME PACIFIC FLEET SUBS THAT WERE C5 ON EIGHTEEN MARCH 
LOG (gmm-latgen-faster:DecodeUtteranceLatticeFaster():decoder-wrappers.cc:285) Log-like per frame for utterance cau07_st0781_feb91 is -8.60183 over 424 frames.
cau07_st0882_feb91 LIST ESTIMATED ARRIVAL TIMES FOR CRUISERS DUE IN PORT VICTORIA TODAY 
LOG (gmm-latgen-faster:DecodeUtteranceLatticeFaster():decoder-wrappers.cc:285) Log-like per frame for utterance cau07_st0882_feb91 is -8.9834 over 424 frames.
cau07_st0962_feb91 WHAT+S JASON+S M-RATING ON MOB 
LOG (gmm-latgen-faster:DecodeUtteranceLatticeFaster():decoder-wrappers.cc:285) Log-like per frame for utterance cau07_st0962_feb91 is -8.57488 over 279 frames.
cau07_st1028_feb91 ISN+T WASP FASTER THAN WICHITA 
LOG (gmm-latgen-faster:DecodeUtteranceLatticeFaster():decoder-wrappers.cc:285) Log-like per frame for utterance cau07_st1028_feb91 is -8.79418 over 207 frames.
cau07_st1105_feb91 HOW FAST AS CHATTAHOOCHEE 
LOG (gmm-latgen-faster:DecodeUtteranceLatticeFaster():decoder-wrappers.cc:285) Log-like per frame for utterance cau07_st1105_feb91 is -8.56917 over 203 frames.
cau07_st1172_feb91 HOW MANY SHIPS ARE THERE IN CHINA SEA 
LOG (gmm-latgen-faster:DecodeUtteranceLatticeFaster():decoder-wrappers.cc:285) Log-like per frame for utterance cau07_st1172_feb91 is -8.75068 over 232 frames.
cau07_st1256_feb91 WHAT IS THE DESTINATION OF MANHATTAN 
LOG (gmm-latgen-faster:DecodeUtteranceLatticeFaster():decoder-wrappers.cc:285) Log-like per frame for utterance cau07_st1256_feb91 is -8.68289 over 225 frames.
cau07_st1330_feb91 SUMMARIZE COPELAND+S RATINGS 
LOG (gmm-latgen-faster:DecodeUtteranceLatticeFaster():decoder-wrappers.cc:285) Log-like per frame for utterance cau07_st1330_feb91 is -8.6874 over 235 frames.
cau07_st1402_feb91 LIST RESOURCE AREA RATINGS FOR WINAMAC 
LOG (gmm-latgen-faster:DecodeUtteranceLatticeFaster():decoder-wrappers.cc:285) Log-like per frame for utterance cau07_st1402_feb91 is -8.80809 over 283 frames.
cau07_st1460_feb91 IS REASONER FARTHER FROM SAMPLE THAN VANDERGRIFT 
LOG (gmm-latgen-faster:DecodeUtteranceLatticeFaster():decoder-wrappers.cc:285) Log-like per frame for utterance cau07_st1460_feb91 is -8.83555 over 337 frames.
cau07_st1532_feb91 WHAT SUBMARINES IN KOREAN BAY HAVE BOTH HARPOON AND TACAN 
LOG (gmm-latgen-faster:DecodeUtteranceLatticeFaster():decoder-wrappers.cc:285) Log-like per frame for utterance cau07_st1532_feb91 is -8.88097 over 354 frames.
cau07_st1593_feb91 WHAT+RE THE DATE AND HOUR OF ARRIVAL IN PORT FOR ARKANSAS 
LOG (gmm-latgen-faster:DecodeUtteranceLatticeFaster():decoder-wrappers.cc:285) Log-like per frame for utterance cau07_st1593_feb91 is -8.86848 over 376 frames.
cau07_st1693_feb91 GIVE ALL SUBMARINES DEPLOYED AFTER NINETEEN JANUARY 
LOG (gmm-latgen-faster:DecodeUtteranceLatticeFaster():decoder-wrappers.cc:285) Log-like per frame for utterance cau07_st1693_feb91 is -8.90505 over 340 frames.
cau07_st1754_feb91 GET T-LAM VESSELS THAT HORNE DEPLOYED NOVEMBER 
LOG (gmm-latgen-faster:DecodeUtteranceLatticeFaster():decoder-wrappers.cc:285) Log-like per frame for utterance cau07_st1754_feb91 is -8.78927 over 363 frames.
cau07_st1834_feb91 HOW LONG WOULD IT TAKE INDEPENDENCE DEGRADE FROM SAN-DIEGO TWO EIGHTY NORTH THIRTEEN EAST 
LOG (gmm-latgen-faster:DecodeUtteranceLatticeFaster():decoder-wrappers.cc:285) Log-like per frame for utterance cau07_st1834_feb91 is -8.86651 over 559 frames.
cau07_st1907_feb91 IS THE HECTOR+S AVERAGE DISPLACEMENT LARGER THAN AVERAGE FOR CORAL SEA CARRIERS 
LOG (gmm-latgen-faster:DecodeUtteranceLatticeFaster():decoder-wrappers.cc:285) Log-like per frame for utterance cau07_st1907_feb91 is -8.95541 over 483 frames.
cau07_st1989_feb91 IS FOX GOING TO BE CHOPPING TO ATLANTIC FLEET SOON 
LOG (gmm-latgen-faster:DecodeUtteranceLatticeFaster():decoder-wrappers.cc:285) Log-like per frame for utterance cau07_st1989_feb91 is -9.01126 over 331 frames.
cau07_st2066_feb91 WHAT VESSEL IN YELLOW SEA HAS THE SLOWEST AVERAGE CRUISING SPEED 
LOG (gmm-latgen-faster:DecodeUtteranceLatticeFaster():decoder-wrappers.cc:285) Log-like per frame for utterance cau07_st2066_feb91 is -8.89805 over 402 frames.
cau07_st2125_feb91 WHICH SQQ-23 CAPABLE SUBS ARE IN MOZAMBIQUE CHANNEL 
LOG (gmm-latgen-faster:DecodeUtteranceLatticeFaster():decoder-wrappers.cc:285) Log-like per frame for utterance cau07_st2125_feb91 is -8.81139 over 521 frames.
cau07_st2186_feb91 ARE THERE ANY CATEGORY FOUR PROBLEMS FOR ANY CRUISERS IN GULF OF ALASKA 
LOG (gmm-latgen-faster:DecodeUtteranceLatticeFaster():decoder-wrappers.cc:285) Log-like per frame for utterance cau07_st2186_feb91 is -8.92197 over 476 frames.
cew02_st0030_oct89 SET AREA ON 
LOG (gmm-latgen-faster:DecodeUtteranceLatticeFaster():decoder-wrappers.cc:285) Log-like per frame for utterance cew02_st0030_oct89 is -7.97927 over 156 frames.
cew02_st0103_oct89 DUBUQUE+S ASUW MISSION AREA OF HEPBURN EVER GO TO M3 ON MAY SIXTEENTH 
LOG (gmm-latgen-faster:DecodeUtteranceLatticeFaster():decoder-wrappers.cc:285) Log-like per frame for utterance cew02_st0103_oct89 is -8.55936 over 518 frames.
cew02_st0170_oct89 REDRAW CHART DISPLAYING THE TWO LAST LOCATIONS FOR EACH CRUISER 
LOG (gmm-latgen-faster:DecodeUtteranceLatticeFaster():decoder-wrappers.cc:285) Log-like per frame for utterance cew02_st0170_oct89 is -8.22328 over 558 frames.
cew02_st0244_oct89 HOW MANY FRIGATES ARE C1 ON TRAINING 
LOG (gmm-latgen-faster:DecodeUtteranceLatticeFaster():decoder-wrappers.cc:285) Log-like per frame for utterance cew02_st0244_oct89 is -8.59316 over 235 frames.
cew02_st0324_oct89 HOW OLD IS ATLANTIC TO PRAIRIE TO GET TO WHERE SHE+S GOING 
LOG (gmm-latgen-faster:DecodeUtteranceLatticeFaster():decoder-wrappers.cc:285) Log-like per frame for utterance cew02_st0324_oct89 is -8.55504 over 363 frames.
cew02_st0397_oct89 GET KENNEDY+S ALERTS 
LOG (gmm-latgen-faster:DecodeUtteranceLatticeFaster():decoder-wrappers.cc:285) Log-like per frame for utterance cew02_st0397_oct89 is -8.08865 over 209 frames.
cew02_st0462_oct89 THE C-CODE OF GUITARRO 
LOG (gmm-latgen-faster:DecodeUtteranceLatticeFaster():decoder-wrappers.cc:285) Log-like per frame for utterance cew02_st0462_oct89 is -8.41781 over 177 frames.
cew02_st0535_oct89 WHAT SUBS CARRY LINK-11 
LOG (gmm-latgen-faster:DecodeUtteranceLatticeFaster():decoder-wrappers.cc:285) Log-like per frame for utterance cew02_st0535_oct89 is -8.60383 over 211 frames.
cew02_st0597_oct89 HOW MANY OF SWORDFISH+S POSITIONS ARE IN MOZAMBIQUE CHANNEL 
LOG (gmm-latgen-faster:DecodeUtteranceLatticeFaster():decoder-wrappers.cc:285) Log-like per frame for utterance cew02_st0597_oct89 is -8.56012 over 331 frames.
cew02_st0678_oct89 WERE THE CATEGORIES FOR JARRETT+S CASUALTY REPORTS 
LOG (gmm-latgen-faster:DecodeUtteranceLatticeFaster():decoder-wrappers.cc:285) Log-like per frame for utterance cew02_st0678_oct89 is -8.47961 over 308 frames.
cew02_st0779_oct89 GET ANY SUBMARINES THAT ARE C4 SUPPLIES READINESS 
LOG (gmm-latgen-faster:DecodeUtteranceLatticeFaster():decoder-wrappers.cc:285) Log-like per frame for utterance cew02_st0779_oct89 is -8.48539 over 342 frames.
cew02_st0866_oct89 FIND NAMES OF SUBS IN HOOKED PORT 
LOG (gmm-latgen-faster:DecodeUtteranceLatticeFaster():decoder-wrappers.cc:285) Log-like per frame for utterance cew02_st0866_oct89 is -8.40752 over 285 frames.
cew02_st0956_oct89 WHAT IS FLINT+S PROPULSION TYPE 
LOG (gmm-latgen-faster:DecodeUtteranceLatticeFaster():decoder-wrappers.cc:285) Log-like per frame for utterance cew02_st0956_oct89 is -8.51294 over 239 frames.
cew02_st1024_oct89 THE SHASTA WITHIN SIX KILOMETERS OF THIRTEEN NORTH FORTY EAST 
LOG (gmm-latgen-faster:DecodeUtteranceLatticeFaster():decoder-wrappers.cc:285) Log-like per frame for utterance cew02_st1024_oct89 is -8.57472 over 381 frames.
cew02_st1103_oct89 SACRAMENTO+S TRAINING READINESS RATING 
LOG (gmm-latgen-faster:DecodeUtteranceLatticeFaster():decoder-wrappers.cc:285) Log-like per frame for utterance cew02_st1103_oct89 is -8.62034 over 262 frames.
cew02_st1169_oct89 WHOSE AVERAGE CRUISING SPEED GREATER THAN NINE KNOTS 
LOG (gmm-latgen-faster:DecodeUtteranceLatticeFaster():decoder-wrappers.cc:285) Log-like per frame for utterance cew02_st1169_oct89 is -8.47983 over 347 frames.
cew02_st1243_oct89 IS M1 ONE TACAN CAPABLE FRIGATE IN PORT 
LOG (gmm-latgen-faster:DecodeUtteranceLatticeFaster():decoder-wrappers.cc:285) Log-like per frame for utterance cew02_st1243_oct89 is -8.77485 over 323 frames.
cew02_st1327_oct89 IS SEAWOLF+S POSITION FARTHER FROM OSGP THAN SWORDFISH+S POSITION IS 
LOG (gmm-latgen-faster:DecodeUtteranceLatticeFaster():decoder-wrappers.cc:285) Log-like per frame for utterance cew02_st1327_oct89 is -7.97496 over 677 frames.
cew02_st1394_oct89 WHAT+RE THE WINAMAC+S TWO WORST CASREPS 
LOG (gmm-latgen-faster:DecodeUtteranceLatticeFaster():decoder-wrappers.cc:285) Log-like per frame for utterance cew02_st1394_oct89 is -8.53315 over 284 frames.
cew02_st1457_oct89 DOES MCCLUSKY HAVE ANY M2 RATINGS 
LOG (gmm-latgen-faster:DecodeUtteranceLatticeFaster():decoder-wrappers.cc:285) Log-like per frame for utterance cew02_st1457_oct89 is -8.56018 over 260 frames.
cew02_st1523_oct89 WAS PUFFER+S LAST UPDATE ON WEDNESDAY 
LOG (gmm-latgen-faster:DecodeUtteranceLatticeFaster():decoder-wrappers.cc:285) Log-like per frame for utterance cew02_st1523_oct89 is -8.6329 over 241 frames.
cew02_st1584_oct89 HOW SLOW WOULD VANCOUVER HAVE TO GO TO GO TO NOME ON HER REMAINING FUEL 
LOG (gmm-latgen-faster:DecodeUtteranceLatticeFaster():decoder-wrappers.cc:285) Log-like per frame for utterance cew02_st1584_oct89 is -8.69935 over 429 frames.
cew02_st1687_oct89 LIST VESSELS IN YELLOW SEA IN THEIR CURRENT SPEEDS 
LOG (gmm-latgen-faster:DecodeUtteranceLatticeFaster():decoder-wrappers.cc:285) Log-like per frame for utterance cew02_st1687_oct89 is -8.35322 over 331 frames.
LOG (apply-cmvn:main():apply-cmvn.cc:146) Applied cepstral mean normalization to 60 utterances, errors on 0
cew02_st1752_oct89 WHAT SUBS ARE REPORTING M2 MOB 
LOG (gmm-latgen-faster:DecodeUtteranceLatticeFaster():decoder-wrappers.cc:285) Log-like per frame for utterance cew02_st1752_oct89 is -8.54731 over 296 frames.
cew02_st1830_oct89 DISPLAY SPEED OF CONIFER 
LOG (gmm-latgen-faster:DecodeUtteranceLatticeFaster():decoder-wrappers.cc:285) Log-like per frame for utterance cew02_st1830_oct89 is -8.19661 over 204 frames.
cew02_st1896_oct89 WHY WAS CONQUEST+S EQUIPMENT RESOURCE RATING DEGRADED SIX NOVEMBER 
LOG (gmm-latgen-faster:DecodeUtteranceLatticeFaster():decoder-wrappers.cc:285) Log-like per frame for utterance cew02_st1896_oct89 is -8.86153 over 415 frames.
cew02_st1985_oct89 IS BAINBRIDGE DUE IN PORT BEFORE SEVEN HUNDRED ON NEXT THURSDAY 
LOG (gmm-latgen-faster:DecodeUtteranceLatticeFaster():decoder-wrappers.cc:285) Log-like per frame for utterance cew02_st1985_oct89 is -8.75049 over 370 frames.
cew02_st2064_oct89 HOW SOON CAN TUSCALOOSA+S MOST RECENT CASUALTY REPORT BE FIXED 
LOG (gmm-latgen-faster:DecodeUtteranceLatticeFaster():decoder-wrappers.cc:285) Log-like per frame for utterance cew02_st2064_oct89 is -8.69191 over 363 frames.
cew02_st2107_oct89 WHOSE MAXIMUM SPEEDS ARE LESS THAN FIFTY KNOTS 
LOG (gmm-latgen-faster:DecodeUtteranceLatticeFaster():decoder-wrappers.cc:285) Log-like per frame for utterance cew02_st2107_oct89 is -8.70211 over 266 frames.
cew02_st2180_oct89 REVIEW THE LAST NINE ALERTS 
LOG (gmm-latgen-faster:DecodeUtteranceLatticeFaster():decoder-wrappers.cc:285) Log-like per frame for utterance cew02_st2180_oct89 is -8.27562 over 228 frames.
LOG (gmm-latgen-faster:main():gmm-latgen-faster.cc:176) Time taken 80.1801s: real-time factor assuming 100 frames/sec is 0.396303
LOG (gmm-latgen-faster:main():gmm-latgen-faster.cc:179) Done 60 utterances, failed for 0
LOG (gmm-latgen-faster:main():gmm-latgen-faster.cc:181) Overall log-likelihood per frame is -8.66177 over 20232 frames.
# Accounting: time=81 threads=1
# Ended (code 0) at Sun Sep 11 00:58:41 PDT 2016, elapsed time 81 seconds
