# gmm-latgen-faster --max-active=7000 --beam=20.0 --lattice-beam=10.0 --acoustic-scale=0.083333 --allow-partial=true --word-symbol-table=exp/mono/graph/words.txt exp/mono/final.mdl exp/mono/graph/HCLG.fst "ark,s,cs:apply-cmvn  --utt2spk=ark:data/test/split20/12/utt2spk scp:data/test/split20/12/cmvn.scp scp:data/test/split20/12/feats.scp ark:- | add-deltas  ark:- ark:- |" "ark:|gzip -c > exp/mono/decode/lat.12.gz" 
# Started at Sun Sep 11 01:01:38 PDT 2016
#
gmm-latgen-faster --max-active=7000 --beam=20.0 --lattice-beam=10.0 --acoustic-scale=0.083333 --allow-partial=true --word-symbol-table=exp/mono/graph/words.txt exp/mono/final.mdl exp/mono/graph/HCLG.fst 'ark,s,cs:apply-cmvn  --utt2spk=ark:data/test/split20/12/utt2spk scp:data/test/split20/12/cmvn.scp scp:data/test/split20/12/feats.scp ark:- | add-deltas  ark:- ark:- |' 'ark:|gzip -c > exp/mono/decode/lat.12.gz' 
apply-cmvn --utt2spk=ark:data/test/split20/12/utt2spk scp:data/test/split20/12/cmvn.scp scp:data/test/split20/12/feats.scp ark:- 
add-deltas ark:- ark:- 
hlm02_st0043_feb89 GET LATITUDES AND LONGITUDE THE VESSELS THAT ARE IN GULF OF CALIFORNIA 
LOG (gmm-latgen-faster:DecodeUtteranceLatticeFaster():decoder-wrappers.cc:285) Log-like per frame for utterance hlm02_st0043_feb89 is -8.6396 over 403 frames.
hlm02_st0117_feb89 DID PRAIRIE+S ASUW MISSION AREA EVER GO TO M1 AFTER TWENTY FIVE DECEMBER 
LOG (gmm-latgen-faster:DecodeUtteranceLatticeFaster():decoder-wrappers.cc:285) Log-like per frame for utterance hlm02_st0117_feb89 is -8.43522 over 540 frames.
hlm02_st0181_feb89 IS THERE A REMARK ON VANCOUVER+S MOST RECENT CASUALTY REPORT 
LOG (gmm-latgen-faster:DecodeUtteranceLatticeFaster():decoder-wrappers.cc:285) Log-like per frame for utterance hlm02_st0181_feb89 is -8.41072 over 410 frames.
hlm02_st0275_feb89 HOW MANY FRIGATES WERE IN GULF OF TONKIN ON JULY TWENTY FOURTH 
LOG (gmm-latgen-faster:DecodeUtteranceLatticeFaster():decoder-wrappers.cc:285) Log-like per frame for utterance hlm02_st0275_feb89 is -8.57651 over 353 frames.
hlm02_st0337_feb89 WILL SASSAFRAS CHOP TO LANTFLT BY TWENTY THREE HUNDRED HOURS ON TUESDAY 
LOG (gmm-latgen-faster:DecodeUtteranceLatticeFaster():decoder-wrappers.cc:285) Log-like per frame for utterance hlm02_st0337_feb89 is -8.4531 over 466 frames.
hlm02_st0420_feb89 IS METEOR+S AVERAGE DISPLACEMENT GREATER THAN THAT OF WILLAMETTE 
LOG (gmm-latgen-faster:DecodeUtteranceLatticeFaster():decoder-wrappers.cc:285) Log-like per frame for utterance hlm02_st0420_feb89 is -8.44197 over 370 frames.
hlm02_st0479_feb89 LIST THE POSITIONS AND NAMES OF ANY OF EASTPAC SHIPS DUE IN MIDPAC ON TWENTY SIXTH NOVEMBER 
LOG (gmm-latgen-faster:DecodeUtteranceLatticeFaster():decoder-wrappers.cc:285) Log-like per frame for utterance hlm02_st0479_feb89 is -8.60879 over 620 frames.
hlm02_st0553_feb89 DISPLAY THE THREE SHIPS IN CORAL SEA WITH THE LARGEST FUEL CAPACITIES 
LOG (gmm-latgen-faster:DecodeUtteranceLatticeFaster():decoder-wrappers.cc:285) Log-like per frame for utterance hlm02_st0553_feb89 is -8.26197 over 465 frames.
hlm02_st0609_feb89 WAS SACRAMENTO IN CHINA SEA OCTOBER TWENTY FOUR 
LOG (gmm-latgen-faster:DecodeUtteranceLatticeFaster():decoder-wrappers.cc:285) Log-like per frame for utterance hlm02_st0609_feb89 is -8.44848 over 298 frames.
hlm02_st0698_feb89 GIVE POSITION DATA FOR ALL TRACKS 
LOG (gmm-latgen-faster:DecodeUtteranceLatticeFaster():decoder-wrappers.cc:285) Log-like per frame for utterance hlm02_st0698_feb89 is -8.2964 over 209 frames.
hlm02_st0798_feb89 DISPLAY LAST LATITUDE OF LONGITUDE OF THE HOOKED TRACK 
LOG (gmm-latgen-faster:DecodeUtteranceLatticeFaster():decoder-wrappers.cc:285) Log-like per frame for utterance hlm02_st0798_feb89 is -8.59833 over 372 frames.
hlm02_st0895_feb89 DRAW CHART OF TAIWAN USING OVERLAY GRILL 
LOG (gmm-latgen-faster:DecodeUtteranceLatticeFaster():decoder-wrappers.cc:285) Log-like per frame for utterance hlm02_st0895_feb89 is -8.40038 over 269 frames.
hlm02_st0984_feb89 SET NTDS ON 
LOG (gmm-latgen-faster:DecodeUtteranceLatticeFaster():decoder-wrappers.cc:285) Log-like per frame for utterance hlm02_st0984_feb89 is -8.05468 over 248 frames.
hlm02_st1035_feb89 WHERE+S ENTERPRISE ENROUTE TO 
LOG (gmm-latgen-faster:DecodeUtteranceLatticeFaster():decoder-wrappers.cc:285) Log-like per frame for utterance hlm02_st1035_feb89 is -8.42027 over 214 frames.
hlm02_st1124_feb89 REDRAW THE CHART DISPLAYING THE THREE LATEST POSITIONS FOR EACH FRIGATE 
LOG (gmm-latgen-faster:DecodeUtteranceLatticeFaster():decoder-wrappers.cc:285) Log-like per frame for utterance hlm02_st1124_feb89 is -8.39539 over 403 frames.
hlm02_st1184_feb89 RESET SWITCHES 
LOG (gmm-latgen-faster:DecodeUtteranceLatticeFaster():decoder-wrappers.cc:285) Log-like per frame for utterance hlm02_st1184_feb89 is -8.17485 over 141 frames.
hlm02_st1269_feb89 CLEAR THE SCREENS 
LOG (gmm-latgen-faster:DecodeUtteranceLatticeFaster():decoder-wrappers.cc:285) Log-like per frame for utterance hlm02_st1269_feb89 is -8.74723 over 107 frames.
hlm02_st1343_feb89 IS CAMDEN+S HFDF SENSOR POSITION DATA NEWER THAN VISUAL DATA 
LOG (gmm-latgen-faster:DecodeUtteranceLatticeFaster():decoder-wrappers.cc:285) Log-like per frame for utterance hlm02_st1343_feb89 is -8.43803 over 454 frames.
hlm02_st1415_feb89 GET THE C-CODES FOR GRIDLEY 
LOG (gmm-latgen-faster:DecodeUtteranceLatticeFaster():decoder-wrappers.cc:285) Log-like per frame for utterance hlm02_st1415_feb89 is -8.52599 over 174 frames.
hlm02_st1472_feb89 WHAT FRIGATES THAT ARE IN WESTPAC HAVE FUEL CAPACITY LESS THAN TWO HUNDRED GALLONS 
LOG (gmm-latgen-faster:DecodeUtteranceLatticeFaster():decoder-wrappers.cc:285) Log-like per frame for utterance hlm02_st1472_feb89 is -8.44558 over 480 frames.
hlm02_st1544_feb89 COUNT THE NUMBER OF NTDS VESSELS RATED C3 
LOG (gmm-latgen-faster:DecodeUtteranceLatticeFaster():decoder-wrappers.cc:285) Log-like per frame for utterance hlm02_st1544_feb89 is -8.47835 over 338 frames.
hlm02_st1611_feb89 LIST THE DESTINATIONS AND ARRIVAL HOUR AT DESTINATION FOR ALL SUBMARINES 
LOG (gmm-latgen-faster:DecodeUtteranceLatticeFaster():decoder-wrappers.cc:285) Log-like per frame for utterance hlm02_st1611_feb89 is -8.38918 over 484 frames.
hlm02_st1702_feb89 LIST SUBMARINES THAT ARE IN WEST BERING SEA AND C3 ON OVERALL READINESS 
LOG (gmm-latgen-faster:DecodeUtteranceLatticeFaster():decoder-wrappers.cc:285) Log-like per frame for utterance hlm02_st1702_feb89 is -8.29943 over 493 frames.
hlm02_st1769_feb89 FIND LINK-11 CAPABLE VESSELS THAT ARE IN ATLANTIC CITY 
LOG (gmm-latgen-faster:DecodeUtteranceLatticeFaster():decoder-wrappers.cc:285) Log-like per frame for utterance hlm02_st1769_feb89 is -8.42119 over 370 frames.
hlm02_st1847_feb89 GIVE ME THE NAMES OF ANY CARRIERS THAT WEREN+T IN CHINA SEA THREE OCTOBER 
LOG (gmm-latgen-faster:DecodeUtteranceLatticeFaster():decoder-wrappers.cc:285) Log-like per frame for utterance hlm02_st1847_feb89 is -8.26676 over 435 frames.
hlm02_st1919_feb89 WHY DID ANY NUCLEAR SURFACE VESSELS WITHIN FIVE MILES OF SIDNEY 
LOG (gmm-latgen-faster:DecodeUtteranceLatticeFaster():decoder-wrappers.cc:285) Log-like per frame for utterance hlm02_st1919_feb89 is -8.47192 over 383 frames.
hlm02_st2002_feb89 WHICH SUBMARINES THAT ARE IN OAKLAND HAVE A OVERALL READINESS RATING OF C4 
LOG (gmm-latgen-faster:DecodeUtteranceLatticeFaster():decoder-wrappers.cc:285) Log-like per frame for utterance hlm02_st2002_feb89 is -8.5121 over 406 frames.
hlm02_st2075_feb89 WHAT TYPE OF PROPULSION DOES CAMPBELL HAVE 
LOG (gmm-latgen-faster:DecodeUtteranceLatticeFaster():decoder-wrappers.cc:285) Log-like per frame for utterance hlm02_st2075_feb89 is -8.45597 over 246 frames.
hlm02_st2144_feb89 ARE ANY SUBS CAPABLE OF AN ECONOMIC SPEED OF TWENTY NINETEEN KNOTS 
LOG (gmm-latgen-faster:DecodeUtteranceLatticeFaster():decoder-wrappers.cc:285) Log-like per frame for utterance hlm02_st2144_feb89 is -8.54642 over 451 frames.
hlm02_st2201_feb89 WHAT SHIPS WERE IN ARABIAN SEA ON NINTH OF NOVEMBER 
LOG (gmm-latgen-faster:DecodeUtteranceLatticeFaster():decoder-wrappers.cc:285) Log-like per frame for utterance hlm02_st2201_feb89 is -8.57876 over 310 frames.
jdh06_st0011_feb89 WHAT IS KISKA+S FUEL CAPACITIES 
LOG (gmm-latgen-faster:DecodeUtteranceLatticeFaster():decoder-wrappers.cc:285) Log-like per frame for utterance jdh06_st0011_feb89 is -8.44756 over 217 frames.
jdh06_st0079_feb89 IS GRIDLEY A HARPOON CARRIER 
LOG (gmm-latgen-faster:DecodeUtteranceLatticeFaster():decoder-wrappers.cc:285) Log-like per frame for utterance jdh06_st0079_feb89 is -8.84239 over 200 frames.
jdh06_st0161_feb89 REDRAW IT INCREASING LETTER SIZE TO ONE 
LOG (gmm-latgen-faster:DecodeUtteranceLatticeFaster():decoder-wrappers.cc:285) Log-like per frame for utterance jdh06_st0161_feb89 is -8.68594 over 250 frames.
jdh06_st0228_feb89 HOW MANY MILES IS IT FROM DIEGO-GARCIA TO MANHATTAN 
LOG (gmm-latgen-faster:DecodeUtteranceLatticeFaster():decoder-wrappers.cc:285) Log-like per frame for utterance jdh06_st0228_feb89 is -8.52748 over 338 frames.
jdh06_st0307_feb89 WHICH VESSELS HAVE A C1 TRAINING RESOURCE RATING 
LOG (gmm-latgen-faster:DecodeUtteranceLatticeFaster():decoder-wrappers.cc:285) Log-like per frame for utterance jdh06_st0307_feb89 is -8.62775 over 299 frames.
jdh06_st0389_feb89 SHOW APALACHICOLA+S CAT-2 PROBLEMS FOR LAST NINETY WEEKS 
LOG (gmm-latgen-faster:DecodeUtteranceLatticeFaster():decoder-wrappers.cc:285) Log-like per frame for utterance jdh06_st0389_feb89 is -8.56487 over 437 frames.
jdh06_st0453_feb89 GIVE ME A LIST OF ALL MISSION AREA RATINGS FOR THE GRIDLEY 
LOG (gmm-latgen-faster:DecodeUtteranceLatticeFaster():decoder-wrappers.cc:285) Log-like per frame for utterance jdh06_st0453_feb89 is -8.5959 over 322 frames.
jdh06_st0521_feb89 SHOW THE BUMP AREA THREATS 
LOG (gmm-latgen-faster:DecodeUtteranceLatticeFaster():decoder-wrappers.cc:285) Log-like per frame for utterance jdh06_st0521_feb89 is -8.22951 over 194 frames.
jdh06_st0590_feb89 WHO+S CLOSEST TO THE PLUCK 
LOG (gmm-latgen-faster:DecodeUtteranceLatticeFaster():decoder-wrappers.cc:285) Log-like per frame for utterance jdh06_st0590_feb89 is -8.61598 over 189 frames.
jdh06_st0670_feb89 DRAW THE SCREEN CURRENT POSITION AND C-CODES FOR GUARDFISH 
LOG (gmm-latgen-faster:DecodeUtteranceLatticeFaster():decoder-wrappers.cc:285) Log-like per frame for utterance jdh06_st0670_feb89 is -8.58262 over 384 frames.
jdh06_st0754_feb89 GIVE SUBS THAT ARE IN MIDPAC TEN C1 ON PERSONNEL 
LOG (gmm-latgen-faster:DecodeUtteranceLatticeFaster():decoder-wrappers.cc:285) Log-like per frame for utterance jdh06_st0754_feb89 is -8.47279 over 382 frames.
jdh06_st0847_feb89 ON WHAT DAY IS CITRUS DUE IN TOKYO 
LOG (gmm-latgen-faster:DecodeUtteranceLatticeFaster():decoder-wrappers.cc:285) Log-like per frame for utterance jdh06_st0847_feb89 is -8.61356 over 252 frames.
jdh06_st0948_feb89 WHY WAS BIDDLE+S SUPPLIES RESOURCE RATING DOWNGRADED THE PORT ONE 
LOG (gmm-latgen-faster:DecodeUtteranceLatticeFaster():decoder-wrappers.cc:285) Log-like per frame for utterance jdh06_st0948_feb89 is -8.62184 over 450 frames.
jdh06_st1013_feb89 WHEN WILL SUPPLIES CASUALTY REPORT FROM POUGHKEEPSIE BE RESOLVED 
LOG (gmm-latgen-faster:DecodeUtteranceLatticeFaster():decoder-wrappers.cc:285) Log-like per frame for utterance jdh06_st1013_feb89 is -8.49101 over 440 frames.
jdh06_st1088_feb89 ARE MORE THAN FIVE SUBS CURRENTLY IN HOME PORT 
LOG (gmm-latgen-faster:DecodeUtteranceLatticeFaster():decoder-wrappers.cc:285) Log-like per frame for utterance jdh06_st1088_feb89 is -8.43619 over 365 frames.
jdh06_st1158_feb89 EDIT WILLAMETTE+S LAT-LON DATA FROM HFDF SENSOR 
LOG (gmm-latgen-faster:DecodeUtteranceLatticeFaster():decoder-wrappers.cc:285) Log-like per frame for utterance jdh06_st1158_feb89 is -8.39102 over 399 frames.
jdh06_st1224_feb89 ARE ANY PROBLEMS REPORTED BY JUPITER DATED ONE AUGUST 
LOG (gmm-latgen-faster:DecodeUtteranceLatticeFaster():decoder-wrappers.cc:285) Log-like per frame for utterance jdh06_st1224_feb89 is -8.8135 over 364 frames.
jdh06_st1318_feb89 LIST HORNE+S AVERAGE DISPLACEMENT OF CAPABILITIES 
LOG (gmm-latgen-faster:DecodeUtteranceLatticeFaster():decoder-wrappers.cc:285) Log-like per frame for utterance jdh06_st1318_feb89 is -8.71574 over 313 frames.
jdh06_st1383_feb89 GIVE ME SASSAFRAS+S AND SCHENECTADY+S ARRIVAL TIMES 
LOG (gmm-latgen-faster:DecodeUtteranceLatticeFaster():decoder-wrappers.cc:285) Log-like per frame for utterance jdh06_st1383_feb89 is -8.33161 over 326 frames.
jdh06_st1450_feb89 WHEN+S COPELAND SUPPOSED TO BE IN PORT 
LOG (gmm-latgen-faster:DecodeUtteranceLatticeFaster():decoder-wrappers.cc:285) Log-like per frame for utterance jdh06_st1450_feb89 is -8.6317 over 228 frames.
jdh06_st1515_feb89 WHAT+RE ESTEEM+S AVERAGE PERSONNEL RATING CODES FOR USN SHIPS THAT ARE IN PHILIPPINE SEA 
LOG (gmm-latgen-faster:DecodeUtteranceLatticeFaster():decoder-wrappers.cc:285) Log-like per frame for utterance jdh06_st1515_feb89 is -8.54261 over 588 frames.
jdh06_st1578_feb89 HOW MANY FEET LONG IS SHERMAN 
LOG (gmm-latgen-faster:DecodeUtteranceLatticeFaster():decoder-wrappers.cc:285) Log-like per frame for utterance jdh06_st1578_feb89 is -8.66406 over 196 frames.
LOG (apply-cmvn:main():apply-cmvn.cc:146) Applied cepstral mean normalization to 60 utterances, errors on 0
jdh06_st1649_feb89 FIND POSIT AND MAXIMUM SPEED OF PLUNGER WITH UNIT OF MEASURE PARAMETER SET TO ENGLISH 
LOG (gmm-latgen-faster:DecodeUtteranceLatticeFaster():decoder-wrappers.cc:285) Log-like per frame for utterance jdh06_st1649_feb89 is -8.60985 over 563 frames.
jdh06_st1731_feb89 FIND ALL CRUISERS AT THEIR DESTINATIONS 
LOG (gmm-latgen-faster:DecodeUtteranceLatticeFaster():decoder-wrappers.cc:285) Log-like per frame for utterance jdh06_st1731_feb89 is -8.57457 over 264 frames.
jdh06_st1815_feb89 INCREASE LETTER SIZE TO THREE FOR CHART OF INDIAN OCEAN 
LOG (gmm-latgen-faster:DecodeUtteranceLatticeFaster():decoder-wrappers.cc:285) Log-like per frame for utterance jdh06_st1815_feb89 is -8.66035 over 354 frames.
jdh06_st1885_feb89 WHAT WERE CITRUS+S PROBLEMS YESTERDAY 
LOG (gmm-latgen-faster:DecodeUtteranceLatticeFaster():decoder-wrappers.cc:285) Log-like per frame for utterance jdh06_st1885_feb89 is -8.61254 over 234 frames.
jdh06_st1965_feb89 IS PLUCK IN HOOKED PORT 
LOG (gmm-latgen-faster:DecodeUtteranceLatticeFaster():decoder-wrappers.cc:285) Log-like per frame for utterance jdh06_st1965_feb89 is -8.84432 over 175 frames.
jdh06_st2055_feb89 SET FOOTER SWITCH TO OFF 
LOG (gmm-latgen-faster:DecodeUtteranceLatticeFaster():decoder-wrappers.cc:285) Log-like per frame for utterance jdh06_st2055_feb89 is -8.49086 over 189 frames.
jdh06_st2102_feb89 WHOSE MAX SPEEDS ARE SIXTY KNOTS OR LESS 
LOG (gmm-latgen-faster:DecodeUtteranceLatticeFaster():decoder-wrappers.cc:285) Log-like per frame for utterance jdh06_st2102_feb89 is -8.38301 over 294 frames.
jdh06_st2173_feb89 HOW MANY HARPOON SUBMARINES ARE IN SOLOMON SEA 
LOG (gmm-latgen-faster:DecodeUtteranceLatticeFaster():decoder-wrappers.cc:285) Log-like per frame for utterance jdh06_st2173_feb89 is -8.71263 over 312 frames.
LOG (gmm-latgen-faster:main():gmm-latgen-faster.cc:176) Time taken 88.7401s: real-time factor assuming 100 frames/sec is 0.434362
LOG (gmm-latgen-faster:main():gmm-latgen-faster.cc:179) Done 60 utterances, failed for 0
LOG (gmm-latgen-faster:main():gmm-latgen-faster.cc:181) Overall log-likelihood per frame is -8.5029 over 20430 frames.
# Accounting: time=88 threads=1
# Ended (code 0) at Sun Sep 11 01:03:06 PDT 2016, elapsed time 88 seconds
