# gmm-latgen-faster --max-active=7000 --beam=20.0 --lattice-beam=10.0 --acoustic-scale=0.083333 --allow-partial=true --word-symbol-table=exp/mono/graph/words.txt exp/mono/final.mdl exp/mono/graph/HCLG.fst "ark,s,cs:apply-cmvn  --utt2spk=ark:data/test/split20/18/utt2spk scp:data/test/split20/18/cmvn.scp scp:data/test/split20/18/feats.scp ark:- | add-deltas  ark:- ark:- |" "ark:|gzip -c > exp/mono/decode/lat.18.gz" 
# Started at Sun Sep 11 01:04:14 PDT 2016
#
gmm-latgen-faster --max-active=7000 --beam=20.0 --lattice-beam=10.0 --acoustic-scale=0.083333 --allow-partial=true --word-symbol-table=exp/mono/graph/words.txt exp/mono/final.mdl exp/mono/graph/HCLG.fst 'ark,s,cs:apply-cmvn  --utt2spk=ark:data/test/split20/18/utt2spk scp:data/test/split20/18/cmvn.scp scp:data/test/split20/18/feats.scp ark:- | add-deltas  ark:- ark:- |' 'ark:|gzip -c > exp/mono/decode/lat.18.gz' 
apply-cmvn --utt2spk=ark:data/test/split20/18/utt2spk scp:data/test/split20/18/cmvn.scp scp:data/test/split20/18/feats.scp ark:- 
add-deltas ark:- ark:- 
rws15_st0074_sep92 IS RANGER FASTER THAN ARKANSAS 
LOG (gmm-latgen-faster:DecodeUtteranceLatticeFaster():decoder-wrappers.cc:285) Log-like per frame for utterance rws15_st0074_sep92 is -8.54056 over 218 frames.
rws15_st0156_sep92 SET GREAT CIRCLE SWITCH TO HORNE 
LOG (gmm-latgen-faster:DecodeUtteranceLatticeFaster():decoder-wrappers.cc:285) Log-like per frame for utterance rws15_st0156_sep92 is -8.54225 over 200 frames.
rws15_st0223_sep92 HOW SOON CAN KISKA CHOP FROM PACIFIC FLEET TWO ATLANTIC FLEET 
LOG (gmm-latgen-faster:DecodeUtteranceLatticeFaster():decoder-wrappers.cc:285) Log-like per frame for utterance rws15_st0223_sep92 is -8.68017 over 338 frames.
rws15_st0298_sep92 DISPLAY CHART WITH LETTER SIZE INCREASED BY ONE 
LOG (gmm-latgen-faster:DecodeUtteranceLatticeFaster():decoder-wrappers.cc:285) Log-like per frame for utterance rws15_st0298_sep92 is -8.5571 over 277 frames.
rws15_st0377_sep92 SUMMARIZE KIRK+S RATINGS 
LOG (gmm-latgen-faster:DecodeUtteranceLatticeFaster():decoder-wrappers.cc:285) Log-like per frame for utterance rws15_st0377_sep92 is -8.28857 over 184 frames.
rws15_st0445_sep92 WHERE WAS MIDWAY+S LAST REPORTED LATITUDE AND LONGITUDE 
LOG (gmm-latgen-faster:DecodeUtteranceLatticeFaster():decoder-wrappers.cc:285) Log-like per frame for utterance rws15_st0445_sep92 is -8.50364 over 314 frames.
rws15_st0516_sep92 EDIT SEA OF JAPAN AREA ALERT 
LOG (gmm-latgen-faster:DecodeUtteranceLatticeFaster():decoder-wrappers.cc:285) Log-like per frame for utterance rws15_st0516_sep92 is -8.2117 over 237 frames.
rws15_st0585_sep92 WHAT SENSOR IS PUFFER+S LAST LATITUDE OF LONGITUDE FROM 
LOG (gmm-latgen-faster:DecodeUtteranceLatticeFaster():decoder-wrappers.cc:285) Log-like per frame for utterance rws15_st0585_sep92 is -8.40311 over 343 frames.
rws15_st0665_sep92 SHOW PARAMETER SETTINGS 
LOG (gmm-latgen-faster:DecodeUtteranceLatticeFaster():decoder-wrappers.cc:285) Log-like per frame for utterance rws15_st0665_sep92 is -8.10684 over 162 frames.
rws15_st0748_sep92 LIST FRIGATES THAT ARE C4 
LOG (gmm-latgen-faster:DecodeUtteranceLatticeFaster():decoder-wrappers.cc:285) Log-like per frame for utterance rws15_st0748_sep92 is -8.45652 over 203 frames.
rws15_st0839_sep92 MAKE CHART OF NORTHERN INDONESIA AGAIN REDEFINING OVERLAYS 
LOG (gmm-latgen-faster:DecodeUtteranceLatticeFaster():decoder-wrappers.cc:285) Log-like per frame for utterance rws15_st0839_sep92 is -8.46101 over 363 frames.
rws15_st0937_sep92 WHAT WERE CHATTAHOOCHEE+S PROBLEMS YESTERDAY 
LOG (gmm-latgen-faster:DecodeUtteranceLatticeFaster():decoder-wrappers.cc:285) Log-like per frame for utterance rws15_st0937_sep92 is -8.61041 over 247 frames.
rws15_st1005_sep92 WAS SUPPLIES RESOURCE READINESS ON NASHUA 
LOG (gmm-latgen-faster:DecodeUtteranceLatticeFaster():decoder-wrappers.cc:285) Log-like per frame for utterance rws15_st1005_sep92 is -8.63638 over 299 frames.
rws15_st1073_sep92 DOES LOCKWOOD HAVE TFCC CAPABILITY 
LOG (gmm-latgen-faster:DecodeUtteranceLatticeFaster():decoder-wrappers.cc:285) Log-like per frame for utterance rws15_st1073_sep92 is -8.28634 over 274 frames.
rws15_st1144_sep92 HOW SOON WILL CONSTANT BE UPGRADED ON ASW MISSION READINESS 
LOG (gmm-latgen-faster:DecodeUtteranceLatticeFaster():decoder-wrappers.cc:285) Log-like per frame for utterance rws15_st1144_sep92 is -8.28725 over 400 frames.
rws15_st1215_sep92 HOW MANY VESSELS CURRENTLY IN HOME PORT 
LOG (gmm-latgen-faster:DecodeUtteranceLatticeFaster():decoder-wrappers.cc:285) Log-like per frame for utterance rws15_st1215_sep92 is -8.41319 over 238 frames.
rws15_st1312_sep92 IS BAINBRIDGE+S LAST CASUALTY REPORT RATED WORSE THAN HERS 
LOG (gmm-latgen-faster:DecodeUtteranceLatticeFaster():decoder-wrappers.cc:285) Log-like per frame for utterance rws15_st1312_sep92 is -8.41353 over 379 frames.
rws15_st1380_sep92 WHICH OF RECLAIMER+S MISSION AREAS ARE M1 OR HIGHER 
LOG (gmm-latgen-faster:DecodeUtteranceLatticeFaster():decoder-wrappers.cc:285) Log-like per frame for utterance rws15_st1380_sep92 is -8.55929 over 309 frames.
rws15_st1448_sep92 IS THERE A SHIP IN PERSIAN SEA WITH LINK-11 
LOG (gmm-latgen-faster:DecodeUtteranceLatticeFaster():decoder-wrappers.cc:285) Log-like per frame for utterance rws15_st1448_sep92 is -8.46455 over 277 frames.
rws15_st1513_sep92 GIVE MAX SPEEDS AND CAPABILITIES OF CARRIERS IN GULF OF CALIFORNIA 
LOG (gmm-latgen-faster:DecodeUtteranceLatticeFaster():decoder-wrappers.cc:285) Log-like per frame for utterance rws15_st1513_sep92 is -8.49124 over 390 frames.
rws15_st1567_sep92 TURN RESOLUTION PARAMETER OFF 
LOG (gmm-latgen-faster:DecodeUtteranceLatticeFaster():decoder-wrappers.cc:285) Log-like per frame for utterance rws15_st1567_sep92 is -8.21918 over 224 frames.
rws15_st1643_sep92 SHOW LOCATION DATA FOR PLH003 
LOG (gmm-latgen-faster:DecodeUtteranceLatticeFaster():decoder-wrappers.cc:285) Log-like per frame for utterance rws15_st1643_sep92 is -8.15424 over 324 frames.
rws15_st1723_sep92 FIND VESSELS THAT WENT TO M1 ASUW AFTER FEBRUARY TWENTY EIGHTH 
LOG (gmm-latgen-faster:DecodeUtteranceLatticeFaster():decoder-wrappers.cc:285) Log-like per frame for utterance rws15_st1723_sep92 is -8.30778 over 466 frames.
rws15_st1804_sep92 HAS CAMDEN BEEN AT SEA LONGEST OF ALL FRIGATES IN PACIFIC FLEET 
LOG (gmm-latgen-faster:DecodeUtteranceLatticeFaster():decoder-wrappers.cc:285) Log-like per frame for utterance rws15_st1804_sep92 is -8.49063 over 378 frames.
rws15_st1876_sep92 SHOW THE VARIOUS FLEET IDENTIFICATIONS FOR ALL SPS-48 VESSELS 
LOG (gmm-latgen-faster:DecodeUtteranceLatticeFaster():decoder-wrappers.cc:285) Log-like per frame for utterance rws15_st1876_sep92 is -8.23133 over 441 frames.
rws15_st1961_sep92 WILL EQUIPMENT PROBLEMS FOR MERCURY BE RESOLVED 
LOG (gmm-latgen-faster:DecodeUtteranceLatticeFaster():decoder-wrappers.cc:285) Log-like per frame for utterance rws15_st1961_sep92 is -8.54435 over 308 frames.
rws15_st2043_sep92 OVERALL PROBLEM WITH PERSONNEL FROM VANDERGRIFT 
LOG (gmm-latgen-faster:DecodeUtteranceLatticeFaster():decoder-wrappers.cc:285) Log-like per frame for utterance rws15_st2043_sep92 is -8.43543 over 277 frames.
rws15_st2094_sep92 HOW SOON WILL CONSTANT BE IN HOME PORT 
LOG (gmm-latgen-faster:DecodeUtteranceLatticeFaster():decoder-wrappers.cc:285) Log-like per frame for utterance rws15_st2094_sep92 is -8.50148 over 228 frames.
rws15_st2171_sep92 WEREN+T MORE THAN EIGHT CARRIERS THAT ARE IN MIAMI 
LOG (gmm-latgen-faster:DecodeUtteranceLatticeFaster():decoder-wrappers.cc:285) Log-like per frame for utterance rws15_st2171_sep92 is -8.27358 over 253 frames.
rws15_st2226_sep92 LIST ESTIMATED TIME OF ARRIVAL IN HOME PORT FOR PIGEON 
LOG (gmm-latgen-faster:DecodeUtteranceLatticeFaster():decoder-wrappers.cc:285) Log-like per frame for utterance rws15_st2226_sep92 is -8.32911 over 328 frames.
sah01_st0766_mar87 FIND FRIGATES IN HONOLULU 
LOG (gmm-latgen-faster:DecodeUtteranceLatticeFaster():decoder-wrappers.cc:285) Log-like per frame for utterance sah01_st0766_mar87 is -8.37714 over 209 frames.
sah01_st0846_mar87 SHOW THE SAME CHART WITH NOVA 
LOG (gmm-latgen-faster:DecodeUtteranceLatticeFaster():decoder-wrappers.cc:285) Log-like per frame for utterance sah01_st0846_mar87 is -8.16226 over 245 frames.
sah01_st0900_mar87 SHOW THE NAMES OF ANY SUBMARINES IN YELLOW SEA ON TWENTY OCTOBER 
LOG (gmm-latgen-faster:DecodeUtteranceLatticeFaster():decoder-wrappers.cc:285) Log-like per frame for utterance sah01_st0900_mar87 is -8.33947 over 465 frames.
sah01_st0967_mar87 WHY WAS MERCURY+S MIW M-CODE CHANGED ON APRIL TWENTY TWO 
LOG (gmm-latgen-faster:DecodeUtteranceLatticeFaster():decoder-wrappers.cc:285) Log-like per frame for utterance sah01_st0967_mar87 is -8.24785 over 538 frames.
sah01_st1054_mar87 WHICH SHIPS IN PHILIPPINE SEA ARE LINK-11 CAPABLE 
LOG (gmm-latgen-faster:DecodeUtteranceLatticeFaster():decoder-wrappers.cc:285) Log-like per frame for utterance sah01_st1054_mar87 is -8.52328 over 383 frames.
sah01_st1097_mar87 IS THERE A PROBLEM WITH PERSONNEL FOR MAY TEN JUNE 
LOG (gmm-latgen-faster:DecodeUtteranceLatticeFaster():decoder-wrappers.cc:285) Log-like per frame for utterance sah01_st1097_mar87 is -8.44933 over 305 frames.
sah01_st1178_mar87 FIND ANY CRUISERS LONGER THAN NINETEEN HUNDRED METERS THAT ARE IN SIBERIAN SEA 
LOG (gmm-latgen-faster:DecodeUtteranceLatticeFaster():decoder-wrappers.cc:285) Log-like per frame for utterance sah01_st1178_mar87 is -8.33299 over 571 frames.
sah01_st1271_mar87 INCREASE LETTER SIZE TO MAXIMUM VALUE AND REDRAW 
LOG (gmm-latgen-faster:DecodeUtteranceLatticeFaster():decoder-wrappers.cc:285) Log-like per frame for utterance sah01_st1271_mar87 is -8.40368 over 340 frames.
sah01_st1332_mar87 SHOW DOWNES+S RADAR LATITUDES AND LONGITUDES USING NOVA 
LOG (gmm-latgen-faster:DecodeUtteranceLatticeFaster():decoder-wrappers.cc:285) Log-like per frame for utterance sah01_st1332_mar87 is -8.15274 over 378 frames.
sah01_st1406_mar87 FIND ME THE MISSION AREA RATINGS FOR ARKANSAS 
LOG (gmm-latgen-faster:DecodeUtteranceLatticeFaster():decoder-wrappers.cc:285) Log-like per frame for utterance sah01_st1406_mar87 is -7.96605 over 389 frames.
sas05_st0063_feb91 WAS TRAINING RATING OF SHERMAN 
LOG (gmm-latgen-faster:DecodeUtteranceLatticeFaster():decoder-wrappers.cc:285) Log-like per frame for utterance sas05_st0063_feb91 is -8.54684 over 238 frames.
sas05_st0150_feb91 WHAT PACIFIC FLEET SUBMARINE WASN+T DOWNGRADED ON PERSONNEL READINESS DURING OCTOBER 
LOG (gmm-latgen-faster:DecodeUtteranceLatticeFaster():decoder-wrappers.cc:285) Log-like per frame for utterance sas05_st0150_feb91 is -8.43498 over 575 frames.
sas05_st0206_feb91 ARE ANY OF WESTPAC+S SUBS RATED M2 ON AAW 
LOG (gmm-latgen-faster:DecodeUtteranceLatticeFaster():decoder-wrappers.cc:285) Log-like per frame for utterance sas05_st0206_feb91 is -8.26896 over 405 frames.
sas05_st0292_feb91 ARE THERE MORE THAN FOUR CARRIERS THAT ARE IN PORT TODAY 
LOG (gmm-latgen-faster:DecodeUtteranceLatticeFaster():decoder-wrappers.cc:285) Log-like per frame for utterance sas05_st0292_feb91 is -8.56001 over 307 frames.
sas05_st0367_feb91 IS STERETT+S FUEL CAPACITY LESS THAN FLASHER+S 
LOG (gmm-latgen-faster:DecodeUtteranceLatticeFaster():decoder-wrappers.cc:285) Log-like per frame for utterance sas05_st0367_feb91 is -8.39785 over 321 frames.
sas05_st0437_feb91 GIVE SUPPLIES C-CODE AND LAST POSITION DATE FOR ANY VESSEL IN BANGKOK AFTER FOURTEEN DECEMBER 
LOG (gmm-latgen-faster:DecodeUtteranceLatticeFaster():decoder-wrappers.cc:285) Log-like per frame for utterance sas05_st0437_feb91 is -8.3953 over 658 frames.
sas05_st0505_feb91 DOES WADSWORTH HAVE ANY M2 RATINGS 
LOG (gmm-latgen-faster:DecodeUtteranceLatticeFaster():decoder-wrappers.cc:285) Log-like per frame for utterance sas05_st0505_feb91 is -8.37983 over 292 frames.
sas05_st0577_feb91 WHAT IS THE TOTAL FUEL ABOARD THE MARS+S 
LOG (gmm-latgen-faster:DecodeUtteranceLatticeFaster():decoder-wrappers.cc:285) Log-like per frame for utterance sas05_st0577_feb91 is -8.54019 over 282 frames.
sas05_st0646_feb91 GET LENGTH AND BEAM OF HORNE IN METERS IN FEET 
LOG (gmm-latgen-faster:DecodeUtteranceLatticeFaster():decoder-wrappers.cc:285) Log-like per frame for utterance sas05_st0646_feb91 is -8.46252 over 362 frames.
sas05_st0729_feb91 LIST DEPLOYMENTS OF FRIGATES ON EIGHT MARCH 
LOG (gmm-latgen-faster:DecodeUtteranceLatticeFaster():decoder-wrappers.cc:285) Log-like per frame for utterance sas05_st0729_feb91 is -8.64273 over 360 frames.
sas05_st0822_feb91 GET SQQ-23 CAPABLE FRIGATES IN PORT ELIZABETH 
LOG (gmm-latgen-faster:DecodeUtteranceLatticeFaster():decoder-wrappers.cc:285) Log-like per frame for utterance sas05_st0822_feb91 is -8.5096 over 463 frames.
sas05_st0925_feb91 GET ANY ALERTS IN WHICH IRONWOOD IS INVOLVED 
LOG (gmm-latgen-faster:DecodeUtteranceLatticeFaster():decoder-wrappers.cc:285) Log-like per frame for utterance sas05_st0925_feb91 is -8.43005 over 320 frames.
sas05_st0997_feb91 FIND POSITIONS OF ALL SHIPS WHICH ARE IN EASTPAC 
LOG (gmm-latgen-faster:DecodeUtteranceLatticeFaster():decoder-wrappers.cc:285) Log-like per frame for utterance sas05_st0997_feb91 is -8.40202 over 344 frames.
sas05_st1055_feb91 WHAT+S THE ETA AT HIS DESTINATION OF SWORDFISH 
LOG (gmm-latgen-faster:DecodeUtteranceLatticeFaster():decoder-wrappers.cc:285) Log-like per frame for utterance sas05_st1055_feb91 is -8.27866 over 392 frames.
sas05_st1139_feb91 CLEAR OVERLAYS AND DISPLAY TRACK OF VIRGINIA 
LOG (gmm-latgen-faster:DecodeUtteranceLatticeFaster():decoder-wrappers.cc:285) Log-like per frame for utterance sas05_st1139_feb91 is -8.421 over 319 frames.
sas05_st1211_feb91 WHAT FOUR BISMARK SEA SHIPS WENT TO M1 ON ASW SINCE FIFTEEN MAY 
LOG (gmm-latgen-faster:DecodeUtteranceLatticeFaster():decoder-wrappers.cc:285) Log-like per frame for utterance sas05_st1211_feb91 is -8.19686 over 632 frames.
sas05_st1296_feb91 WHEN IS THE ESTIMATED TIME OF ARRIVAL IN HOME PORT FOR DALE 
LOG (gmm-latgen-faster:DecodeUtteranceLatticeFaster():decoder-wrappers.cc:285) Log-like per frame for utterance sas05_st1296_feb91 is -8.41345 over 378 frames.
sas05_st1370_feb91 IS MANHATTAN+S ARRIVAL HOUR EARLIER THAN MARS+S 
LOG (gmm-latgen-faster:DecodeUtteranceLatticeFaster():decoder-wrappers.cc:285) Log-like per frame for utterance sas05_st1370_feb91 is -8.19538 over 336 frames.
sas05_st1444_feb91 WHEN+S THE POLLACK EXPECTED TO UPGRADE 
LOG (gmm-latgen-faster:DecodeUtteranceLatticeFaster():decoder-wrappers.cc:285) Log-like per frame for utterance sas05_st1444_feb91 is -8.68014 over 245 frames.
sas05_st1496_feb91 DOES THE LATEST DATE ON GUARDFISH+S CAT-4 TRAINING CASUALTY REPORTS 
LOG (gmm-latgen-faster:DecodeUtteranceLatticeFaster():decoder-wrappers.cc:285) Log-like per frame for utterance sas05_st1496_feb91 is -8.41573 over 498 frames.
sas05_st1561_feb91 SET SYSTEM SWITCHES TO THEIR DEFAULT VALUES 
LOG (gmm-latgen-faster:DecodeUtteranceLatticeFaster():decoder-wrappers.cc:285) Log-like per frame for utterance sas05_st1561_feb91 is -8.44791 over 301 frames.
sas05_st1633_feb91 DISPLAY THE TRACKS FOR REEVES+S AND FOR STERETT 
LOG (gmm-latgen-faster:DecodeUtteranceLatticeFaster():decoder-wrappers.cc:285) Log-like per frame for utterance sas05_st1633_feb91 is -8.33585 over 271 frames.
sas05_st1719_feb91 GIVE SHIPS THAT ARE C2 AND AREN+T DEPLOYED 
LOG (gmm-latgen-faster:DecodeUtteranceLatticeFaster():decoder-wrappers.cc:285) Log-like per frame for utterance sas05_st1719_feb91 is -8.19479 over 308 frames.
sas05_st1785_feb91 HOW MUCH FASTER IS CAMDEN+S AVERAGE CRUISING SPEED COMPARED TO CAMPBELL+S 
LOG (gmm-latgen-faster:DecodeUtteranceLatticeFaster():decoder-wrappers.cc:285) Log-like per frame for utterance sas05_st1785_feb91 is -8.37862 over 472 frames.
LOG (apply-cmvn:main():apply-cmvn.cc:146) Applied cepstral mean normalization to 70 utterances, errors on 0
sas05_st1871_feb91 WHEN WAS IT LAST IN GULF OF CALIFORNIA 
LOG (gmm-latgen-faster:DecodeUtteranceLatticeFaster():decoder-wrappers.cc:285) Log-like per frame for utterance sas05_st1871_feb91 is -8.58418 over 259 frames.
sas05_st1951_feb91 WHAT+S THE PERSONNEL READINESS OF MANHATTAN 
LOG (gmm-latgen-faster:DecodeUtteranceLatticeFaster():decoder-wrappers.cc:285) Log-like per frame for utterance sas05_st1951_feb91 is -8.43755 over 257 frames.
sas05_st2034_feb91 ARE MORE THAN THREE SUBMARINES CURRENTLY IN HOME PORT 
LOG (gmm-latgen-faster:DecodeUtteranceLatticeFaster():decoder-wrappers.cc:285) Log-like per frame for utterance sas05_st2034_feb91 is -8.45832 over 335 frames.
sas05_st2085_feb91 HOW SOON WILL INDEPENDENCE BE UPGRADED ON ASW MISSION READINESS 
LOG (gmm-latgen-faster:DecodeUtteranceLatticeFaster():decoder-wrappers.cc:285) Log-like per frame for utterance sas05_st2085_feb91 is -8.49053 over 449 frames.
sas05_st2162_feb91 HOW MANY SHIPS IN PACIFIC OCEAN HAVE ASUW M-RATINGS LOWER THAN M3 
LOG (gmm-latgen-faster:DecodeUtteranceLatticeFaster():decoder-wrappers.cc:285) Log-like per frame for utterance sas05_st2162_feb91 is -8.35299 over 554 frames.
sas05_st2218_feb91 SET COLOR OF HOOKED TRACK TO BRIGHT GREEN 
LOG (gmm-latgen-faster:DecodeUtteranceLatticeFaster():decoder-wrappers.cc:285) Log-like per frame for utterance sas05_st2218_feb91 is -8.34699 over 321 frames.
LOG (gmm-latgen-faster:main():gmm-latgen-faster.cc:176) Time taken 91.0007s: real-time factor assuming 100 frames/sec is 0.379866
LOG (gmm-latgen-faster:main():gmm-latgen-faster.cc:179) Done 70 utterances, failed for 0
LOG (gmm-latgen-faster:main():gmm-latgen-faster.cc:181) Overall log-likelihood per frame is -8.39215 over 23956 frames.
# Accounting: time=91 threads=1
# Ended (code 0) at Sun Sep 11 01:05:45 PDT 2016, elapsed time 91 seconds
