# gmm-latgen-faster --max-active=7000 --beam=20.0 --lattice-beam=10.0 --acoustic-scale=0.083333 --allow-partial=true --word-symbol-table=exp/mono/graph/words.txt exp/mono/final.mdl exp/mono/graph/HCLG.fst "ark,s,cs:apply-cmvn  --utt2spk=ark:data/test/split20/11/utt2spk scp:data/test/split20/11/cmvn.scp scp:data/test/split20/11/feats.scp ark:- | add-deltas  ark:- ark:- |" "ark:|gzip -c > exp/mono/decode/lat.11.gz" 
# Started at Sun Sep 11 01:01:05 PDT 2016
#
gmm-latgen-faster --max-active=7000 --beam=20.0 --lattice-beam=10.0 --acoustic-scale=0.083333 --allow-partial=true --word-symbol-table=exp/mono/graph/words.txt exp/mono/final.mdl exp/mono/graph/HCLG.fst 'ark,s,cs:apply-cmvn  --utt2spk=ark:data/test/split20/11/utt2spk scp:data/test/split20/11/cmvn.scp scp:data/test/split20/11/feats.scp ark:- | add-deltas  ark:- ark:- |' 'ark:|gzip -c > exp/mono/decode/lat.11.gz' 
apply-cmvn --utt2spk=ark:data/test/split20/11/utt2spk scp:data/test/split20/11/cmvn.scp scp:data/test/split20/11/feats.scp ark:- 
add-deltas ark:- ark:- 
gaw07_st0002_feb89 WAS FIREBUSH+S PROPULSION TYPE 
LOG (gmm-latgen-faster:DecodeUtteranceLatticeFaster():decoder-wrappers.cc:285) Log-like per frame for utterance gaw07_st0002_feb89 is -8.56465 over 241 frames.
gaw07_st0076_feb89 WHEN+LL ENTERPRISE NEXT BE IN HOME PORT 
LOG (gmm-latgen-faster:DecodeUtteranceLatticeFaster():decoder-wrappers.cc:285) Log-like per frame for utterance gaw07_st0076_feb89 is -9.10399 over 209 frames.
gaw07_st0157_feb89 WHAT SUB HAD MOST CASUALTY REPORTS DURING LAST THREE MONTHS 
LOG (gmm-latgen-faster:DecodeUtteranceLatticeFaster():decoder-wrappers.cc:285) Log-like per frame for utterance gaw07_st0157_feb89 is -8.87033 over 315 frames.
gaw07_st0224_feb89 HOW MANY KILOMETERS IS NEW-YORK FROM BOMBAY 
LOG (gmm-latgen-faster:DecodeUtteranceLatticeFaster():decoder-wrappers.cc:285) Log-like per frame for utterance gaw07_st0224_feb89 is -8.82179 over 226 frames.
gaw07_st0299_feb89 WERE THERE ANY CATEGORY THREE CASUALTY REPORTS FOR ANY SHIPS IN KOREAN BAY 
LOG (gmm-latgen-faster:DecodeUtteranceLatticeFaster():decoder-wrappers.cc:285) Log-like per frame for utterance gaw07_st0299_feb89 is -8.72546 over 387 frames.
gaw07_st0383_feb89 DRAW JARRETT+S LATITUDE AND LONGITUDE WITH OVERLAYS SAN-FRAN AND PUGET-1 
LOG (gmm-latgen-faster:DecodeUtteranceLatticeFaster():decoder-wrappers.cc:285) Log-like per frame for utterance gaw07_st0383_feb89 is -8.64697 over 415 frames.
gaw07_st0451_feb89 FIND SPEEDS AVAILABLE FOR ENGLAND AND FOX 
LOG (gmm-latgen-faster:DecodeUtteranceLatticeFaster():decoder-wrappers.cc:285) Log-like per frame for utterance gaw07_st0451_feb89 is -8.53276 over 251 frames.
gaw07_st0517_feb89 SHOW ME THE FORMOSA STRAIT THREAT 
LOG (gmm-latgen-faster:DecodeUtteranceLatticeFaster():decoder-wrappers.cc:285) Log-like per frame for utterance gaw07_st0517_feb89 is -8.58535 over 192 frames.
gaw07_st0587_feb89 DOES JARRETT HAVE LOWEST FUEL CAPACITY OF VESSELS WERE IN BERING STRAIT 
LOG (gmm-latgen-faster:DecodeUtteranceLatticeFaster():decoder-wrappers.cc:285) Log-like per frame for utterance gaw07_st0587_feb89 is -8.7333 over 377 frames.
gaw07_st0666_feb89 WHAT PROBLEMS FROM FRIDAY ARE CATEGORY FOUR OR HIGHER FOR CRUISERS THAT ARE IN PERSIAN SEA 
LOG (gmm-latgen-faster:DecodeUtteranceLatticeFaster():decoder-wrappers.cc:285) Log-like per frame for utterance gaw07_st0666_feb89 is -8.74328 over 471 frames.
gaw07_st0749_feb89 GET CRUISERS ARE IN HOME PORT EIGHTH JANUARY 
LOG (gmm-latgen-faster:DecodeUtteranceLatticeFaster():decoder-wrappers.cc:285) Log-like per frame for utterance gaw07_st0749_feb89 is -8.39629 over 306 frames.
gaw07_st0842_feb89 WHAT SHIP RATED ABOVE M3 ON ASW WILL CHANGE READINESS BY SEVENTEEN DECEMBER 
LOG (gmm-latgen-faster:DecodeUtteranceLatticeFaster():decoder-wrappers.cc:285) Log-like per frame for utterance gaw07_st0842_feb89 is -8.63468 over 458 frames.
gaw07_st0938_feb89 WHAT+S KIRK+S ETA AT HER DESTINATION 
LOG (gmm-latgen-faster:DecodeUtteranceLatticeFaster():decoder-wrappers.cc:285) Log-like per frame for utterance gaw07_st0938_feb89 is -8.67332 over 197 frames.
gaw07_st1007_feb89 WHAT+S PEORIA+S AND YORKTOWN 
LOG (gmm-latgen-faster:DecodeUtteranceLatticeFaster():decoder-wrappers.cc:285) Log-like per frame for utterance gaw07_st1007_feb89 is -8.31614 over 238 frames.
gaw07_st1080_feb89 DISPLAY FRENCH POLYNESIA USING STEREOGRAPHIC 
LOG (gmm-latgen-faster:DecodeUtteranceLatticeFaster():decoder-wrappers.cc:285) Log-like per frame for utterance gaw07_st1080_feb89 is -8.59779 over 246 frames.
gaw07_st1145_feb89 CLEAR THE CHART SCREEN 
LOG (gmm-latgen-faster:DecodeUtteranceLatticeFaster():decoder-wrappers.cc:285) Log-like per frame for utterance gaw07_st1145_feb89 is -8.82333 over 111 frames.
gaw07_st1221_feb89 HOW MANY SHIPS NOT TFCC CAPABLE 
LOG (gmm-latgen-faster:DecodeUtteranceLatticeFaster():decoder-wrappers.cc:285) Log-like per frame for utterance gaw07_st1221_feb89 is -8.64665 over 225 frames.
gaw07_st1313_feb89 LIST ALERTS 
LOG (gmm-latgen-faster:DecodeUtteranceLatticeFaster():decoder-wrappers.cc:285) Log-like per frame for utterance gaw07_st1313_feb89 is -8.51703 over 97 frames.
gaw07_st1382_feb89 DRAW SACRAMENTO+S LAST LOCATIONS IN DATA WINDOW 
LOG (gmm-latgen-faster:DecodeUtteranceLatticeFaster():decoder-wrappers.cc:285) Log-like per frame for utterance gaw07_st1382_feb89 is -9.18339 over 255 frames.
gaw07_st1449_feb89 IS BROOKE EQUIPPED WITH TFCC 
LOG (gmm-latgen-faster:DecodeUtteranceLatticeFaster():decoder-wrappers.cc:285) Log-like per frame for utterance gaw07_st1449_feb89 is -8.69706 over 185 frames.
gaw07_st1514_feb89 LIST CURRENT OVERALL READINESS ON ESTEEM 
LOG (gmm-latgen-faster:DecodeUtteranceLatticeFaster():decoder-wrappers.cc:285) Log-like per frame for utterance gaw07_st1514_feb89 is -8.51977 over 264 frames.
gaw07_st1575_feb89 SHOW NEW DEFINITIONS INVOLVING SASSAFRAS 
LOG (gmm-latgen-faster:DecodeUtteranceLatticeFaster():decoder-wrappers.cc:285) Log-like per frame for utterance gaw07_st1575_feb89 is -8.60372 over 233 frames.
gaw07_st1646_feb89 LIST LOCATION DATA FOR ALL TRACKS 
LOG (gmm-latgen-faster:DecodeUtteranceLatticeFaster():decoder-wrappers.cc:285) Log-like per frame for utterance gaw07_st1646_feb89 is -8.7228 over 210 frames.
gaw07_st1726_feb89 GIVE ME CRUISERS DEPLOYED SINCE TWENTY TWO DECEMBER 
LOG (gmm-latgen-faster:DecodeUtteranceLatticeFaster():decoder-wrappers.cc:285) Log-like per frame for utterance gaw07_st1726_feb89 is -8.88922 over 236 frames.
gaw07_st1813_feb89 DIDN+T THE NAMES OF SUBMARINES ARE IN HOOKED PORT 
LOG (gmm-latgen-faster:DecodeUtteranceLatticeFaster():decoder-wrappers.cc:285) Log-like per frame for utterance gaw07_st1813_feb89 is -8.80798 over 271 frames.
gaw07_st1877_feb89 GIVE LAST MONTH+S WORST CASREPS FOR EACH SOUTH PHILIPPINE SEA SUB 
LOG (gmm-latgen-faster:DecodeUtteranceLatticeFaster():decoder-wrappers.cc:285) Log-like per frame for utterance gaw07_st1877_feb89 is -8.82373 over 383 frames.
gaw07_st1964_feb89 WAS THE SUPPLIES RATING OF PIGEON 
LOG (gmm-latgen-faster:DecodeUtteranceLatticeFaster():decoder-wrappers.cc:285) Log-like per frame for utterance gaw07_st1964_feb89 is -8.77804 over 210 frames.
gaw07_st2049_feb89 SASSAFRAS+S PERSONNEL READINESS RATING 
LOG (gmm-latgen-faster:DecodeUtteranceLatticeFaster():decoder-wrappers.cc:285) Log-like per frame for utterance gaw07_st2049_feb89 is -8.52503 over 222 frames.
gaw07_st2099_feb89 HAD DENVER BEEN DEGRADED YET 
LOG (gmm-latgen-faster:DecodeUtteranceLatticeFaster():decoder-wrappers.cc:285) Log-like per frame for utterance gaw07_st2099_feb89 is -8.83266 over 173 frames.
gaw07_st2172_feb89 WEREN+T MORE THAN THIRTEEN PACFLT SHIPS DEPLOYED NINETEEN EIGHTY THREE 
LOG (gmm-latgen-faster:DecodeUtteranceLatticeFaster():decoder-wrappers.cc:285) Log-like per frame for utterance gaw07_st2172_feb89 is -8.96252 over 321 frames.
gmb05_st0060_feb89 NEVER MIND THE DISPLAY 
LOG (gmm-latgen-faster:DecodeUtteranceLatticeFaster():decoder-wrappers.cc:285) Log-like per frame for utterance gmb05_st0060_feb89 is -7.81837 over 284 frames.
gmb05_st0144_feb89 EDIT DALE+S ALERTS 
LOG (gmm-latgen-faster:DecodeUtteranceLatticeFaster():decoder-wrappers.cc:285) Log-like per frame for utterance gmb05_st0144_feb89 is -8.39046 over 186 frames.
gmb05_st0204_feb89 DELETE LOCATION DATA FOR WASP+S TRACK 
LOG (gmm-latgen-faster:DecodeUtteranceLatticeFaster():decoder-wrappers.cc:285) Log-like per frame for utterance gmb05_st0204_feb89 is -8.48141 over 308 frames.
gmb05_st0288_feb89 REDEFINE AREA ALERT BUMP 
LOG (gmm-latgen-faster:DecodeUtteranceLatticeFaster():decoder-wrappers.cc:285) Log-like per frame for utterance gmb05_st0288_feb89 is -8.04809 over 231 frames.
gmb05_st0360_feb89 FIND ANY ALERTS 
LOG (gmm-latgen-faster:DecodeUtteranceLatticeFaster():decoder-wrappers.cc:285) Log-like per frame for utterance gmb05_st0360_feb89 is -8.24749 over 154 frames.
gmb05_st0436_feb89 IS VANCOUVER+S POSIT SOUTH OF WABASH+S 
LOG (gmm-latgen-faster:DecodeUtteranceLatticeFaster():decoder-wrappers.cc:285) Log-like per frame for utterance gmb05_st0436_feb89 is -8.24877 over 353 frames.
gmb05_st0504_feb89 WHERE+S VANDERGRIFT DEPLOYED 
LOG (gmm-latgen-faster:DecodeUtteranceLatticeFaster():decoder-wrappers.cc:285) Log-like per frame for utterance gmb05_st0504_feb89 is -8.5172 over 223 frames.
gmb05_st0569_feb89 GET LAST MONTH+S PROBLEMS FOR JARVIS 
LOG (gmm-latgen-faster:DecodeUtteranceLatticeFaster():decoder-wrappers.cc:285) Log-like per frame for utterance gmb05_st0569_feb89 is -8.39426 over 271 frames.
gmb05_st0642_feb89 HOW SOON CAN ENGLAND GO FROM KOREAN BAY TWO GULF OF THAILAND 
LOG (gmm-latgen-faster:DecodeUtteranceLatticeFaster():decoder-wrappers.cc:285) Log-like per frame for utterance gmb05_st0642_feb89 is -8.32827 over 434 frames.
gmb05_st0713_feb89 WHICH OF THESE ARE LOWER THAN M2 IN MOB MISSION AREA 
LOG (gmm-latgen-faster:DecodeUtteranceLatticeFaster():decoder-wrappers.cc:285) Log-like per frame for utterance gmb05_st0713_feb89 is -8.31262 over 401 frames.
gmb05_st0813_feb89 WHEN+S THE AVERAGE UNIT READINESS THIRTY FIVE SLOWEST SUBMARINES IN WEST SOLOMON SEA 
LOG (gmm-latgen-faster:DecodeUtteranceLatticeFaster():decoder-wrappers.cc:285) Log-like per frame for utterance gmb05_st0813_feb89 is -8.48421 over 528 frames.
gmb05_st0915_feb89 CAN GLACIER GO TO NAPLES BY MONDAY 
LOG (gmm-latgen-faster:DecodeUtteranceLatticeFaster():decoder-wrappers.cc:285) Log-like per frame for utterance gmb05_st0915_feb89 is -8.62705 over 258 frames.
gmb05_st0996_feb89 WHY DID MIDGETT CHANGE READINESS ON TWENTY FOUR DECEMBER 
LOG (gmm-latgen-faster:DecodeUtteranceLatticeFaster():decoder-wrappers.cc:285) Log-like per frame for utterance gmb05_st0996_feb89 is -8.69425 over 362 frames.
gmb05_st1050_feb89 IS QUEENFISH+S MAXIMUM SPEED AS FAST AS SEAWOLF+S 
LOG (gmm-latgen-faster:DecodeUtteranceLatticeFaster():decoder-wrappers.cc:285) Log-like per frame for utterance gmb05_st1050_feb89 is -8.50517 over 409 frames.
gmb05_st1137_feb89 WAS THE NAME AND C-CODE OF A CARRIER IN BASS STRAIT 
LOG (gmm-latgen-faster:DecodeUtteranceLatticeFaster():decoder-wrappers.cc:285) Log-like per frame for utterance gmb05_st1137_feb89 is -8.20529 over 375 frames.
gmb05_st1205_feb89 DO ANY SUBS THAT AREN+T THE CORAL SEA HAVE AN M5 MIW M-RATING 
LOG (gmm-latgen-faster:DecodeUtteranceLatticeFaster():decoder-wrappers.cc:285) Log-like per frame for utterance gmb05_st1205_feb89 is -8.39233 over 516 frames.
gmb05_st1288_feb89 SET COLOR OF HOOKED TRACK TO DIM RED 
LOG (gmm-latgen-faster:DecodeUtteranceLatticeFaster():decoder-wrappers.cc:285) Log-like per frame for utterance gmb05_st1288_feb89 is -8.42142 over 304 frames.
gmb05_st1367_feb89 IS JASON+S MAX SPEED LESS THAN FORTY KNOTS 
LOG (gmm-latgen-faster:DecodeUtteranceLatticeFaster():decoder-wrappers.cc:285) Log-like per frame for utterance gmb05_st1367_feb89 is -8.5708 over 318 frames.
gmb05_st1439_feb89 IS FLASHER THE SLOWEST VESSEL IN PACFLT 
LOG (gmm-latgen-faster:DecodeUtteranceLatticeFaster():decoder-wrappers.cc:285) Log-like per frame for utterance gmb05_st1439_feb89 is -8.27246 over 367 frames.
gmb05_st1491_feb89 DISPLAY THE AVERAGE CRUISING SPEED AND LATITUDE AND LONGITUDE OF VIRGINIA 
LOG (gmm-latgen-faster:DecodeUtteranceLatticeFaster():decoder-wrappers.cc:285) Log-like per frame for utterance gmb05_st1491_feb89 is -8.44061 over 482 frames.
gmb05_st1559_feb89 HOW LARGE IS DOWNES+S FUEL CAPACITY 
LOG (gmm-latgen-faster:DecodeUtteranceLatticeFaster():decoder-wrappers.cc:285) Log-like per frame for utterance gmb05_st1559_feb89 is -8.26939 over 266 frames.
gmb05_st1627_feb89 FIND POSITION DATA FOR CRUISERS EMPLOYED BEFORE LAST APRIL TWENTY SECOND 
LOG (gmm-latgen-faster:DecodeUtteranceLatticeFaster():decoder-wrappers.cc:285) Log-like per frame for utterance gmb05_st1627_feb89 is -8.81197 over 442 frames.
gmb05_st1718_feb89 SHOW ME CARRIERS WHOSE PERSONNEL READINESS IS C1 
LOG (gmm-latgen-faster:DecodeUtteranceLatticeFaster():decoder-wrappers.cc:285) Log-like per frame for utterance gmb05_st1718_feb89 is -8.42156 over 349 frames.
gmb05_st1783_feb89 HAS THE VANDERGRIFT CHOP TO PACIFIC FLEET YET 
LOG (gmm-latgen-faster:DecodeUtteranceLatticeFaster():decoder-wrappers.cc:285) Log-like per frame for utterance gmb05_st1783_feb89 is -8.60835 over 309 frames.
gmb05_st1862_feb89 CAN DUBUQUE AT KODIAK BY MONDAY 
LOG (gmm-latgen-faster:DecodeUtteranceLatticeFaster():decoder-wrappers.cc:285) Log-like per frame for utterance gmb05_st1862_feb89 is -8.68099 over 257 frames.
gmb05_st1946_feb89 ARE THERE FOR SUBMARINES THAT ARE IN LENINGRAD WITH READINESS MORE THAN C4 
LOG (gmm-latgen-faster:DecodeUtteranceLatticeFaster():decoder-wrappers.cc:285) Log-like per frame for utterance gmb05_st1946_feb89 is -8.6012 over 454 frames.
gmb05_st2021_feb89 DOESN+T DAVIDSON HAVE SPS-40 YET 
LOG (gmm-latgen-faster:DecodeUtteranceLatticeFaster():decoder-wrappers.cc:285) Log-like per frame for utterance gmb05_st2021_feb89 is -8.72012 over 266 frames.
gmb05_st2084_feb89 SHOW WICHITA+S TRACK AND CURRENT PERSONNEL READINESS 
LOG (gmm-latgen-faster:DecodeUtteranceLatticeFaster():decoder-wrappers.cc:285) Log-like per frame for utterance gmb05_st2084_feb89 is -8.52298 over 352 frames.
gmb05_st2159_feb89 HOW MANY CARRIERS WERE IN YELLOW SEA ON NINE MARCH 
LOG (gmm-latgen-faster:DecodeUtteranceLatticeFaster():decoder-wrappers.cc:285) Log-like per frame for utterance gmb05_st2159_feb89 is -8.27457 over 346 frames.
gmb05_st2216_feb89 DRAW CHART OF EASTERN PHILIPPINES USING STEREOGRAPHIC PROJECTION 
LOG (gmm-latgen-faster:DecodeUtteranceLatticeFaster():decoder-wrappers.cc:285) Log-like per frame for utterance gmb05_st2216_feb89 is -8.14991 over 511 frames.
gwt02_st0018_mar87 WHAT IS MIDGETT+S PERCENT FUEL 
LOG (gmm-latgen-faster:DecodeUtteranceLatticeFaster():decoder-wrappers.cc:285) Log-like per frame for utterance gwt02_st0018_mar87 is -8.59264 over 219 frames.
gwt02_st0018_oct87 WHAT IS MIDGETT+S PERCENT FUEL 
LOG (gmm-latgen-faster:DecodeUtteranceLatticeFaster():decoder-wrappers.cc:285) Log-like per frame for utterance gwt02_st0018_oct87 is -8.59632 over 219 frames.
gwt02_st0102_mar87 WHICH SHIPS IN MANCHESTER HAVE A SUPPLIES READINESS RATING OF C5 
LOG (gmm-latgen-faster:DecodeUtteranceLatticeFaster():decoder-wrappers.cc:285) Log-like per frame for utterance gwt02_st0102_mar87 is -8.49039 over 502 frames.
gwt02_st0102_oct87 WHICH SHIPS IN MANCHESTER HAVE A SUPPLIES READINESS RATING OF C5 
LOG (gmm-latgen-faster:DecodeUtteranceLatticeFaster():decoder-wrappers.cc:285) Log-like per frame for utterance gwt02_st0102_oct87 is -8.49748 over 502 frames.
gwt02_st0187_mar87 WHAT CASREP DID FIREBUSH HAVE ON TWENTY SEVEN MAY 
LOG (gmm-latgen-faster:DecodeUtteranceLatticeFaster():decoder-wrappers.cc:285) Log-like per frame for utterance gwt02_st0187_mar87 is -8.57001 over 432 frames.
gwt02_st0187_oct87 WHAT CASREP DID FIREBUSH HAVE ON TWENTY SEVEN MAY 
LOG (gmm-latgen-faster:DecodeUtteranceLatticeFaster():decoder-wrappers.cc:285) Log-like per frame for utterance gwt02_st0187_oct87 is -8.56375 over 432 frames.
gwt02_st0268_mar87 HOW MANY SHIPS ARE NOT NTDS CAPABLE 
LOG (gmm-latgen-faster:DecodeUtteranceLatticeFaster():decoder-wrappers.cc:285) Log-like per frame for utterance gwt02_st0268_mar87 is -8.42474 over 367 frames.
gwt02_st0268_oct87 HOW MANY SHIPS ARE NOT NTDS CAPABLE 
LOG (gmm-latgen-faster:DecodeUtteranceLatticeFaster():decoder-wrappers.cc:285) Log-like per frame for utterance gwt02_st0268_oct87 is -8.43996 over 367 frames.
gwt02_st0345_mar87 CLEAR DISPLAY 
LOG (gmm-latgen-faster:DecodeUtteranceLatticeFaster():decoder-wrappers.cc:285) Log-like per frame for utterance gwt02_st0345_mar87 is -8.68394 over 112 frames.
gwt02_st0345_oct87 CLEAR DISPLAY 
LOG (gmm-latgen-faster:DecodeUtteranceLatticeFaster():decoder-wrappers.cc:285) Log-like per frame for utterance gwt02_st0345_oct87 is -8.67187 over 112 frames.
gwt02_st0425_mar87 IS PIGEON+S TEST DEPTH GREATER THAN PLUCK+S 
LOG (gmm-latgen-faster:DecodeUtteranceLatticeFaster():decoder-wrappers.cc:285) Log-like per frame for utterance gwt02_st0425_mar87 is -8.38009 over 326 frames.
gwt02_st0425_oct87 IS PIGEON+S TEST DEPTH GREATER THAN PLUCK+S 
LOG (gmm-latgen-faster:DecodeUtteranceLatticeFaster():decoder-wrappers.cc:285) Log-like per frame for utterance gwt02_st0425_oct87 is -8.3901 over 326 frames.
gwt02_st0511_mar87 IS CITRUS MORE THAN EIGHTY KILOMETERS FROM CLEVELAND 
LOG (gmm-latgen-faster:DecodeUtteranceLatticeFaster():decoder-wrappers.cc:285) Log-like per frame for utterance gwt02_st0511_mar87 is -8.71418 over 331 frames.
gwt02_st0511_oct87 IS CITRUS MORE THAN EIGHTY KILOMETERS FROM CLEVELAND 
LOG (gmm-latgen-faster:DecodeUtteranceLatticeFaster():decoder-wrappers.cc:285) Log-like per frame for utterance gwt02_st0511_oct87 is -8.71206 over 331 frames.
LOG (apply-cmvn:main():apply-cmvn.cc:146) Applied cepstral mean normalization to 80 utterances, errors on 0
gwt02_st0584_mar87 WHAT IS THE DISTANCE FROM MISHAWAKA TO THE MONTICELLO 
LOG (gmm-latgen-faster:DecodeUtteranceLatticeFaster():decoder-wrappers.cc:285) Log-like per frame for utterance gwt02_st0584_mar87 is -8.62792 over 412 frames.
gwt02_st0584_oct87 WHAT IS THE DISTANCE FROM MISHAWAKA TO THE MONTICELLO 
LOG (gmm-latgen-faster:DecodeUtteranceLatticeFaster():decoder-wrappers.cc:285) Log-like per frame for utterance gwt02_st0584_oct87 is -8.61833 over 412 frames.
gwt02_st0657_mar87 WHAT IS THE NAME AND VARIOUS RATINGS OF A FRIGATE IN WEST BERING SEA 
LOG (gmm-latgen-faster:DecodeUtteranceLatticeFaster():decoder-wrappers.cc:285) Log-like per frame for utterance gwt02_st0657_mar87 is -8.54529 over 543 frames.
gwt02_st0657_oct87 WHAT IS THE NAME AND VARIOUS RATINGS OF A FRIGATE IN WEST BERING SEA 
LOG (gmm-latgen-faster:DecodeUtteranceLatticeFaster():decoder-wrappers.cc:285) Log-like per frame for utterance gwt02_st0657_oct87 is -8.55704 over 543 frames.
gwt02_st0715_mar87 WHICH SUBS THAT ARE C3 ARE IN KOREAN BAY 
LOG (gmm-latgen-faster:DecodeUtteranceLatticeFaster():decoder-wrappers.cc:285) Log-like per frame for utterance gwt02_st0715_mar87 is -8.36416 over 404 frames.
gwt02_st0715_oct87 WHICH SUBS THAT ARE C3 ARE IN KOREAN BAY 
LOG (gmm-latgen-faster:DecodeUtteranceLatticeFaster():decoder-wrappers.cc:285) Log-like per frame for utterance gwt02_st0715_oct87 is -8.35588 over 404 frames.
LOG (gmm-latgen-faster:main():gmm-latgen-faster.cc:176) Time taken 87.4386s: real-time factor assuming 100 frames/sec is 0.3424
LOG (gmm-latgen-faster:main():gmm-latgen-faster.cc:179) Done 80 utterances, failed for 0
LOG (gmm-latgen-faster:main():gmm-latgen-faster.cc:181) Overall log-likelihood per frame is -8.541 over 25537 frames.
# Accounting: time=88 threads=1
# Ended (code 0) at Sun Sep 11 01:02:33 PDT 2016, elapsed time 88 seconds
