# gmm-latgen-faster --max-active=7000 --beam=20.0 --lattice-beam=10.0 --acoustic-scale=0.083333 --allow-partial=true --word-symbol-table=exp/mono/graph/words.txt exp/mono/final.mdl exp/mono/graph/HCLG.fst "ark,s,cs:apply-cmvn  --utt2spk=ark:data/test/split20/8/utt2spk scp:data/test/split20/8/cmvn.scp scp:data/test/split20/8/feats.scp ark:- | add-deltas  ark:- ark:- |" "ark:|gzip -c > exp/mono/decode/lat.8.gz" 
# Started at Sun Sep 11 00:59:14 PDT 2016
#
gmm-latgen-faster --max-active=7000 --beam=20.0 --lattice-beam=10.0 --acoustic-scale=0.083333 --allow-partial=true --word-symbol-table=exp/mono/graph/words.txt exp/mono/final.mdl exp/mono/graph/HCLG.fst 'ark,s,cs:apply-cmvn  --utt2spk=ark:data/test/split20/8/utt2spk scp:data/test/split20/8/cmvn.scp scp:data/test/split20/8/feats.scp ark:- | add-deltas  ark:- ark:- |' 'ark:|gzip -c > exp/mono/decode/lat.8.gz' 
add-deltas ark:- ark:- 
apply-cmvn --utt2spk=ark:data/test/split20/8/utt2spk scp:data/test/split20/8/cmvn.scp scp:data/test/split20/8/feats.scp ark:- 
dpk01_st0087_oct87 WHERE+S POLLACK NOW 
LOG (gmm-latgen-faster:DecodeUtteranceLatticeFaster():decoder-wrappers.cc:285) Log-like per frame for utterance dpk01_st0087_oct87 is -8.27006 over 123 frames.
dpk01_st0158_oct87 TOGGLE UNIT OF MEASURE PARAMETER 
LOG (gmm-latgen-faster:DecodeUtteranceLatticeFaster():decoder-wrappers.cc:285) Log-like per frame for utterance dpk01_st0158_oct87 is -8.30375 over 184 frames.
dpk01_st0233_oct87 ARE EIGHTY SHIPS IN BISMARK SEA BELOW NINETY PERCENT FUEL CAPACITY 
LOG (gmm-latgen-faster:DecodeUtteranceLatticeFaster():decoder-wrappers.cc:285) Log-like per frame for utterance dpk01_st0233_oct87 is -8.3749 over 376 frames.
dpk01_st0318_oct87 INCREASE LETTER SIZE TO MAX VALUE AND REDRAW 
LOG (gmm-latgen-faster:DecodeUtteranceLatticeFaster():decoder-wrappers.cc:285) Log-like per frame for utterance dpk01_st0318_oct87 is -8.25965 over 280 frames.
dpk01_st0394_oct87 WHAT+S CLEVELAND+S CURRENT READINESS 
LOG (gmm-latgen-faster:DecodeUtteranceLatticeFaster():decoder-wrappers.cc:285) Log-like per frame for utterance dpk01_st0394_oct87 is -8.48743 over 187 frames.
dpk01_st0475_oct87 GET LATITUDES AND LONGITUDES AND NAMES AND SHIPS IN ARABIAN SEA 
LOG (gmm-latgen-faster:DecodeUtteranceLatticeFaster():decoder-wrappers.cc:285) Log-like per frame for utterance dpk01_st0475_oct87 is -8.19856 over 376 frames.
dpk01_st0555_oct87 FIND MISSIONS EDITED TODAY 
LOG (gmm-latgen-faster:DecodeUtteranceLatticeFaster():decoder-wrappers.cc:285) Log-like per frame for utterance dpk01_st0555_oct87 is -8.13185 over 171 frames.
dpk01_st0619_oct87 GET THE VARIOUS CAPABILITIES FOR GAS TURBINE SHIPS NINE GULF OF TONKIN 
LOG (gmm-latgen-faster:DecodeUtteranceLatticeFaster():decoder-wrappers.cc:285) Log-like per frame for utterance dpk01_st0619_oct87 is -8.42593 over 373 frames.
dpk01_st0696_oct87 WAS LOCKWOOD+S LOCATION ON SUNDAY IN SEA TACAN 
LOG (gmm-latgen-faster:DecodeUtteranceLatticeFaster():decoder-wrappers.cc:285) Log-like per frame for utterance dpk01_st0696_oct87 is -8.46579 over 294 frames.
dpk01_st0756_oct87 GET C2 SHIPS THAT ARE IN DIEGO-GARCIA 
LOG (gmm-latgen-faster:DecodeUtteranceLatticeFaster():decoder-wrappers.cc:285) Log-like per frame for utterance dpk01_st0756_oct87 is -8.20658 over 248 frames.
dwa05_st0063_feb89 WHERE+S THE TRAINING RATING OF SHERMAN 
LOG (gmm-latgen-faster:DecodeUtteranceLatticeFaster():decoder-wrappers.cc:285) Log-like per frame for utterance dwa05_st0063_feb89 is -8.48048 over 176 frames.
dwa05_st0150_feb89 WHAT PACIFIC FLEET SUBMARINE WASN+T DOWNGRADED ON PERSONNEL READINESS THIRD OCTOBER 
LOG (gmm-latgen-faster:DecodeUtteranceLatticeFaster():decoder-wrappers.cc:285) Log-like per frame for utterance dwa05_st0150_feb89 is -8.50721 over 458 frames.
dwa05_st0206_feb89 ARE EIGHT OF WESTPAC+S SUBS RATED M2 ON AAW 
LOG (gmm-latgen-faster:DecodeUtteranceLatticeFaster():decoder-wrappers.cc:285) Log-like per frame for utterance dwa05_st0206_feb89 is -8.09856 over 372 frames.
dwa05_st0292_feb89 WEREN+T MORE THAN FOUR CARRIERS THAT ARE IN PORT TODAY 
LOG (gmm-latgen-faster:DecodeUtteranceLatticeFaster():decoder-wrappers.cc:285) Log-like per frame for utterance dwa05_st0292_feb89 is -8.26549 over 281 frames.
dwa05_st0367_feb89 DO STERETT+S FUEL CAPACITY LESS THAN FLASHER+S 
LOG (gmm-latgen-faster:DecodeUtteranceLatticeFaster():decoder-wrappers.cc:285) Log-like per frame for utterance dwa05_st0367_feb89 is -8.28247 over 291 frames.
dwa05_st0437_feb89 GIVE SUPPLIES C-CODE OF LAST POSITION DATE FOR ANY VESSEL IN BANGKOK AFTER FOURTEEN DECEMBER 
LOG (gmm-latgen-faster:DecodeUtteranceLatticeFaster():decoder-wrappers.cc:285) Log-like per frame for utterance dwa05_st0437_feb89 is -8.36808 over 570 frames.
dwa05_st0505_feb89 DOES WADSWORTH HAVE ANY M2 RATINGS 
LOG (gmm-latgen-faster:DecodeUtteranceLatticeFaster():decoder-wrappers.cc:285) Log-like per frame for utterance dwa05_st0505_feb89 is -8.17885 over 241 frames.
dwa05_st0577_feb89 WHEN+S THE TOTAL FUEL ABOARD MARS 
LOG (gmm-latgen-faster:DecodeUtteranceLatticeFaster():decoder-wrappers.cc:285) Log-like per frame for utterance dwa05_st0577_feb89 is -8.70975 over 209 frames.
dwa05_st0646_feb89 GET LENGTH AND BEAM OF HORNE IN METERS IN FEET 
LOG (gmm-latgen-faster:DecodeUtteranceLatticeFaster():decoder-wrappers.cc:285) Log-like per frame for utterance dwa05_st0646_feb89 is -8.40681 over 261 frames.
dwa05_st0729_feb89 LIST DEPLOYMENTS OF FRIGATES ON EIGHTH MARCH 
LOG (gmm-latgen-faster:DecodeUtteranceLatticeFaster():decoder-wrappers.cc:285) Log-like per frame for utterance dwa05_st0729_feb89 is -8.48302 over 282 frames.
dwa05_st0822_feb89 GET SQQ-23 CAPABLE FRIGATES IN PORT ELIZABETH 
LOG (gmm-latgen-faster:DecodeUtteranceLatticeFaster():decoder-wrappers.cc:285) Log-like per frame for utterance dwa05_st0822_feb89 is -8.56553 over 416 frames.
dwa05_st0925_feb89 DID ANY ALERTS IN WEST SEA ON WHAT IS INVOLVED 
LOG (gmm-latgen-faster:DecodeUtteranceLatticeFaster():decoder-wrappers.cc:285) Log-like per frame for utterance dwa05_st0925_feb89 is -8.48607 over 296 frames.
dwa05_st0997_feb89 FIND POSITIONS OF ALL SHIPS WHICH ARE IN EASTPAC 
LOG (gmm-latgen-faster:DecodeUtteranceLatticeFaster():decoder-wrappers.cc:285) Log-like per frame for utterance dwa05_st0997_feb89 is -8.38137 over 280 frames.
dwa05_st1055_feb89 MARS+S ETA AT HIS DESTINATION OF SWORDFISH 
LOG (gmm-latgen-faster:DecodeUtteranceLatticeFaster():decoder-wrappers.cc:285) Log-like per frame for utterance dwa05_st1055_feb89 is -8.22666 over 362 frames.
dwa05_st1139_feb89 CLEAR OVERLAYS AND DISPLAY TRACK OF VIRGINIA 
LOG (gmm-latgen-faster:DecodeUtteranceLatticeFaster():decoder-wrappers.cc:285) Log-like per frame for utterance dwa05_st1139_feb89 is -8.26427 over 273 frames.
dwa05_st1211_feb89 WHAT FOUR BISMARK SEA SHIPS WENT TO M1 ON ASW SINCE FIFTEEN MAY 
LOG (gmm-latgen-faster:DecodeUtteranceLatticeFaster():decoder-wrappers.cc:285) Log-like per frame for utterance dwa05_st1211_feb89 is -8.21322 over 554 frames.
dwa05_st1296_feb89 PLUNGER+S ESTIMATED TIME OF ARRIVAL IN HOME PORT FOR DALE 
LOG (gmm-latgen-faster:DecodeUtteranceLatticeFaster():decoder-wrappers.cc:285) Log-like per frame for utterance dwa05_st1296_feb89 is -8.38249 over 351 frames.
dwa05_st1370_feb89 IS MANHATTAN+S ARRIVAL HOUR EARLIER THAN MARS+S 
LOG (gmm-latgen-faster:DecodeUtteranceLatticeFaster():decoder-wrappers.cc:285) Log-like per frame for utterance dwa05_st1370_feb89 is -8.35837 over 253 frames.
dwa05_st1444_feb89 WHEN IS PLUCK EXPECTED TO UPGRADE 
LOG (gmm-latgen-faster:DecodeUtteranceLatticeFaster():decoder-wrappers.cc:285) Log-like per frame for utterance dwa05_st1444_feb89 is -8.48655 over 234 frames.
dwa05_st1496_feb89 MARS+S LATEST DATE ON GUARDFISH+S CAT-4 TRAINING CASUALTY REPORTS 
LOG (gmm-latgen-faster:DecodeUtteranceLatticeFaster():decoder-wrappers.cc:285) Log-like per frame for utterance dwa05_st1496_feb89 is -8.31952 over 465 frames.
dwa05_st1561_feb89 SET SYSTEM SWITCHES TO THEIR DEFAULT VALUES 
LOG (gmm-latgen-faster:DecodeUtteranceLatticeFaster():decoder-wrappers.cc:285) Log-like per frame for utterance dwa05_st1561_feb89 is -8.35868 over 271 frames.
dwa05_st1633_feb89 DISPLAY THE TRACKS FOR REEVES+S AND FOR STERETT 
LOG (gmm-latgen-faster:DecodeUtteranceLatticeFaster():decoder-wrappers.cc:285) Log-like per frame for utterance dwa05_st1633_feb89 is -8.22693 over 299 frames.
dwa05_st1719_feb89 GIVE SHIPS WERE C2 AND AREN+T DEPLOYED 
LOG (gmm-latgen-faster:DecodeUtteranceLatticeFaster():decoder-wrappers.cc:285) Log-like per frame for utterance dwa05_st1719_feb89 is -8.30181 over 282 frames.
dwa05_st1785_feb89 HOW MUCH FASTER IS CAMDEN+S AVERAGE CRUISING SPEED COMPARED TO CAMPBELL+S 
LOG (gmm-latgen-faster:DecodeUtteranceLatticeFaster():decoder-wrappers.cc:285) Log-like per frame for utterance dwa05_st1785_feb89 is -8.44446 over 410 frames.
dwa05_st1871_feb89 WHEN WAS IT LAST IN GULF OF CALIFORNIA 
LOG (gmm-latgen-faster:DecodeUtteranceLatticeFaster():decoder-wrappers.cc:285) Log-like per frame for utterance dwa05_st1871_feb89 is -8.57507 over 234 frames.
dwa05_st1951_feb89 WAS PERSONNEL READINESS OF MANHATTAN 
LOG (gmm-latgen-faster:DecodeUtteranceLatticeFaster():decoder-wrappers.cc:285) Log-like per frame for utterance dwa05_st1951_feb89 is -8.37683 over 227 frames.
dwa05_st2034_feb89 ARE MORE THAN THREE SUBMARINES CURRENTLY IN HOME PORT 
LOG (gmm-latgen-faster:DecodeUtteranceLatticeFaster():decoder-wrappers.cc:285) Log-like per frame for utterance dwa05_st2034_feb89 is -8.41984 over 276 frames.
dwa05_st2085_feb89 HOW SOON WILL INDEPENDENCE BE UPGRADED ON ASW MISSION READINESS 
LOG (gmm-latgen-faster:DecodeUtteranceLatticeFaster():decoder-wrappers.cc:285) Log-like per frame for utterance dwa05_st2085_feb89 is -8.3031 over 403 frames.
dwa05_st2162_feb89 HOW MANY SHIPS IN PACIFIC OCEAN HAVE ASUW M-RATINGS LOWER THAN M3 
LOG (gmm-latgen-faster:DecodeUtteranceLatticeFaster():decoder-wrappers.cc:285) Log-like per frame for utterance dwa05_st2162_feb89 is -8.4466 over 509 frames.
dwa05_st2218_feb89 SET COLOR OF HOOKED TRACK TO BRIGHT GREEN 
LOG (gmm-latgen-faster:DecodeUtteranceLatticeFaster():decoder-wrappers.cc:285) Log-like per frame for utterance dwa05_st2218_feb89 is -8.32678 over 273 frames.
eac02_st0033_feb91 TURN ARROW ON FOR TRACKS WHOSE POSITION IS HOOKED 
LOG (gmm-latgen-faster:DecodeUtteranceLatticeFaster():decoder-wrappers.cc:285) Log-like per frame for utterance eac02_st0033_feb91 is -7.93112 over 422 frames.
eac02_st0111_feb91 DRAW GULF OF ALASKA 
LOG (gmm-latgen-faster:DecodeUtteranceLatticeFaster():decoder-wrappers.cc:285) Log-like per frame for utterance eac02_st0111_feb91 is -8.45732 over 157 frames.
eac02_st0176_feb91 WHAT+S THE PRESENT MIW MISSION READINESS OF THE BIDDLE 
LOG (gmm-latgen-faster:DecodeUtteranceLatticeFaster():decoder-wrappers.cc:285) Log-like per frame for utterance eac02_st0176_feb91 is -8.22909 over 374 frames.
eac02_st0255_feb91 HOW MANY CARRIERS BEEN DEPLOYED SINCE FOUR NOVEMBER 
LOG (gmm-latgen-faster:DecodeUtteranceLatticeFaster():decoder-wrappers.cc:285) Log-like per frame for utterance eac02_st0255_feb91 is -8.33153 over 316 frames.
eac02_st0330_feb91 HOW LONG WILL IT TAKE DALE TO MIDGETT THIRTY THREE NORTH SIX EAST 
LOG (gmm-latgen-faster:DecodeUtteranceLatticeFaster():decoder-wrappers.cc:285) Log-like per frame for utterance eac02_st0330_feb91 is -8.31419 over 498 frames.
eac02_st0406_feb91 IS DUBUQUE+S LENGTH LESS THAN THAT WASP 
LOG (gmm-latgen-faster:DecodeUtteranceLatticeFaster():decoder-wrappers.cc:285) Log-like per frame for utterance eac02_st0406_feb91 is -8.33136 over 296 frames.
eac02_st0469_feb91 NEVER MIND NEXT CHART DISPLAY 
LOG (gmm-latgen-faster:DecodeUtteranceLatticeFaster():decoder-wrappers.cc:285) Log-like per frame for utterance eac02_st0469_feb91 is -8.35026 over 216 frames.
eac02_st0545_feb91 SHOW AVERAGE CRUISING SPEED FOR STEAM 
LOG (gmm-latgen-faster:DecodeUtteranceLatticeFaster():decoder-wrappers.cc:285) Log-like per frame for utterance eac02_st0545_feb91 is -8.2295 over 258 frames.
eac02_st0601_feb91 BADGER+S DISTANCE FROM RECLAIMER 
LOG (gmm-latgen-faster:DecodeUtteranceLatticeFaster():decoder-wrappers.cc:285) Log-like per frame for utterance eac02_st0601_feb91 is -8.31302 over 227 frames.
eac02_st0690_feb91 DRAW TRACKS FOR ALL USN CRUISERS 
LOG (gmm-latgen-faster:DecodeUtteranceLatticeFaster():decoder-wrappers.cc:285) Log-like per frame for utterance eac02_st0690_feb91 is -8.27226 over 306 frames.
eac02_st0790_feb91 WHEN IS VANDERGRIFT+S FUEL STATUS 
LOG (gmm-latgen-faster:DecodeUtteranceLatticeFaster():decoder-wrappers.cc:285) Log-like per frame for utterance eac02_st0790_feb91 is -8.36156 over 231 frames.
eac02_st0884_feb91 WHEN+LL BIDDLE NEXT BE ON STATION 
LOG (gmm-latgen-faster:DecodeUtteranceLatticeFaster():decoder-wrappers.cc:285) Log-like per frame for utterance eac02_st0884_feb91 is -8.34129 over 213 frames.
eac02_st0968_feb91 WHEN IS METEOR+S MAXIMUM SPEED 
LOG (gmm-latgen-faster:DecodeUtteranceLatticeFaster():decoder-wrappers.cc:285) Log-like per frame for utterance eac02_st0968_feb91 is -8.2309 over 229 frames.
eac02_st1029_feb91 DIDN+T WILLAMETTE UPGRADE ON THIRTY JUNE 
LOG (gmm-latgen-faster:DecodeUtteranceLatticeFaster():decoder-wrappers.cc:285) Log-like per frame for utterance eac02_st1029_feb91 is -8.28244 over 262 frames.
eac02_st1109_feb91 WERE ANY OF SCHENECTADY+S PROBLEMS CASREPED BEFORE NINETEEN 
LOG (gmm-latgen-faster:DecodeUtteranceLatticeFaster():decoder-wrappers.cc:285) Log-like per frame for utterance eac02_st1109_feb91 is -8.37286 over 378 frames.
eac02_st1174_feb91 WHICH VESSELS THE CLOSEST TO NOME 
LOG (gmm-latgen-faster:DecodeUtteranceLatticeFaster():decoder-wrappers.cc:285) Log-like per frame for utterance eac02_st1174_feb91 is -8.51614 over 223 frames.
eac02_st1261_feb91 DISPLAY NEW CHART PROJECTION OF SIBERIAN SEA 
LOG (gmm-latgen-faster:DecodeUtteranceLatticeFaster():decoder-wrappers.cc:285) Log-like per frame for utterance eac02_st1261_feb91 is -8.29129 over 304 frames.
eac02_st1333_feb91 WHAT IS FANNING+S LATITUDE AND LONGITUDE TODAY 
LOG (gmm-latgen-faster:DecodeUtteranceLatticeFaster():decoder-wrappers.cc:285) Log-like per frame for utterance eac02_st1333_feb91 is -8.2906 over 290 frames.
eac02_st1403_feb91 WHEN+S MIDWAY AND RANGER+S CURRENT SPEED 
LOG (gmm-latgen-faster:DecodeUtteranceLatticeFaster():decoder-wrappers.cc:285) Log-like per frame for utterance eac02_st1403_feb91 is -8.30309 over 255 frames.
eac02_st1462_feb91 WHY IS WHIPPLE REPORTING C4 
LOG (gmm-latgen-faster:DecodeUtteranceLatticeFaster():decoder-wrappers.cc:285) Log-like per frame for utterance eac02_st1462_feb91 is -8.33907 over 228 frames.
eac02_st1535_feb91 WAS MARS+S IN GULF OF THAILAND YESTERDAY 
LOG (gmm-latgen-faster:DecodeUtteranceLatticeFaster():decoder-wrappers.cc:285) Log-like per frame for utterance eac02_st1535_feb91 is -8.32976 over 258 frames.
eac02_st1599_feb91 LIST NAMES AND RESOURCES OF SHIPS THAT RAMSEY THE JAPAN 
LOG (gmm-latgen-faster:DecodeUtteranceLatticeFaster():decoder-wrappers.cc:285) Log-like per frame for utterance eac02_st1599_feb91 is -8.30539 over 373 frames.
LOG (apply-cmvn:main():apply-cmvn.cc:146) Applied cepstral mean normalization to 70 utterances, errors on 0
eac02_st1697_feb91 FIND ME SHIPS THAT WERE IN HOME PORT NINE MARCH ONE 
LOG (gmm-latgen-faster:DecodeUtteranceLatticeFaster():decoder-wrappers.cc:285) Log-like per frame for utterance eac02_st1697_feb91 is -8.28291 over 303 frames.
eac02_st1755_feb91 WHO HAS SLQ-32 CAPABILITY IN SEA OF JAPAN 
LOG (gmm-latgen-faster:DecodeUtteranceLatticeFaster():decoder-wrappers.cc:285) Log-like per frame for utterance eac02_st1755_feb91 is -8.34454 over 405 frames.
eac02_st1836_feb91 REDRAW CHART OF FORMOSA WITH TIME WINDOW DEFINED TO STERETT NINE HUNDRED 
LOG (gmm-latgen-faster:DecodeUtteranceLatticeFaster():decoder-wrappers.cc:285) Log-like per frame for utterance eac02_st1836_feb91 is -8.41135 over 469 frames.
eac02_st1908_feb91 WHAT IS IRONWOOD+S MAXIMUM DRAFT 
LOG (gmm-latgen-faster:DecodeUtteranceLatticeFaster():decoder-wrappers.cc:285) Log-like per frame for utterance eac02_st1908_feb91 is -8.35005 over 231 frames.
eac02_st1993_feb91 IS THERE CRUISERS IN PERSIAN SEA LONGER THAN THIRTEEN HUNDRED FEET 
LOG (gmm-latgen-faster:DecodeUtteranceLatticeFaster():decoder-wrappers.cc:285) Log-like per frame for utterance eac02_st1993_feb91 is -8.3401 over 397 frames.
eac02_st2068_feb91 TRAINING RATING FOR BRUNSWICK 
LOG (gmm-latgen-faster:DecodeUtteranceLatticeFaster():decoder-wrappers.cc:285) Log-like per frame for utterance eac02_st2068_feb91 is -8.2951 over 180 frames.
eac02_st2129_feb91 HOW MANY FRIGATES FOUR AND ASTORIA ON TWENTY TWO JULY 
LOG (gmm-latgen-faster:DecodeUtteranceLatticeFaster():decoder-wrappers.cc:285) Log-like per frame for utterance eac02_st2129_feb91 is -8.30225 over 336 frames.
eac02_st2191_feb91 WHICH OF WESTPAC+S CARRIERS ARE C4 
LOG (gmm-latgen-faster:DecodeUtteranceLatticeFaster():decoder-wrappers.cc:285) Log-like per frame for utterance eac02_st2191_feb91 is -8.49978 over 235 frames.
LOG (gmm-latgen-faster:main():gmm-latgen-faster.cc:176) Time taken 111.595s: real-time factor assuming 100 frames/sec is 0.524143
LOG (gmm-latgen-faster:main():gmm-latgen-faster.cc:179) Done 70 utterances, failed for 0
LOG (gmm-latgen-faster:main():gmm-latgen-faster.cc:181) Overall log-likelihood per frame is -8.33787 over 21291 frames.
# Accounting: time=111 threads=1
# Ended (code 0) at Sun Sep 11 01:01:05 PDT 2016, elapsed time 111 seconds
