# gmm-latgen-faster --max-active=7000 --beam=20.0 --lattice-beam=10.0 --acoustic-scale=0.083333 --allow-partial=true --word-symbol-table=exp/mono/graph/words.txt exp/mono/final.mdl exp/mono/graph/HCLG.fst "ark,s,cs:apply-cmvn  --utt2spk=ark:data/test/split20/6/utt2spk scp:data/test/split20/6/cmvn.scp scp:data/test/split20/6/feats.scp ark:- | add-deltas  ark:- ark:- |" "ark:|gzip -c > exp/mono/decode/lat.6.gz" 
# Started at Sun Sep 11 00:58:41 PDT 2016
#
gmm-latgen-faster --max-active=7000 --beam=20.0 --lattice-beam=10.0 --acoustic-scale=0.083333 --allow-partial=true --word-symbol-table=exp/mono/graph/words.txt exp/mono/final.mdl exp/mono/graph/HCLG.fst 'ark,s,cs:apply-cmvn  --utt2spk=ark:data/test/split20/6/utt2spk scp:data/test/split20/6/cmvn.scp scp:data/test/split20/6/feats.scp ark:- | add-deltas  ark:- ark:- |' 'ark:|gzip -c > exp/mono/decode/lat.6.gz' 
add-deltas ark:- ark:- 
apply-cmvn --utt2spk=ark:data/test/split20/6/utt2spk scp:data/test/split20/6/cmvn.scp scp:data/test/split20/6/feats.scp ark:- 
ctm02_st0036_oct87 TURN OFF CEP SWITCH 
LOG (gmm-latgen-faster:DecodeUtteranceLatticeFaster():decoder-wrappers.cc:285) Log-like per frame for utterance ctm02_st0036_oct87 is -7.95413 over 210 frames.
ctm02_st0130_oct87 WHOSE ECONOMIC SPEED OF APALACHICOLA LESS THAN THAT OF BRUNSWICK 
LOG (gmm-latgen-faster:DecodeUtteranceLatticeFaster():decoder-wrappers.cc:285) Log-like per frame for utterance ctm02_st0130_oct87 is -8.36028 over 454 frames.
ctm02_st0203_oct87 DEFINE AREA ALERTS FOR GULF OF CALIFORNIA 
LOG (gmm-latgen-faster:DecodeUtteranceLatticeFaster():decoder-wrappers.cc:285) Log-like per frame for utterance ctm02_st0203_oct87 is -7.99936 over 346 frames.
ctm02_st0296_oct87 CLEAR DISPLAY WINDOW 
LOG (gmm-latgen-faster:DecodeUtteranceLatticeFaster():decoder-wrappers.cc:285) Log-like per frame for utterance ctm02_st0296_oct87 is -8.26577 over 162 frames.
ctm02_st0366_oct87 SHOW ME HORNE+S TRACK IN DIM ORANGE WITH REEVES+S IN BRIGHT GREEN 
LOG (gmm-latgen-faster:DecodeUtteranceLatticeFaster():decoder-wrappers.cc:285) Log-like per frame for utterance ctm02_st0366_oct87 is -8.39333 over 387 frames.
ctm02_st0449_oct87 GET RESOURCE AREA RATINGS FOR ENTERPRISE 
LOG (gmm-latgen-faster:DecodeUtteranceLatticeFaster():decoder-wrappers.cc:285) Log-like per frame for utterance ctm02_st0449_oct87 is -8.34487 over 282 frames.
ctm02_st0522_oct87 HAS HORNE+S MIW MISSION AREA GONE TO M3 BEFORE TWENTY TWO AUGUST 
LOG (gmm-latgen-faster:DecodeUtteranceLatticeFaster():decoder-wrappers.cc:285) Log-like per frame for utterance ctm02_st0522_oct87 is -7.98713 over 671 frames.
ctm02_st0603_oct87 IS ANYBODY IN WESTPAC NTDS CAPABLE 
LOG (gmm-latgen-faster:DecodeUtteranceLatticeFaster():decoder-wrappers.cc:285) Log-like per frame for utterance ctm02_st0603_oct87 is -7.99497 over 366 frames.
ctm02_st0672_oct87 LIST MONDAY+S AND TUESDAY+S CASUALTY REPORTS FOR FRIGATES IN BASS STRAIT 
LOG (gmm-latgen-faster:DecodeUtteranceLatticeFaster():decoder-wrappers.cc:285) Log-like per frame for utterance ctm02_st0672_oct87 is -8.25945 over 534 frames.
ctm02_st0740_oct87 HOW MANY CRUISERS CARRY SQQ-23 CAPABLE ARE THERE AT BOMBAY 
LOG (gmm-latgen-faster:DecodeUtteranceLatticeFaster():decoder-wrappers.cc:285) Log-like per frame for utterance ctm02_st0740_oct87 is -8.38012 over 518 frames.
ctt05_st0090_mar87 WHEN DID SEAWOLF DEGRADE FOR HER PREVIOUS EQUIPMENT C-RATING 
LOG (gmm-latgen-faster:DecodeUtteranceLatticeFaster():decoder-wrappers.cc:285) Log-like per frame for utterance ctt05_st0090_mar87 is -8.23729 over 402 frames.
ctt05_st0169_mar87 WHAT FRIGATE IN NORTH ATLANTIC OCEAN HAS THE SLOWEST CURRENT SPEED 
LOG (gmm-latgen-faster:DecodeUtteranceLatticeFaster():decoder-wrappers.cc:285) Log-like per frame for utterance ctt05_st0169_mar87 is -8.24488 over 420 frames.
ctt05_st0239_mar87 HOW MANY SUBMARINES WERE IN PORT VICTORIA ON TWENTIETH OF MARCH 
LOG (gmm-latgen-faster:DecodeUtteranceLatticeFaster():decoder-wrappers.cc:285) Log-like per frame for utterance ctt05_st0239_mar87 is -8.45048 over 367 frames.
ctt05_st0325_mar87 DISPLAY NEW CHART PROJECTION USING MERCATOR 
LOG (gmm-latgen-faster:DecodeUtteranceLatticeFaster():decoder-wrappers.cc:285) Log-like per frame for utterance ctt05_st0325_mar87 is -8.2986 over 255 frames.
ctt05_st0400_mar87 SHOW GRILL 
LOG (gmm-latgen-faster:DecodeUtteranceLatticeFaster():decoder-wrappers.cc:285) Log-like per frame for utterance ctt05_st0400_mar87 is -8.06126 over 98 frames.
ctt05_st0480_mar87 GET THE CRUISER+S LOCATIONS FOR APRIL 
LOG (gmm-latgen-faster:DecodeUtteranceLatticeFaster():decoder-wrappers.cc:285) Log-like per frame for utterance ctt05_st0480_mar87 is -8.45182 over 204 frames.
ctt05_st0565_mar87 WHAT IS THE AVERAGE TRAINING RATING CODES FOR USN SHIPS THIRD OF ARCTIC OCEAN 
LOG (gmm-latgen-faster:DecodeUtteranceLatticeFaster():decoder-wrappers.cc:285) Log-like per frame for utterance ctt05_st0565_mar87 is -8.38507 over 484 frames.
ctt05_st0632_mar87 RESET SWITCHES TO DEFAULTS 
LOG (gmm-latgen-faster:DecodeUtteranceLatticeFaster():decoder-wrappers.cc:285) Log-like per frame for utterance ctt05_st0632_mar87 is -8.35998 over 198 frames.
ctt05_st0700_mar87 EDIT LOCATION DATA FOR TRACK A42128 
LOG (gmm-latgen-faster:DecodeUtteranceLatticeFaster():decoder-wrappers.cc:285) Log-like per frame for utterance ctt05_st0700_mar87 is -8.07464 over 372 frames.
ctt05_st0764_mar87 DO ANY VESSEL THAT ARE IN GULF OF TONKIN HAVE ASW MISSION AREA OF M4 
LOG (gmm-latgen-faster:DecodeUtteranceLatticeFaster():decoder-wrappers.cc:285) Log-like per frame for utterance ctt05_st0764_mar87 is -8.14562 over 545 frames.
ctw03_st0016_oct89 WAS METEOR+S CURRENT SPEED 
LOG (gmm-latgen-faster:DecodeUtteranceLatticeFaster():decoder-wrappers.cc:285) Log-like per frame for utterance ctw03_st0016_oct89 is -8.29936 over 195 frames.
ctw03_st0085_oct89 ISN+T HAWKBILL DUE IN PORT BEFORE TWELVE HUNDRED ON NEXT THURSDAY 
LOG (gmm-latgen-faster:DecodeUtteranceLatticeFaster():decoder-wrappers.cc:285) Log-like per frame for utterance ctw03_st0085_oct89 is -8.65429 over 366 frames.
ctw03_st0165_oct89 WHAT VESSEL IN MIDPAC HAS LEAST REMAINING FUEL 
LOG (gmm-latgen-faster:DecodeUtteranceLatticeFaster():decoder-wrappers.cc:285) Log-like per frame for utterance ctw03_st0165_oct89 is -8.55117 over 306 frames.
ctw03_st0241_oct89 ARE THIRTY SUBS THAT HAVEN+T REPORTED EQUIPMENT PROBLEMS OF THIRTY JULY 
LOG (gmm-latgen-faster:DecodeUtteranceLatticeFaster():decoder-wrappers.cc:285) Log-like per frame for utterance ctw03_st0241_oct89 is -8.59074 over 390 frames.
ctw03_st0313_oct89 WHAT+S THE LAT-LONS OF PLUCK 
LOG (gmm-latgen-faster:DecodeUtteranceLatticeFaster():decoder-wrappers.cc:285) Log-like per frame for utterance ctw03_st0313_oct89 is -8.49047 over 190 frames.
ctw03_st0391_oct89 GIVE ME CAMDEN+S CASREPS FOR LAST WEEK 
LOG (gmm-latgen-faster:DecodeUtteranceLatticeFaster():decoder-wrappers.cc:285) Log-like per frame for utterance ctw03_st0391_oct89 is -8.42943 over 281 frames.
ctw03_st0459_oct89 SHOW TACAN CAPABLE SHIPS AT SEA 
LOG (gmm-latgen-faster:DecodeUtteranceLatticeFaster():decoder-wrappers.cc:285) Log-like per frame for utterance ctw03_st0459_oct89 is -8.47012 over 242 frames.
ctw03_st0532_oct89 HOW MANY YEARS HAS CONSTANT BEEN EMPLOYED 
LOG (gmm-latgen-faster:DecodeUtteranceLatticeFaster():decoder-wrappers.cc:285) Log-like per frame for utterance ctw03_st0532_oct89 is -8.50717 over 234 frames.
ctw03_st0595_oct89 COUNT THE NUMBER OF TACAN FRIGATES THAT ARE C1 
LOG (gmm-latgen-faster:DecodeUtteranceLatticeFaster():decoder-wrappers.cc:285) Log-like per frame for utterance ctw03_st0595_oct89 is -8.57109 over 296 frames.
ctw03_st0675_oct89 WHAT CASREPS ARE MISSION DEGRADING 
LOG (gmm-latgen-faster:DecodeUtteranceLatticeFaster():decoder-wrappers.cc:285) Log-like per frame for utterance ctw03_st0675_oct89 is -8.04133 over 298 frames.
ctw03_st0772_oct89 GIVE ME C1 SUBS THREE GULF OF CALIFORNIA 
LOG (gmm-latgen-faster:DecodeUtteranceLatticeFaster():decoder-wrappers.cc:285) Log-like per frame for utterance ctw03_st0772_oct89 is -8.52503 over 305 frames.
ctw03_st0859_oct89 REDRAW CHART OF MEXICO WITH NEW POSITION DATA INCLUDED 
LOG (gmm-latgen-faster:DecodeUtteranceLatticeFaster():decoder-wrappers.cc:285) Log-like per frame for utterance ctw03_st0859_oct89 is -8.58178 over 348 frames.
ctw03_st0952_oct89 IS DIXON+S DISPLACEMENT LESS THAN AVERAGE FOR M5 ASUW SHIPS 
LOG (gmm-latgen-faster:DecodeUtteranceLatticeFaster():decoder-wrappers.cc:285) Log-like per frame for utterance ctw03_st0952_oct89 is -8.50408 over 478 frames.
ctw03_st1017_oct89 WAS PERSONNEL RATING OF DALE 
LOG (gmm-latgen-faster:DecodeUtteranceLatticeFaster():decoder-wrappers.cc:285) Log-like per frame for utterance ctw03_st1017_oct89 is -8.46885 over 204 frames.
ctw03_st1098_oct89 EDIT TICONDEROGA+S ALERTS 
LOG (gmm-latgen-faster:DecodeUtteranceLatticeFaster():decoder-wrappers.cc:285) Log-like per frame for utterance ctw03_st1098_oct89 is -8.54423 over 219 frames.
ctw03_st1162_oct89 WHAT SHIP WASN+T DOWNGRADED IN SUPPLIES READINESS IN EIGHTY TWO 
LOG (gmm-latgen-faster:DecodeUtteranceLatticeFaster():decoder-wrappers.cc:285) Log-like per frame for utterance ctw03_st1162_oct89 is -8.57911 over 360 frames.
ctw03_st1228_oct89 HOW MANY VESSELS WERE IN PERSIAN SEA ON TWENTY SIX JULY 
LOG (gmm-latgen-faster:DecodeUtteranceLatticeFaster():decoder-wrappers.cc:285) Log-like per frame for utterance ctw03_st1228_oct89 is -8.51752 over 324 frames.
ctw03_st1321_oct89 WHAT IF GUITARRO+S MAXIMUM SUSTAINED SPEED WERE DECREASED BY FIVE KNOTS 
LOG (gmm-latgen-faster:DecodeUtteranceLatticeFaster():decoder-wrappers.cc:285) Log-like per frame for utterance ctw03_st1321_oct89 is -8.23189 over 484 frames.
ctw03_st1386_oct89 IS TUSCALOOSA+S PROPULSION TYPE THE SAME AS THE VANCOUVER+S 
LOG (gmm-latgen-faster:DecodeUtteranceLatticeFaster():decoder-wrappers.cc:285) Log-like per frame for utterance ctw03_st1386_oct89 is -8.51863 over 336 frames.
ctw03_st1453_oct89 IS FANNING LOCATED IN ABERDEEN OR MANCHESTER 
LOG (gmm-latgen-faster:DecodeUtteranceLatticeFaster():decoder-wrappers.cc:285) Log-like per frame for utterance ctw03_st1453_oct89 is -8.62329 over 303 frames.
ctw03_st1520_oct89 ARE THERE ANY CASUALTY REPORTS FROM FREDERICK THAT AFFECT MISSION AREAS 
LOG (gmm-latgen-faster:DecodeUtteranceLatticeFaster():decoder-wrappers.cc:285) Log-like per frame for utterance ctw03_st1520_oct89 is -8.33032 over 459 frames.
ctw03_st1581_oct89 GET THE SAME INFORMATION FOR TUSCALOOSA 
LOG (gmm-latgen-faster:DecodeUtteranceLatticeFaster():decoder-wrappers.cc:285) Log-like per frame for utterance ctw03_st1581_oct89 is -8.63855 over 218 frames.
ctw03_st1664_oct89 DRAW CHART CENTERED AROUND COPELAND 
LOG (gmm-latgen-faster:DecodeUtteranceLatticeFaster():decoder-wrappers.cc:285) Log-like per frame for utterance ctw03_st1664_oct89 is -8.61914 over 223 frames.
ctw03_st1745_oct89 WEREN+T THERE MORE THAN FOUR SUBMARINES IN PACIFIC FLEET IN EIGHTY TWO 
LOG (gmm-latgen-faster:DecodeUtteranceLatticeFaster():decoder-wrappers.cc:285) Log-like per frame for utterance ctw03_st1745_oct89 is -8.66533 over 337 frames.
ctw03_st1825_oct89 REDRAW CHART OF SOUTH USA WITH LAT-LON DATA SHOWN IN BRIGHT YELLOW 
LOG (gmm-latgen-faster:DecodeUtteranceLatticeFaster():decoder-wrappers.cc:285) Log-like per frame for utterance ctw03_st1825_oct89 is -8.51936 over 427 frames.
ctw03_st1889_oct89 WHAT+S SUBMARINE+S ESTIMATED TIME OF ARRIVAL AT TOKYO 
LOG (gmm-latgen-faster:DecodeUtteranceLatticeFaster():decoder-wrappers.cc:285) Log-like per frame for utterance ctw03_st1889_oct89 is -8.7256 over 320 frames.
ctw03_st1977_oct89 IS VANCOUVER CAPABLE OF A SPEED OF SIXTY KNOTS 
LOG (gmm-latgen-faster:DecodeUtteranceLatticeFaster():decoder-wrappers.cc:285) Log-like per frame for utterance ctw03_st1977_oct89 is -8.51025 over 310 frames.
ctw03_st2059_oct89 REDRAW IT INCREASING LETTER SIZE TWO 
LOG (gmm-latgen-faster:DecodeUtteranceLatticeFaster():decoder-wrappers.cc:285) Log-like per frame for utterance ctw03_st2059_oct89 is -8.54932 over 253 frames.
ctw03_st2104_oct89 IS THERE NO EAST BERING SEA SHIP RATED M3 ON ASUW 
LOG (gmm-latgen-faster:DecodeUtteranceLatticeFaster():decoder-wrappers.cc:285) Log-like per frame for utterance ctw03_st2104_oct89 is -8.38095 over 490 frames.
ctw03_st2177_oct89 REDEFINE AREA ALERT ICE-NINE 
LOG (gmm-latgen-faster:DecodeUtteranceLatticeFaster():decoder-wrappers.cc:285) Log-like per frame for utterance ctw03_st2177_oct89 is -8.52454 over 277 frames.
dab01_st0006_mar87 WHAT+S GLACIER+S MAXIMUM DRAFT 
LOG (gmm-latgen-faster:DecodeUtteranceLatticeFaster():decoder-wrappers.cc:285) Log-like per frame for utterance dab01_st0006_mar87 is -8.6094 over 206 frames.
dab01_st0094_mar87 WHERE WAS THE BROOKE ONE JANUARY SIXTEEN 
LOG (gmm-latgen-faster:DecodeUtteranceLatticeFaster():decoder-wrappers.cc:285) Log-like per frame for utterance dab01_st0094_mar87 is -8.76192 over 204 frames.
LOG (apply-cmvn:main():apply-cmvn.cc:146) Applied cepstral mean normalization to 60 utterances, errors on 0
dab01_st0180_mar87 CLEAR DATA SCREENS 
LOG (gmm-latgen-faster:DecodeUtteranceLatticeFaster():decoder-wrappers.cc:285) Log-like per frame for utterance dab01_st0180_mar87 is -8.18842 over 139 frames.
dab01_st0251_mar87 HOW MANY VESSELS ARE IN INDIAN OCEAN 
LOG (gmm-latgen-faster:DecodeUtteranceLatticeFaster():decoder-wrappers.cc:285) Log-like per frame for utterance dab01_st0251_mar87 is -8.65764 over 212 frames.
dab01_st0331_mar87 WAS THE MIDWAY+S FUEL LEVEL 
LOG (gmm-latgen-faster:DecodeUtteranceLatticeFaster():decoder-wrappers.cc:285) Log-like per frame for utterance dab01_st0331_mar87 is -8.42525 over 173 frames.
dab01_st0403_mar87 SHOW THE CONQUEST+S POSITION SEVENTEEN AUGUST THIRD EIGHTY SIX 
LOG (gmm-latgen-faster:DecodeUtteranceLatticeFaster():decoder-wrappers.cc:285) Log-like per frame for utterance dab01_st0403_mar87 is -8.49585 over 357 frames.
dab01_st0488_mar87 WHY DID QUEENFISH CHANGE EQUIPMENT READINESS TWENTY THREE MAY 
LOG (gmm-latgen-faster:DecodeUtteranceLatticeFaster():decoder-wrappers.cc:285) Log-like per frame for utterance dab01_st0488_mar87 is -8.44619 over 349 frames.
dab01_st0578_mar87 SHOW PERCENT FUEL ABOARD MERCURY 
LOG (gmm-latgen-faster:DecodeUtteranceLatticeFaster():decoder-wrappers.cc:285) Log-like per frame for utterance dab01_st0578_mar87 is -8.47448 over 216 frames.
dab01_st0648_mar87 FIND CROVLS AND TRACKS FOR TFCC FRIGATES IN WEST PACIFIC OCEAN 
LOG (gmm-latgen-faster:DecodeUtteranceLatticeFaster():decoder-wrappers.cc:285) Log-like per frame for utterance dab01_st0648_mar87 is -8.51125 over 459 frames.
dab01_st0703_mar87 TOGGLE SAIL AND SAVE SWITCHES 
LOG (gmm-latgen-faster:DecodeUtteranceLatticeFaster():decoder-wrappers.cc:285) Log-like per frame for utterance dab01_st0703_mar87 is -8.08699 over 215 frames.
LOG (gmm-latgen-faster:main():gmm-latgen-faster.cc:176) Time taken 65.171s: real-time factor assuming 100 frames/sec is 0.338059
LOG (gmm-latgen-faster:main():gmm-latgen-faster.cc:179) Done 60 utterances, failed for 0
LOG (gmm-latgen-faster:main():gmm-latgen-faster.cc:181) Overall log-likelihood per frame is -8.39492 over 19278 frames.
# Accounting: time=65 threads=1
# Ended (code 0) at Sun Sep 11 00:59:46 PDT 2016, elapsed time 65 seconds
