# lattice-scale --inv-acoustic-scale=8 "ark:gunzip -c exp/mono/decode/lat.*.gz|" ark:- | lattice-add-penalty --word-ins-penalty=0.0 ark:- ark:- | lattice-best-path --word-symbol-table=exp/mono/graph/words.txt ark:- ark,t:- | utils/int2sym.pl -f 2- exp/mono/graph/words.txt | cat > exp/mono/decode/scoring_kaldi/penalty_0.0/8.txt 
# Started at Wed Sep 28 01:05:48 PDT 2016
#
lattice-best-path --word-symbol-table=exp/mono/graph/words.txt ark:- ark,t:- 
lattice-scale --inv-acoustic-scale=8 'ark:gunzip -c exp/mono/decode/lat.*.gz|' ark:- 
LOG (lattice-scale:main():lattice-scale.cc:90) Done 4 lattices.
lattice-add-penalty --word-ins-penalty=0.0 ark:- ark:- 
LOG (lattice-best-path:main():lattice-best-path.cc:99) For utterance raj_1_2_5, best cost 24.8972 + 5281.96 = 5306.85 over 478 frames.
raj_1_2_5 ஒரு இரண்டு ஐந்து 
LOG (lattice-best-path:main():lattice-best-path.cc:99) For utterance ranjini_1_2_3, best cost 27.2118 + 3533.54 = 3560.75 over 310 frames.
ranjini_1_2_3 ஒரு இரண்டு மூன்று 
LOG (lattice-add-penalty:main():lattice-add-penalty.cc:62) Done adding word insertion penalty to 4 lattices.
LOG (lattice-best-path:main():lattice-best-path.cc:99) For utterance ranjini_22_23_24, best cost 53.3182 + 6438.71 = 6492.02 over 486 frames.
ranjini_22_23_24 ஐந்து இரண்டு மூன்று ஐந்து மூன்று மூன்று மூன்று 
LOG (lattice-best-path:main():lattice-best-path.cc:99) For utterance sindhu_1_2_3, best cost 26.1876 + 3436.44 = 3462.62 over 294 frames.
sindhu_1_2_3 ஒரு இரண்டு மூன்று 
LOG (lattice-best-path:main():lattice-best-path.cc:124) Overall cost per frame is 12.004 = 0.083938 [graph] + 11.92 [acoustic] over 1568 frames.
LOG (lattice-best-path:main():lattice-best-path.cc:128) Done 4 lattices, failed for 0
# Accounting: time=1 threads=1
# Ended (code 0) at Wed Sep 28 01:05:49 PDT 2016, elapsed time 1 seconds
