# lattice-scale --inv-acoustic-scale=17 "ark:gunzip -c exp/mono/decode/lat.*.gz|" ark:- | lattice-add-penalty --word-ins-penalty=0.0 ark:- ark:- | lattice-best-path --word-symbol-table=exp/mono/graph/words.txt ark:- ark,t:- | utils/int2sym.pl -f 2- exp/mono/graph/words.txt | cat > exp/mono/decode/scoring_kaldi/penalty_0.0/17.txt 
# Started at Wed Sep 28 01:05:49 PDT 2016
#
lattice-scale --inv-acoustic-scale=17 'ark:gunzip -c exp/mono/decode/lat.*.gz|' ark:- 
LOG (lattice-scale:main():lattice-scale.cc:90) Done 4 lattices.
lattice-add-penalty --word-ins-penalty=0.0 ark:- ark:- 
LOG (lattice-add-penalty:main():lattice-add-penalty.cc:62) Done adding word insertion penalty to 4 lattices.
lattice-best-path --word-symbol-table=exp/mono/graph/words.txt ark:- ark,t:- 
LOG (lattice-best-path:main():lattice-best-path.cc:99) For utterance raj_1_2_5, best cost 20.6768 + 2487.88 = 2508.56 over 478 frames.
raj_1_2_5 ஒரு ஒன்பது 
LOG (lattice-best-path:main():lattice-best-path.cc:99) For utterance ranjini_1_2_3, best cost 27.2118 + 1662.84 = 1690.05 over 310 frames.
ranjini_1_2_3 ஒரு இரண்டு மூன்று 
LOG (lattice-best-path:main():lattice-best-path.cc:99) For utterance ranjini_22_23_24, best cost 38.6354 + 3038.94 = 3077.58 over 486 frames.
ranjini_22_23_24 மூன்று ஐந்து மூன்று ஐந்து 
LOG (lattice-best-path:main():lattice-best-path.cc:99) For utterance sindhu_1_2_3, best cost 26.1876 + 1617.15 = 1643.33 over 294 frames.
sindhu_1_2_3 ஒரு இரண்டு மூன்று 
LOG (lattice-best-path:main():lattice-best-path.cc:124) Overall cost per frame is 5.68847 = 0.0718825 [graph] + 5.61659 [acoustic] over 1568 frames.
LOG (lattice-best-path:main():lattice-best-path.cc:128) Done 4 lattices, failed for 0
# Accounting: time=0 threads=1
# Ended (code 0) at Wed Sep 28 01:05:49 PDT 2016, elapsed time 0 seconds
