# lattice-scale --inv-acoustic-scale=10 "ark:gunzip -c exp/mono/decode/lat.*.gz|" ark:- | lattice-add-penalty --word-ins-penalty=0.0 ark:- ark:- | lattice-best-path --word-symbol-table=exp/mono/graph/words.txt ark:- ark,t:- | utils/int2sym.pl -f 2- exp/mono/graph/words.txt | cat > exp/mono/decode/scoring_kaldi/penalty_0.0/10.txt 
# Started at Wed Sep 28 01:05:48 PDT 2016
#
lattice-best-path --word-symbol-table=exp/mono/graph/words.txt ark:- ark,t:- 
lattice-scale --inv-acoustic-scale=10 'ark:gunzip -c exp/mono/decode/lat.*.gz|' ark:- 
LOG (lattice-scale:main():lattice-scale.cc:90) Done 4 lattices.
lattice-add-penalty --word-ins-penalty=0.0 ark:- ark:- 
LOG (lattice-add-penalty:main():lattice-add-penalty.cc:62) Done adding word insertion penalty to 4 lattices.
LOG (lattice-best-path:main():lattice-best-path.cc:99) For utterance raj_1_2_5, best cost 20.6768 + 4229.4 = 4250.08 over 478 frames.
raj_1_2_5 ஒரு ஒன்பது 
LOG (lattice-best-path:main():lattice-best-path.cc:99) For utterance ranjini_1_2_3, best cost 27.2118 + 2826.83 = 2854.04 over 310 frames.
ranjini_1_2_3 ஒரு இரண்டு மூன்று 
LOG (lattice-best-path:main():lattice-best-path.cc:99) For utterance ranjini_22_23_24, best cost 53.3182 + 5150.96 = 5204.28 over 486 frames.
ranjini_22_23_24 ஐந்து இரண்டு மூன்று ஐந்து மூன்று மூன்று மூன்று 
LOG (lattice-best-path:main():lattice-best-path.cc:99) For utterance sindhu_1_2_3, best cost 26.1876 + 2749.15 = 2775.34 over 294 frames.
sindhu_1_2_3 ஒரு இரண்டு மூன்று 
LOG (lattice-best-path:main():lattice-best-path.cc:124) Overall cost per frame is 9.61973 = 0.0812465 [graph] + 9.53848 [acoustic] over 1568 frames.
LOG (lattice-best-path:main():lattice-best-path.cc:128) Done 4 lattices, failed for 0
# Accounting: time=1 threads=1
# Ended (code 0) at Wed Sep 28 01:05:49 PDT 2016, elapsed time 1 seconds
