# build-tree --verbose=1 --max-leaves=2000 --cluster-thresh=-1 exp/tri1/treeacc data/lang/phones/roots.int exp/tri1/questions.qst data/lang/topo exp/tri1/tree 
# Started at Wed Oct 12 01:19:08 PDT 2016
#
build-tree --verbose=1 --max-leaves=2000 --cluster-thresh=-1 exp/tri1/treeacc data/lang/phones/roots.int exp/tri1/questions.qst data/lang/topo exp/tri1/tree 
LOG (build-tree:main():build-tree.cc:100) Number of separate statistics is 176
LOG (build-tree:BuildTree():build-tree.cc:159) BuildTree: before building trees, map has 22 leaves.
LOG (build-tree:SplitDecisionTree():build-tree-utils.cc:577) DoDecisionTreeSplit: split 29 times, #leaves now 51
LOG (build-tree:BuildTree():build-tree.cc:185) Setting clustering threshold to smallest split 310.383
VLOG[1] (build-tree:BuildTree():build-tree.cc:194) After decision tree split, num-leaves = 51, like-impr = 4.29961 per frame over 4908 frames.
VLOG[1] (build-tree:BuildTree():build-tree.cc:198) Including just phones that were split, improvement is 4.29961 per frame over 4908 frames.
LOG (build-tree:BuildTree():build-tree.cc:213) BuildTree: removed 2 leaves.
VLOG[1] (build-tree:BuildTree():build-tree.cc:220) Objf change due to clustering -0.100582 per frame.
VLOG[1] (build-tree:BuildTree():build-tree.cc:223) Normalizing over only split phones, this is: -0.100582 per frame.
VLOG[1] (build-tree:BuildTree():build-tree.cc:226) Num-leaves is now 49
VLOG[1] (build-tree:main():build-tree.cc:138) For pdf-id 1, low count 0
VLOG[1] (build-tree:main():build-tree.cc:138) For pdf-id 2, low count 29
VLOG[1] (build-tree:main():build-tree.cc:138) For pdf-id 3, low count 29
VLOG[1] (build-tree:main():build-tree.cc:138) For pdf-id 4, low count 62
VLOG[1] (build-tree:main():build-tree.cc:138) For pdf-id 5, low count 57
VLOG[1] (build-tree:main():build-tree.cc:138) For pdf-id 6, low count 92
VLOG[1] (build-tree:main():build-tree.cc:138) For pdf-id 7, low count 32
VLOG[1] (build-tree:main():build-tree.cc:138) For pdf-id 8, low count 60
VLOG[1] (build-tree:main():build-tree.cc:138) For pdf-id 9, low count 81
VLOG[1] (build-tree:main():build-tree.cc:138) For pdf-id 10, low count 50
VLOG[1] (build-tree:main():build-tree.cc:138) For pdf-id 11, low count 67
VLOG[1] (build-tree:main():build-tree.cc:138) For pdf-id 12, low count 59
VLOG[1] (build-tree:main():build-tree.cc:138) For pdf-id 13, low count 42
VLOG[1] (build-tree:main():build-tree.cc:138) For pdf-id 15, low count 11
VLOG[1] (build-tree:main():build-tree.cc:138) For pdf-id 16, low count 32
VLOG[1] (build-tree:main():build-tree.cc:138) For pdf-id 17, low count 71
VLOG[1] (build-tree:main():build-tree.cc:138) For pdf-id 20, low count 71
VLOG[1] (build-tree:main():build-tree.cc:138) For pdf-id 21, low count 33
VLOG[1] (build-tree:main():build-tree.cc:138) For pdf-id 26, low count 79
VLOG[1] (build-tree:main():build-tree.cc:138) For pdf-id 29, low count 38
VLOG[1] (build-tree:main():build-tree.cc:138) For pdf-id 30, low count 45
VLOG[1] (build-tree:main():build-tree.cc:138) For pdf-id 31, low count 58
VLOG[1] (build-tree:main():build-tree.cc:138) For pdf-id 32, low count 48
VLOG[1] (build-tree:main():build-tree.cc:138) For pdf-id 34, low count 18
VLOG[1] (build-tree:main():build-tree.cc:138) For pdf-id 36, low count 70
VLOG[1] (build-tree:main():build-tree.cc:138) For pdf-id 37, low count 50
VLOG[1] (build-tree:main():build-tree.cc:138) For pdf-id 38, low count 19
VLOG[1] (build-tree:main():build-tree.cc:138) For pdf-id 39, low count 47
VLOG[1] (build-tree:main():build-tree.cc:138) For pdf-id 40, low count 21
VLOG[1] (build-tree:main():build-tree.cc:138) For pdf-id 41, low count 71
VLOG[1] (build-tree:main():build-tree.cc:138) For pdf-id 42, low count 37
VLOG[1] (build-tree:main():build-tree.cc:138) For pdf-id 43, low count 24
VLOG[1] (build-tree:main():build-tree.cc:138) For pdf-id 44, low count 33
VLOG[1] (build-tree:main():build-tree.cc:138) For pdf-id 45, low count 41
VLOG[1] (build-tree:main():build-tree.cc:138) For pdf-id 46, low count 54
VLOG[1] (build-tree:main():build-tree.cc:138) For pdf-id 47, low count 22
WARNING (build-tree:main():build-tree.cc:180) Saw no stats for following phones: 2 3 4 5 6 7 8 9 10 12 13 14 16 17 18 20 22 23 24 26 27 28 30 32 33 34 36 38 40 41 42 43 44 46 47 48 50 51 52 54 55 56 58 59 60 62 63 64 66 67 68 70 71 72 74 75 77 78 79 80 82 84 85 86 88 89 90 
LOG (build-tree:main():build-tree.cc:184) Wrote tree
# Accounting: time=0 threads=1
# Ended (code 0) at Wed Oct 12 01:19:08 PDT 2016, elapsed time 0 seconds
