# compute-mfcc-feats --verbose=2 --config=conf/mfcc.conf scp,p:exp/make_mfcc/train/wav_train.1.scp ark:- | copy-feats --compress=true ark:- ark,scp:/home/rb/Documents/ICT/speech_recognition/kaldi-trunk/egs/digits/mfcc/raw_mfcc_train.1.ark,/home/rb/Documents/ICT/speech_recognition/kaldi-trunk/egs/digits/mfcc/raw_mfcc_train.1.scp 
# Started at Wed Oct 12 00:02:12 PDT 2016
#
copy-feats --compress=true ark:- ark,scp:/home/rb/Documents/ICT/speech_recognition/kaldi-trunk/egs/digits/mfcc/raw_mfcc_train.1.ark,/home/rb/Documents/ICT/speech_recognition/kaldi-trunk/egs/digits/mfcc/raw_mfcc_train.1.scp 
compute-mfcc-feats --verbose=2 --config=conf/mfcc.conf scp,p:exp/make_mfcc/train/wav_train.1.scp ark:- 
VLOG[2] (compute-mfcc-feats:main():compute-mfcc-feats.cc:178) Processed features for key raj_1_2_5
VLOG[2] (compute-mfcc-feats:main():compute-mfcc-feats.cc:178) Processed features for key raj_6_7_8
VLOG[2] (compute-mfcc-feats:main():compute-mfcc-feats.cc:178) Processed features for key raj_6_8_3
VLOG[2] (compute-mfcc-feats:main():compute-mfcc-feats.cc:178) Processed features for key raj_9_3_4
VLOG[2] (compute-mfcc-feats:main():compute-mfcc-feats.cc:178) Processed features for key ranjini_1_2_3
VLOG[2] (compute-mfcc-feats:main():compute-mfcc-feats.cc:178) Processed features for key ranjini_4_8_7
VLOG[2] (compute-mfcc-feats:main():compute-mfcc-feats.cc:178) Processed features for key ranjini_5_9_3
VLOG[2] (compute-mfcc-feats:main():compute-mfcc-feats.cc:178) Processed features for key ranjini_6_7_3
VLOG[2] (compute-mfcc-feats:main():compute-mfcc-feats.cc:178) Processed features for key ranjini_9_3_5
LOG (compute-mfcc-feats:main():compute-mfcc-feats.cc:177) Processed 10 utterances
VLOG[2] (compute-mfcc-feats:main():compute-mfcc-feats.cc:178) Processed features for key sindhu_1_2_3
VLOG[2] (compute-mfcc-feats:main():compute-mfcc-feats.cc:178) Processed features for key sindhu_3_5_1
VLOG[2] (compute-mfcc-feats:main():compute-mfcc-feats.cc:178) Processed features for key sindhu_4_2_8
VLOG[2] (compute-mfcc-feats:main():compute-mfcc-feats.cc:178) Processed features for key sindhu_4_5_6
VLOG[2] (compute-mfcc-feats:main():compute-mfcc-feats.cc:178) Processed features for key sindhu_7_8_9
LOG (compute-mfcc-feats:main():compute-mfcc-feats.cc:181)  Done 14 out of 14 utterances.
LOG (copy-feats:main():copy-feats.cc:120) Copied 14 feature matrices.
# Accounting: time=1 threads=1
# Ended (code 0) at Wed Oct 12 00:02:13 PDT 2016, elapsed time 1 seconds
