# compute-mfcc-feats --verbose=2 --config=conf/mfcc.conf scp,p:exp/make_mfcc/train/wav_train.4.scp ark:- | copy-feats --compress=true ark:- ark,scp:/home/rb/Documents/ICT/speech_recognition/featdir/rm_mfccdir/raw_mfcc_train.4.ark,/home/rb/Documents/ICT/speech_recognition/featdir/rm_mfccdir/raw_mfcc_train.4.scp 
# Started at Sat Sep 10 03:54:35 PDT 2016
#
copy-feats --compress=true ark:- ark,scp:/home/rb/Documents/ICT/speech_recognition/featdir/rm_mfccdir/raw_mfcc_train.4.ark,/home/rb/Documents/ICT/speech_recognition/featdir/rm_mfccdir/raw_mfcc_train.4.scp 
compute-mfcc-feats --verbose=2 --config=conf/mfcc.conf scp,p:exp/make_mfcc/train/wav_train.4.scp ark:- 
VLOG[2] (compute-mfcc-feats:main():compute-mfcc-feats.cc:178) Processed features for key dlc03_st1267_trn
VLOG[2] (compute-mfcc-feats:main():compute-mfcc-feats.cc:178) Processed features for key dlc03_st1326_trn
VLOG[2] (compute-mfcc-feats:main():compute-mfcc-feats.cc:178) Processed features for key dlc03_st1405_trn
VLOG[2] (compute-mfcc-feats:main():compute-mfcc-feats.cc:178) Processed features for key dlc03_st1470_trn
VLOG[2] (compute-mfcc-feats:main():compute-mfcc-feats.cc:178) Processed features for key dlc03_st1538_trn
VLOG[2] (compute-mfcc-feats:main():compute-mfcc-feats.cc:178) Processed features for key dlc03_st1600_trn
VLOG[2] (compute-mfcc-feats:main():compute-mfcc-feats.cc:178) Processed features for key dlc03_st1666_trn
VLOG[2] (compute-mfcc-feats:main():compute-mfcc-feats.cc:178) Processed features for key dlc03_st1740_trn
VLOG[2] (compute-mfcc-feats:main():compute-mfcc-feats.cc:178) Processed features for key dlc03_st1817_trn
LOG (compute-mfcc-feats:main():compute-mfcc-feats.cc:177) Processed 10 utterances
VLOG[2] (compute-mfcc-feats:main():compute-mfcc-feats.cc:178) Processed features for key dlc03_st1910_trn
VLOG[2] (compute-mfcc-feats:main():compute-mfcc-feats.cc:178) Processed features for key dlc03_st1976_trn
VLOG[2] (compute-mfcc-feats:main():compute-mfcc-feats.cc:178) Processed features for key dlc03_st2088_trn
VLOG[2] (compute-mfcc-feats:main():compute-mfcc-feats.cc:178) Processed features for key dlc03_st2154_trn
VLOG[2] (compute-mfcc-feats:main():compute-mfcc-feats.cc:178) Processed features for key dlh03_sr028_trn
VLOG[2] (compute-mfcc-feats:main():compute-mfcc-feats.cc:178) Processed features for key dlh03_sr068_trn
VLOG[2] (compute-mfcc-feats:main():compute-mfcc-feats.cc:178) Processed features for key dlh03_sr108_trn
VLOG[2] (compute-mfcc-feats:main():compute-mfcc-feats.cc:178) Processed features for key dlh03_sr148_trn
VLOG[2] (compute-mfcc-feats:main():compute-mfcc-feats.cc:178) Processed features for key dlh03_sr188_trn
VLOG[2] (compute-mfcc-feats:main():compute-mfcc-feats.cc:178) Processed features for key dlh03_sr228_trn
LOG (compute-mfcc-feats:main():compute-mfcc-feats.cc:177) Processed 20 utterances
VLOG[2] (compute-mfcc-feats:main():compute-mfcc-feats.cc:178) Processed features for key dlh03_sr268_trn
VLOG[2] (compute-mfcc-feats:main():compute-mfcc-feats.cc:178) Processed features for key dlh03_sr308_trn
VLOG[2] (compute-mfcc-feats:main():compute-mfcc-feats.cc:178) Processed features for key dlh03_sr348_trn
VLOG[2] (compute-mfcc-feats:main():compute-mfcc-feats.cc:178) Processed features for key dlh03_sr388_trn
VLOG[2] (compute-mfcc-feats:main():compute-mfcc-feats.cc:178) Processed features for key dlh03_sr428_trn
VLOG[2] (compute-mfcc-feats:main():compute-mfcc-feats.cc:178) Processed features for key dlh03_sr468_trn
VLOG[2] (compute-mfcc-feats:main():compute-mfcc-feats.cc:178) Processed features for key dlh03_sr508_trn
VLOG[2] (compute-mfcc-feats:main():compute-mfcc-feats.cc:178) Processed features for key dlh03_sr548_trn
VLOG[2] (compute-mfcc-feats:main():compute-mfcc-feats.cc:178) Processed features for key dlh03_sr588_trn
VLOG[2] (compute-mfcc-feats:main():compute-mfcc-feats.cc:178) Processed features for key dlh03_st0053_trn
LOG (compute-mfcc-feats:main():compute-mfcc-feats.cc:177) Processed 30 utterances
VLOG[2] (compute-mfcc-feats:main():compute-mfcc-feats.cc:178) Processed features for key dlh03_st0136_trn
VLOG[2] (compute-mfcc-feats:main():compute-mfcc-feats.cc:178) Processed features for key dlh03_st0232_trn
VLOG[2] (compute-mfcc-feats:main():compute-mfcc-feats.cc:178) Processed features for key dlh03_st0315_trn
VLOG[2] (compute-mfcc-feats:main():compute-mfcc-feats.cc:178) Processed features for key dlh03_st0395_trn
VLOG[2] (compute-mfcc-feats:main():compute-mfcc-feats.cc:178) Processed features for key dlh03_st0485_trn
VLOG[2] (compute-mfcc-feats:main():compute-mfcc-feats.cc:178) Processed features for key dlh03_st0570_trn
VLOG[2] (compute-mfcc-feats:main():compute-mfcc-feats.cc:178) Processed features for key dlh03_st0667_trn
VLOG[2] (compute-mfcc-feats:main():compute-mfcc-feats.cc:178) Processed features for key dlh03_st0761_trn
VLOG[2] (compute-mfcc-feats:main():compute-mfcc-feats.cc:178) Processed features for key dlh03_st0849_trn
VLOG[2] (compute-mfcc-feats:main():compute-mfcc-feats.cc:178) Processed features for key dlh03_st0940_trn
LOG (compute-mfcc-feats:main():compute-mfcc-feats.cc:177) Processed 40 utterances
VLOG[2] (compute-mfcc-feats:main():compute-mfcc-feats.cc:178) Processed features for key dlh03_st1031_trn
VLOG[2] (compute-mfcc-feats:main():compute-mfcc-feats.cc:178) Processed features for key dlh03_st1133_trn
VLOG[2] (compute-mfcc-feats:main():compute-mfcc-feats.cc:178) Processed features for key dlh03_st1217_trn
VLOG[2] (compute-mfcc-feats:main():compute-mfcc-feats.cc:178) Processed features for key dlh03_st1299_trn
VLOG[2] (compute-mfcc-feats:main():compute-mfcc-feats.cc:178) Processed features for key dlh03_st1388_trn
VLOG[2] (compute-mfcc-feats:main():compute-mfcc-feats.cc:178) Processed features for key dlh03_st1492_trn
VLOG[2] (compute-mfcc-feats:main():compute-mfcc-feats.cc:178) Processed features for key dlh03_st1608_trn
VLOG[2] (compute-mfcc-feats:main():compute-mfcc-feats.cc:178) Processed features for key dlh03_st1686_trn
VLOG[2] (compute-mfcc-feats:main():compute-mfcc-feats.cc:178) Processed features for key dlh03_st1787_trn
VLOG[2] (compute-mfcc-feats:main():compute-mfcc-feats.cc:178) Processed features for key dlh03_st1861_trn
LOG (compute-mfcc-feats:main():compute-mfcc-feats.cc:177) Processed 50 utterances
VLOG[2] (compute-mfcc-feats:main():compute-mfcc-feats.cc:178) Processed features for key dlh03_st1948_trn
VLOG[2] (compute-mfcc-feats:main():compute-mfcc-feats.cc:178) Processed features for key dlh03_st2030_trn
VLOG[2] (compute-mfcc-feats:main():compute-mfcc-feats.cc:178) Processed features for key dlh03_st2119_trn
VLOG[2] (compute-mfcc-feats:main():compute-mfcc-feats.cc:178) Processed features for key dlh03_st2213_trn
VLOG[2] (compute-mfcc-feats:main():compute-mfcc-feats.cc:178) Processed features for key dlr07_sr023_trn
VLOG[2] (compute-mfcc-feats:main():compute-mfcc-feats.cc:178) Processed features for key dlr07_sr063_trn
VLOG[2] (compute-mfcc-feats:main():compute-mfcc-feats.cc:178) Processed features for key dlr07_sr103_trn
VLOG[2] (compute-mfcc-feats:main():compute-mfcc-feats.cc:178) Processed features for key dlr07_sr143_trn
VLOG[2] (compute-mfcc-feats:main():compute-mfcc-feats.cc:178) Processed features for key dlr07_sr183_trn
VLOG[2] (compute-mfcc-feats:main():compute-mfcc-feats.cc:178) Processed features for key dlr07_sr223_trn
LOG (compute-mfcc-feats:main():compute-mfcc-feats.cc:177) Processed 60 utterances
VLOG[2] (compute-mfcc-feats:main():compute-mfcc-feats.cc:178) Processed features for key dlr07_sr263_trn
VLOG[2] (compute-mfcc-feats:main():compute-mfcc-feats.cc:178) Processed features for key dlr07_sr303_trn
VLOG[2] (compute-mfcc-feats:main():compute-mfcc-feats.cc:178) Processed features for key dlr07_sr343_trn
VLOG[2] (compute-mfcc-feats:main():compute-mfcc-feats.cc:178) Processed features for key dlr07_sr383_trn
VLOG[2] (compute-mfcc-feats:main():compute-mfcc-feats.cc:178) Processed features for key dlr07_sr423_trn
VLOG[2] (compute-mfcc-feats:main():compute-mfcc-feats.cc:178) Processed features for key dlr07_sr463_trn
VLOG[2] (compute-mfcc-feats:main():compute-mfcc-feats.cc:178) Processed features for key dlr07_sr503_trn
VLOG[2] (compute-mfcc-feats:main():compute-mfcc-feats.cc:178) Processed features for key dlr07_sr543_trn
VLOG[2] (compute-mfcc-feats:main():compute-mfcc-feats.cc:178) Processed features for key dlr07_sr583_trn
VLOG[2] (compute-mfcc-feats:main():compute-mfcc-feats.cc:178) Processed features for key dlr07_st0046_trn
LOG (compute-mfcc-feats:main():compute-mfcc-feats.cc:177) Processed 70 utterances
VLOG[2] (compute-mfcc-feats:main():compute-mfcc-feats.cc:178) Processed features for key dlr07_st0127_trn
VLOG[2] (compute-mfcc-feats:main():compute-mfcc-feats.cc:178) Processed features for key dlr07_st0219_trn
VLOG[2] (compute-mfcc-feats:main():compute-mfcc-feats.cc:178) Processed features for key dlr07_st0300_trn
VLOG[2] (compute-mfcc-feats:main():compute-mfcc-feats.cc:178) Processed features for key dlr07_st0384_trn
VLOG[2] (compute-mfcc-feats:main():compute-mfcc-feats.cc:178) Processed features for key dlr07_st0472_trn
VLOG[2] (compute-mfcc-feats:main():compute-mfcc-feats.cc:178) Processed features for key dlr07_st0559_trn
VLOG[2] (compute-mfcc-feats:main():compute-mfcc-feats.cc:178) Processed features for key dlr07_st0652_trn
VLOG[2] (compute-mfcc-feats:main():compute-mfcc-feats.cc:178) Processed features for key dlr07_st0744_trn
VLOG[2] (compute-mfcc-feats:main():compute-mfcc-feats.cc:178) Processed features for key dlr07_st0832_trn
VLOG[2] (compute-mfcc-feats:main():compute-mfcc-feats.cc:178) Processed features for key dlr07_st0927_trn
LOG (compute-mfcc-feats:main():compute-mfcc-feats.cc:177) Processed 80 utterances
VLOG[2] (compute-mfcc-feats:main():compute-mfcc-feats.cc:178) Processed features for key dlr07_st1020_trn
VLOG[2] (compute-mfcc-feats:main():compute-mfcc-feats.cc:178) Processed features for key dlr07_st1121_trn
VLOG[2] (compute-mfcc-feats:main():compute-mfcc-feats.cc:178) Processed features for key dlr07_st1207_trn
VLOG[2] (compute-mfcc-feats:main():compute-mfcc-feats.cc:178) Processed features for key dlr07_st1285_trn
VLOG[2] (compute-mfcc-feats:main():compute-mfcc-feats.cc:178) Processed features for key dlr07_st1375_trn
VLOG[2] (compute-mfcc-feats:main():compute-mfcc-feats.cc:178) Processed features for key dlr07_st1480_trn
VLOG[2] (compute-mfcc-feats:main():compute-mfcc-feats.cc:178) Processed features for key dlr07_st1591_trn
VLOG[2] (compute-mfcc-feats:main():compute-mfcc-feats.cc:178) Processed features for key dlr07_st1678_trn
VLOG[2] (compute-mfcc-feats:main():compute-mfcc-feats.cc:178) Processed features for key dlr07_st1770_trn
VLOG[2] (compute-mfcc-feats:main():compute-mfcc-feats.cc:178) Processed features for key dlr07_st1851_trn
LOG (compute-mfcc-feats:main():compute-mfcc-feats.cc:177) Processed 90 utterances
VLOG[2] (compute-mfcc-feats:main():compute-mfcc-feats.cc:178) Processed features for key dlr07_st1936_trn
VLOG[2] (compute-mfcc-feats:main():compute-mfcc-feats.cc:178) Processed features for key dlr07_st2022_trn
VLOG[2] (compute-mfcc-feats:main():compute-mfcc-feats.cc:178) Processed features for key dlr07_st2109_trn
VLOG[2] (compute-mfcc-feats:main():compute-mfcc-feats.cc:178) Processed features for key dlr07_st2202_trn
VLOG[2] (compute-mfcc-feats:main():compute-mfcc-feats.cc:178) Processed features for key dlr17_sr016_trn
VLOG[2] (compute-mfcc-feats:main():compute-mfcc-feats.cc:178) Processed features for key dlr17_sr056_trn
VLOG[2] (compute-mfcc-feats:main():compute-mfcc-feats.cc:178) Processed features for key dlr17_sr096_trn
VLOG[2] (compute-mfcc-feats:main():compute-mfcc-feats.cc:178) Processed features for key dlr17_sr136_trn
VLOG[2] (compute-mfcc-feats:main():compute-mfcc-feats.cc:178) Processed features for key dlr17_sr176_trn
VLOG[2] (compute-mfcc-feats:main():compute-mfcc-feats.cc:178) Processed features for key dlr17_sr216_trn
LOG (compute-mfcc-feats:main():compute-mfcc-feats.cc:177) Processed 100 utterances
VLOG[2] (compute-mfcc-feats:main():compute-mfcc-feats.cc:178) Processed features for key dlr17_sr256_trn
VLOG[2] (compute-mfcc-feats:main():compute-mfcc-feats.cc:178) Processed features for key dlr17_sr296_trn
VLOG[2] (compute-mfcc-feats:main():compute-mfcc-feats.cc:178) Processed features for key dlr17_sr336_trn
VLOG[2] (compute-mfcc-feats:main():compute-mfcc-feats.cc:178) Processed features for key dlr17_sr376_trn
VLOG[2] (compute-mfcc-feats:main():compute-mfcc-feats.cc:178) Processed features for key dlr17_sr416_trn
VLOG[2] (compute-mfcc-feats:main():compute-mfcc-feats.cc:178) Processed features for key dlr17_sr456_trn
VLOG[2] (compute-mfcc-feats:main():compute-mfcc-feats.cc:178) Processed features for key dlr17_sr496_trn
VLOG[2] (compute-mfcc-feats:main():compute-mfcc-feats.cc:178) Processed features for key dlr17_sr536_trn
VLOG[2] (compute-mfcc-feats:main():compute-mfcc-feats.cc:178) Processed features for key dlr17_sr576_trn
VLOG[2] (compute-mfcc-feats:main():compute-mfcc-feats.cc:178) Processed features for key dlr17_st0037_trn
LOG (compute-mfcc-feats:main():compute-mfcc-feats.cc:177) Processed 110 utterances
VLOG[2] (compute-mfcc-feats:main():compute-mfcc-feats.cc:178) Processed features for key dlr17_st0110_trn
VLOG[2] (compute-mfcc-feats:main():compute-mfcc-feats.cc:178) Processed features for key dlr17_st0209_trn
VLOG[2] (compute-mfcc-feats:main():compute-mfcc-feats.cc:178) Processed features for key dlr17_st0284_trn
VLOG[2] (compute-mfcc-feats:main():compute-mfcc-feats.cc:178) Processed features for key dlr17_st0371_trn
VLOG[2] (compute-mfcc-feats:main():compute-mfcc-feats.cc:178) Processed features for key dlr17_st0456_trn
VLOG[2] (compute-mfcc-feats:main():compute-mfcc-feats.cc:178) Processed features for key dlr17_st0544_trn
VLOG[2] (compute-mfcc-feats:main():compute-mfcc-feats.cc:178) Processed features for key dlr17_st0637_trn
VLOG[2] (compute-mfcc-feats:main():compute-mfcc-feats.cc:178) Processed features for key dlr17_st0736_trn
VLOG[2] (compute-mfcc-feats:main():compute-mfcc-feats.cc:178) Processed features for key dlr17_st0821_trn
VLOG[2] (compute-mfcc-feats:main():compute-mfcc-feats.cc:178) Processed features for key dlr17_st0916_trn
LOG (compute-mfcc-feats:main():compute-mfcc-feats.cc:177) Processed 120 utterances
VLOG[2] (compute-mfcc-feats:main():compute-mfcc-feats.cc:178) Processed features for key dlr17_st1009_trn
VLOG[2] (compute-mfcc-feats:main():compute-mfcc-feats.cc:178) Processed features for key dlr17_st1111_trn
VLOG[2] (compute-mfcc-feats:main():compute-mfcc-feats.cc:178) Processed features for key dlr17_st1195_trn
VLOG[2] (compute-mfcc-feats:main():compute-mfcc-feats.cc:178) Processed features for key dlr17_st1268_trn
VLOG[2] (compute-mfcc-feats:main():compute-mfcc-feats.cc:178) Processed features for key dlr17_st1360_trn
VLOG[2] (compute-mfcc-feats:main():compute-mfcc-feats.cc:178) Processed features for key dlr17_st1468_trn
VLOG[2] (compute-mfcc-feats:main():compute-mfcc-feats.cc:178) Processed features for key dlr17_st1571_trn
VLOG[2] (compute-mfcc-feats:main():compute-mfcc-feats.cc:178) Processed features for key dlr17_st1667_trn
VLOG[2] (compute-mfcc-feats:main():compute-mfcc-feats.cc:178) Processed features for key dlr17_st1751_trn
VLOG[2] (compute-mfcc-feats:main():compute-mfcc-feats.cc:178) Processed features for key dlr17_st1839_trn
LOG (compute-mfcc-feats:main():compute-mfcc-feats.cc:177) Processed 130 utterances
VLOG[2] (compute-mfcc-feats:main():compute-mfcc-feats.cc:178) Processed features for key dlr17_st1921_trn
VLOG[2] (compute-mfcc-feats:main():compute-mfcc-feats.cc:178) Processed features for key dlr17_st2010_trn
VLOG[2] (compute-mfcc-feats:main():compute-mfcc-feats.cc:178) Processed features for key dlr17_st2087_trn
VLOG[2] (compute-mfcc-feats:main():compute-mfcc-feats.cc:178) Processed features for key dlr17_st2183_trn
VLOG[2] (compute-mfcc-feats:main():compute-mfcc-feats.cc:178) Processed features for key dmt02_sr019_trn
VLOG[2] (compute-mfcc-feats:main():compute-mfcc-feats.cc:178) Processed features for key dmt02_sr059_trn
VLOG[2] (compute-mfcc-feats:main():compute-mfcc-feats.cc:178) Processed features for key dmt02_sr099_trn
VLOG[2] (compute-mfcc-feats:main():compute-mfcc-feats.cc:178) Processed features for key dmt02_sr139_trn
VLOG[2] (compute-mfcc-feats:main():compute-mfcc-feats.cc:178) Processed features for key dmt02_sr179_trn
VLOG[2] (compute-mfcc-feats:main():compute-mfcc-feats.cc:178) Processed features for key dmt02_sr219_trn
LOG (compute-mfcc-feats:main():compute-mfcc-feats.cc:177) Processed 140 utterances
VLOG[2] (compute-mfcc-feats:main():compute-mfcc-feats.cc:178) Processed features for key dmt02_sr259_trn
VLOG[2] (compute-mfcc-feats:main():compute-mfcc-feats.cc:178) Processed features for key dmt02_sr299_trn
VLOG[2] (compute-mfcc-feats:main():compute-mfcc-feats.cc:178) Processed features for key dmt02_sr339_trn
VLOG[2] (compute-mfcc-feats:main():compute-mfcc-feats.cc:178) Processed features for key dmt02_sr379_trn
VLOG[2] (compute-mfcc-feats:main():compute-mfcc-feats.cc:178) Processed features for key dmt02_sr419_trn
VLOG[2] (compute-mfcc-feats:main():compute-mfcc-feats.cc:178) Processed features for key dmt02_sr459_trn
VLOG[2] (compute-mfcc-feats:main():compute-mfcc-feats.cc:178) Processed features for key dmt02_sr499_trn
VLOG[2] (compute-mfcc-feats:main():compute-mfcc-feats.cc:178) Processed features for key dmt02_sr539_trn
VLOG[2] (compute-mfcc-feats:main():compute-mfcc-feats.cc:178) Processed features for key dmt02_sr579_trn
VLOG[2] (compute-mfcc-feats:main():compute-mfcc-feats.cc:178) Processed features for key dmt02_st0041_trn
LOG (compute-mfcc-feats:main():compute-mfcc-feats.cc:177) Processed 150 utterances
VLOG[2] (compute-mfcc-feats:main():compute-mfcc-feats.cc:178) Processed features for key dmt02_st0120_trn
VLOG[2] (compute-mfcc-feats:main():compute-mfcc-feats.cc:178) Processed features for key dmt02_st0212_trn
VLOG[2] (compute-mfcc-feats:main():compute-mfcc-feats.cc:178) Processed features for key dmt02_st0289_trn
VLOG[2] (compute-mfcc-feats:main():compute-mfcc-feats.cc:178) Processed features for key dmt02_st0375_trn
VLOG[2] (compute-mfcc-feats:main():compute-mfcc-feats.cc:178) Processed features for key dmt02_st0465_trn
VLOG[2] (compute-mfcc-feats:main():compute-mfcc-feats.cc:178) Processed features for key dmt02_st0551_trn
VLOG[2] (compute-mfcc-feats:main():compute-mfcc-feats.cc:178) Processed features for key dmt02_st0640_trn
VLOG[2] (compute-mfcc-feats:main():compute-mfcc-feats.cc:178) Processed features for key dmt02_st0739_trn
VLOG[2] (compute-mfcc-feats:main():compute-mfcc-feats.cc:178) Processed features for key dmt02_st0826_trn
VLOG[2] (compute-mfcc-feats:main():compute-mfcc-feats.cc:178) Processed features for key dmt02_st0919_trn
LOG (compute-mfcc-feats:main():compute-mfcc-feats.cc:177) Processed 160 utterances
VLOG[2] (compute-mfcc-feats:main():compute-mfcc-feats.cc:178) Processed features for key dmt02_st1012_trn
VLOG[2] (compute-mfcc-feats:main():compute-mfcc-feats.cc:178) Processed features for key dmt02_st1116_trn
VLOG[2] (compute-mfcc-feats:main():compute-mfcc-feats.cc:178) Processed features for key dmt02_st1199_trn
VLOG[2] (compute-mfcc-feats:main():compute-mfcc-feats.cc:178) Processed features for key dmt02_st1276_trn
VLOG[2] (compute-mfcc-feats:main():compute-mfcc-feats.cc:178) Processed features for key dmt02_st1364_trn
VLOG[2] (compute-mfcc-feats:main():compute-mfcc-feats.cc:178) Processed features for key dmt02_st1473_trn
VLOG[2] (compute-mfcc-feats:main():compute-mfcc-feats.cc:178) Processed features for key dmt02_st1577_trn
VLOG[2] (compute-mfcc-feats:main():compute-mfcc-feats.cc:178) Processed features for key dmt02_st1670_trn
VLOG[2] (compute-mfcc-feats:main():compute-mfcc-feats.cc:178) Processed features for key dmt02_st1759_trn
VLOG[2] (compute-mfcc-feats:main():compute-mfcc-feats.cc:178) Processed features for key dmt02_st1843_trn
LOG (compute-mfcc-feats:main():compute-mfcc-feats.cc:177) Processed 170 utterances
VLOG[2] (compute-mfcc-feats:main():compute-mfcc-feats.cc:178) Processed features for key dmt02_st1927_trn
VLOG[2] (compute-mfcc-feats:main():compute-mfcc-feats.cc:178) Processed features for key dmt02_st2013_trn
VLOG[2] (compute-mfcc-feats:main():compute-mfcc-feats.cc:178) Processed features for key dmt02_st2098_trn
VLOG[2] (compute-mfcc-feats:main():compute-mfcc-feats.cc:178) Processed features for key dmt02_st2194_trn
VLOG[2] (compute-mfcc-feats:main():compute-mfcc-feats.cc:178) Processed features for key dpk01_st0087_trn
VLOG[2] (compute-mfcc-feats:main():compute-mfcc-feats.cc:178) Processed features for key dpk01_st0158_trn
VLOG[2] (compute-mfcc-feats:main():compute-mfcc-feats.cc:178) Processed features for key dpk01_st0233_trn
VLOG[2] (compute-mfcc-feats:main():compute-mfcc-feats.cc:178) Processed features for key dpk01_st0318_trn
VLOG[2] (compute-mfcc-feats:main():compute-mfcc-feats.cc:178) Processed features for key dpk01_st0394_trn
VLOG[2] (compute-mfcc-feats:main():compute-mfcc-feats.cc:178) Processed features for key dpk01_st0475_trn
LOG (compute-mfcc-feats:main():compute-mfcc-feats.cc:177) Processed 180 utterances
VLOG[2] (compute-mfcc-feats:main():compute-mfcc-feats.cc:178) Processed features for key dpk01_st0555_trn
VLOG[2] (compute-mfcc-feats:main():compute-mfcc-feats.cc:178) Processed features for key dpk01_st0619_trn
VLOG[2] (compute-mfcc-feats:main():compute-mfcc-feats.cc:178) Processed features for key dpk01_st0696_trn
VLOG[2] (compute-mfcc-feats:main():compute-mfcc-feats.cc:178) Processed features for key dpk01_st0756_trn
VLOG[2] (compute-mfcc-feats:main():compute-mfcc-feats.cc:178) Processed features for key dpk01_st0838_trn
VLOG[2] (compute-mfcc-feats:main():compute-mfcc-feats.cc:178) Processed features for key dpk01_st0889_trn
VLOG[2] (compute-mfcc-feats:main():compute-mfcc-feats.cc:178) Processed features for key dpk01_st0957_trn
VLOG[2] (compute-mfcc-feats:main():compute-mfcc-feats.cc:178) Processed features for key dpk01_st1040_trn
VLOG[2] (compute-mfcc-feats:main():compute-mfcc-feats.cc:178) Processed features for key dpk01_st1091_trn
VLOG[2] (compute-mfcc-feats:main():compute-mfcc-feats.cc:178) Processed features for key dpk01_st1163_trn
LOG (compute-mfcc-feats:main():compute-mfcc-feats.cc:177) Processed 190 utterances
VLOG[2] (compute-mfcc-feats:main():compute-mfcc-feats.cc:178) Processed features for key dpk01_st1258_trn
VLOG[2] (compute-mfcc-feats:main():compute-mfcc-feats.cc:178) Processed features for key dpk01_st1314_trn
VLOG[2] (compute-mfcc-feats:main():compute-mfcc-feats.cc:178) Processed features for key dpk01_st1399_trn
VLOG[2] (compute-mfcc-feats:main():compute-mfcc-feats.cc:178) Processed features for key dpk01_st1459_trn
VLOG[2] (compute-mfcc-feats:main():compute-mfcc-feats.cc:178) Processed features for key dpk01_st1528_trn
VLOG[2] (compute-mfcc-feats:main():compute-mfcc-feats.cc:178) Processed features for key dpk01_st1592_trn
VLOG[2] (compute-mfcc-feats:main():compute-mfcc-feats.cc:178) Processed features for key dpk01_st1656_trn
VLOG[2] (compute-mfcc-feats:main():compute-mfcc-feats.cc:178) Processed features for key dpk01_st1735_trn
VLOG[2] (compute-mfcc-feats:main():compute-mfcc-feats.cc:178) Processed features for key dpk01_st1809_trn
VLOG[2] (compute-mfcc-feats:main():compute-mfcc-feats.cc:178) Processed features for key dpk01_st1902_trn
LOG (compute-mfcc-feats:main():compute-mfcc-feats.cc:177) Processed 200 utterances
VLOG[2] (compute-mfcc-feats:main():compute-mfcc-feats.cc:178) Processed features for key dpk01_st1968_trn
VLOG[2] (compute-mfcc-feats:main():compute-mfcc-feats.cc:178) Processed features for key dpk01_st2060_trn
VLOG[2] (compute-mfcc-feats:main():compute-mfcc-feats.cc:178) Processed features for key dpk01_st2143_trn
VLOG[2] (compute-mfcc-feats:main():compute-mfcc-feats.cc:178) Processed features for key dpk01_st2228_trn
VLOG[2] (compute-mfcc-feats:main():compute-mfcc-feats.cc:178) Processed features for key drd06_sr031_trn
VLOG[2] (compute-mfcc-feats:main():compute-mfcc-feats.cc:178) Processed features for key drd06_sr071_trn
VLOG[2] (compute-mfcc-feats:main():compute-mfcc-feats.cc:178) Processed features for key drd06_sr111_trn
VLOG[2] (compute-mfcc-feats:main():compute-mfcc-feats.cc:178) Processed features for key drd06_sr151_trn
VLOG[2] (compute-mfcc-feats:main():compute-mfcc-feats.cc:178) Processed features for key drd06_sr191_trn
VLOG[2] (compute-mfcc-feats:main():compute-mfcc-feats.cc:178) Processed features for key drd06_sr231_trn
LOG (compute-mfcc-feats:main():compute-mfcc-feats.cc:177) Processed 210 utterances
VLOG[2] (compute-mfcc-feats:main():compute-mfcc-feats.cc:178) Processed features for key drd06_sr271_trn
VLOG[2] (compute-mfcc-feats:main():compute-mfcc-feats.cc:178) Processed features for key drd06_sr311_trn
VLOG[2] (compute-mfcc-feats:main():compute-mfcc-feats.cc:178) Processed features for key drd06_sr351_trn
VLOG[2] (compute-mfcc-feats:main():compute-mfcc-feats.cc:178) Processed features for key drd06_sr391_trn
VLOG[2] (compute-mfcc-feats:main():compute-mfcc-feats.cc:178) Processed features for key drd06_sr431_trn
VLOG[2] (compute-mfcc-feats:main():compute-mfcc-feats.cc:178) Processed features for key drd06_sr471_trn
VLOG[2] (compute-mfcc-feats:main():compute-mfcc-feats.cc:178) Processed features for key drd06_sr511_trn
VLOG[2] (compute-mfcc-feats:main():compute-mfcc-feats.cc:178) Processed features for key drd06_sr551_trn
VLOG[2] (compute-mfcc-feats:main():compute-mfcc-feats.cc:178) Processed features for key drd06_sr591_trn
VLOG[2] (compute-mfcc-feats:main():compute-mfcc-feats.cc:178) Processed features for key drd06_st0062_trn
LOG (compute-mfcc-feats:main():compute-mfcc-feats.cc:177) Processed 220 utterances
VLOG[2] (compute-mfcc-feats:main():compute-mfcc-feats.cc:178) Processed features for key drd06_st0140_trn
VLOG[2] (compute-mfcc-feats:main():compute-mfcc-feats.cc:178) Processed features for key drd06_st0236_trn
VLOG[2] (compute-mfcc-feats:main():compute-mfcc-feats.cc:178) Processed features for key drd06_st0319_trn
VLOG[2] (compute-mfcc-feats:main():compute-mfcc-feats.cc:178) Processed features for key drd06_st0407_trn
VLOG[2] (compute-mfcc-feats:main():compute-mfcc-feats.cc:178) Processed features for key drd06_st0489_trn
VLOG[2] (compute-mfcc-feats:main():compute-mfcc-feats.cc:178) Processed features for key drd06_st0573_trn
VLOG[2] (compute-mfcc-feats:main():compute-mfcc-feats.cc:178) Processed features for key drd06_st0679_trn
VLOG[2] (compute-mfcc-feats:main():compute-mfcc-feats.cc:178) Processed features for key drd06_st0769_trn
VLOG[2] (compute-mfcc-feats:main():compute-mfcc-feats.cc:178) Processed features for key drd06_st0853_trn
VLOG[2] (compute-mfcc-feats:main():compute-mfcc-feats.cc:178) Processed features for key drd06_st0944_trn
LOG (compute-mfcc-feats:main():compute-mfcc-feats.cc:177) Processed 230 utterances
VLOG[2] (compute-mfcc-feats:main():compute-mfcc-feats.cc:178) Processed features for key drd06_st1043_trn
VLOG[2] (compute-mfcc-feats:main():compute-mfcc-feats.cc:178) Processed features for key drd06_st1143_trn
VLOG[2] (compute-mfcc-feats:main():compute-mfcc-feats.cc:178) Processed features for key drd06_st1220_trn
VLOG[2] (compute-mfcc-feats:main():compute-mfcc-feats.cc:178) Processed features for key drd06_st1304_trn
VLOG[2] (compute-mfcc-feats:main():compute-mfcc-feats.cc:178) Processed features for key drd06_st1393_trn
VLOG[2] (compute-mfcc-feats:main():compute-mfcc-feats.cc:178) Processed features for key drd06_st1497_trn
VLOG[2] (compute-mfcc-feats:main():compute-mfcc-feats.cc:178) Processed features for key drd06_st1614_trn
VLOG[2] (compute-mfcc-feats:main():compute-mfcc-feats.cc:178) Processed features for key drd06_st1691_trn
VLOG[2] (compute-mfcc-feats:main():compute-mfcc-feats.cc:178) Processed features for key drd06_st1790_trn
VLOG[2] (compute-mfcc-feats:main():compute-mfcc-feats.cc:178) Processed features for key drd06_st1869_trn
LOG (compute-mfcc-feats:main():compute-mfcc-feats.cc:177) Processed 240 utterances
VLOG[2] (compute-mfcc-feats:main():compute-mfcc-feats.cc:178) Processed features for key drd06_st1953_trn
VLOG[2] (compute-mfcc-feats:main():compute-mfcc-feats.cc:178) Processed features for key drd06_st2036_trn
VLOG[2] (compute-mfcc-feats:main():compute-mfcc-feats.cc:178) Processed features for key drd06_st2124_trn
VLOG[2] (compute-mfcc-feats:main():compute-mfcc-feats.cc:178) Processed features for key drd06_st2220_trn
VLOG[2] (compute-mfcc-feats:main():compute-mfcc-feats.cc:178) Processed features for key dsc06_sr035_trn
VLOG[2] (compute-mfcc-feats:main():compute-mfcc-feats.cc:178) Processed features for key dsc06_sr075_trn
VLOG[2] (compute-mfcc-feats:main():compute-mfcc-feats.cc:178) Processed features for key dsc06_sr115_trn
VLOG[2] (compute-mfcc-feats:main():compute-mfcc-feats.cc:178) Processed features for key dsc06_sr155_trn
VLOG[2] (compute-mfcc-feats:main():compute-mfcc-feats.cc:178) Processed features for key dsc06_sr195_trn
VLOG[2] (compute-mfcc-feats:main():compute-mfcc-feats.cc:178) Processed features for key dsc06_sr235_trn
LOG (compute-mfcc-feats:main():compute-mfcc-feats.cc:177) Processed 250 utterances
VLOG[2] (compute-mfcc-feats:main():compute-mfcc-feats.cc:178) Processed features for key dsc06_sr275_trn
VLOG[2] (compute-mfcc-feats:main():compute-mfcc-feats.cc:178) Processed features for key dsc06_sr315_trn
VLOG[2] (compute-mfcc-feats:main():compute-mfcc-feats.cc:178) Processed features for key dsc06_sr355_trn
VLOG[2] (compute-mfcc-feats:main():compute-mfcc-feats.cc:178) Processed features for key dsc06_sr395_trn
VLOG[2] (compute-mfcc-feats:main():compute-mfcc-feats.cc:178) Processed features for key dsc06_sr435_trn
VLOG[2] (compute-mfcc-feats:main():compute-mfcc-feats.cc:178) Processed features for key dsc06_sr475_trn
VLOG[2] (compute-mfcc-feats:main():compute-mfcc-feats.cc:178) Processed features for key dsc06_sr515_trn
VLOG[2] (compute-mfcc-feats:main():compute-mfcc-feats.cc:178) Processed features for key dsc06_sr555_trn
VLOG[2] (compute-mfcc-feats:main():compute-mfcc-feats.cc:178) Processed features for key dsc06_sr595_trn
VLOG[2] (compute-mfcc-feats:main():compute-mfcc-feats.cc:178) Processed features for key dsc06_st0071_trn
LOG (compute-mfcc-feats:main():compute-mfcc-feats.cc:177) Processed 260 utterances
VLOG[2] (compute-mfcc-feats:main():compute-mfcc-feats.cc:178) Processed features for key dsc06_st0147_trn
VLOG[2] (compute-mfcc-feats:main():compute-mfcc-feats.cc:178) Processed features for key dsc06_st0247_trn
VLOG[2] (compute-mfcc-feats:main():compute-mfcc-feats.cc:178) Processed features for key dsc06_st0326_trn
VLOG[2] (compute-mfcc-feats:main():compute-mfcc-feats.cc:178) Processed features for key dsc06_st0412_trn
VLOG[2] (compute-mfcc-feats:main():compute-mfcc-feats.cc:178) Processed features for key dsc06_st0496_trn
VLOG[2] (compute-mfcc-feats:main():compute-mfcc-feats.cc:178) Processed features for key dsc06_st0589_trn
VLOG[2] (compute-mfcc-feats:main():compute-mfcc-feats.cc:178) Processed features for key dsc06_st0684_trn
VLOG[2] (compute-mfcc-feats:main():compute-mfcc-feats.cc:178) Processed features for key dsc06_st0782_trn
VLOG[2] (compute-mfcc-feats:main():compute-mfcc-feats.cc:178) Processed features for key dsc06_st0873_trn
VLOG[2] (compute-mfcc-feats:main():compute-mfcc-feats.cc:178) Processed features for key dsc06_st0960_trn
LOG (compute-mfcc-feats:main():compute-mfcc-feats.cc:177) Processed 270 utterances
VLOG[2] (compute-mfcc-feats:main():compute-mfcc-feats.cc:178) Processed features for key dsc06_st1053_trn
VLOG[2] (compute-mfcc-feats:main():compute-mfcc-feats.cc:178) Processed features for key dsc06_st1151_trn
VLOG[2] (compute-mfcc-feats:main():compute-mfcc-feats.cc:178) Processed features for key dsc06_st1229_trn
VLOG[2] (compute-mfcc-feats:main():compute-mfcc-feats.cc:178) Processed features for key dsc06_st1316_trn
VLOG[2] (compute-mfcc-feats:main():compute-mfcc-feats.cc:178) Processed features for key dsc06_st1401_trn
VLOG[2] (compute-mfcc-feats:main():compute-mfcc-feats.cc:178) Processed features for key dsc06_st1506_trn
VLOG[2] (compute-mfcc-feats:main():compute-mfcc-feats.cc:178) Processed features for key dsc06_st1621_trn
VLOG[2] (compute-mfcc-feats:main():compute-mfcc-feats.cc:178) Processed features for key dsc06_st1698_trn
VLOG[2] (compute-mfcc-feats:main():compute-mfcc-feats.cc:178) Processed features for key dsc06_st1797_trn
VLOG[2] (compute-mfcc-feats:main():compute-mfcc-feats.cc:178) Processed features for key dsc06_st1882_trn
LOG (compute-mfcc-feats:main():compute-mfcc-feats.cc:177) Processed 280 utterances
VLOG[2] (compute-mfcc-feats:main():compute-mfcc-feats.cc:178) Processed features for key dsc06_st1966_trn
VLOG[2] (compute-mfcc-feats:main():compute-mfcc-feats.cc:178) Processed features for key dsc06_st2044_trn
VLOG[2] (compute-mfcc-feats:main():compute-mfcc-feats.cc:178) Processed features for key dsc06_st2134_trn
VLOG[2] (compute-mfcc-feats:main():compute-mfcc-feats.cc:178) Processed features for key dsc06_st2227_trn
VLOG[2] (compute-mfcc-feats:main():compute-mfcc-feats.cc:178) Processed features for key eeh04_sr006_trn
VLOG[2] (compute-mfcc-feats:main():compute-mfcc-feats.cc:178) Processed features for key eeh04_sr046_trn
VLOG[2] (compute-mfcc-feats:main():compute-mfcc-feats.cc:178) Processed features for key eeh04_sr086_trn
VLOG[2] (compute-mfcc-feats:main():compute-mfcc-feats.cc:178) Processed features for key eeh04_sr126_trn
VLOG[2] (compute-mfcc-feats:main():compute-mfcc-feats.cc:178) Processed features for key eeh04_sr166_trn
VLOG[2] (compute-mfcc-feats:main():compute-mfcc-feats.cc:178) Processed features for key eeh04_sr206_trn
LOG (compute-mfcc-feats:main():compute-mfcc-feats.cc:177) Processed 290 utterances
VLOG[2] (compute-mfcc-feats:main():compute-mfcc-feats.cc:178) Processed features for key eeh04_sr246_trn
VLOG[2] (compute-mfcc-feats:main():compute-mfcc-feats.cc:178) Processed features for key eeh04_sr286_trn
VLOG[2] (compute-mfcc-feats:main():compute-mfcc-feats.cc:178) Processed features for key eeh04_sr326_trn
VLOG[2] (compute-mfcc-feats:main():compute-mfcc-feats.cc:178) Processed features for key eeh04_sr366_trn
VLOG[2] (compute-mfcc-feats:main():compute-mfcc-feats.cc:178) Processed features for key eeh04_sr406_trn
VLOG[2] (compute-mfcc-feats:main():compute-mfcc-feats.cc:178) Processed features for key eeh04_sr446_trn
VLOG[2] (compute-mfcc-feats:main():compute-mfcc-feats.cc:178) Processed features for key eeh04_sr486_trn
VLOG[2] (compute-mfcc-feats:main():compute-mfcc-feats.cc:178) Processed features for key eeh04_sr526_trn
VLOG[2] (compute-mfcc-feats:main():compute-mfcc-feats.cc:178) Processed features for key eeh04_sr566_trn
VLOG[2] (compute-mfcc-feats:main():compute-mfcc-feats.cc:178) Processed features for key eeh04_st0012_trn
LOG (compute-mfcc-feats:main():compute-mfcc-feats.cc:177) Processed 300 utterances
VLOG[2] (compute-mfcc-feats:main():compute-mfcc-feats.cc:178) Processed features for key eeh04_st0092_trn
VLOG[2] (compute-mfcc-feats:main():compute-mfcc-feats.cc:178) Processed features for key eeh04_st0179_trn
VLOG[2] (compute-mfcc-feats:main():compute-mfcc-feats.cc:178) Processed features for key eeh04_st0264_trn
VLOG[2] (compute-mfcc-feats:main():compute-mfcc-feats.cc:178) Processed features for key eeh04_st0353_trn
VLOG[2] (compute-mfcc-feats:main():compute-mfcc-feats.cc:178) Processed features for key eeh04_st0432_trn
VLOG[2] (compute-mfcc-feats:main():compute-mfcc-feats.cc:178) Processed features for key eeh04_st0524_trn
VLOG[2] (compute-mfcc-feats:main():compute-mfcc-feats.cc:178) Processed features for key eeh04_st0620_trn
VLOG[2] (compute-mfcc-feats:main():compute-mfcc-feats.cc:178) Processed features for key eeh04_st0720_trn
VLOG[2] (compute-mfcc-feats:main():compute-mfcc-feats.cc:178) Processed features for key eeh04_st0800_trn
VLOG[2] (compute-mfcc-feats:main():compute-mfcc-feats.cc:178) Processed features for key eeh04_st0892_trn
LOG (compute-mfcc-feats:main():compute-mfcc-feats.cc:177) Processed 310 utterances
VLOG[2] (compute-mfcc-feats:main():compute-mfcc-feats.cc:178) Processed features for key eeh04_st0980_trn
VLOG[2] (compute-mfcc-feats:main():compute-mfcc-feats.cc:178) Processed features for key eeh04_st1082_trn
VLOG[2] (compute-mfcc-feats:main():compute-mfcc-feats.cc:178) Processed features for key eeh04_st1173_trn
VLOG[2] (compute-mfcc-feats:main():compute-mfcc-feats.cc:178) Processed features for key eeh04_st1249_trn
VLOG[2] (compute-mfcc-feats:main():compute-mfcc-feats.cc:178) Processed features for key eeh04_st1344_trn
VLOG[2] (compute-mfcc-feats:main():compute-mfcc-feats.cc:178) Processed features for key eeh04_st1433_trn
VLOG[2] (compute-mfcc-feats:main():compute-mfcc-feats.cc:178) Processed features for key eeh04_st1534_trn
VLOG[2] (compute-mfcc-feats:main():compute-mfcc-feats.cc:178) Processed features for key eeh04_st1645_trn
VLOG[2] (compute-mfcc-feats:main():compute-mfcc-feats.cc:178) Processed features for key eeh04_st1730_trn
VLOG[2] (compute-mfcc-feats:main():compute-mfcc-feats.cc:178) Processed features for key eeh04_st1820_trn
LOG (compute-mfcc-feats:main():compute-mfcc-feats.cc:177) Processed 320 utterances
VLOG[2] (compute-mfcc-feats:main():compute-mfcc-feats.cc:178) Processed features for key eeh04_st1898_trn
VLOG[2] (compute-mfcc-feats:main():compute-mfcc-feats.cc:178) Processed features for key eeh04_st1991_trn
VLOG[2] (compute-mfcc-feats:main():compute-mfcc-feats.cc:178) Processed features for key eeh04_st2061_trn
VLOG[2] (compute-mfcc-feats:main():compute-mfcc-feats.cc:178) Processed features for key eeh04_st2160_trn
VLOG[2] (compute-mfcc-feats:main():compute-mfcc-feats.cc:178) Processed features for key ejl06_st0087_trn
VLOG[2] (compute-mfcc-feats:main():compute-mfcc-feats.cc:178) Processed features for key ejl06_st0158_trn
VLOG[2] (compute-mfcc-feats:main():compute-mfcc-feats.cc:178) Processed features for key ejl06_st0233_trn
VLOG[2] (compute-mfcc-feats:main():compute-mfcc-feats.cc:178) Processed features for key ejl06_st0318_trn
VLOG[2] (compute-mfcc-feats:main():compute-mfcc-feats.cc:178) Processed features for key ejl06_st0394_trn
VLOG[2] (compute-mfcc-feats:main():compute-mfcc-feats.cc:178) Processed features for key ejl06_st0475_trn
LOG (compute-mfcc-feats:main():compute-mfcc-feats.cc:177) Processed 330 utterances
VLOG[2] (compute-mfcc-feats:main():compute-mfcc-feats.cc:178) Processed features for key ejl06_st0555_trn
VLOG[2] (compute-mfcc-feats:main():compute-mfcc-feats.cc:178) Processed features for key ejl06_st0619_trn
VLOG[2] (compute-mfcc-feats:main():compute-mfcc-feats.cc:178) Processed features for key ejl06_st0696_trn
VLOG[2] (compute-mfcc-feats:main():compute-mfcc-feats.cc:178) Processed features for key ejl06_st0756_trn
VLOG[2] (compute-mfcc-feats:main():compute-mfcc-feats.cc:178) Processed features for key ejl06_st0838_trn
VLOG[2] (compute-mfcc-feats:main():compute-mfcc-feats.cc:178) Processed features for key ejl06_st0889_trn
VLOG[2] (compute-mfcc-feats:main():compute-mfcc-feats.cc:178) Processed features for key ejl06_st0957_trn
VLOG[2] (compute-mfcc-feats:main():compute-mfcc-feats.cc:178) Processed features for key ejl06_st1040_trn
VLOG[2] (compute-mfcc-feats:main():compute-mfcc-feats.cc:178) Processed features for key ejl06_st1091_trn
VLOG[2] (compute-mfcc-feats:main():compute-mfcc-feats.cc:178) Processed features for key ejl06_st1163_trn
LOG (compute-mfcc-feats:main():compute-mfcc-feats.cc:177) Processed 340 utterances
VLOG[2] (compute-mfcc-feats:main():compute-mfcc-feats.cc:178) Processed features for key ejl06_st1258_trn
VLOG[2] (compute-mfcc-feats:main():compute-mfcc-feats.cc:178) Processed features for key ejl06_st1314_trn
VLOG[2] (compute-mfcc-feats:main():compute-mfcc-feats.cc:178) Processed features for key ejl06_st1399_trn
VLOG[2] (compute-mfcc-feats:main():compute-mfcc-feats.cc:178) Processed features for key ejl06_st1459_trn
VLOG[2] (compute-mfcc-feats:main():compute-mfcc-feats.cc:178) Processed features for key ejl06_st1528_trn
VLOG[2] (compute-mfcc-feats:main():compute-mfcc-feats.cc:178) Processed features for key ejl06_st1592_trn
VLOG[2] (compute-mfcc-feats:main():compute-mfcc-feats.cc:178) Processed features for key ejl06_st1656_trn
VLOG[2] (compute-mfcc-feats:main():compute-mfcc-feats.cc:178) Processed features for key ejl06_st1735_trn
VLOG[2] (compute-mfcc-feats:main():compute-mfcc-feats.cc:178) Processed features for key ejl06_st1809_trn
VLOG[2] (compute-mfcc-feats:main():compute-mfcc-feats.cc:178) Processed features for key ejl06_st1902_trn
LOG (compute-mfcc-feats:main():compute-mfcc-feats.cc:177) Processed 350 utterances
VLOG[2] (compute-mfcc-feats:main():compute-mfcc-feats.cc:178) Processed features for key ejl06_st1968_trn
VLOG[2] (compute-mfcc-feats:main():compute-mfcc-feats.cc:178) Processed features for key ejl06_st2060_trn
VLOG[2] (compute-mfcc-feats:main():compute-mfcc-feats.cc:178) Processed features for key ejl06_st2143_trn
VLOG[2] (compute-mfcc-feats:main():compute-mfcc-feats.cc:178) Processed features for key ejl06_st2228_trn
VLOG[2] (compute-mfcc-feats:main():compute-mfcc-feats.cc:178) Processed features for key ejs08_sr011_trn
VLOG[2] (compute-mfcc-feats:main():compute-mfcc-feats.cc:178) Processed features for key ejs08_sr051_trn
VLOG[2] (compute-mfcc-feats:main():compute-mfcc-feats.cc:178) Processed features for key ejs08_sr091_trn
VLOG[2] (compute-mfcc-feats:main():compute-mfcc-feats.cc:178) Processed features for key ejs08_sr131_trn
VLOG[2] (compute-mfcc-feats:main():compute-mfcc-feats.cc:178) Processed features for key ejs08_sr171_trn
VLOG[2] (compute-mfcc-feats:main():compute-mfcc-feats.cc:178) Processed features for key ejs08_sr211_trn
LOG (compute-mfcc-feats:main():compute-mfcc-feats.cc:177) Processed 360 utterances
VLOG[2] (compute-mfcc-feats:main():compute-mfcc-feats.cc:178) Processed features for key ejs08_sr251_trn
VLOG[2] (compute-mfcc-feats:main():compute-mfcc-feats.cc:178) Processed features for key ejs08_sr291_trn
VLOG[2] (compute-mfcc-feats:main():compute-mfcc-feats.cc:178) Processed features for key ejs08_sr331_trn
VLOG[2] (compute-mfcc-feats:main():compute-mfcc-feats.cc:178) Processed features for key ejs08_sr371_trn
VLOG[2] (compute-mfcc-feats:main():compute-mfcc-feats.cc:178) Processed features for key ejs08_sr411_trn
VLOG[2] (compute-mfcc-feats:main():compute-mfcc-feats.cc:178) Processed features for key ejs08_sr451_trn
VLOG[2] (compute-mfcc-feats:main():compute-mfcc-feats.cc:178) Processed features for key ejs08_sr491_trn
VLOG[2] (compute-mfcc-feats:main():compute-mfcc-feats.cc:178) Processed features for key ejs08_sr531_trn
VLOG[2] (compute-mfcc-feats:main():compute-mfcc-feats.cc:178) Processed features for key ejs08_sr571_trn
VLOG[2] (compute-mfcc-feats:main():compute-mfcc-feats.cc:178) Processed features for key ejs08_st0022_trn
LOG (compute-mfcc-feats:main():compute-mfcc-feats.cc:177) Processed 370 utterances
VLOG[2] (compute-mfcc-feats:main():compute-mfcc-feats.cc:178) Processed features for key ejs08_st0105_trn
VLOG[2] (compute-mfcc-feats:main():compute-mfcc-feats.cc:178) Processed features for key ejs08_st0196_trn
VLOG[2] (compute-mfcc-feats:main():compute-mfcc-feats.cc:178) Processed features for key ejs08_st0272_trn
VLOG[2] (compute-mfcc-feats:main():compute-mfcc-feats.cc:178) Processed features for key ejs08_st0362_trn
VLOG[2] (compute-mfcc-feats:main():compute-mfcc-feats.cc:178) Processed features for key ejs08_st0444_trn
VLOG[2] (compute-mfcc-feats:main():compute-mfcc-feats.cc:178) Processed features for key ejs08_st0538_trn
VLOG[2] (compute-mfcc-feats:main():compute-mfcc-feats.cc:178) Processed features for key ejs08_st0630_trn
VLOG[2] (compute-mfcc-feats:main():compute-mfcc-feats.cc:178) Processed features for key ejs08_st0726_trn
VLOG[2] (compute-mfcc-feats:main():compute-mfcc-feats.cc:178) Processed features for key ejs08_st0810_trn
VLOG[2] (compute-mfcc-feats:main():compute-mfcc-feats.cc:178) Processed features for key ejs08_st0905_trn
LOG (compute-mfcc-feats:main():compute-mfcc-feats.cc:177) Processed 380 utterances
VLOG[2] (compute-mfcc-feats:main():compute-mfcc-feats.cc:178) Processed features for key ejs08_st0999_trn
VLOG[2] (compute-mfcc-feats:main():compute-mfcc-feats.cc:178) Processed features for key ejs08_st1095_trn
VLOG[2] (compute-mfcc-feats:main():compute-mfcc-feats.cc:178) Processed features for key ejs08_st1189_trn
VLOG[2] (compute-mfcc-feats:main():compute-mfcc-feats.cc:178) Processed features for key ejs08_st1255_trn
VLOG[2] (compute-mfcc-feats:main():compute-mfcc-feats.cc:178) Processed features for key ejs08_st1352_trn
VLOG[2] (compute-mfcc-feats:main():compute-mfcc-feats.cc:178) Processed features for key ejs08_st1443_trn
VLOG[2] (compute-mfcc-feats:main():compute-mfcc-feats.cc:178) Processed features for key ejs08_st1551_trn
VLOG[2] (compute-mfcc-feats:main():compute-mfcc-feats.cc:178) Processed features for key ejs08_st1659_trn
VLOG[2] (compute-mfcc-feats:main():compute-mfcc-feats.cc:178) Processed features for key ejs08_st1743_trn
VLOG[2] (compute-mfcc-feats:main():compute-mfcc-feats.cc:178) Processed features for key ejs08_st1827_trn
LOG (compute-mfcc-feats:main():compute-mfcc-feats.cc:177) Processed 390 utterances
VLOG[2] (compute-mfcc-feats:main():compute-mfcc-feats.cc:178) Processed features for key ejs08_st1911_trn
VLOG[2] (compute-mfcc-feats:main():compute-mfcc-feats.cc:178) Processed features for key ejs08_st1999_trn
VLOG[2] (compute-mfcc-feats:main():compute-mfcc-feats.cc:178) Processed features for key ejs08_st2072_trn
VLOG[2] (compute-mfcc-feats:main():compute-mfcc-feats.cc:178) Processed features for key ejs08_st2170_trn
VLOG[2] (compute-mfcc-feats:main():compute-mfcc-feats.cc:178) Processed features for key esd06_st0029_trn
VLOG[2] (compute-mfcc-feats:main():compute-mfcc-feats.cc:178) Processed features for key esd06_st0118_trn
VLOG[2] (compute-mfcc-feats:main():compute-mfcc-feats.cc:178) Processed features for key esd06_st0194_trn
VLOG[2] (compute-mfcc-feats:main():compute-mfcc-feats.cc:178) Processed features for key esd06_st0283_trn
VLOG[2] (compute-mfcc-feats:main():compute-mfcc-feats.cc:178) Processed features for key esd06_st0352_trn
VLOG[2] (compute-mfcc-feats:main():compute-mfcc-feats.cc:178) Processed features for key esd06_st0439_trn
LOG (compute-mfcc-feats:main():compute-mfcc-feats.cc:177) Processed 400 utterances
VLOG[2] (compute-mfcc-feats:main():compute-mfcc-feats.cc:178) Processed features for key esd06_st0519_trn
VLOG[2] (compute-mfcc-feats:main():compute-mfcc-feats.cc:178) Processed features for key esd06_st0593_trn
VLOG[2] (compute-mfcc-feats:main():compute-mfcc-feats.cc:178) Processed features for key esd06_st0663_trn
VLOG[2] (compute-mfcc-feats:main():compute-mfcc-feats.cc:178) Processed features for key esd06_st0723_trn
VLOG[2] (compute-mfcc-feats:main():compute-mfcc-feats.cc:178) Processed features for key esd06_st0792_trn
VLOG[2] (compute-mfcc-feats:main():compute-mfcc-feats.cc:178) Processed features for key esd06_st0862_trn
VLOG[2] (compute-mfcc-feats:main():compute-mfcc-feats.cc:178) Processed features for key esd06_st0930_trn
VLOG[2] (compute-mfcc-feats:main():compute-mfcc-feats.cc:178) Processed features for key esd06_st0992_trn
VLOG[2] (compute-mfcc-feats:main():compute-mfcc-feats.cc:178) Processed features for key esd06_st1069_trn
VLOG[2] (compute-mfcc-feats:main():compute-mfcc-feats.cc:178) Processed features for key esd06_st1126_trn
LOG (compute-mfcc-feats:main():compute-mfcc-feats.cc:177) Processed 410 utterances
VLOG[2] (compute-mfcc-feats:main():compute-mfcc-feats.cc:178) Processed features for key esd06_st1222_trn
VLOG[2] (compute-mfcc-feats:main():compute-mfcc-feats.cc:178) Processed features for key esd06_st1290_trn
VLOG[2] (compute-mfcc-feats:main():compute-mfcc-feats.cc:178) Processed features for key esd06_st1359_trn
VLOG[2] (compute-mfcc-feats:main():compute-mfcc-feats.cc:178) Processed features for key esd06_st1420_trn
VLOG[2] (compute-mfcc-feats:main():compute-mfcc-feats.cc:178) Processed features for key esd06_st1502_trn
VLOG[2] (compute-mfcc-feats:main():compute-mfcc-feats.cc:178) Processed features for key esd06_st1560_trn
VLOG[2] (compute-mfcc-feats:main():compute-mfcc-feats.cc:178) Processed features for key esd06_st1629_trn
VLOG[2] (compute-mfcc-feats:main():compute-mfcc-feats.cc:178) Processed features for key esd06_st1699_trn
VLOG[2] (compute-mfcc-feats:main():compute-mfcc-feats.cc:178) Processed features for key esd06_st1778_trn
VLOG[2] (compute-mfcc-feats:main():compute-mfcc-feats.cc:178) Processed features for key esd06_st1865_trn
LOG (compute-mfcc-feats:main():compute-mfcc-feats.cc:177) Processed 420 utterances
VLOG[2] (compute-mfcc-feats:main():compute-mfcc-feats.cc:178) Processed features for key esd06_st1934_trn
VLOG[2] (compute-mfcc-feats:main():compute-mfcc-feats.cc:178) Processed features for key esd06_st2008_trn
VLOG[2] (compute-mfcc-feats:main():compute-mfcc-feats.cc:178) Processed features for key esd06_st2116_trn
VLOG[2] (compute-mfcc-feats:main():compute-mfcc-feats.cc:178) Processed features for key esd06_st2188_trn
VLOG[2] (compute-mfcc-feats:main():compute-mfcc-feats.cc:178) Processed features for key esj06_st0057_trn
VLOG[2] (compute-mfcc-feats:main():compute-mfcc-feats.cc:178) Processed features for key esj06_st0143_trn
VLOG[2] (compute-mfcc-feats:main():compute-mfcc-feats.cc:178) Processed features for key esj06_st0218_trn
VLOG[2] (compute-mfcc-feats:main():compute-mfcc-feats.cc:178) Processed features for key esj06_st0303_trn
VLOG[2] (compute-mfcc-feats:main():compute-mfcc-feats.cc:178) Processed features for key esj06_st0379_trn
VLOG[2] (compute-mfcc-feats:main():compute-mfcc-feats.cc:178) Processed features for key esj06_st0464_trn
LOG (compute-mfcc-feats:main():compute-mfcc-feats.cc:177) Processed 430 utterances
VLOG[2] (compute-mfcc-feats:main():compute-mfcc-feats.cc:178) Processed features for key esj06_st0530_trn
VLOG[2] (compute-mfcc-feats:main():compute-mfcc-feats.cc:178) Processed features for key esj06_st0614_trn
VLOG[2] (compute-mfcc-feats:main():compute-mfcc-feats.cc:178) Processed features for key esj06_st0681_trn
VLOG[2] (compute-mfcc-feats:main():compute-mfcc-feats.cc:178) Processed features for key esj06_st0750_trn
VLOG[2] (compute-mfcc-feats:main():compute-mfcc-feats.cc:178) Processed features for key esj06_st0818_trn
VLOG[2] (compute-mfcc-feats:main():compute-mfcc-feats.cc:178) Processed features for key esj06_st0872_trn
VLOG[2] (compute-mfcc-feats:main():compute-mfcc-feats.cc:178) Processed features for key esj06_st0949_trn
VLOG[2] (compute-mfcc-feats:main():compute-mfcc-feats.cc:178) Processed features for key esj06_st1030_trn
VLOG[2] (compute-mfcc-feats:main():compute-mfcc-feats.cc:178) Processed features for key esj06_st1081_trn
VLOG[2] (compute-mfcc-feats:main():compute-mfcc-feats.cc:178) Processed features for key esj06_st1150_trn
LOG (compute-mfcc-feats:main():compute-mfcc-feats.cc:177) Processed 440 utterances
VLOG[2] (compute-mfcc-feats:main():compute-mfcc-feats.cc:178) Processed features for key esj06_st1238_trn
VLOG[2] (compute-mfcc-feats:main():compute-mfcc-feats.cc:178) Processed features for key esj06_st1301_trn
VLOG[2] (compute-mfcc-feats:main():compute-mfcc-feats.cc:178) Processed features for key esj06_st1379_trn
VLOG[2] (compute-mfcc-feats:main():compute-mfcc-feats.cc:178) Processed features for key esj06_st1442_trn
VLOG[2] (compute-mfcc-feats:main():compute-mfcc-feats.cc:178) Processed features for key esj06_st1518_trn
VLOG[2] (compute-mfcc-feats:main():compute-mfcc-feats.cc:178) Processed features for key esj06_st1585_trn
VLOG[2] (compute-mfcc-feats:main():compute-mfcc-feats.cc:178) Processed features for key esj06_st1647_trn
VLOG[2] (compute-mfcc-feats:main():compute-mfcc-feats.cc:178) Processed features for key esj06_st1721_trn
VLOG[2] (compute-mfcc-feats:main():compute-mfcc-feats.cc:178) Processed features for key esj06_st1796_trn
VLOG[2] (compute-mfcc-feats:main():compute-mfcc-feats.cc:178) Processed features for key esj06_st1878_trn
LOG (compute-mfcc-feats:main():compute-mfcc-feats.cc:177) Processed 450 utterances
VLOG[2] (compute-mfcc-feats:main():compute-mfcc-feats.cc:178) Processed features for key esj06_st1954_trn
VLOG[2] (compute-mfcc-feats:main():compute-mfcc-feats.cc:178) Processed features for key esj06_st2029_trn
VLOG[2] (compute-mfcc-feats:main():compute-mfcc-feats.cc:178) Processed features for key esj06_st2132_trn
VLOG[2] (compute-mfcc-feats:main():compute-mfcc-feats.cc:178) Processed features for key esj06_st2206_trn
VLOG[2] (compute-mfcc-feats:main():compute-mfcc-feats.cc:178) Processed features for key etb01_sr007_trn
VLOG[2] (compute-mfcc-feats:main():compute-mfcc-feats.cc:178) Processed features for key etb01_sr047_trn
VLOG[2] (compute-mfcc-feats:main():compute-mfcc-feats.cc:178) Processed features for key etb01_sr087_trn
VLOG[2] (compute-mfcc-feats:main():compute-mfcc-feats.cc:178) Processed features for key etb01_sr127_trn
VLOG[2] (compute-mfcc-feats:main():compute-mfcc-feats.cc:178) Processed features for key etb01_sr167_trn
VLOG[2] (compute-mfcc-feats:main():compute-mfcc-feats.cc:178) Processed features for key etb01_sr207_trn
LOG (compute-mfcc-feats:main():compute-mfcc-feats.cc:177) Processed 460 utterances
VLOG[2] (compute-mfcc-feats:main():compute-mfcc-feats.cc:178) Processed features for key etb01_sr247_trn
VLOG[2] (compute-mfcc-feats:main():compute-mfcc-feats.cc:178) Processed features for key etb01_sr287_trn
VLOG[2] (compute-mfcc-feats:main():compute-mfcc-feats.cc:178) Processed features for key etb01_sr327_trn
VLOG[2] (compute-mfcc-feats:main():compute-mfcc-feats.cc:178) Processed features for key etb01_sr367_trn
VLOG[2] (compute-mfcc-feats:main():compute-mfcc-feats.cc:178) Processed features for key etb01_sr407_trn
VLOG[2] (compute-mfcc-feats:main():compute-mfcc-feats.cc:178) Processed features for key etb01_sr447_trn
VLOG[2] (compute-mfcc-feats:main():compute-mfcc-feats.cc:178) Processed features for key etb01_sr487_trn
VLOG[2] (compute-mfcc-feats:main():compute-mfcc-feats.cc:178) Processed features for key etb01_sr527_trn
VLOG[2] (compute-mfcc-feats:main():compute-mfcc-feats.cc:178) Processed features for key etb01_sr567_trn
VLOG[2] (compute-mfcc-feats:main():compute-mfcc-feats.cc:178) Processed features for key etb01_st0015_trn
LOG (compute-mfcc-feats:main():compute-mfcc-feats.cc:177) Processed 470 utterances
VLOG[2] (compute-mfcc-feats:main():compute-mfcc-feats.cc:178) Processed features for key etb01_st0093_trn
VLOG[2] (compute-mfcc-feats:main():compute-mfcc-feats.cc:178) Processed features for key etb01_st0184_trn
VLOG[2] (compute-mfcc-feats:main():compute-mfcc-feats.cc:178) Processed features for key etb01_st0265_trn
VLOG[2] (compute-mfcc-feats:main():compute-mfcc-feats.cc:178) Processed features for key etb01_st0354_trn
VLOG[2] (compute-mfcc-feats:main():compute-mfcc-feats.cc:178) Processed features for key etb01_st0434_trn
VLOG[2] (compute-mfcc-feats:main():compute-mfcc-feats.cc:178) Processed features for key etb01_st0526_trn
VLOG[2] (compute-mfcc-feats:main():compute-mfcc-feats.cc:178) Processed features for key etb01_st0622_trn
VLOG[2] (compute-mfcc-feats:main():compute-mfcc-feats.cc:178) Processed features for key etb01_st0721_trn
VLOG[2] (compute-mfcc-feats:main():compute-mfcc-feats.cc:178) Processed features for key etb01_st0802_trn
VLOG[2] (compute-mfcc-feats:main():compute-mfcc-feats.cc:178) Processed features for key etb01_st0897_trn
LOG (compute-mfcc-feats:main():compute-mfcc-feats.cc:177) Processed 480 utterances
VLOG[2] (compute-mfcc-feats:main():compute-mfcc-feats.cc:178) Processed features for key etb01_st0985_trn
VLOG[2] (compute-mfcc-feats:main():compute-mfcc-feats.cc:178) Processed features for key etb01_st1084_trn
VLOG[2] (compute-mfcc-feats:main():compute-mfcc-feats.cc:178) Processed features for key etb01_st1175_trn
VLOG[2] (compute-mfcc-feats:main():compute-mfcc-feats.cc:178) Processed features for key etb01_st1251_trn
VLOG[2] (compute-mfcc-feats:main():compute-mfcc-feats.cc:178) Processed features for key etb01_st1347_trn
VLOG[2] (compute-mfcc-feats:main():compute-mfcc-feats.cc:178) Processed features for key etb01_st1434_trn
VLOG[2] (compute-mfcc-feats:main():compute-mfcc-feats.cc:178) Processed features for key etb01_st1537_trn
VLOG[2] (compute-mfcc-feats:main():compute-mfcc-feats.cc:178) Processed features for key etb01_st1648_trn
VLOG[2] (compute-mfcc-feats:main():compute-mfcc-feats.cc:178) Processed features for key etb01_st1734_trn
VLOG[2] (compute-mfcc-feats:main():compute-mfcc-feats.cc:178) Processed features for key etb01_st1821_trn
LOG (compute-mfcc-feats:main():compute-mfcc-feats.cc:177) Processed 490 utterances
VLOG[2] (compute-mfcc-feats:main():compute-mfcc-feats.cc:178) Processed features for key etb01_st1901_trn
VLOG[2] (compute-mfcc-feats:main():compute-mfcc-feats.cc:178) Processed features for key etb01_st1992_trn
VLOG[2] (compute-mfcc-feats:main():compute-mfcc-feats.cc:178) Processed features for key etb01_st2063_trn
VLOG[2] (compute-mfcc-feats:main():compute-mfcc-feats.cc:178) Processed features for key etb01_st2163_trn
VLOG[2] (compute-mfcc-feats:main():compute-mfcc-feats.cc:178) Processed features for key fwk04_sr030_trn
VLOG[2] (compute-mfcc-feats:main():compute-mfcc-feats.cc:178) Processed features for key fwk04_sr070_trn
VLOG[2] (compute-mfcc-feats:main():compute-mfcc-feats.cc:178) Processed features for key fwk04_sr110_trn
VLOG[2] (compute-mfcc-feats:main():compute-mfcc-feats.cc:178) Processed features for key fwk04_sr150_trn
VLOG[2] (compute-mfcc-feats:main():compute-mfcc-feats.cc:178) Processed features for key fwk04_sr190_trn
VLOG[2] (compute-mfcc-feats:main():compute-mfcc-feats.cc:178) Processed features for key fwk04_sr230_trn
LOG (compute-mfcc-feats:main():compute-mfcc-feats.cc:181)  Done 499 out of 499 utterances.
LOG (copy-feats:main():copy-feats.cc:120) Copied 499 feature matrices.
# Accounting: time=29 threads=1
# Ended (code 0) at Sat Sep 10 03:55:04 PDT 2016, elapsed time 29 seconds
