# compute-mfcc-feats --verbose=2 --config=conf/mfcc.conf scp,p:exp/make_mfcc/train/wav_train.6.scp ark:- | copy-feats --compress=true ark:- ark,scp:/home/rb/Documents/ICT/speech_recognition/featdir/rm_mfccdir/raw_mfcc_train.6.ark,/home/rb/Documents/ICT/speech_recognition/featdir/rm_mfccdir/raw_mfcc_train.6.scp 
# Started at Sat Sep 10 03:55:04 PDT 2016
#
compute-mfcc-feats --verbose=2 --config=conf/mfcc.conf scp,p:exp/make_mfcc/train/wav_train.6.scp ark:- 
copy-feats --compress=true ark:- ark,scp:/home/rb/Documents/ICT/speech_recognition/featdir/rm_mfccdir/raw_mfcc_train.6.ark,/home/rb/Documents/ICT/speech_recognition/featdir/rm_mfccdir/raw_mfcc_train.6.scp 
VLOG[2] (compute-mfcc-feats:main():compute-mfcc-feats.cc:178) Processed features for key jfr07_st1853_trn
VLOG[2] (compute-mfcc-feats:main():compute-mfcc-feats.cc:178) Processed features for key jfr07_st1928_trn
VLOG[2] (compute-mfcc-feats:main():compute-mfcc-feats.cc:178) Processed features for key jfr07_st1988_trn
VLOG[2] (compute-mfcc-feats:main():compute-mfcc-feats.cc:178) Processed features for key jfr07_st2110_trn
VLOG[2] (compute-mfcc-feats:main():compute-mfcc-feats.cc:178) Processed features for key jfr07_st2179_trn
VLOG[2] (compute-mfcc-feats:main():compute-mfcc-feats.cc:178) Processed features for key jlm04_st0068_trn
VLOG[2] (compute-mfcc-feats:main():compute-mfcc-feats.cc:178) Processed features for key jlm04_st0153_trn
VLOG[2] (compute-mfcc-feats:main():compute-mfcc-feats.cc:178) Processed features for key jlm04_st0225_trn
VLOG[2] (compute-mfcc-feats:main():compute-mfcc-feats.cc:178) Processed features for key jlm04_st0308_trn
LOG (compute-mfcc-feats:main():compute-mfcc-feats.cc:177) Processed 10 utterances
VLOG[2] (compute-mfcc-feats:main():compute-mfcc-feats.cc:178) Processed features for key jlm04_st0387_trn
VLOG[2] (compute-mfcc-feats:main():compute-mfcc-feats.cc:178) Processed features for key jlm04_st0471_trn
VLOG[2] (compute-mfcc-feats:main():compute-mfcc-feats.cc:178) Processed features for key jlm04_st0536_trn
VLOG[2] (compute-mfcc-feats:main():compute-mfcc-feats.cc:178) Processed features for key jlm04_st0616_trn
VLOG[2] (compute-mfcc-feats:main():compute-mfcc-feats.cc:178) Processed features for key jlm04_st0688_trn
VLOG[2] (compute-mfcc-feats:main():compute-mfcc-feats.cc:178) Processed features for key jlm04_st0752_trn
VLOG[2] (compute-mfcc-feats:main():compute-mfcc-feats.cc:178) Processed features for key jlm04_st0834_trn
VLOG[2] (compute-mfcc-feats:main():compute-mfcc-feats.cc:178) Processed features for key jlm04_st0881_trn
VLOG[2] (compute-mfcc-feats:main():compute-mfcc-feats.cc:178) Processed features for key jlm04_st0953_trn
VLOG[2] (compute-mfcc-feats:main():compute-mfcc-feats.cc:178) Processed features for key jlm04_st1037_trn
LOG (compute-mfcc-feats:main():compute-mfcc-feats.cc:177) Processed 20 utterances
VLOG[2] (compute-mfcc-feats:main():compute-mfcc-feats.cc:178) Processed features for key jlm04_st1085_trn
VLOG[2] (compute-mfcc-feats:main():compute-mfcc-feats.cc:178) Processed features for key jlm04_st1157_trn
VLOG[2] (compute-mfcc-feats:main():compute-mfcc-feats.cc:178) Processed features for key jlm04_st1245_trn
VLOG[2] (compute-mfcc-feats:main():compute-mfcc-feats.cc:178) Processed features for key jlm04_st1306_trn
VLOG[2] (compute-mfcc-feats:main():compute-mfcc-feats.cc:178) Processed features for key jlm04_st1391_trn
VLOG[2] (compute-mfcc-feats:main():compute-mfcc-feats.cc:178) Processed features for key jlm04_st1452_trn
VLOG[2] (compute-mfcc-feats:main():compute-mfcc-feats.cc:178) Processed features for key jlm04_st1524_trn
VLOG[2] (compute-mfcc-feats:main():compute-mfcc-feats.cc:178) Processed features for key jlm04_st1587_trn
VLOG[2] (compute-mfcc-feats:main():compute-mfcc-feats.cc:178) Processed features for key jlm04_st1651_trn
VLOG[2] (compute-mfcc-feats:main():compute-mfcc-feats.cc:178) Processed features for key jlm04_st1732_trn
LOG (compute-mfcc-feats:main():compute-mfcc-feats.cc:177) Processed 30 utterances
VLOG[2] (compute-mfcc-feats:main():compute-mfcc-feats.cc:178) Processed features for key jlm04_st1802_trn
VLOG[2] (compute-mfcc-feats:main():compute-mfcc-feats.cc:178) Processed features for key jlm04_st1899_trn
VLOG[2] (compute-mfcc-feats:main():compute-mfcc-feats.cc:178) Processed features for key jlm04_st1958_trn
VLOG[2] (compute-mfcc-feats:main():compute-mfcc-feats.cc:178) Processed features for key jlm04_st2042_trn
VLOG[2] (compute-mfcc-feats:main():compute-mfcc-feats.cc:178) Processed features for key jlm04_st2138_trn
VLOG[2] (compute-mfcc-feats:main():compute-mfcc-feats.cc:178) Processed features for key jlm04_st2214_trn
VLOG[2] (compute-mfcc-feats:main():compute-mfcc-feats.cc:178) Processed features for key jln08_st0075_trn
VLOG[2] (compute-mfcc-feats:main():compute-mfcc-feats.cc:178) Processed features for key jln08_st0155_trn
VLOG[2] (compute-mfcc-feats:main():compute-mfcc-feats.cc:178) Processed features for key jln08_st0226_trn
VLOG[2] (compute-mfcc-feats:main():compute-mfcc-feats.cc:178) Processed features for key jln08_st0309_trn
LOG (compute-mfcc-feats:main():compute-mfcc-feats.cc:177) Processed 40 utterances
VLOG[2] (compute-mfcc-feats:main():compute-mfcc-feats.cc:178) Processed features for key jln08_st0392_trn
VLOG[2] (compute-mfcc-feats:main():compute-mfcc-feats.cc:178) Processed features for key jln08_st0473_trn
VLOG[2] (compute-mfcc-feats:main():compute-mfcc-feats.cc:178) Processed features for key jln08_st0549_trn
VLOG[2] (compute-mfcc-feats:main():compute-mfcc-feats.cc:178) Processed features for key jln08_st0617_trn
VLOG[2] (compute-mfcc-feats:main():compute-mfcc-feats.cc:178) Processed features for key jln08_st0692_trn
VLOG[2] (compute-mfcc-feats:main():compute-mfcc-feats.cc:178) Processed features for key jln08_st0753_trn
VLOG[2] (compute-mfcc-feats:main():compute-mfcc-feats.cc:178) Processed features for key jln08_st0837_trn
VLOG[2] (compute-mfcc-feats:main():compute-mfcc-feats.cc:178) Processed features for key jln08_st0887_trn
VLOG[2] (compute-mfcc-feats:main():compute-mfcc-feats.cc:178) Processed features for key jln08_st0955_trn
VLOG[2] (compute-mfcc-feats:main():compute-mfcc-feats.cc:178) Processed features for key jln08_st1038_trn
LOG (compute-mfcc-feats:main():compute-mfcc-feats.cc:177) Processed 50 utterances
VLOG[2] (compute-mfcc-feats:main():compute-mfcc-feats.cc:178) Processed features for key jln08_st1086_trn
VLOG[2] (compute-mfcc-feats:main():compute-mfcc-feats.cc:178) Processed features for key jln08_st1161_trn
VLOG[2] (compute-mfcc-feats:main():compute-mfcc-feats.cc:178) Processed features for key jln08_st1250_trn
VLOG[2] (compute-mfcc-feats:main():compute-mfcc-feats.cc:178) Processed features for key jln08_st1307_trn
VLOG[2] (compute-mfcc-feats:main():compute-mfcc-feats.cc:178) Processed features for key jln08_st1396_trn
VLOG[2] (compute-mfcc-feats:main():compute-mfcc-feats.cc:178) Processed features for key jln08_st1454_trn
VLOG[2] (compute-mfcc-feats:main():compute-mfcc-feats.cc:178) Processed features for key jln08_st1526_trn
VLOG[2] (compute-mfcc-feats:main():compute-mfcc-feats.cc:178) Processed features for key jln08_st1589_trn
VLOG[2] (compute-mfcc-feats:main():compute-mfcc-feats.cc:178) Processed features for key jln08_st1654_trn
VLOG[2] (compute-mfcc-feats:main():compute-mfcc-feats.cc:178) Processed features for key jln08_st1733_trn
LOG (compute-mfcc-feats:main():compute-mfcc-feats.cc:177) Processed 60 utterances
VLOG[2] (compute-mfcc-feats:main():compute-mfcc-feats.cc:178) Processed features for key jln08_st1808_trn
VLOG[2] (compute-mfcc-feats:main():compute-mfcc-feats.cc:178) Processed features for key jln08_st1900_trn
VLOG[2] (compute-mfcc-feats:main():compute-mfcc-feats.cc:178) Processed features for key jln08_st1962_trn
VLOG[2] (compute-mfcc-feats:main():compute-mfcc-feats.cc:178) Processed features for key jln08_st2045_trn
VLOG[2] (compute-mfcc-feats:main():compute-mfcc-feats.cc:178) Processed features for key jln08_st2141_trn
VLOG[2] (compute-mfcc-feats:main():compute-mfcc-feats.cc:178) Processed features for key jln08_st2217_trn
VLOG[2] (compute-mfcc-feats:main():compute-mfcc-feats.cc:178) Processed features for key jma02_sr034_trn
VLOG[2] (compute-mfcc-feats:main():compute-mfcc-feats.cc:178) Processed features for key jma02_sr074_trn
VLOG[2] (compute-mfcc-feats:main():compute-mfcc-feats.cc:178) Processed features for key jma02_sr114_trn
VLOG[2] (compute-mfcc-feats:main():compute-mfcc-feats.cc:178) Processed features for key jma02_sr154_trn
LOG (compute-mfcc-feats:main():compute-mfcc-feats.cc:177) Processed 70 utterances
VLOG[2] (compute-mfcc-feats:main():compute-mfcc-feats.cc:178) Processed features for key jma02_sr194_trn
VLOG[2] (compute-mfcc-feats:main():compute-mfcc-feats.cc:178) Processed features for key jma02_sr234_trn
VLOG[2] (compute-mfcc-feats:main():compute-mfcc-feats.cc:178) Processed features for key jma02_sr274_trn
VLOG[2] (compute-mfcc-feats:main():compute-mfcc-feats.cc:178) Processed features for key jma02_sr314_trn
VLOG[2] (compute-mfcc-feats:main():compute-mfcc-feats.cc:178) Processed features for key jma02_sr354_trn
VLOG[2] (compute-mfcc-feats:main():compute-mfcc-feats.cc:178) Processed features for key jma02_sr394_trn
VLOG[2] (compute-mfcc-feats:main():compute-mfcc-feats.cc:178) Processed features for key jma02_sr434_trn
VLOG[2] (compute-mfcc-feats:main():compute-mfcc-feats.cc:178) Processed features for key jma02_sr474_trn
VLOG[2] (compute-mfcc-feats:main():compute-mfcc-feats.cc:178) Processed features for key jma02_sr514_trn
VLOG[2] (compute-mfcc-feats:main():compute-mfcc-feats.cc:178) Processed features for key jma02_sr554_trn
LOG (compute-mfcc-feats:main():compute-mfcc-feats.cc:177) Processed 80 utterances
VLOG[2] (compute-mfcc-feats:main():compute-mfcc-feats.cc:178) Processed features for key jma02_sr594_trn
VLOG[2] (compute-mfcc-feats:main():compute-mfcc-feats.cc:178) Processed features for key jma02_st0070_trn
VLOG[2] (compute-mfcc-feats:main():compute-mfcc-feats.cc:178) Processed features for key jma02_st0146_trn
VLOG[2] (compute-mfcc-feats:main():compute-mfcc-feats.cc:178) Processed features for key jma02_st0246_trn
VLOG[2] (compute-mfcc-feats:main():compute-mfcc-feats.cc:178) Processed features for key jma02_st0323_trn
VLOG[2] (compute-mfcc-feats:main():compute-mfcc-feats.cc:178) Processed features for key jma02_st0410_trn
VLOG[2] (compute-mfcc-feats:main():compute-mfcc-feats.cc:178) Processed features for key jma02_st0494_trn
VLOG[2] (compute-mfcc-feats:main():compute-mfcc-feats.cc:178) Processed features for key jma02_st0576_trn
VLOG[2] (compute-mfcc-feats:main():compute-mfcc-feats.cc:178) Processed features for key jma02_st0683_trn
VLOG[2] (compute-mfcc-feats:main():compute-mfcc-feats.cc:178) Processed features for key jma02_st0780_trn
LOG (compute-mfcc-feats:main():compute-mfcc-feats.cc:177) Processed 90 utterances
VLOG[2] (compute-mfcc-feats:main():compute-mfcc-feats.cc:178) Processed features for key jma02_st0868_trn
VLOG[2] (compute-mfcc-feats:main():compute-mfcc-feats.cc:178) Processed features for key jma02_st0958_trn
VLOG[2] (compute-mfcc-feats:main():compute-mfcc-feats.cc:178) Processed features for key jma02_st1051_trn
VLOG[2] (compute-mfcc-feats:main():compute-mfcc-feats.cc:178) Processed features for key jma02_st1149_trn
VLOG[2] (compute-mfcc-feats:main():compute-mfcc-feats.cc:178) Processed features for key jma02_st1227_trn
VLOG[2] (compute-mfcc-feats:main():compute-mfcc-feats.cc:178) Processed features for key jma02_st1310_trn
VLOG[2] (compute-mfcc-feats:main():compute-mfcc-feats.cc:178) Processed features for key jma02_st1398_trn
VLOG[2] (compute-mfcc-feats:main():compute-mfcc-feats.cc:178) Processed features for key jma02_st1505_trn
VLOG[2] (compute-mfcc-feats:main():compute-mfcc-feats.cc:178) Processed features for key jma02_st1619_trn
VLOG[2] (compute-mfcc-feats:main():compute-mfcc-feats.cc:178) Processed features for key jma02_st1696_trn
LOG (compute-mfcc-feats:main():compute-mfcc-feats.cc:177) Processed 100 utterances
VLOG[2] (compute-mfcc-feats:main():compute-mfcc-feats.cc:178) Processed features for key jma02_st1795_trn
VLOG[2] (compute-mfcc-feats:main():compute-mfcc-feats.cc:178) Processed features for key jma02_st1881_trn
VLOG[2] (compute-mfcc-feats:main():compute-mfcc-feats.cc:178) Processed features for key jma02_st1963_trn
VLOG[2] (compute-mfcc-feats:main():compute-mfcc-feats.cc:178) Processed features for key jma02_st2039_trn
VLOG[2] (compute-mfcc-feats:main():compute-mfcc-feats.cc:178) Processed features for key jma02_st2130_trn
VLOG[2] (compute-mfcc-feats:main():compute-mfcc-feats.cc:178) Processed features for key jma02_st2224_trn
VLOG[2] (compute-mfcc-feats:main():compute-mfcc-feats.cc:178) Processed features for key jmd02_st0064_trn
VLOG[2] (compute-mfcc-feats:main():compute-mfcc-feats.cc:178) Processed features for key jmd02_st0148_trn
VLOG[2] (compute-mfcc-feats:main():compute-mfcc-feats.cc:178) Processed features for key jmd02_st0222_trn
VLOG[2] (compute-mfcc-feats:main():compute-mfcc-feats.cc:178) Processed features for key jmd02_st0304_trn
LOG (compute-mfcc-feats:main():compute-mfcc-feats.cc:177) Processed 110 utterances
VLOG[2] (compute-mfcc-feats:main():compute-mfcc-feats.cc:178) Processed features for key jmd02_st0381_trn
VLOG[2] (compute-mfcc-feats:main():compute-mfcc-feats.cc:178) Processed features for key jmd02_st0468_trn
VLOG[2] (compute-mfcc-feats:main():compute-mfcc-feats.cc:178) Processed features for key jmd02_st0531_trn
VLOG[2] (compute-mfcc-feats:main():compute-mfcc-feats.cc:178) Processed features for key jmd02_st0615_trn
VLOG[2] (compute-mfcc-feats:main():compute-mfcc-feats.cc:178) Processed features for key jmd02_st0685_trn
VLOG[2] (compute-mfcc-feats:main():compute-mfcc-feats.cc:178) Processed features for key jmd02_st0751_trn
VLOG[2] (compute-mfcc-feats:main():compute-mfcc-feats.cc:178) Processed features for key jmd02_st0833_trn
VLOG[2] (compute-mfcc-feats:main():compute-mfcc-feats.cc:178) Processed features for key jmd02_st0880_trn
VLOG[2] (compute-mfcc-feats:main():compute-mfcc-feats.cc:178) Processed features for key jmd02_st0951_trn
VLOG[2] (compute-mfcc-feats:main():compute-mfcc-feats.cc:178) Processed features for key jmd02_st1036_trn
LOG (compute-mfcc-feats:main():compute-mfcc-feats.cc:177) Processed 120 utterances
VLOG[2] (compute-mfcc-feats:main():compute-mfcc-feats.cc:178) Processed features for key jmd02_st1083_trn
VLOG[2] (compute-mfcc-feats:main():compute-mfcc-feats.cc:178) Processed features for key jmd02_st1154_trn
VLOG[2] (compute-mfcc-feats:main():compute-mfcc-feats.cc:178) Processed features for key jmd02_st1239_trn
VLOG[2] (compute-mfcc-feats:main():compute-mfcc-feats.cc:178) Processed features for key jmd02_st1303_trn
VLOG[2] (compute-mfcc-feats:main():compute-mfcc-feats.cc:178) Processed features for key jmd02_st1381_trn
VLOG[2] (compute-mfcc-feats:main():compute-mfcc-feats.cc:178) Processed features for key jmd02_st1446_trn
VLOG[2] (compute-mfcc-feats:main():compute-mfcc-feats.cc:178) Processed features for key jmd02_st1519_trn
VLOG[2] (compute-mfcc-feats:main():compute-mfcc-feats.cc:178) Processed features for key jmd02_st1586_trn
VLOG[2] (compute-mfcc-feats:main():compute-mfcc-feats.cc:178) Processed features for key jmd02_st1650_trn
VLOG[2] (compute-mfcc-feats:main():compute-mfcc-feats.cc:178) Processed features for key jmd02_st1729_trn
LOG (compute-mfcc-feats:main():compute-mfcc-feats.cc:177) Processed 130 utterances
VLOG[2] (compute-mfcc-feats:main():compute-mfcc-feats.cc:178) Processed features for key jmd02_st1798_trn
VLOG[2] (compute-mfcc-feats:main():compute-mfcc-feats.cc:178) Processed features for key jmd02_st1879_trn
VLOG[2] (compute-mfcc-feats:main():compute-mfcc-feats.cc:178) Processed features for key jmd02_st1957_trn
VLOG[2] (compute-mfcc-feats:main():compute-mfcc-feats.cc:178) Processed features for key jmd02_st2040_trn
VLOG[2] (compute-mfcc-feats:main():compute-mfcc-feats.cc:178) Processed features for key jmd02_st2133_trn
VLOG[2] (compute-mfcc-feats:main():compute-mfcc-feats.cc:178) Processed features for key jmd02_st2210_trn
VLOG[2] (compute-mfcc-feats:main():compute-mfcc-feats.cc:178) Processed features for key jpg05_sr017_trn
VLOG[2] (compute-mfcc-feats:main():compute-mfcc-feats.cc:178) Processed features for key jpg05_sr057_trn
VLOG[2] (compute-mfcc-feats:main():compute-mfcc-feats.cc:178) Processed features for key jpg05_sr097_trn
VLOG[2] (compute-mfcc-feats:main():compute-mfcc-feats.cc:178) Processed features for key jpg05_sr137_trn
LOG (compute-mfcc-feats:main():compute-mfcc-feats.cc:177) Processed 140 utterances
VLOG[2] (compute-mfcc-feats:main():compute-mfcc-feats.cc:178) Processed features for key jpg05_sr177_trn
VLOG[2] (compute-mfcc-feats:main():compute-mfcc-feats.cc:178) Processed features for key jpg05_sr217_trn
VLOG[2] (compute-mfcc-feats:main():compute-mfcc-feats.cc:178) Processed features for key jpg05_sr257_trn
VLOG[2] (compute-mfcc-feats:main():compute-mfcc-feats.cc:178) Processed features for key jpg05_sr297_trn
VLOG[2] (compute-mfcc-feats:main():compute-mfcc-feats.cc:178) Processed features for key jpg05_sr337_trn
VLOG[2] (compute-mfcc-feats:main():compute-mfcc-feats.cc:178) Processed features for key jpg05_sr377_trn
VLOG[2] (compute-mfcc-feats:main():compute-mfcc-feats.cc:178) Processed features for key jpg05_sr417_trn
VLOG[2] (compute-mfcc-feats:main():compute-mfcc-feats.cc:178) Processed features for key jpg05_sr457_trn
VLOG[2] (compute-mfcc-feats:main():compute-mfcc-feats.cc:178) Processed features for key jpg05_sr497_trn
VLOG[2] (compute-mfcc-feats:main():compute-mfcc-feats.cc:178) Processed features for key jpg05_sr537_trn
LOG (compute-mfcc-feats:main():compute-mfcc-feats.cc:177) Processed 150 utterances
VLOG[2] (compute-mfcc-feats:main():compute-mfcc-feats.cc:178) Processed features for key jpg05_sr577_trn
VLOG[2] (compute-mfcc-feats:main():compute-mfcc-feats.cc:178) Processed features for key jpg05_st0038_trn
VLOG[2] (compute-mfcc-feats:main():compute-mfcc-feats.cc:178) Processed features for key jpg05_st0114_trn
VLOG[2] (compute-mfcc-feats:main():compute-mfcc-feats.cc:178) Processed features for key jpg05_st0210_trn
VLOG[2] (compute-mfcc-feats:main():compute-mfcc-feats.cc:178) Processed features for key jpg05_st0285_trn
VLOG[2] (compute-mfcc-feats:main():compute-mfcc-feats.cc:178) Processed features for key jpg05_st0373_trn
VLOG[2] (compute-mfcc-feats:main():compute-mfcc-feats.cc:178) Processed features for key jpg05_st0457_trn
VLOG[2] (compute-mfcc-feats:main():compute-mfcc-feats.cc:178) Processed features for key jpg05_st0547_trn
VLOG[2] (compute-mfcc-feats:main():compute-mfcc-feats.cc:178) Processed features for key jpg05_st0638_trn
VLOG[2] (compute-mfcc-feats:main():compute-mfcc-feats.cc:178) Processed features for key jpg05_st0737_trn
LOG (compute-mfcc-feats:main():compute-mfcc-feats.cc:177) Processed 160 utterances
VLOG[2] (compute-mfcc-feats:main():compute-mfcc-feats.cc:178) Processed features for key jpg05_st0823_trn
VLOG[2] (compute-mfcc-feats:main():compute-mfcc-feats.cc:178) Processed features for key jpg05_st0917_trn
VLOG[2] (compute-mfcc-feats:main():compute-mfcc-feats.cc:178) Processed features for key jpg05_st1010_trn
VLOG[2] (compute-mfcc-feats:main():compute-mfcc-feats.cc:178) Processed features for key jpg05_st1112_trn
VLOG[2] (compute-mfcc-feats:main():compute-mfcc-feats.cc:178) Processed features for key jpg05_st1196_trn
VLOG[2] (compute-mfcc-feats:main():compute-mfcc-feats.cc:178) Processed features for key jpg05_st1273_trn
VLOG[2] (compute-mfcc-feats:main():compute-mfcc-feats.cc:178) Processed features for key jpg05_st1361_trn
VLOG[2] (compute-mfcc-feats:main():compute-mfcc-feats.cc:178) Processed features for key jpg05_st1469_trn
VLOG[2] (compute-mfcc-feats:main():compute-mfcc-feats.cc:178) Processed features for key jpg05_st1572_trn
VLOG[2] (compute-mfcc-feats:main():compute-mfcc-feats.cc:178) Processed features for key jpg05_st1668_trn
LOG (compute-mfcc-feats:main():compute-mfcc-feats.cc:177) Processed 170 utterances
VLOG[2] (compute-mfcc-feats:main():compute-mfcc-feats.cc:178) Processed features for key jpg05_st1756_trn
VLOG[2] (compute-mfcc-feats:main():compute-mfcc-feats.cc:178) Processed features for key jpg05_st1841_trn
VLOG[2] (compute-mfcc-feats:main():compute-mfcc-feats.cc:178) Processed features for key jpg05_st1924_trn
VLOG[2] (compute-mfcc-feats:main():compute-mfcc-feats.cc:178) Processed features for key jpg05_st2011_trn
VLOG[2] (compute-mfcc-feats:main():compute-mfcc-feats.cc:178) Processed features for key jpg05_st2091_trn
VLOG[2] (compute-mfcc-feats:main():compute-mfcc-feats.cc:178) Processed features for key jpg05_st2187_trn
VLOG[2] (compute-mfcc-feats:main():compute-mfcc-feats.cc:178) Processed features for key jrk06_sr027_trn
VLOG[2] (compute-mfcc-feats:main():compute-mfcc-feats.cc:178) Processed features for key jrk06_sr067_trn
VLOG[2] (compute-mfcc-feats:main():compute-mfcc-feats.cc:178) Processed features for key jrk06_sr107_trn
VLOG[2] (compute-mfcc-feats:main():compute-mfcc-feats.cc:178) Processed features for key jrk06_sr147_trn
LOG (compute-mfcc-feats:main():compute-mfcc-feats.cc:177) Processed 180 utterances
VLOG[2] (compute-mfcc-feats:main():compute-mfcc-feats.cc:178) Processed features for key jrk06_sr187_trn
VLOG[2] (compute-mfcc-feats:main():compute-mfcc-feats.cc:178) Processed features for key jrk06_sr227_trn
VLOG[2] (compute-mfcc-feats:main():compute-mfcc-feats.cc:178) Processed features for key jrk06_sr267_trn
VLOG[2] (compute-mfcc-feats:main():compute-mfcc-feats.cc:178) Processed features for key jrk06_sr307_trn
VLOG[2] (compute-mfcc-feats:main():compute-mfcc-feats.cc:178) Processed features for key jrk06_sr347_trn
VLOG[2] (compute-mfcc-feats:main():compute-mfcc-feats.cc:178) Processed features for key jrk06_sr387_trn
VLOG[2] (compute-mfcc-feats:main():compute-mfcc-feats.cc:178) Processed features for key jrk06_sr427_trn
VLOG[2] (compute-mfcc-feats:main():compute-mfcc-feats.cc:178) Processed features for key jrk06_sr467_trn
VLOG[2] (compute-mfcc-feats:main():compute-mfcc-feats.cc:178) Processed features for key jrk06_sr507_trn
VLOG[2] (compute-mfcc-feats:main():compute-mfcc-feats.cc:178) Processed features for key jrk06_sr547_trn
LOG (compute-mfcc-feats:main():compute-mfcc-feats.cc:177) Processed 190 utterances
VLOG[2] (compute-mfcc-feats:main():compute-mfcc-feats.cc:178) Processed features for key jrk06_sr587_trn
VLOG[2] (compute-mfcc-feats:main():compute-mfcc-feats.cc:178) Processed features for key jrk06_st0052_trn
VLOG[2] (compute-mfcc-feats:main():compute-mfcc-feats.cc:178) Processed features for key jrk06_st0134_trn
VLOG[2] (compute-mfcc-feats:main():compute-mfcc-feats.cc:178) Processed features for key jrk06_st0231_trn
VLOG[2] (compute-mfcc-feats:main():compute-mfcc-feats.cc:178) Processed features for key jrk06_st0312_trn
VLOG[2] (compute-mfcc-feats:main():compute-mfcc-feats.cc:178) Processed features for key jrk06_st0393_trn
VLOG[2] (compute-mfcc-feats:main():compute-mfcc-feats.cc:178) Processed features for key jrk06_st0484_trn
VLOG[2] (compute-mfcc-feats:main():compute-mfcc-feats.cc:178) Processed features for key jrk06_st0568_trn
VLOG[2] (compute-mfcc-feats:main():compute-mfcc-feats.cc:178) Processed features for key jrk06_st0660_trn
VLOG[2] (compute-mfcc-feats:main():compute-mfcc-feats.cc:178) Processed features for key jrk06_st0760_trn
LOG (compute-mfcc-feats:main():compute-mfcc-feats.cc:177) Processed 200 utterances
VLOG[2] (compute-mfcc-feats:main():compute-mfcc-feats.cc:178) Processed features for key jrk06_st0848_trn
VLOG[2] (compute-mfcc-feats:main():compute-mfcc-feats.cc:178) Processed features for key jrk06_st0936_trn
VLOG[2] (compute-mfcc-feats:main():compute-mfcc-feats.cc:178) Processed features for key jrk06_st1027_trn
VLOG[2] (compute-mfcc-feats:main():compute-mfcc-feats.cc:178) Processed features for key jrk06_st1132_trn
VLOG[2] (compute-mfcc-feats:main():compute-mfcc-feats.cc:178) Processed features for key jrk06_st1216_trn
VLOG[2] (compute-mfcc-feats:main():compute-mfcc-feats.cc:178) Processed features for key jrk06_st1295_trn
VLOG[2] (compute-mfcc-feats:main():compute-mfcc-feats.cc:178) Processed features for key jrk06_st1387_trn
VLOG[2] (compute-mfcc-feats:main():compute-mfcc-feats.cc:178) Processed features for key jrk06_st1490_trn
VLOG[2] (compute-mfcc-feats:main():compute-mfcc-feats.cc:178) Processed features for key jrk06_st1603_trn
VLOG[2] (compute-mfcc-feats:main():compute-mfcc-feats.cc:178) Processed features for key jrk06_st1685_trn
LOG (compute-mfcc-feats:main():compute-mfcc-feats.cc:177) Processed 210 utterances
VLOG[2] (compute-mfcc-feats:main():compute-mfcc-feats.cc:178) Processed features for key jrk06_st1786_trn
VLOG[2] (compute-mfcc-feats:main():compute-mfcc-feats.cc:178) Processed features for key jrk06_st1858_trn
VLOG[2] (compute-mfcc-feats:main():compute-mfcc-feats.cc:178) Processed features for key jrk06_st1943_trn
VLOG[2] (compute-mfcc-feats:main():compute-mfcc-feats.cc:178) Processed features for key jrk06_st2027_trn
VLOG[2] (compute-mfcc-feats:main():compute-mfcc-feats.cc:178) Processed features for key jrk06_st2117_trn
VLOG[2] (compute-mfcc-feats:main():compute-mfcc-feats.cc:178) Processed features for key jrk06_st2211_trn
VLOG[2] (compute-mfcc-feats:main():compute-mfcc-feats.cc:178) Processed features for key jsa05_st0014_trn
VLOG[2] (compute-mfcc-feats:main():compute-mfcc-feats.cc:178) Processed features for key jsa05_st0101_trn
VLOG[2] (compute-mfcc-feats:main():compute-mfcc-feats.cc:178) Processed features for key jsa05_st0186_trn
VLOG[2] (compute-mfcc-feats:main():compute-mfcc-feats.cc:178) Processed features for key jsa05_st0261_trn
LOG (compute-mfcc-feats:main():compute-mfcc-feats.cc:177) Processed 220 utterances
VLOG[2] (compute-mfcc-feats:main():compute-mfcc-feats.cc:178) Processed features for key jsa05_st0344_trn
VLOG[2] (compute-mfcc-feats:main():compute-mfcc-feats.cc:178) Processed features for key jsa05_st0424_trn
VLOG[2] (compute-mfcc-feats:main():compute-mfcc-feats.cc:178) Processed features for key jsa05_st0501_trn
VLOG[2] (compute-mfcc-feats:main():compute-mfcc-feats.cc:178) Processed features for key jsa05_st0583_trn
VLOG[2] (compute-mfcc-feats:main():compute-mfcc-feats.cc:178) Processed features for key jsa05_st0653_trn
VLOG[2] (compute-mfcc-feats:main():compute-mfcc-feats.cc:178) Processed features for key jsa05_st0714_trn
VLOG[2] (compute-mfcc-feats:main():compute-mfcc-feats.cc:178) Processed features for key jsa05_st0774_trn
VLOG[2] (compute-mfcc-feats:main():compute-mfcc-feats.cc:178) Processed features for key jsa05_st0857_trn
VLOG[2] (compute-mfcc-feats:main():compute-mfcc-feats.cc:178) Processed features for key jsa05_st0920_trn
VLOG[2] (compute-mfcc-feats:main():compute-mfcc-feats.cc:178) Processed features for key jsa05_st0981_trn
LOG (compute-mfcc-feats:main():compute-mfcc-feats.cc:177) Processed 230 utterances
VLOG[2] (compute-mfcc-feats:main():compute-mfcc-feats.cc:178) Processed features for key jsa05_st1062_trn
VLOG[2] (compute-mfcc-feats:main():compute-mfcc-feats.cc:178) Processed features for key jsa05_st1108_trn
VLOG[2] (compute-mfcc-feats:main():compute-mfcc-feats.cc:178) Processed features for key jsa05_st1198_trn
VLOG[2] (compute-mfcc-feats:main():compute-mfcc-feats.cc:178) Processed features for key jsa05_st1279_trn
VLOG[2] (compute-mfcc-feats:main():compute-mfcc-feats.cc:178) Processed features for key jsa05_st1339_trn
VLOG[2] (compute-mfcc-feats:main():compute-mfcc-feats.cc:178) Processed features for key jsa05_st1410_trn
VLOG[2] (compute-mfcc-feats:main():compute-mfcc-feats.cc:178) Processed features for key jsa05_st1485_trn
VLOG[2] (compute-mfcc-feats:main():compute-mfcc-feats.cc:178) Processed features for key jsa05_st1549_trn
VLOG[2] (compute-mfcc-feats:main():compute-mfcc-feats.cc:178) Processed features for key jsa05_st1609_trn
VLOG[2] (compute-mfcc-feats:main():compute-mfcc-feats.cc:178) Processed features for key jsa05_st1682_trn
LOG (compute-mfcc-feats:main():compute-mfcc-feats.cc:177) Processed 240 utterances
VLOG[2] (compute-mfcc-feats:main():compute-mfcc-feats.cc:178) Processed features for key jsa05_st1764_trn
VLOG[2] (compute-mfcc-feats:main():compute-mfcc-feats.cc:178) Processed features for key jsa05_st1850_trn
VLOG[2] (compute-mfcc-feats:main():compute-mfcc-feats.cc:178) Processed features for key jsa05_st1925_trn
VLOG[2] (compute-mfcc-feats:main():compute-mfcc-feats.cc:178) Processed features for key jsa05_st1987_trn
VLOG[2] (compute-mfcc-feats:main():compute-mfcc-feats.cc:178) Processed features for key jsa05_st2101_trn
VLOG[2] (compute-mfcc-feats:main():compute-mfcc-feats.cc:178) Processed features for key jsa05_st2168_trn
VLOG[2] (compute-mfcc-feats:main():compute-mfcc-feats.cc:178) Processed features for key jxm05_sr024_trn
VLOG[2] (compute-mfcc-feats:main():compute-mfcc-feats.cc:178) Processed features for key jxm05_sr064_trn
VLOG[2] (compute-mfcc-feats:main():compute-mfcc-feats.cc:178) Processed features for key jxm05_sr104_trn
VLOG[2] (compute-mfcc-feats:main():compute-mfcc-feats.cc:178) Processed features for key jxm05_sr144_trn
LOG (compute-mfcc-feats:main():compute-mfcc-feats.cc:177) Processed 250 utterances
VLOG[2] (compute-mfcc-feats:main():compute-mfcc-feats.cc:178) Processed features for key jxm05_sr184_trn
VLOG[2] (compute-mfcc-feats:main():compute-mfcc-feats.cc:178) Processed features for key jxm05_sr224_trn
VLOG[2] (compute-mfcc-feats:main():compute-mfcc-feats.cc:178) Processed features for key jxm05_sr264_trn
VLOG[2] (compute-mfcc-feats:main():compute-mfcc-feats.cc:178) Processed features for key jxm05_sr304_trn
VLOG[2] (compute-mfcc-feats:main():compute-mfcc-feats.cc:178) Processed features for key jxm05_sr344_trn
VLOG[2] (compute-mfcc-feats:main():compute-mfcc-feats.cc:178) Processed features for key jxm05_sr384_trn
VLOG[2] (compute-mfcc-feats:main():compute-mfcc-feats.cc:178) Processed features for key jxm05_sr424_trn
VLOG[2] (compute-mfcc-feats:main():compute-mfcc-feats.cc:178) Processed features for key jxm05_sr464_trn
VLOG[2] (compute-mfcc-feats:main():compute-mfcc-feats.cc:178) Processed features for key jxm05_sr504_trn
VLOG[2] (compute-mfcc-feats:main():compute-mfcc-feats.cc:178) Processed features for key jxm05_sr544_trn
LOG (compute-mfcc-feats:main():compute-mfcc-feats.cc:177) Processed 260 utterances
VLOG[2] (compute-mfcc-feats:main():compute-mfcc-feats.cc:178) Processed features for key jxm05_sr584_trn
VLOG[2] (compute-mfcc-feats:main():compute-mfcc-feats.cc:178) Processed features for key jxm05_st0047_trn
VLOG[2] (compute-mfcc-feats:main():compute-mfcc-feats.cc:178) Processed features for key jxm05_st0129_trn
VLOG[2] (compute-mfcc-feats:main():compute-mfcc-feats.cc:178) Processed features for key jxm05_st0221_trn
VLOG[2] (compute-mfcc-feats:main():compute-mfcc-feats.cc:178) Processed features for key jxm05_st0305_trn
VLOG[2] (compute-mfcc-feats:main():compute-mfcc-feats.cc:178) Processed features for key jxm05_st0385_trn
VLOG[2] (compute-mfcc-feats:main():compute-mfcc-feats.cc:178) Processed features for key jxm05_st0476_trn
VLOG[2] (compute-mfcc-feats:main():compute-mfcc-feats.cc:178) Processed features for key jxm05_st0561_trn
VLOG[2] (compute-mfcc-feats:main():compute-mfcc-feats.cc:178) Processed features for key jxm05_st0654_trn
VLOG[2] (compute-mfcc-feats:main():compute-mfcc-feats.cc:178) Processed features for key jxm05_st0745_trn
LOG (compute-mfcc-feats:main():compute-mfcc-feats.cc:177) Processed 270 utterances
VLOG[2] (compute-mfcc-feats:main():compute-mfcc-feats.cc:178) Processed features for key jxm05_st0835_trn
VLOG[2] (compute-mfcc-feats:main():compute-mfcc-feats.cc:178) Processed features for key jxm05_st0929_trn
VLOG[2] (compute-mfcc-feats:main():compute-mfcc-feats.cc:178) Processed features for key jxm05_st1022_trn
VLOG[2] (compute-mfcc-feats:main():compute-mfcc-feats.cc:178) Processed features for key jxm05_st1122_trn
VLOG[2] (compute-mfcc-feats:main():compute-mfcc-feats.cc:178) Processed features for key jxm05_st1208_trn
VLOG[2] (compute-mfcc-feats:main():compute-mfcc-feats.cc:178) Processed features for key jxm05_st1289_trn
VLOG[2] (compute-mfcc-feats:main():compute-mfcc-feats.cc:178) Processed features for key jxm05_st1376_trn
VLOG[2] (compute-mfcc-feats:main():compute-mfcc-feats.cc:178) Processed features for key jxm05_st1482_trn
VLOG[2] (compute-mfcc-feats:main():compute-mfcc-feats.cc:178) Processed features for key jxm05_st1595_trn
VLOG[2] (compute-mfcc-feats:main():compute-mfcc-feats.cc:178) Processed features for key jxm05_st1679_trn
LOG (compute-mfcc-feats:main():compute-mfcc-feats.cc:177) Processed 280 utterances
VLOG[2] (compute-mfcc-feats:main():compute-mfcc-feats.cc:178) Processed features for key jxm05_st1775_trn
VLOG[2] (compute-mfcc-feats:main():compute-mfcc-feats.cc:178) Processed features for key jxm05_st1852_trn
VLOG[2] (compute-mfcc-feats:main():compute-mfcc-feats.cc:178) Processed features for key jxm05_st1937_trn
VLOG[2] (compute-mfcc-feats:main():compute-mfcc-feats.cc:178) Processed features for key jxm05_st2023_trn
VLOG[2] (compute-mfcc-feats:main():compute-mfcc-feats.cc:178) Processed features for key jxm05_st2112_trn
VLOG[2] (compute-mfcc-feats:main():compute-mfcc-feats.cc:178) Processed features for key jxm05_st2203_trn
VLOG[2] (compute-mfcc-feats:main():compute-mfcc-feats.cc:178) Processed features for key kes06_sr018_trn
VLOG[2] (compute-mfcc-feats:main():compute-mfcc-feats.cc:178) Processed features for key kes06_sr058_trn
VLOG[2] (compute-mfcc-feats:main():compute-mfcc-feats.cc:178) Processed features for key kes06_sr098_trn
VLOG[2] (compute-mfcc-feats:main():compute-mfcc-feats.cc:178) Processed features for key kes06_sr138_trn
LOG (compute-mfcc-feats:main():compute-mfcc-feats.cc:177) Processed 290 utterances
VLOG[2] (compute-mfcc-feats:main():compute-mfcc-feats.cc:178) Processed features for key kes06_sr178_trn
VLOG[2] (compute-mfcc-feats:main():compute-mfcc-feats.cc:178) Processed features for key kes06_sr218_trn
VLOG[2] (compute-mfcc-feats:main():compute-mfcc-feats.cc:178) Processed features for key kes06_sr258_trn
VLOG[2] (compute-mfcc-feats:main():compute-mfcc-feats.cc:178) Processed features for key kes06_sr298_trn
VLOG[2] (compute-mfcc-feats:main():compute-mfcc-feats.cc:178) Processed features for key kes06_sr338_trn
VLOG[2] (compute-mfcc-feats:main():compute-mfcc-feats.cc:178) Processed features for key kes06_sr378_trn
VLOG[2] (compute-mfcc-feats:main():compute-mfcc-feats.cc:178) Processed features for key kes06_sr418_trn
VLOG[2] (compute-mfcc-feats:main():compute-mfcc-feats.cc:178) Processed features for key kes06_sr458_trn
VLOG[2] (compute-mfcc-feats:main():compute-mfcc-feats.cc:178) Processed features for key kes06_sr498_trn
VLOG[2] (compute-mfcc-feats:main():compute-mfcc-feats.cc:178) Processed features for key kes06_sr538_trn
LOG (compute-mfcc-feats:main():compute-mfcc-feats.cc:177) Processed 300 utterances
VLOG[2] (compute-mfcc-feats:main():compute-mfcc-feats.cc:178) Processed features for key kes06_sr578_trn
VLOG[2] (compute-mfcc-feats:main():compute-mfcc-feats.cc:178) Processed features for key kes06_st0040_trn
VLOG[2] (compute-mfcc-feats:main():compute-mfcc-feats.cc:178) Processed features for key kes06_st0119_trn
VLOG[2] (compute-mfcc-feats:main():compute-mfcc-feats.cc:178) Processed features for key kes06_st0211_trn
VLOG[2] (compute-mfcc-feats:main():compute-mfcc-feats.cc:178) Processed features for key kes06_st0287_trn
VLOG[2] (compute-mfcc-feats:main():compute-mfcc-feats.cc:178) Processed features for key kes06_st0374_trn
VLOG[2] (compute-mfcc-feats:main():compute-mfcc-feats.cc:178) Processed features for key kes06_st0460_trn
VLOG[2] (compute-mfcc-feats:main():compute-mfcc-feats.cc:178) Processed features for key kes06_st0548_trn
VLOG[2] (compute-mfcc-feats:main():compute-mfcc-feats.cc:178) Processed features for key kes06_st0639_trn
VLOG[2] (compute-mfcc-feats:main():compute-mfcc-feats.cc:178) Processed features for key kes06_st0738_trn
LOG (compute-mfcc-feats:main():compute-mfcc-feats.cc:177) Processed 310 utterances
VLOG[2] (compute-mfcc-feats:main():compute-mfcc-feats.cc:178) Processed features for key kes06_st0824_trn
VLOG[2] (compute-mfcc-feats:main():compute-mfcc-feats.cc:178) Processed features for key kes06_st0918_trn
VLOG[2] (compute-mfcc-feats:main():compute-mfcc-feats.cc:178) Processed features for key kes06_st1011_trn
VLOG[2] (compute-mfcc-feats:main():compute-mfcc-feats.cc:178) Processed features for key kes06_st1113_trn
VLOG[2] (compute-mfcc-feats:main():compute-mfcc-feats.cc:178) Processed features for key kes06_st1197_trn
VLOG[2] (compute-mfcc-feats:main():compute-mfcc-feats.cc:178) Processed features for key kes06_st1274_trn
VLOG[2] (compute-mfcc-feats:main():compute-mfcc-feats.cc:178) Processed features for key kes06_st1362_trn
VLOG[2] (compute-mfcc-feats:main():compute-mfcc-feats.cc:178) Processed features for key kes06_st1471_trn
VLOG[2] (compute-mfcc-feats:main():compute-mfcc-feats.cc:178) Processed features for key kes06_st1574_trn
VLOG[2] (compute-mfcc-feats:main():compute-mfcc-feats.cc:178) Processed features for key kes06_st1669_trn
LOG (compute-mfcc-feats:main():compute-mfcc-feats.cc:177) Processed 320 utterances
VLOG[2] (compute-mfcc-feats:main():compute-mfcc-feats.cc:178) Processed features for key kes06_st1757_trn
VLOG[2] (compute-mfcc-feats:main():compute-mfcc-feats.cc:178) Processed features for key kes06_st1842_trn
VLOG[2] (compute-mfcc-feats:main():compute-mfcc-feats.cc:178) Processed features for key kes06_st1926_trn
VLOG[2] (compute-mfcc-feats:main():compute-mfcc-feats.cc:178) Processed features for key kes06_st2012_trn
VLOG[2] (compute-mfcc-feats:main():compute-mfcc-feats.cc:178) Processed features for key kes06_st2093_trn
VLOG[2] (compute-mfcc-feats:main():compute-mfcc-feats.cc:178) Processed features for key kes06_st2193_trn
VLOG[2] (compute-mfcc-feats:main():compute-mfcc-feats.cc:178) Processed features for key kkh05_sr002_trn
VLOG[2] (compute-mfcc-feats:main():compute-mfcc-feats.cc:178) Processed features for key kkh05_sr042_trn
VLOG[2] (compute-mfcc-feats:main():compute-mfcc-feats.cc:178) Processed features for key kkh05_sr082_trn
VLOG[2] (compute-mfcc-feats:main():compute-mfcc-feats.cc:178) Processed features for key kkh05_sr122_trn
LOG (compute-mfcc-feats:main():compute-mfcc-feats.cc:177) Processed 330 utterances
VLOG[2] (compute-mfcc-feats:main():compute-mfcc-feats.cc:178) Processed features for key kkh05_sr162_trn
VLOG[2] (compute-mfcc-feats:main():compute-mfcc-feats.cc:178) Processed features for key kkh05_sr202_trn
VLOG[2] (compute-mfcc-feats:main():compute-mfcc-feats.cc:178) Processed features for key kkh05_sr242_trn
VLOG[2] (compute-mfcc-feats:main():compute-mfcc-feats.cc:178) Processed features for key kkh05_sr282_trn
VLOG[2] (compute-mfcc-feats:main():compute-mfcc-feats.cc:178) Processed features for key kkh05_sr322_trn
VLOG[2] (compute-mfcc-feats:main():compute-mfcc-feats.cc:178) Processed features for key kkh05_sr362_trn
VLOG[2] (compute-mfcc-feats:main():compute-mfcc-feats.cc:178) Processed features for key kkh05_sr402_trn
VLOG[2] (compute-mfcc-feats:main():compute-mfcc-feats.cc:178) Processed features for key kkh05_sr442_trn
VLOG[2] (compute-mfcc-feats:main():compute-mfcc-feats.cc:178) Processed features for key kkh05_sr482_trn
VLOG[2] (compute-mfcc-feats:main():compute-mfcc-feats.cc:178) Processed features for key kkh05_sr522_trn
LOG (compute-mfcc-feats:main():compute-mfcc-feats.cc:177) Processed 340 utterances
VLOG[2] (compute-mfcc-feats:main():compute-mfcc-feats.cc:178) Processed features for key kkh05_sr562_trn
VLOG[2] (compute-mfcc-feats:main():compute-mfcc-feats.cc:178) Processed features for key kkh05_st0003_trn
VLOG[2] (compute-mfcc-feats:main():compute-mfcc-feats.cc:178) Processed features for key kkh05_st0082_trn
VLOG[2] (compute-mfcc-feats:main():compute-mfcc-feats.cc:178) Processed features for key kkh05_st0167_trn
VLOG[2] (compute-mfcc-feats:main():compute-mfcc-feats.cc:178) Processed features for key kkh05_st0259_trn
VLOG[2] (compute-mfcc-feats:main():compute-mfcc-feats.cc:178) Processed features for key kkh05_st0342_trn
VLOG[2] (compute-mfcc-feats:main():compute-mfcc-feats.cc:178) Processed features for key kkh05_st0427_trn
VLOG[2] (compute-mfcc-feats:main():compute-mfcc-feats.cc:178) Processed features for key kkh05_st0513_trn
VLOG[2] (compute-mfcc-feats:main():compute-mfcc-feats.cc:178) Processed features for key kkh05_st0608_trn
VLOG[2] (compute-mfcc-feats:main():compute-mfcc-feats.cc:178) Processed features for key kkh05_st0706_trn
LOG (compute-mfcc-feats:main():compute-mfcc-feats.cc:177) Processed 350 utterances
VLOG[2] (compute-mfcc-feats:main():compute-mfcc-feats.cc:178) Processed features for key kkh05_st0793_trn
VLOG[2] (compute-mfcc-feats:main():compute-mfcc-feats.cc:178) Processed features for key kkh05_st0883_trn
VLOG[2] (compute-mfcc-feats:main():compute-mfcc-feats.cc:178) Processed features for key kkh05_st0974_trn
VLOG[2] (compute-mfcc-feats:main():compute-mfcc-feats.cc:178) Processed features for key kkh05_st1071_trn
VLOG[2] (compute-mfcc-feats:main():compute-mfcc-feats.cc:178) Processed features for key kkh05_st1165_trn
VLOG[2] (compute-mfcc-feats:main():compute-mfcc-feats.cc:178) Processed features for key kkh05_st1244_trn
VLOG[2] (compute-mfcc-feats:main():compute-mfcc-feats.cc:178) Processed features for key kkh05_st1331_trn
VLOG[2] (compute-mfcc-feats:main():compute-mfcc-feats.cc:178) Processed features for key kkh05_st1428_trn
VLOG[2] (compute-mfcc-feats:main():compute-mfcc-feats.cc:178) Processed features for key kkh05_st1527_trn
VLOG[2] (compute-mfcc-feats:main():compute-mfcc-feats.cc:178) Processed features for key kkh05_st1637_trn
LOG (compute-mfcc-feats:main():compute-mfcc-feats.cc:177) Processed 360 utterances
VLOG[2] (compute-mfcc-feats:main():compute-mfcc-feats.cc:178) Processed features for key kkh05_st1724_trn
VLOG[2] (compute-mfcc-feats:main():compute-mfcc-feats.cc:178) Processed features for key kkh05_st1810_trn
VLOG[2] (compute-mfcc-feats:main():compute-mfcc-feats.cc:178) Processed features for key kkh05_st1893_trn
VLOG[2] (compute-mfcc-feats:main():compute-mfcc-feats.cc:178) Processed features for key kkh05_st1980_trn
VLOG[2] (compute-mfcc-feats:main():compute-mfcc-feats.cc:178) Processed features for key kkh05_st2053_trn
VLOG[2] (compute-mfcc-feats:main():compute-mfcc-feats.cc:178) Processed features for key kkh05_st2146_trn
VLOG[2] (compute-mfcc-feats:main():compute-mfcc-feats.cc:178) Processed features for key lag06_st0035_trn
VLOG[2] (compute-mfcc-feats:main():compute-mfcc-feats.cc:178) Processed features for key lag06_st0121_trn
VLOG[2] (compute-mfcc-feats:main():compute-mfcc-feats.cc:178) Processed features for key lag06_st0201_trn
VLOG[2] (compute-mfcc-feats:main():compute-mfcc-feats.cc:178) Processed features for key lag06_st0295_trn
LOG (compute-mfcc-feats:main():compute-mfcc-feats.cc:177) Processed 370 utterances
VLOG[2] (compute-mfcc-feats:main():compute-mfcc-feats.cc:178) Processed features for key lag06_st0355_trn
VLOG[2] (compute-mfcc-feats:main():compute-mfcc-feats.cc:178) Processed features for key lag06_st0446_trn
VLOG[2] (compute-mfcc-feats:main():compute-mfcc-feats.cc:178) Processed features for key lag06_st0520_trn
VLOG[2] (compute-mfcc-feats:main():compute-mfcc-feats.cc:178) Processed features for key lag06_st0600_trn
VLOG[2] (compute-mfcc-feats:main():compute-mfcc-feats.cc:178) Processed features for key lag06_st0669_trn
VLOG[2] (compute-mfcc-feats:main():compute-mfcc-feats.cc:178) Processed features for key lag06_st0727_trn
VLOG[2] (compute-mfcc-feats:main():compute-mfcc-feats.cc:178) Processed features for key lag06_st0801_trn
VLOG[2] (compute-mfcc-feats:main():compute-mfcc-feats.cc:178) Processed features for key lag06_st0863_trn
VLOG[2] (compute-mfcc-feats:main():compute-mfcc-feats.cc:178) Processed features for key lag06_st0931_trn
VLOG[2] (compute-mfcc-feats:main():compute-mfcc-feats.cc:178) Processed features for key lag06_st0993_trn
LOG (compute-mfcc-feats:main():compute-mfcc-feats.cc:177) Processed 380 utterances
VLOG[2] (compute-mfcc-feats:main():compute-mfcc-feats.cc:178) Processed features for key lag06_st1074_trn
VLOG[2] (compute-mfcc-feats:main():compute-mfcc-feats.cc:178) Processed features for key lag06_st1129_trn
VLOG[2] (compute-mfcc-feats:main():compute-mfcc-feats.cc:178) Processed features for key lag06_st1230_trn
VLOG[2] (compute-mfcc-feats:main():compute-mfcc-feats.cc:178) Processed features for key lag06_st1293_trn
VLOG[2] (compute-mfcc-feats:main():compute-mfcc-feats.cc:178) Processed features for key lag06_st1365_trn
VLOG[2] (compute-mfcc-feats:main():compute-mfcc-feats.cc:178) Processed features for key lag06_st1422_trn
VLOG[2] (compute-mfcc-feats:main():compute-mfcc-feats.cc:178) Processed features for key lag06_st1503_trn
VLOG[2] (compute-mfcc-feats:main():compute-mfcc-feats.cc:178) Processed features for key lag06_st1562_trn
VLOG[2] (compute-mfcc-feats:main():compute-mfcc-feats.cc:178) Processed features for key lag06_st1631_trn
VLOG[2] (compute-mfcc-feats:main():compute-mfcc-feats.cc:178) Processed features for key lag06_st1710_trn
LOG (compute-mfcc-feats:main():compute-mfcc-feats.cc:177) Processed 390 utterances
VLOG[2] (compute-mfcc-feats:main():compute-mfcc-feats.cc:178) Processed features for key lag06_st1779_trn
VLOG[2] (compute-mfcc-feats:main():compute-mfcc-feats.cc:178) Processed features for key lag06_st1866_trn
VLOG[2] (compute-mfcc-feats:main():compute-mfcc-feats.cc:178) Processed features for key lag06_st1941_trn
VLOG[2] (compute-mfcc-feats:main():compute-mfcc-feats.cc:178) Processed features for key lag06_st2009_trn
VLOG[2] (compute-mfcc-feats:main():compute-mfcc-feats.cc:178) Processed features for key lag06_st2118_trn
VLOG[2] (compute-mfcc-feats:main():compute-mfcc-feats.cc:178) Processed features for key lag06_st2189_trn
VLOG[2] (compute-mfcc-feats:main():compute-mfcc-feats.cc:178) Processed features for key lih05_sr006_trn
VLOG[2] (compute-mfcc-feats:main():compute-mfcc-feats.cc:178) Processed features for key lih05_sr046_trn
VLOG[2] (compute-mfcc-feats:main():compute-mfcc-feats.cc:178) Processed features for key lih05_sr086_trn
VLOG[2] (compute-mfcc-feats:main():compute-mfcc-feats.cc:178) Processed features for key lih05_sr126_trn
LOG (compute-mfcc-feats:main():compute-mfcc-feats.cc:177) Processed 400 utterances
VLOG[2] (compute-mfcc-feats:main():compute-mfcc-feats.cc:178) Processed features for key lih05_sr166_trn
VLOG[2] (compute-mfcc-feats:main():compute-mfcc-feats.cc:178) Processed features for key lih05_sr206_trn
VLOG[2] (compute-mfcc-feats:main():compute-mfcc-feats.cc:178) Processed features for key lih05_sr246_trn
VLOG[2] (compute-mfcc-feats:main():compute-mfcc-feats.cc:178) Processed features for key lih05_sr286_trn
VLOG[2] (compute-mfcc-feats:main():compute-mfcc-feats.cc:178) Processed features for key lih05_sr326_trn
VLOG[2] (compute-mfcc-feats:main():compute-mfcc-feats.cc:178) Processed features for key lih05_sr366_trn
VLOG[2] (compute-mfcc-feats:main():compute-mfcc-feats.cc:178) Processed features for key lih05_sr406_trn
VLOG[2] (compute-mfcc-feats:main():compute-mfcc-feats.cc:178) Processed features for key lih05_sr446_trn
VLOG[2] (compute-mfcc-feats:main():compute-mfcc-feats.cc:178) Processed features for key lih05_sr486_trn
VLOG[2] (compute-mfcc-feats:main():compute-mfcc-feats.cc:178) Processed features for key lih05_sr526_trn
LOG (compute-mfcc-feats:main():compute-mfcc-feats.cc:177) Processed 410 utterances
VLOG[2] (compute-mfcc-feats:main():compute-mfcc-feats.cc:178) Processed features for key lih05_sr566_trn
VLOG[2] (compute-mfcc-feats:main():compute-mfcc-feats.cc:178) Processed features for key lih05_st0012_trn
VLOG[2] (compute-mfcc-feats:main():compute-mfcc-feats.cc:178) Processed features for key lih05_st0092_trn
VLOG[2] (compute-mfcc-feats:main():compute-mfcc-feats.cc:178) Processed features for key lih05_st0179_trn
VLOG[2] (compute-mfcc-feats:main():compute-mfcc-feats.cc:178) Processed features for key lih05_st0264_trn
VLOG[2] (compute-mfcc-feats:main():compute-mfcc-feats.cc:178) Processed features for key lih05_st0353_trn
VLOG[2] (compute-mfcc-feats:main():compute-mfcc-feats.cc:178) Processed features for key lih05_st0432_trn
VLOG[2] (compute-mfcc-feats:main():compute-mfcc-feats.cc:178) Processed features for key lih05_st0524_trn
VLOG[2] (compute-mfcc-feats:main():compute-mfcc-feats.cc:178) Processed features for key lih05_st0620_trn
VLOG[2] (compute-mfcc-feats:main():compute-mfcc-feats.cc:178) Processed features for key lih05_st0720_trn
LOG (compute-mfcc-feats:main():compute-mfcc-feats.cc:177) Processed 420 utterances
VLOG[2] (compute-mfcc-feats:main():compute-mfcc-feats.cc:178) Processed features for key lih05_st0800_trn
VLOG[2] (compute-mfcc-feats:main():compute-mfcc-feats.cc:178) Processed features for key lih05_st0892_trn
VLOG[2] (compute-mfcc-feats:main():compute-mfcc-feats.cc:178) Processed features for key lih05_st0980_trn
VLOG[2] (compute-mfcc-feats:main():compute-mfcc-feats.cc:178) Processed features for key lih05_st1082_trn
VLOG[2] (compute-mfcc-feats:main():compute-mfcc-feats.cc:178) Processed features for key lih05_st1173_trn
VLOG[2] (compute-mfcc-feats:main():compute-mfcc-feats.cc:178) Processed features for key lih05_st1249_trn
VLOG[2] (compute-mfcc-feats:main():compute-mfcc-feats.cc:178) Processed features for key lih05_st1344_trn
VLOG[2] (compute-mfcc-feats:main():compute-mfcc-feats.cc:178) Processed features for key lih05_st1433_trn
VLOG[2] (compute-mfcc-feats:main():compute-mfcc-feats.cc:178) Processed features for key lih05_st1534_trn
VLOG[2] (compute-mfcc-feats:main():compute-mfcc-feats.cc:178) Processed features for key lih05_st1645_trn
LOG (compute-mfcc-feats:main():compute-mfcc-feats.cc:177) Processed 430 utterances
VLOG[2] (compute-mfcc-feats:main():compute-mfcc-feats.cc:178) Processed features for key lih05_st1730_trn
VLOG[2] (compute-mfcc-feats:main():compute-mfcc-feats.cc:178) Processed features for key lih05_st1820_trn
VLOG[2] (compute-mfcc-feats:main():compute-mfcc-feats.cc:178) Processed features for key lih05_st1898_trn
VLOG[2] (compute-mfcc-feats:main():compute-mfcc-feats.cc:178) Processed features for key lih05_st1991_trn
VLOG[2] (compute-mfcc-feats:main():compute-mfcc-feats.cc:178) Processed features for key lih05_st2061_trn
VLOG[2] (compute-mfcc-feats:main():compute-mfcc-feats.cc:178) Processed features for key lih05_st2160_trn
VLOG[2] (compute-mfcc-feats:main():compute-mfcc-feats.cc:178) Processed features for key ljc04_sr024_trn
VLOG[2] (compute-mfcc-feats:main():compute-mfcc-feats.cc:178) Processed features for key ljc04_sr064_trn
VLOG[2] (compute-mfcc-feats:main():compute-mfcc-feats.cc:178) Processed features for key ljc04_sr104_trn
VLOG[2] (compute-mfcc-feats:main():compute-mfcc-feats.cc:178) Processed features for key ljc04_sr144_trn
LOG (compute-mfcc-feats:main():compute-mfcc-feats.cc:177) Processed 440 utterances
VLOG[2] (compute-mfcc-feats:main():compute-mfcc-feats.cc:178) Processed features for key ljc04_sr184_trn
VLOG[2] (compute-mfcc-feats:main():compute-mfcc-feats.cc:178) Processed features for key ljc04_sr224_trn
VLOG[2] (compute-mfcc-feats:main():compute-mfcc-feats.cc:178) Processed features for key ljc04_sr264_trn
VLOG[2] (compute-mfcc-feats:main():compute-mfcc-feats.cc:178) Processed features for key ljc04_sr304_trn
VLOG[2] (compute-mfcc-feats:main():compute-mfcc-feats.cc:178) Processed features for key ljc04_sr344_trn
VLOG[2] (compute-mfcc-feats:main():compute-mfcc-feats.cc:178) Processed features for key ljc04_sr384_trn
VLOG[2] (compute-mfcc-feats:main():compute-mfcc-feats.cc:178) Processed features for key ljc04_sr424_trn
VLOG[2] (compute-mfcc-feats:main():compute-mfcc-feats.cc:178) Processed features for key ljc04_sr464_trn
VLOG[2] (compute-mfcc-feats:main():compute-mfcc-feats.cc:178) Processed features for key ljc04_sr504_trn
VLOG[2] (compute-mfcc-feats:main():compute-mfcc-feats.cc:178) Processed features for key ljc04_sr544_trn
LOG (compute-mfcc-feats:main():compute-mfcc-feats.cc:177) Processed 450 utterances
VLOG[2] (compute-mfcc-feats:main():compute-mfcc-feats.cc:178) Processed features for key ljc04_sr584_trn
VLOG[2] (compute-mfcc-feats:main():compute-mfcc-feats.cc:178) Processed features for key ljc04_st0047_trn
VLOG[2] (compute-mfcc-feats:main():compute-mfcc-feats.cc:178) Processed features for key ljc04_st0129_trn
VLOG[2] (compute-mfcc-feats:main():compute-mfcc-feats.cc:178) Processed features for key ljc04_st0221_trn
VLOG[2] (compute-mfcc-feats:main():compute-mfcc-feats.cc:178) Processed features for key ljc04_st0305_trn
VLOG[2] (compute-mfcc-feats:main():compute-mfcc-feats.cc:178) Processed features for key ljc04_st0385_trn
VLOG[2] (compute-mfcc-feats:main():compute-mfcc-feats.cc:178) Processed features for key ljc04_st0476_trn
VLOG[2] (compute-mfcc-feats:main():compute-mfcc-feats.cc:178) Processed features for key ljc04_st0561_trn
VLOG[2] (compute-mfcc-feats:main():compute-mfcc-feats.cc:178) Processed features for key ljc04_st0654_trn
VLOG[2] (compute-mfcc-feats:main():compute-mfcc-feats.cc:178) Processed features for key ljc04_st0745_trn
LOG (compute-mfcc-feats:main():compute-mfcc-feats.cc:177) Processed 460 utterances
VLOG[2] (compute-mfcc-feats:main():compute-mfcc-feats.cc:178) Processed features for key ljc04_st0835_trn
VLOG[2] (compute-mfcc-feats:main():compute-mfcc-feats.cc:178) Processed features for key ljc04_st0929_trn
VLOG[2] (compute-mfcc-feats:main():compute-mfcc-feats.cc:178) Processed features for key ljc04_st1022_trn
VLOG[2] (compute-mfcc-feats:main():compute-mfcc-feats.cc:178) Processed features for key ljc04_st1122_trn
VLOG[2] (compute-mfcc-feats:main():compute-mfcc-feats.cc:178) Processed features for key ljc04_st1208_trn
VLOG[2] (compute-mfcc-feats:main():compute-mfcc-feats.cc:178) Processed features for key ljc04_st1289_trn
VLOG[2] (compute-mfcc-feats:main():compute-mfcc-feats.cc:178) Processed features for key ljc04_st1376_trn
VLOG[2] (compute-mfcc-feats:main():compute-mfcc-feats.cc:178) Processed features for key ljc04_st1482_trn
VLOG[2] (compute-mfcc-feats:main():compute-mfcc-feats.cc:178) Processed features for key ljc04_st1595_trn
VLOG[2] (compute-mfcc-feats:main():compute-mfcc-feats.cc:178) Processed features for key ljc04_st1679_trn
LOG (compute-mfcc-feats:main():compute-mfcc-feats.cc:177) Processed 470 utterances
VLOG[2] (compute-mfcc-feats:main():compute-mfcc-feats.cc:178) Processed features for key ljc04_st1775_trn
VLOG[2] (compute-mfcc-feats:main():compute-mfcc-feats.cc:178) Processed features for key ljc04_st1852_trn
VLOG[2] (compute-mfcc-feats:main():compute-mfcc-feats.cc:178) Processed features for key ljc04_st1937_trn
VLOG[2] (compute-mfcc-feats:main():compute-mfcc-feats.cc:178) Processed features for key ljc04_st2023_trn
VLOG[2] (compute-mfcc-feats:main():compute-mfcc-feats.cc:178) Processed features for key ljc04_st2112_trn
VLOG[2] (compute-mfcc-feats:main():compute-mfcc-feats.cc:178) Processed features for key ljc04_st2203_trn
VLOG[2] (compute-mfcc-feats:main():compute-mfcc-feats.cc:178) Processed features for key ljd03_st0029_trn
VLOG[2] (compute-mfcc-feats:main():compute-mfcc-feats.cc:178) Processed features for key ljd03_st0118_trn
VLOG[2] (compute-mfcc-feats:main():compute-mfcc-feats.cc:178) Processed features for key ljd03_st0194_trn
VLOG[2] (compute-mfcc-feats:main():compute-mfcc-feats.cc:178) Processed features for key ljd03_st0283_trn
LOG (compute-mfcc-feats:main():compute-mfcc-feats.cc:177) Processed 480 utterances
VLOG[2] (compute-mfcc-feats:main():compute-mfcc-feats.cc:178) Processed features for key ljd03_st0352_trn
VLOG[2] (compute-mfcc-feats:main():compute-mfcc-feats.cc:178) Processed features for key ljd03_st0439_trn
VLOG[2] (compute-mfcc-feats:main():compute-mfcc-feats.cc:178) Processed features for key ljd03_st0519_trn
VLOG[2] (compute-mfcc-feats:main():compute-mfcc-feats.cc:178) Processed features for key ljd03_st0593_trn
VLOG[2] (compute-mfcc-feats:main():compute-mfcc-feats.cc:178) Processed features for key ljd03_st0663_trn
VLOG[2] (compute-mfcc-feats:main():compute-mfcc-feats.cc:178) Processed features for key ljd03_st0723_trn
VLOG[2] (compute-mfcc-feats:main():compute-mfcc-feats.cc:178) Processed features for key ljd03_st0792_trn
VLOG[2] (compute-mfcc-feats:main():compute-mfcc-feats.cc:178) Processed features for key ljd03_st0862_trn
VLOG[2] (compute-mfcc-feats:main():compute-mfcc-feats.cc:178) Processed features for key ljd03_st0930_trn
VLOG[2] (compute-mfcc-feats:main():compute-mfcc-feats.cc:178) Processed features for key ljd03_st0992_trn
LOG (compute-mfcc-feats:main():compute-mfcc-feats.cc:177) Processed 490 utterances
VLOG[2] (compute-mfcc-feats:main():compute-mfcc-feats.cc:178) Processed features for key ljd03_st1069_trn
VLOG[2] (compute-mfcc-feats:main():compute-mfcc-feats.cc:178) Processed features for key ljd03_st1126_trn
VLOG[2] (compute-mfcc-feats:main():compute-mfcc-feats.cc:178) Processed features for key ljd03_st1222_trn
VLOG[2] (compute-mfcc-feats:main():compute-mfcc-feats.cc:178) Processed features for key ljd03_st1290_trn
VLOG[2] (compute-mfcc-feats:main():compute-mfcc-feats.cc:178) Processed features for key ljd03_st1359_trn
VLOG[2] (compute-mfcc-feats:main():compute-mfcc-feats.cc:178) Processed features for key ljd03_st1420_trn
VLOG[2] (compute-mfcc-feats:main():compute-mfcc-feats.cc:178) Processed features for key ljd03_st1502_trn
VLOG[2] (compute-mfcc-feats:main():compute-mfcc-feats.cc:178) Processed features for key ljd03_st1560_trn
VLOG[2] (compute-mfcc-feats:main():compute-mfcc-feats.cc:178) Processed features for key ljd03_st1629_trn
VLOG[2] (compute-mfcc-feats:main():compute-mfcc-feats.cc:178) Processed features for key ljd03_st1699_trn
LOG (compute-mfcc-feats:main():compute-mfcc-feats.cc:181)  Done 499 out of 499 utterances.
LOG (copy-feats:main():copy-feats.cc:120) Copied 499 feature matrices.
# Accounting: time=29 threads=1
# Ended (code 0) at Sat Sep 10 03:55:33 PDT 2016, elapsed time 29 seconds
