# compute-mfcc-feats --verbose=2 --config=conf/mfcc.conf scp,p:exp/make_mfcc/train/wav_train.2.scp ark:- | copy-feats --compress=true ark:- ark,scp:/home/rb/Documents/ICT/speech_recognition/featdir/rm_mfccdir/raw_mfcc_train.2.ark,/home/rb/Documents/ICT/speech_recognition/featdir/rm_mfccdir/raw_mfcc_train.2.scp 
# Started at Sat Sep 10 03:54:35 PDT 2016
#
copy-feats --compress=true ark:- ark,scp:/home/rb/Documents/ICT/speech_recognition/featdir/rm_mfccdir/raw_mfcc_train.2.ark,/home/rb/Documents/ICT/speech_recognition/featdir/rm_mfccdir/raw_mfcc_train.2.scp 
compute-mfcc-feats --verbose=2 --config=conf/mfcc.conf scp,p:exp/make_mfcc/train/wav_train.2.scp ark:- 
VLOG[2] (compute-mfcc-feats:main():compute-mfcc-feats.cc:178) Processed features for key bns04_st0371_trn
VLOG[2] (compute-mfcc-feats:main():compute-mfcc-feats.cc:178) Processed features for key bns04_st0456_trn
VLOG[2] (compute-mfcc-feats:main():compute-mfcc-feats.cc:178) Processed features for key bns04_st0544_trn
VLOG[2] (compute-mfcc-feats:main():compute-mfcc-feats.cc:178) Processed features for key bns04_st0637_trn
VLOG[2] (compute-mfcc-feats:main():compute-mfcc-feats.cc:178) Processed features for key bns04_st0736_trn
VLOG[2] (compute-mfcc-feats:main():compute-mfcc-feats.cc:178) Processed features for key bns04_st0821_trn
VLOG[2] (compute-mfcc-feats:main():compute-mfcc-feats.cc:178) Processed features for key bns04_st0916_trn
VLOG[2] (compute-mfcc-feats:main():compute-mfcc-feats.cc:178) Processed features for key bns04_st1009_trn
VLOG[2] (compute-mfcc-feats:main():compute-mfcc-feats.cc:178) Processed features for key bns04_st1111_trn
LOG (compute-mfcc-feats:main():compute-mfcc-feats.cc:177) Processed 10 utterances
VLOG[2] (compute-mfcc-feats:main():compute-mfcc-feats.cc:178) Processed features for key bns04_st1195_trn
VLOG[2] (compute-mfcc-feats:main():compute-mfcc-feats.cc:178) Processed features for key bns04_st1268_trn
VLOG[2] (compute-mfcc-feats:main():compute-mfcc-feats.cc:178) Processed features for key bns04_st1360_trn
VLOG[2] (compute-mfcc-feats:main():compute-mfcc-feats.cc:178) Processed features for key bns04_st1468_trn
VLOG[2] (compute-mfcc-feats:main():compute-mfcc-feats.cc:178) Processed features for key bns04_st1571_trn
VLOG[2] (compute-mfcc-feats:main():compute-mfcc-feats.cc:178) Processed features for key bns04_st1667_trn
VLOG[2] (compute-mfcc-feats:main():compute-mfcc-feats.cc:178) Processed features for key bns04_st1751_trn
VLOG[2] (compute-mfcc-feats:main():compute-mfcc-feats.cc:178) Processed features for key bns04_st1839_trn
VLOG[2] (compute-mfcc-feats:main():compute-mfcc-feats.cc:178) Processed features for key bns04_st1921_trn
VLOG[2] (compute-mfcc-feats:main():compute-mfcc-feats.cc:178) Processed features for key bns04_st2010_trn
LOG (compute-mfcc-feats:main():compute-mfcc-feats.cc:177) Processed 20 utterances
VLOG[2] (compute-mfcc-feats:main():compute-mfcc-feats.cc:178) Processed features for key bns04_st2087_trn
VLOG[2] (compute-mfcc-feats:main():compute-mfcc-feats.cc:178) Processed features for key bns04_st2183_trn
VLOG[2] (compute-mfcc-feats:main():compute-mfcc-feats.cc:178) Processed features for key bom07_sr038_trn
VLOG[2] (compute-mfcc-feats:main():compute-mfcc-feats.cc:178) Processed features for key bom07_sr078_trn
VLOG[2] (compute-mfcc-feats:main():compute-mfcc-feats.cc:178) Processed features for key bom07_sr118_trn
VLOG[2] (compute-mfcc-feats:main():compute-mfcc-feats.cc:178) Processed features for key bom07_sr158_trn
VLOG[2] (compute-mfcc-feats:main():compute-mfcc-feats.cc:178) Processed features for key bom07_sr198_trn
VLOG[2] (compute-mfcc-feats:main():compute-mfcc-feats.cc:178) Processed features for key bom07_sr238_trn
VLOG[2] (compute-mfcc-feats:main():compute-mfcc-feats.cc:178) Processed features for key bom07_sr278_trn
VLOG[2] (compute-mfcc-feats:main():compute-mfcc-feats.cc:178) Processed features for key bom07_sr318_trn
LOG (compute-mfcc-feats:main():compute-mfcc-feats.cc:177) Processed 30 utterances
VLOG[2] (compute-mfcc-feats:main():compute-mfcc-feats.cc:178) Processed features for key bom07_sr358_trn
VLOG[2] (compute-mfcc-feats:main():compute-mfcc-feats.cc:178) Processed features for key bom07_sr398_trn
VLOG[2] (compute-mfcc-feats:main():compute-mfcc-feats.cc:178) Processed features for key bom07_sr438_trn
VLOG[2] (compute-mfcc-feats:main():compute-mfcc-feats.cc:178) Processed features for key bom07_sr478_trn
VLOG[2] (compute-mfcc-feats:main():compute-mfcc-feats.cc:178) Processed features for key bom07_sr518_trn
VLOG[2] (compute-mfcc-feats:main():compute-mfcc-feats.cc:178) Processed features for key bom07_sr558_trn
VLOG[2] (compute-mfcc-feats:main():compute-mfcc-feats.cc:178) Processed features for key bom07_sr598_trn
VLOG[2] (compute-mfcc-feats:main():compute-mfcc-feats.cc:178) Processed features for key bom07_st0077_trn
VLOG[2] (compute-mfcc-feats:main():compute-mfcc-feats.cc:178) Processed features for key bom07_st0159_trn
VLOG[2] (compute-mfcc-feats:main():compute-mfcc-feats.cc:178) Processed features for key bom07_st0250_trn
LOG (compute-mfcc-feats:main():compute-mfcc-feats.cc:177) Processed 40 utterances
VLOG[2] (compute-mfcc-feats:main():compute-mfcc-feats.cc:178) Processed features for key bom07_st0334_trn
VLOG[2] (compute-mfcc-feats:main():compute-mfcc-feats.cc:178) Processed features for key bom07_st0415_trn
VLOG[2] (compute-mfcc-feats:main():compute-mfcc-feats.cc:178) Processed features for key bom07_st0503_trn
VLOG[2] (compute-mfcc-feats:main():compute-mfcc-feats.cc:178) Processed features for key bom07_st0599_trn
VLOG[2] (compute-mfcc-feats:main():compute-mfcc-feats.cc:178) Processed features for key bom07_st0691_trn
VLOG[2] (compute-mfcc-feats:main():compute-mfcc-feats.cc:178) Processed features for key bom07_st0786_trn
VLOG[2] (compute-mfcc-feats:main():compute-mfcc-feats.cc:178) Processed features for key bom07_st0876_trn
VLOG[2] (compute-mfcc-feats:main():compute-mfcc-feats.cc:178) Processed features for key bom07_st0966_trn
VLOG[2] (compute-mfcc-feats:main():compute-mfcc-feats.cc:178) Processed features for key bom07_st1060_trn
VLOG[2] (compute-mfcc-feats:main():compute-mfcc-feats.cc:178) Processed features for key bom07_st1155_trn
LOG (compute-mfcc-feats:main():compute-mfcc-feats.cc:177) Processed 50 utterances
VLOG[2] (compute-mfcc-feats:main():compute-mfcc-feats.cc:178) Processed features for key bom07_st1235_trn
VLOG[2] (compute-mfcc-feats:main():compute-mfcc-feats.cc:178) Processed features for key bom07_st1324_trn
VLOG[2] (compute-mfcc-feats:main():compute-mfcc-feats.cc:178) Processed features for key bom07_st1417_trn
VLOG[2] (compute-mfcc-feats:main():compute-mfcc-feats.cc:178) Processed features for key bom07_st1511_trn
VLOG[2] (compute-mfcc-feats:main():compute-mfcc-feats.cc:178) Processed features for key bom07_st1624_trn
VLOG[2] (compute-mfcc-feats:main():compute-mfcc-feats.cc:178) Processed features for key bom07_st1705_trn
VLOG[2] (compute-mfcc-feats:main():compute-mfcc-feats.cc:178) Processed features for key bom07_st1803_trn
VLOG[2] (compute-mfcc-feats:main():compute-mfcc-feats.cc:178) Processed features for key bom07_st1887_trn
VLOG[2] (compute-mfcc-feats:main():compute-mfcc-feats.cc:178) Processed features for key bom07_st1970_trn
VLOG[2] (compute-mfcc-feats:main():compute-mfcc-feats.cc:178) Processed features for key bom07_st2048_trn
LOG (compute-mfcc-feats:main():compute-mfcc-feats.cc:177) Processed 60 utterances
VLOG[2] (compute-mfcc-feats:main():compute-mfcc-feats.cc:178) Processed features for key bom07_st2139_trn
VLOG[2] (compute-mfcc-feats:main():compute-mfcc-feats.cc:178) Processed features for key bom07_st2233_trn
VLOG[2] (compute-mfcc-feats:main():compute-mfcc-feats.cc:178) Processed features for key bpm05_st0064_trn
VLOG[2] (compute-mfcc-feats:main():compute-mfcc-feats.cc:178) Processed features for key bpm05_st0148_trn
VLOG[2] (compute-mfcc-feats:main():compute-mfcc-feats.cc:178) Processed features for key bpm05_st0222_trn
VLOG[2] (compute-mfcc-feats:main():compute-mfcc-feats.cc:178) Processed features for key bpm05_st0304_trn
VLOG[2] (compute-mfcc-feats:main():compute-mfcc-feats.cc:178) Processed features for key bpm05_st0381_trn
VLOG[2] (compute-mfcc-feats:main():compute-mfcc-feats.cc:178) Processed features for key bpm05_st0468_trn
VLOG[2] (compute-mfcc-feats:main():compute-mfcc-feats.cc:178) Processed features for key bpm05_st0531_trn
VLOG[2] (compute-mfcc-feats:main():compute-mfcc-feats.cc:178) Processed features for key bpm05_st0615_trn
LOG (compute-mfcc-feats:main():compute-mfcc-feats.cc:177) Processed 70 utterances
VLOG[2] (compute-mfcc-feats:main():compute-mfcc-feats.cc:178) Processed features for key bpm05_st0685_trn
VLOG[2] (compute-mfcc-feats:main():compute-mfcc-feats.cc:178) Processed features for key bpm05_st0751_trn
VLOG[2] (compute-mfcc-feats:main():compute-mfcc-feats.cc:178) Processed features for key bpm05_st0833_trn
VLOG[2] (compute-mfcc-feats:main():compute-mfcc-feats.cc:178) Processed features for key bpm05_st0880_trn
VLOG[2] (compute-mfcc-feats:main():compute-mfcc-feats.cc:178) Processed features for key bpm05_st0951_trn
VLOG[2] (compute-mfcc-feats:main():compute-mfcc-feats.cc:178) Processed features for key bpm05_st1036_trn
VLOG[2] (compute-mfcc-feats:main():compute-mfcc-feats.cc:178) Processed features for key bpm05_st1083_trn
VLOG[2] (compute-mfcc-feats:main():compute-mfcc-feats.cc:178) Processed features for key bpm05_st1154_trn
VLOG[2] (compute-mfcc-feats:main():compute-mfcc-feats.cc:178) Processed features for key bpm05_st1239_trn
VLOG[2] (compute-mfcc-feats:main():compute-mfcc-feats.cc:178) Processed features for key bpm05_st1303_trn
LOG (compute-mfcc-feats:main():compute-mfcc-feats.cc:177) Processed 80 utterances
VLOG[2] (compute-mfcc-feats:main():compute-mfcc-feats.cc:178) Processed features for key bpm05_st1381_trn
VLOG[2] (compute-mfcc-feats:main():compute-mfcc-feats.cc:178) Processed features for key bpm05_st1446_trn
VLOG[2] (compute-mfcc-feats:main():compute-mfcc-feats.cc:178) Processed features for key bpm05_st1519_trn
VLOG[2] (compute-mfcc-feats:main():compute-mfcc-feats.cc:178) Processed features for key bpm05_st1586_trn
VLOG[2] (compute-mfcc-feats:main():compute-mfcc-feats.cc:178) Processed features for key bpm05_st1650_trn
VLOG[2] (compute-mfcc-feats:main():compute-mfcc-feats.cc:178) Processed features for key bpm05_st1729_trn
VLOG[2] (compute-mfcc-feats:main():compute-mfcc-feats.cc:178) Processed features for key bpm05_st1798_trn
VLOG[2] (compute-mfcc-feats:main():compute-mfcc-feats.cc:178) Processed features for key bpm05_st1879_trn
VLOG[2] (compute-mfcc-feats:main():compute-mfcc-feats.cc:178) Processed features for key bpm05_st1957_trn
VLOG[2] (compute-mfcc-feats:main():compute-mfcc-feats.cc:178) Processed features for key bpm05_st2040_trn
LOG (compute-mfcc-feats:main():compute-mfcc-feats.cc:177) Processed 90 utterances
VLOG[2] (compute-mfcc-feats:main():compute-mfcc-feats.cc:178) Processed features for key bpm05_st2133_trn
VLOG[2] (compute-mfcc-feats:main():compute-mfcc-feats.cc:178) Processed features for key bpm05_st2210_trn
VLOG[2] (compute-mfcc-feats:main():compute-mfcc-feats.cc:178) Processed features for key bth07_st0009_trn
VLOG[2] (compute-mfcc-feats:main():compute-mfcc-feats.cc:178) Processed features for key bth07_st0097_trn
VLOG[2] (compute-mfcc-feats:main():compute-mfcc-feats.cc:178) Processed features for key bth07_st0183_trn
VLOG[2] (compute-mfcc-feats:main():compute-mfcc-feats.cc:178) Processed features for key bth07_st0252_trn
VLOG[2] (compute-mfcc-feats:main():compute-mfcc-feats.cc:178) Processed features for key bth07_st0335_trn
VLOG[2] (compute-mfcc-feats:main():compute-mfcc-feats.cc:178) Processed features for key bth07_st0404_trn
VLOG[2] (compute-mfcc-feats:main():compute-mfcc-feats.cc:178) Processed features for key bth07_st0493_trn
VLOG[2] (compute-mfcc-feats:main():compute-mfcc-feats.cc:178) Processed features for key bth07_st0581_trn
LOG (compute-mfcc-feats:main():compute-mfcc-feats.cc:177) Processed 100 utterances
VLOG[2] (compute-mfcc-feats:main():compute-mfcc-feats.cc:178) Processed features for key bth07_st0650_trn
VLOG[2] (compute-mfcc-feats:main():compute-mfcc-feats.cc:178) Processed features for key bth07_st0707_trn
VLOG[2] (compute-mfcc-feats:main():compute-mfcc-feats.cc:178) Processed features for key bth07_st0767_trn
VLOG[2] (compute-mfcc-feats:main():compute-mfcc-feats.cc:178) Processed features for key bth07_st0850_trn
VLOG[2] (compute-mfcc-feats:main():compute-mfcc-feats.cc:178) Processed features for key bth07_st0906_trn
VLOG[2] (compute-mfcc-feats:main():compute-mfcc-feats.cc:178) Processed features for key bth07_st0972_trn
VLOG[2] (compute-mfcc-feats:main():compute-mfcc-feats.cc:178) Processed features for key bth07_st1059_trn
VLOG[2] (compute-mfcc-feats:main():compute-mfcc-feats.cc:178) Processed features for key bth07_st1100_trn
VLOG[2] (compute-mfcc-feats:main():compute-mfcc-feats.cc:178) Processed features for key bth07_st1182_trn
VLOG[2] (compute-mfcc-feats:main():compute-mfcc-feats.cc:178) Processed features for key bth07_st1275_trn
LOG (compute-mfcc-feats:main():compute-mfcc-feats.cc:177) Processed 110 utterances
VLOG[2] (compute-mfcc-feats:main():compute-mfcc-feats.cc:178) Processed features for key bth07_st1337_trn
VLOG[2] (compute-mfcc-feats:main():compute-mfcc-feats.cc:178) Processed features for key bth07_st1407_trn
VLOG[2] (compute-mfcc-feats:main():compute-mfcc-feats.cc:178) Processed features for key bth07_st1478_trn
VLOG[2] (compute-mfcc-feats:main():compute-mfcc-feats.cc:178) Processed features for key bth07_st1546_trn
VLOG[2] (compute-mfcc-feats:main():compute-mfcc-feats.cc:178) Processed features for key bth07_st1606_trn
VLOG[2] (compute-mfcc-feats:main():compute-mfcc-feats.cc:178) Processed features for key bth07_st1675_trn
VLOG[2] (compute-mfcc-feats:main():compute-mfcc-feats.cc:178) Processed features for key bth07_st1753_trn
VLOG[2] (compute-mfcc-feats:main():compute-mfcc-feats.cc:178) Processed features for key bth07_st1831_trn
VLOG[2] (compute-mfcc-feats:main():compute-mfcc-feats.cc:178) Processed features for key bth07_st1920_trn
VLOG[2] (compute-mfcc-feats:main():compute-mfcc-feats.cc:178) Processed features for key bth07_st1983_trn
LOG (compute-mfcc-feats:main():compute-mfcc-feats.cc:177) Processed 120 utterances
VLOG[2] (compute-mfcc-feats:main():compute-mfcc-feats.cc:178) Processed features for key bth07_st2096_trn
VLOG[2] (compute-mfcc-feats:main():compute-mfcc-feats.cc:178) Processed features for key bth07_st2157_trn
VLOG[2] (compute-mfcc-feats:main():compute-mfcc-feats.cc:178) Processed features for key bwm03_sr029_trn
VLOG[2] (compute-mfcc-feats:main():compute-mfcc-feats.cc:178) Processed features for key bwm03_sr069_trn
VLOG[2] (compute-mfcc-feats:main():compute-mfcc-feats.cc:178) Processed features for key bwm03_sr109_trn
VLOG[2] (compute-mfcc-feats:main():compute-mfcc-feats.cc:178) Processed features for key bwm03_sr149_trn
VLOG[2] (compute-mfcc-feats:main():compute-mfcc-feats.cc:178) Processed features for key bwm03_sr189_trn
VLOG[2] (compute-mfcc-feats:main():compute-mfcc-feats.cc:178) Processed features for key bwm03_sr229_trn
VLOG[2] (compute-mfcc-feats:main():compute-mfcc-feats.cc:178) Processed features for key bwm03_sr269_trn
VLOG[2] (compute-mfcc-feats:main():compute-mfcc-feats.cc:178) Processed features for key bwm03_sr309_trn
LOG (compute-mfcc-feats:main():compute-mfcc-feats.cc:177) Processed 130 utterances
VLOG[2] (compute-mfcc-feats:main():compute-mfcc-feats.cc:178) Processed features for key bwm03_sr349_trn
VLOG[2] (compute-mfcc-feats:main():compute-mfcc-feats.cc:178) Processed features for key bwm03_sr389_trn
VLOG[2] (compute-mfcc-feats:main():compute-mfcc-feats.cc:178) Processed features for key bwm03_sr429_trn
VLOG[2] (compute-mfcc-feats:main():compute-mfcc-feats.cc:178) Processed features for key bwm03_sr469_trn
VLOG[2] (compute-mfcc-feats:main():compute-mfcc-feats.cc:178) Processed features for key bwm03_sr509_trn
VLOG[2] (compute-mfcc-feats:main():compute-mfcc-feats.cc:178) Processed features for key bwm03_sr549_trn
VLOG[2] (compute-mfcc-feats:main():compute-mfcc-feats.cc:178) Processed features for key bwm03_sr589_trn
VLOG[2] (compute-mfcc-feats:main():compute-mfcc-feats.cc:178) Processed features for key bwm03_st0054_trn
VLOG[2] (compute-mfcc-feats:main():compute-mfcc-feats.cc:178) Processed features for key bwm03_st0137_trn
VLOG[2] (compute-mfcc-feats:main():compute-mfcc-feats.cc:178) Processed features for key bwm03_st0234_trn
LOG (compute-mfcc-feats:main():compute-mfcc-feats.cc:177) Processed 140 utterances
VLOG[2] (compute-mfcc-feats:main():compute-mfcc-feats.cc:178) Processed features for key bwm03_st0316_trn
VLOG[2] (compute-mfcc-feats:main():compute-mfcc-feats.cc:178) Processed features for key bwm03_st0402_trn
VLOG[2] (compute-mfcc-feats:main():compute-mfcc-feats.cc:178) Processed features for key bwm03_st0486_trn
VLOG[2] (compute-mfcc-feats:main():compute-mfcc-feats.cc:178) Processed features for key bwm03_st0571_trn
VLOG[2] (compute-mfcc-feats:main():compute-mfcc-feats.cc:178) Processed features for key bwm03_st0668_trn
VLOG[2] (compute-mfcc-feats:main():compute-mfcc-feats.cc:178) Processed features for key bwm03_st0763_trn
VLOG[2] (compute-mfcc-feats:main():compute-mfcc-feats.cc:178) Processed features for key bwm03_st0851_trn
VLOG[2] (compute-mfcc-feats:main():compute-mfcc-feats.cc:178) Processed features for key bwm03_st0941_trn
VLOG[2] (compute-mfcc-feats:main():compute-mfcc-feats.cc:178) Processed features for key bwm03_st1033_trn
VLOG[2] (compute-mfcc-feats:main():compute-mfcc-feats.cc:178) Processed features for key bwm03_st1136_trn
LOG (compute-mfcc-feats:main():compute-mfcc-feats.cc:177) Processed 150 utterances
VLOG[2] (compute-mfcc-feats:main():compute-mfcc-feats.cc:178) Processed features for key bwm03_st1218_trn
VLOG[2] (compute-mfcc-feats:main():compute-mfcc-feats.cc:178) Processed features for key bwm03_st1300_trn
VLOG[2] (compute-mfcc-feats:main():compute-mfcc-feats.cc:178) Processed features for key bwm03_st1389_trn
VLOG[2] (compute-mfcc-feats:main():compute-mfcc-feats.cc:178) Processed features for key bwm03_st1494_trn
VLOG[2] (compute-mfcc-feats:main():compute-mfcc-feats.cc:178) Processed features for key bwm03_st1610_trn
VLOG[2] (compute-mfcc-feats:main():compute-mfcc-feats.cc:178) Processed features for key bwm03_st1688_trn
VLOG[2] (compute-mfcc-feats:main():compute-mfcc-feats.cc:178) Processed features for key bwm03_st1788_trn
VLOG[2] (compute-mfcc-feats:main():compute-mfcc-feats.cc:178) Processed features for key bwm03_st1863_trn
VLOG[2] (compute-mfcc-feats:main():compute-mfcc-feats.cc:178) Processed features for key bwm03_st1950_trn
VLOG[2] (compute-mfcc-feats:main():compute-mfcc-feats.cc:178) Processed features for key bwm03_st2031_trn
LOG (compute-mfcc-feats:main():compute-mfcc-feats.cc:177) Processed 160 utterances
VLOG[2] (compute-mfcc-feats:main():compute-mfcc-feats.cc:178) Processed features for key bwm03_st2120_trn
VLOG[2] (compute-mfcc-feats:main():compute-mfcc-feats.cc:178) Processed features for key bwm03_st2215_trn
VLOG[2] (compute-mfcc-feats:main():compute-mfcc-feats.cc:178) Processed features for key bwp04_sr026_trn
VLOG[2] (compute-mfcc-feats:main():compute-mfcc-feats.cc:178) Processed features for key bwp04_sr066_trn
VLOG[2] (compute-mfcc-feats:main():compute-mfcc-feats.cc:178) Processed features for key bwp04_sr106_trn
VLOG[2] (compute-mfcc-feats:main():compute-mfcc-feats.cc:178) Processed features for key bwp04_sr146_trn
VLOG[2] (compute-mfcc-feats:main():compute-mfcc-feats.cc:178) Processed features for key bwp04_sr186_trn
VLOG[2] (compute-mfcc-feats:main():compute-mfcc-feats.cc:178) Processed features for key bwp04_sr226_trn
VLOG[2] (compute-mfcc-feats:main():compute-mfcc-feats.cc:178) Processed features for key bwp04_sr266_trn
VLOG[2] (compute-mfcc-feats:main():compute-mfcc-feats.cc:178) Processed features for key bwp04_sr306_trn
LOG (compute-mfcc-feats:main():compute-mfcc-feats.cc:177) Processed 170 utterances
VLOG[2] (compute-mfcc-feats:main():compute-mfcc-feats.cc:178) Processed features for key bwp04_sr346_trn
VLOG[2] (compute-mfcc-feats:main():compute-mfcc-feats.cc:178) Processed features for key bwp04_sr386_trn
VLOG[2] (compute-mfcc-feats:main():compute-mfcc-feats.cc:178) Processed features for key bwp04_sr426_trn
VLOG[2] (compute-mfcc-feats:main():compute-mfcc-feats.cc:178) Processed features for key bwp04_sr466_trn
VLOG[2] (compute-mfcc-feats:main():compute-mfcc-feats.cc:178) Processed features for key bwp04_sr506_trn
VLOG[2] (compute-mfcc-feats:main():compute-mfcc-feats.cc:178) Processed features for key bwp04_sr546_trn
VLOG[2] (compute-mfcc-feats:main():compute-mfcc-feats.cc:178) Processed features for key bwp04_sr586_trn
VLOG[2] (compute-mfcc-feats:main():compute-mfcc-feats.cc:178) Processed features for key bwp04_st0051_trn
VLOG[2] (compute-mfcc-feats:main():compute-mfcc-feats.cc:178) Processed features for key bwp04_st0132_trn
VLOG[2] (compute-mfcc-feats:main():compute-mfcc-feats.cc:178) Processed features for key bwp04_st0229_trn
LOG (compute-mfcc-feats:main():compute-mfcc-feats.cc:177) Processed 180 utterances
VLOG[2] (compute-mfcc-feats:main():compute-mfcc-feats.cc:178) Processed features for key bwp04_st0310_trn
VLOG[2] (compute-mfcc-feats:main():compute-mfcc-feats.cc:178) Processed features for key bwp04_st0388_trn
VLOG[2] (compute-mfcc-feats:main():compute-mfcc-feats.cc:178) Processed features for key bwp04_st0482_trn
VLOG[2] (compute-mfcc-feats:main():compute-mfcc-feats.cc:178) Processed features for key bwp04_st0566_trn
VLOG[2] (compute-mfcc-feats:main():compute-mfcc-feats.cc:178) Processed features for key bwp04_st0658_trn
VLOG[2] (compute-mfcc-feats:main():compute-mfcc-feats.cc:178) Processed features for key bwp04_st0757_trn
VLOG[2] (compute-mfcc-feats:main():compute-mfcc-feats.cc:178) Processed features for key bwp04_st0844_trn
VLOG[2] (compute-mfcc-feats:main():compute-mfcc-feats.cc:178) Processed features for key bwp04_st0934_trn
VLOG[2] (compute-mfcc-feats:main():compute-mfcc-feats.cc:178) Processed features for key bwp04_st1026_trn
VLOG[2] (compute-mfcc-feats:main():compute-mfcc-feats.cc:178) Processed features for key bwp04_st1131_trn
LOG (compute-mfcc-feats:main():compute-mfcc-feats.cc:177) Processed 190 utterances
VLOG[2] (compute-mfcc-feats:main():compute-mfcc-feats.cc:178) Processed features for key bwp04_st1214_trn
VLOG[2] (compute-mfcc-feats:main():compute-mfcc-feats.cc:178) Processed features for key bwp04_st1292_trn
VLOG[2] (compute-mfcc-feats:main():compute-mfcc-feats.cc:178) Processed features for key bwp04_st1385_trn
VLOG[2] (compute-mfcc-feats:main():compute-mfcc-feats.cc:178) Processed features for key bwp04_st1486_trn
VLOG[2] (compute-mfcc-feats:main():compute-mfcc-feats.cc:178) Processed features for key bwp04_st1597_trn
VLOG[2] (compute-mfcc-feats:main():compute-mfcc-feats.cc:178) Processed features for key bwp04_st1684_trn
VLOG[2] (compute-mfcc-feats:main():compute-mfcc-feats.cc:178) Processed features for key bwp04_st1780_trn
VLOG[2] (compute-mfcc-feats:main():compute-mfcc-feats.cc:178) Processed features for key bwp04_st1855_trn
VLOG[2] (compute-mfcc-feats:main():compute-mfcc-feats.cc:178) Processed features for key bwp04_st1940_trn
VLOG[2] (compute-mfcc-feats:main():compute-mfcc-feats.cc:178) Processed features for key bwp04_st2026_trn
LOG (compute-mfcc-feats:main():compute-mfcc-feats.cc:177) Processed 200 utterances
VLOG[2] (compute-mfcc-feats:main():compute-mfcc-feats.cc:178) Processed features for key bwp04_st2114_trn
VLOG[2] (compute-mfcc-feats:main():compute-mfcc-feats.cc:178) Processed features for key bwp04_st2207_trn
VLOG[2] (compute-mfcc-feats:main():compute-mfcc-feats.cc:178) Processed features for key cae06_st0010_trn
VLOG[2] (compute-mfcc-feats:main():compute-mfcc-feats.cc:178) Processed features for key cae06_st0100_trn
VLOG[2] (compute-mfcc-feats:main():compute-mfcc-feats.cc:178) Processed features for key cae06_st0185_trn
VLOG[2] (compute-mfcc-feats:main():compute-mfcc-feats.cc:178) Processed features for key cae06_st0258_trn
VLOG[2] (compute-mfcc-feats:main():compute-mfcc-feats.cc:178) Processed features for key cae06_st0341_trn
VLOG[2] (compute-mfcc-feats:main():compute-mfcc-feats.cc:178) Processed features for key cae06_st0419_trn
VLOG[2] (compute-mfcc-feats:main():compute-mfcc-feats.cc:178) Processed features for key cae06_st0500_trn
VLOG[2] (compute-mfcc-feats:main():compute-mfcc-feats.cc:178) Processed features for key cae06_st0582_trn
LOG (compute-mfcc-feats:main():compute-mfcc-feats.cc:177) Processed 210 utterances
VLOG[2] (compute-mfcc-feats:main():compute-mfcc-feats.cc:178) Processed features for key cae06_st0651_trn
VLOG[2] (compute-mfcc-feats:main():compute-mfcc-feats.cc:178) Processed features for key cae06_st0709_trn
VLOG[2] (compute-mfcc-feats:main():compute-mfcc-feats.cc:178) Processed features for key cae06_st0773_trn
VLOG[2] (compute-mfcc-feats:main():compute-mfcc-feats.cc:178) Processed features for key cae06_st0856_trn
VLOG[2] (compute-mfcc-feats:main():compute-mfcc-feats.cc:178) Processed features for key cae06_st0912_trn
VLOG[2] (compute-mfcc-feats:main():compute-mfcc-feats.cc:178) Processed features for key cae06_st0977_trn
VLOG[2] (compute-mfcc-feats:main():compute-mfcc-feats.cc:178) Processed features for key cae06_st1061_trn
VLOG[2] (compute-mfcc-feats:main():compute-mfcc-feats.cc:178) Processed features for key cae06_st1107_trn
VLOG[2] (compute-mfcc-feats:main():compute-mfcc-feats.cc:178) Processed features for key cae06_st1188_trn
VLOG[2] (compute-mfcc-feats:main():compute-mfcc-feats.cc:178) Processed features for key cae06_st1277_trn
LOG (compute-mfcc-feats:main():compute-mfcc-feats.cc:177) Processed 220 utterances
VLOG[2] (compute-mfcc-feats:main():compute-mfcc-feats.cc:178) Processed features for key cae06_st1338_trn
VLOG[2] (compute-mfcc-feats:main():compute-mfcc-feats.cc:178) Processed features for key cae06_st1409_trn
VLOG[2] (compute-mfcc-feats:main():compute-mfcc-feats.cc:178) Processed features for key cae06_st1484_trn
VLOG[2] (compute-mfcc-feats:main():compute-mfcc-feats.cc:178) Processed features for key cae06_st1547_trn
VLOG[2] (compute-mfcc-feats:main():compute-mfcc-feats.cc:178) Processed features for key cae06_st1607_trn
VLOG[2] (compute-mfcc-feats:main():compute-mfcc-feats.cc:178) Processed features for key cae06_st1680_trn
VLOG[2] (compute-mfcc-feats:main():compute-mfcc-feats.cc:178) Processed features for key cae06_st1758_trn
VLOG[2] (compute-mfcc-feats:main():compute-mfcc-feats.cc:178) Processed features for key cae06_st1835_trn
VLOG[2] (compute-mfcc-feats:main():compute-mfcc-feats.cc:178) Processed features for key cae06_st1922_trn
VLOG[2] (compute-mfcc-feats:main():compute-mfcc-feats.cc:178) Processed features for key cae06_st1984_trn
LOG (compute-mfcc-feats:main():compute-mfcc-feats.cc:177) Processed 230 utterances
VLOG[2] (compute-mfcc-feats:main():compute-mfcc-feats.cc:178) Processed features for key cae06_st2097_trn
VLOG[2] (compute-mfcc-feats:main():compute-mfcc-feats.cc:178) Processed features for key cae06_st2161_trn
VLOG[2] (compute-mfcc-feats:main():compute-mfcc-feats.cc:178) Processed features for key cal03_sr008_trn
VLOG[2] (compute-mfcc-feats:main():compute-mfcc-feats.cc:178) Processed features for key cal03_sr048_trn
VLOG[2] (compute-mfcc-feats:main():compute-mfcc-feats.cc:178) Processed features for key cal03_sr088_trn
VLOG[2] (compute-mfcc-feats:main():compute-mfcc-feats.cc:178) Processed features for key cal03_sr128_trn
VLOG[2] (compute-mfcc-feats:main():compute-mfcc-feats.cc:178) Processed features for key cal03_sr168_trn
VLOG[2] (compute-mfcc-feats:main():compute-mfcc-feats.cc:178) Processed features for key cal03_sr208_trn
VLOG[2] (compute-mfcc-feats:main():compute-mfcc-feats.cc:178) Processed features for key cal03_sr248_trn
VLOG[2] (compute-mfcc-feats:main():compute-mfcc-feats.cc:178) Processed features for key cal03_sr288_trn
LOG (compute-mfcc-feats:main():compute-mfcc-feats.cc:177) Processed 240 utterances
VLOG[2] (compute-mfcc-feats:main():compute-mfcc-feats.cc:178) Processed features for key cal03_sr328_trn
VLOG[2] (compute-mfcc-feats:main():compute-mfcc-feats.cc:178) Processed features for key cal03_sr368_trn
VLOG[2] (compute-mfcc-feats:main():compute-mfcc-feats.cc:178) Processed features for key cal03_sr408_trn
VLOG[2] (compute-mfcc-feats:main():compute-mfcc-feats.cc:178) Processed features for key cal03_sr448_trn
VLOG[2] (compute-mfcc-feats:main():compute-mfcc-feats.cc:178) Processed features for key cal03_sr488_trn
VLOG[2] (compute-mfcc-feats:main():compute-mfcc-feats.cc:178) Processed features for key cal03_sr528_trn
VLOG[2] (compute-mfcc-feats:main():compute-mfcc-feats.cc:178) Processed features for key cal03_sr568_trn
VLOG[2] (compute-mfcc-feats:main():compute-mfcc-feats.cc:178) Processed features for key cal03_st0017_trn
VLOG[2] (compute-mfcc-feats:main():compute-mfcc-feats.cc:178) Processed features for key cal03_st0095_trn
VLOG[2] (compute-mfcc-feats:main():compute-mfcc-feats.cc:178) Processed features for key cal03_st0192_trn
LOG (compute-mfcc-feats:main():compute-mfcc-feats.cc:177) Processed 250 utterances
VLOG[2] (compute-mfcc-feats:main():compute-mfcc-feats.cc:178) Processed features for key cal03_st0266_trn
VLOG[2] (compute-mfcc-feats:main():compute-mfcc-feats.cc:178) Processed features for key cal03_st0356_trn
VLOG[2] (compute-mfcc-feats:main():compute-mfcc-feats.cc:178) Processed features for key cal03_st0435_trn
VLOG[2] (compute-mfcc-feats:main():compute-mfcc-feats.cc:178) Processed features for key cal03_st0529_trn
VLOG[2] (compute-mfcc-feats:main():compute-mfcc-feats.cc:178) Processed features for key cal03_st0624_trn
VLOG[2] (compute-mfcc-feats:main():compute-mfcc-feats.cc:178) Processed features for key cal03_st0722_trn
VLOG[2] (compute-mfcc-feats:main():compute-mfcc-feats.cc:178) Processed features for key cal03_st0803_trn
VLOG[2] (compute-mfcc-feats:main():compute-mfcc-feats.cc:178) Processed features for key cal03_st0901_trn
VLOG[2] (compute-mfcc-feats:main():compute-mfcc-feats.cc:178) Processed features for key cal03_st0986_trn
VLOG[2] (compute-mfcc-feats:main():compute-mfcc-feats.cc:178) Processed features for key cal03_st1087_trn
LOG (compute-mfcc-feats:main():compute-mfcc-feats.cc:177) Processed 260 utterances
VLOG[2] (compute-mfcc-feats:main():compute-mfcc-feats.cc:178) Processed features for key cal03_st1180_trn
VLOG[2] (compute-mfcc-feats:main():compute-mfcc-feats.cc:178) Processed features for key cal03_st1252_trn
VLOG[2] (compute-mfcc-feats:main():compute-mfcc-feats.cc:178) Processed features for key cal03_st1348_trn
VLOG[2] (compute-mfcc-feats:main():compute-mfcc-feats.cc:178) Processed features for key cal03_st1437_trn
VLOG[2] (compute-mfcc-feats:main():compute-mfcc-feats.cc:178) Processed features for key cal03_st1539_trn
VLOG[2] (compute-mfcc-feats:main():compute-mfcc-feats.cc:178) Processed features for key cal03_st1653_trn
VLOG[2] (compute-mfcc-feats:main():compute-mfcc-feats.cc:178) Processed features for key cal03_st1736_trn
VLOG[2] (compute-mfcc-feats:main():compute-mfcc-feats.cc:178) Processed features for key cal03_st1822_trn
VLOG[2] (compute-mfcc-feats:main():compute-mfcc-feats.cc:178) Processed features for key cal03_st1903_trn
VLOG[2] (compute-mfcc-feats:main():compute-mfcc-feats.cc:178) Processed features for key cal03_st1994_trn
LOG (compute-mfcc-feats:main():compute-mfcc-feats.cc:177) Processed 270 utterances
VLOG[2] (compute-mfcc-feats:main():compute-mfcc-feats.cc:178) Processed features for key cal03_st2065_trn
VLOG[2] (compute-mfcc-feats:main():compute-mfcc-feats.cc:178) Processed features for key cal03_st2164_trn
VLOG[2] (compute-mfcc-feats:main():compute-mfcc-feats.cc:178) Processed features for key cef03_sr003_trn
VLOG[2] (compute-mfcc-feats:main():compute-mfcc-feats.cc:178) Processed features for key cef03_sr043_trn
VLOG[2] (compute-mfcc-feats:main():compute-mfcc-feats.cc:178) Processed features for key cef03_sr083_trn
VLOG[2] (compute-mfcc-feats:main():compute-mfcc-feats.cc:178) Processed features for key cef03_sr123_trn
VLOG[2] (compute-mfcc-feats:main():compute-mfcc-feats.cc:178) Processed features for key cef03_sr163_trn
VLOG[2] (compute-mfcc-feats:main():compute-mfcc-feats.cc:178) Processed features for key cef03_sr203_trn
VLOG[2] (compute-mfcc-feats:main():compute-mfcc-feats.cc:178) Processed features for key cef03_sr243_trn
VLOG[2] (compute-mfcc-feats:main():compute-mfcc-feats.cc:178) Processed features for key cef03_sr283_trn
LOG (compute-mfcc-feats:main():compute-mfcc-feats.cc:177) Processed 280 utterances
VLOG[2] (compute-mfcc-feats:main():compute-mfcc-feats.cc:178) Processed features for key cef03_sr323_trn
VLOG[2] (compute-mfcc-feats:main():compute-mfcc-feats.cc:178) Processed features for key cef03_sr363_trn
VLOG[2] (compute-mfcc-feats:main():compute-mfcc-feats.cc:178) Processed features for key cef03_sr403_trn
VLOG[2] (compute-mfcc-feats:main():compute-mfcc-feats.cc:178) Processed features for key cef03_sr443_trn
VLOG[2] (compute-mfcc-feats:main():compute-mfcc-feats.cc:178) Processed features for key cef03_sr483_trn
VLOG[2] (compute-mfcc-feats:main():compute-mfcc-feats.cc:178) Processed features for key cef03_sr523_trn
VLOG[2] (compute-mfcc-feats:main():compute-mfcc-feats.cc:178) Processed features for key cef03_sr563_trn
VLOG[2] (compute-mfcc-feats:main():compute-mfcc-feats.cc:178) Processed features for key cef03_st0005_trn
VLOG[2] (compute-mfcc-feats:main():compute-mfcc-feats.cc:178) Processed features for key cef03_st0083_trn
VLOG[2] (compute-mfcc-feats:main():compute-mfcc-feats.cc:178) Processed features for key cef03_st0171_trn
LOG (compute-mfcc-feats:main():compute-mfcc-feats.cc:177) Processed 290 utterances
VLOG[2] (compute-mfcc-feats:main():compute-mfcc-feats.cc:178) Processed features for key cef03_st0260_trn
VLOG[2] (compute-mfcc-feats:main():compute-mfcc-feats.cc:178) Processed features for key cef03_st0346_trn
VLOG[2] (compute-mfcc-feats:main():compute-mfcc-feats.cc:178) Processed features for key cef03_st0429_trn
VLOG[2] (compute-mfcc-feats:main():compute-mfcc-feats.cc:178) Processed features for key cef03_st0515_trn
VLOG[2] (compute-mfcc-feats:main():compute-mfcc-feats.cc:178) Processed features for key cef03_st0610_trn
VLOG[2] (compute-mfcc-feats:main():compute-mfcc-feats.cc:178) Processed features for key cef03_st0711_trn
VLOG[2] (compute-mfcc-feats:main():compute-mfcc-feats.cc:178) Processed features for key cef03_st0794_trn
VLOG[2] (compute-mfcc-feats:main():compute-mfcc-feats.cc:178) Processed features for key cef03_st0885_trn
VLOG[2] (compute-mfcc-feats:main():compute-mfcc-feats.cc:178) Processed features for key cef03_st0976_trn
VLOG[2] (compute-mfcc-feats:main():compute-mfcc-feats.cc:178) Processed features for key cef03_st1072_trn
LOG (compute-mfcc-feats:main():compute-mfcc-feats.cc:177) Processed 300 utterances
VLOG[2] (compute-mfcc-feats:main():compute-mfcc-feats.cc:178) Processed features for key cef03_st1167_trn
VLOG[2] (compute-mfcc-feats:main():compute-mfcc-feats.cc:178) Processed features for key cef03_st1246_trn
VLOG[2] (compute-mfcc-feats:main():compute-mfcc-feats.cc:178) Processed features for key cef03_st1336_trn
VLOG[2] (compute-mfcc-feats:main():compute-mfcc-feats.cc:178) Processed features for key cef03_st1429_trn
VLOG[2] (compute-mfcc-feats:main():compute-mfcc-feats.cc:178) Processed features for key cef03_st1529_trn
VLOG[2] (compute-mfcc-feats:main():compute-mfcc-feats.cc:178) Processed features for key cef03_st1641_trn
VLOG[2] (compute-mfcc-feats:main():compute-mfcc-feats.cc:178) Processed features for key cef03_st1725_trn
VLOG[2] (compute-mfcc-feats:main():compute-mfcc-feats.cc:178) Processed features for key cef03_st1814_trn
VLOG[2] (compute-mfcc-feats:main():compute-mfcc-feats.cc:178) Processed features for key cef03_st1894_trn
VLOG[2] (compute-mfcc-feats:main():compute-mfcc-feats.cc:178) Processed features for key cef03_st1981_trn
LOG (compute-mfcc-feats:main():compute-mfcc-feats.cc:177) Processed 310 utterances
VLOG[2] (compute-mfcc-feats:main():compute-mfcc-feats.cc:178) Processed features for key cef03_st2054_trn
VLOG[2] (compute-mfcc-feats:main():compute-mfcc-feats.cc:178) Processed features for key cef03_st2148_trn
VLOG[2] (compute-mfcc-feats:main():compute-mfcc-feats.cc:178) Processed features for key ceg08_sr032_trn
VLOG[2] (compute-mfcc-feats:main():compute-mfcc-feats.cc:178) Processed features for key ceg08_sr072_trn
VLOG[2] (compute-mfcc-feats:main():compute-mfcc-feats.cc:178) Processed features for key ceg08_sr112_trn
VLOG[2] (compute-mfcc-feats:main():compute-mfcc-feats.cc:178) Processed features for key ceg08_sr152_trn
VLOG[2] (compute-mfcc-feats:main():compute-mfcc-feats.cc:178) Processed features for key ceg08_sr192_trn
VLOG[2] (compute-mfcc-feats:main():compute-mfcc-feats.cc:178) Processed features for key ceg08_sr232_trn
VLOG[2] (compute-mfcc-feats:main():compute-mfcc-feats.cc:178) Processed features for key ceg08_sr272_trn
VLOG[2] (compute-mfcc-feats:main():compute-mfcc-feats.cc:178) Processed features for key ceg08_sr312_trn
LOG (compute-mfcc-feats:main():compute-mfcc-feats.cc:177) Processed 320 utterances
VLOG[2] (compute-mfcc-feats:main():compute-mfcc-feats.cc:178) Processed features for key ceg08_sr352_trn
VLOG[2] (compute-mfcc-feats:main():compute-mfcc-feats.cc:178) Processed features for key ceg08_sr392_trn
VLOG[2] (compute-mfcc-feats:main():compute-mfcc-feats.cc:178) Processed features for key ceg08_sr432_trn
VLOG[2] (compute-mfcc-feats:main():compute-mfcc-feats.cc:178) Processed features for key ceg08_sr472_trn
VLOG[2] (compute-mfcc-feats:main():compute-mfcc-feats.cc:178) Processed features for key ceg08_sr512_trn
VLOG[2] (compute-mfcc-feats:main():compute-mfcc-feats.cc:178) Processed features for key ceg08_sr552_trn
VLOG[2] (compute-mfcc-feats:main():compute-mfcc-feats.cc:178) Processed features for key ceg08_sr592_trn
VLOG[2] (compute-mfcc-feats:main():compute-mfcc-feats.cc:178) Processed features for key ceg08_st0066_trn
VLOG[2] (compute-mfcc-feats:main():compute-mfcc-feats.cc:178) Processed features for key ceg08_st0141_trn
VLOG[2] (compute-mfcc-feats:main():compute-mfcc-feats.cc:178) Processed features for key ceg08_st0238_trn
LOG (compute-mfcc-feats:main():compute-mfcc-feats.cc:177) Processed 330 utterances
VLOG[2] (compute-mfcc-feats:main():compute-mfcc-feats.cc:178) Processed features for key ceg08_st0320_trn
VLOG[2] (compute-mfcc-feats:main():compute-mfcc-feats.cc:178) Processed features for key ceg08_st0408_trn
VLOG[2] (compute-mfcc-feats:main():compute-mfcc-feats.cc:178) Processed features for key ceg08_st0491_trn
VLOG[2] (compute-mfcc-feats:main():compute-mfcc-feats.cc:178) Processed features for key ceg08_st0574_trn
VLOG[2] (compute-mfcc-feats:main():compute-mfcc-feats.cc:178) Processed features for key ceg08_st0680_trn
VLOG[2] (compute-mfcc-feats:main():compute-mfcc-feats.cc:178) Processed features for key ceg08_st0770_trn
VLOG[2] (compute-mfcc-feats:main():compute-mfcc-feats.cc:178) Processed features for key ceg08_st0855_trn
VLOG[2] (compute-mfcc-feats:main():compute-mfcc-feats.cc:178) Processed features for key ceg08_st0946_trn
VLOG[2] (compute-mfcc-feats:main():compute-mfcc-feats.cc:178) Processed features for key ceg08_st1047_trn
VLOG[2] (compute-mfcc-feats:main():compute-mfcc-feats.cc:178) Processed features for key ceg08_st1146_trn
LOG (compute-mfcc-feats:main():compute-mfcc-feats.cc:177) Processed 340 utterances
VLOG[2] (compute-mfcc-feats:main():compute-mfcc-feats.cc:178) Processed features for key ceg08_st1223_trn
VLOG[2] (compute-mfcc-feats:main():compute-mfcc-feats.cc:178) Processed features for key ceg08_st1308_trn
VLOG[2] (compute-mfcc-feats:main():compute-mfcc-feats.cc:178) Processed features for key ceg08_st1395_trn
VLOG[2] (compute-mfcc-feats:main():compute-mfcc-feats.cc:178) Processed features for key ceg08_st1498_trn
VLOG[2] (compute-mfcc-feats:main():compute-mfcc-feats.cc:178) Processed features for key ceg08_st1615_trn
VLOG[2] (compute-mfcc-feats:main():compute-mfcc-feats.cc:178) Processed features for key ceg08_st1694_trn
VLOG[2] (compute-mfcc-feats:main():compute-mfcc-feats.cc:178) Processed features for key ceg08_st1793_trn
VLOG[2] (compute-mfcc-feats:main():compute-mfcc-feats.cc:178) Processed features for key ceg08_st1875_trn
VLOG[2] (compute-mfcc-feats:main():compute-mfcc-feats.cc:178) Processed features for key ceg08_st1955_trn
VLOG[2] (compute-mfcc-feats:main():compute-mfcc-feats.cc:178) Processed features for key ceg08_st2037_trn
LOG (compute-mfcc-feats:main():compute-mfcc-feats.cc:177) Processed 350 utterances
VLOG[2] (compute-mfcc-feats:main():compute-mfcc-feats.cc:178) Processed features for key ceg08_st2126_trn
VLOG[2] (compute-mfcc-feats:main():compute-mfcc-feats.cc:178) Processed features for key ceg08_st2222_trn
VLOG[2] (compute-mfcc-feats:main():compute-mfcc-feats.cc:178) Processed features for key cft04_sr018_trn
VLOG[2] (compute-mfcc-feats:main():compute-mfcc-feats.cc:178) Processed features for key cft04_sr058_trn
VLOG[2] (compute-mfcc-feats:main():compute-mfcc-feats.cc:178) Processed features for key cft04_sr098_trn
VLOG[2] (compute-mfcc-feats:main():compute-mfcc-feats.cc:178) Processed features for key cft04_sr138_trn
VLOG[2] (compute-mfcc-feats:main():compute-mfcc-feats.cc:178) Processed features for key cft04_sr178_trn
VLOG[2] (compute-mfcc-feats:main():compute-mfcc-feats.cc:178) Processed features for key cft04_sr218_trn
VLOG[2] (compute-mfcc-feats:main():compute-mfcc-feats.cc:178) Processed features for key cft04_sr258_trn
VLOG[2] (compute-mfcc-feats:main():compute-mfcc-feats.cc:178) Processed features for key cft04_sr298_trn
LOG (compute-mfcc-feats:main():compute-mfcc-feats.cc:177) Processed 360 utterances
VLOG[2] (compute-mfcc-feats:main():compute-mfcc-feats.cc:178) Processed features for key cft04_sr338_trn
VLOG[2] (compute-mfcc-feats:main():compute-mfcc-feats.cc:178) Processed features for key cft04_sr378_trn
VLOG[2] (compute-mfcc-feats:main():compute-mfcc-feats.cc:178) Processed features for key cft04_sr418_trn
VLOG[2] (compute-mfcc-feats:main():compute-mfcc-feats.cc:178) Processed features for key cft04_sr458_trn
VLOG[2] (compute-mfcc-feats:main():compute-mfcc-feats.cc:178) Processed features for key cft04_sr498_trn
VLOG[2] (compute-mfcc-feats:main():compute-mfcc-feats.cc:178) Processed features for key cft04_sr538_trn
VLOG[2] (compute-mfcc-feats:main():compute-mfcc-feats.cc:178) Processed features for key cft04_sr578_trn
VLOG[2] (compute-mfcc-feats:main():compute-mfcc-feats.cc:178) Processed features for key cft04_st0040_trn
VLOG[2] (compute-mfcc-feats:main():compute-mfcc-feats.cc:178) Processed features for key cft04_st0119_trn
VLOG[2] (compute-mfcc-feats:main():compute-mfcc-feats.cc:178) Processed features for key cft04_st0211_trn
LOG (compute-mfcc-feats:main():compute-mfcc-feats.cc:177) Processed 370 utterances
VLOG[2] (compute-mfcc-feats:main():compute-mfcc-feats.cc:178) Processed features for key cft04_st0287_trn
VLOG[2] (compute-mfcc-feats:main():compute-mfcc-feats.cc:178) Processed features for key cft04_st0374_trn
VLOG[2] (compute-mfcc-feats:main():compute-mfcc-feats.cc:178) Processed features for key cft04_st0460_trn
VLOG[2] (compute-mfcc-feats:main():compute-mfcc-feats.cc:178) Processed features for key cft04_st0548_trn
VLOG[2] (compute-mfcc-feats:main():compute-mfcc-feats.cc:178) Processed features for key cft04_st0639_trn
VLOG[2] (compute-mfcc-feats:main():compute-mfcc-feats.cc:178) Processed features for key cft04_st0738_trn
VLOG[2] (compute-mfcc-feats:main():compute-mfcc-feats.cc:178) Processed features for key cft04_st0824_trn
VLOG[2] (compute-mfcc-feats:main():compute-mfcc-feats.cc:178) Processed features for key cft04_st0918_trn
VLOG[2] (compute-mfcc-feats:main():compute-mfcc-feats.cc:178) Processed features for key cft04_st1011_trn
VLOG[2] (compute-mfcc-feats:main():compute-mfcc-feats.cc:178) Processed features for key cft04_st1113_trn
LOG (compute-mfcc-feats:main():compute-mfcc-feats.cc:177) Processed 380 utterances
VLOG[2] (compute-mfcc-feats:main():compute-mfcc-feats.cc:178) Processed features for key cft04_st1197_trn
VLOG[2] (compute-mfcc-feats:main():compute-mfcc-feats.cc:178) Processed features for key cft04_st1274_trn
VLOG[2] (compute-mfcc-feats:main():compute-mfcc-feats.cc:178) Processed features for key cft04_st1362_trn
VLOG[2] (compute-mfcc-feats:main():compute-mfcc-feats.cc:178) Processed features for key cft04_st1471_trn
VLOG[2] (compute-mfcc-feats:main():compute-mfcc-feats.cc:178) Processed features for key cft04_st1574_trn
VLOG[2] (compute-mfcc-feats:main():compute-mfcc-feats.cc:178) Processed features for key cft04_st1669_trn
VLOG[2] (compute-mfcc-feats:main():compute-mfcc-feats.cc:178) Processed features for key cft04_st1757_trn
VLOG[2] (compute-mfcc-feats:main():compute-mfcc-feats.cc:178) Processed features for key cft04_st1842_trn
VLOG[2] (compute-mfcc-feats:main():compute-mfcc-feats.cc:178) Processed features for key cft04_st1926_trn
VLOG[2] (compute-mfcc-feats:main():compute-mfcc-feats.cc:178) Processed features for key cft04_st2012_trn
LOG (compute-mfcc-feats:main():compute-mfcc-feats.cc:177) Processed 390 utterances
VLOG[2] (compute-mfcc-feats:main():compute-mfcc-feats.cc:178) Processed features for key cft04_st2093_trn
VLOG[2] (compute-mfcc-feats:main():compute-mfcc-feats.cc:178) Processed features for key cft04_st2193_trn
VLOG[2] (compute-mfcc-feats:main():compute-mfcc-feats.cc:178) Processed features for key chh07_st0027_trn
VLOG[2] (compute-mfcc-feats:main():compute-mfcc-feats.cc:178) Processed features for key chh07_st0115_trn
VLOG[2] (compute-mfcc-feats:main():compute-mfcc-feats.cc:178) Processed features for key chh07_st0191_trn
VLOG[2] (compute-mfcc-feats:main():compute-mfcc-feats.cc:178) Processed features for key chh07_st0278_trn
VLOG[2] (compute-mfcc-feats:main():compute-mfcc-feats.cc:178) Processed features for key chh07_st0351_trn
VLOG[2] (compute-mfcc-feats:main():compute-mfcc-feats.cc:178) Processed features for key chh07_st0438_trn
VLOG[2] (compute-mfcc-feats:main():compute-mfcc-feats.cc:178) Processed features for key chh07_st0514_trn
VLOG[2] (compute-mfcc-feats:main():compute-mfcc-feats.cc:178) Processed features for key chh07_st0588_trn
LOG (compute-mfcc-feats:main():compute-mfcc-feats.cc:177) Processed 400 utterances
VLOG[2] (compute-mfcc-feats:main():compute-mfcc-feats.cc:178) Processed features for key chh07_st0662_trn
VLOG[2] (compute-mfcc-feats:main():compute-mfcc-feats.cc:178) Processed features for key chh07_st0719_trn
VLOG[2] (compute-mfcc-feats:main():compute-mfcc-feats.cc:178) Processed features for key chh07_st0785_trn
VLOG[2] (compute-mfcc-feats:main():compute-mfcc-feats.cc:178) Processed features for key chh07_st0861_trn
VLOG[2] (compute-mfcc-feats:main():compute-mfcc-feats.cc:178) Processed features for key chh07_st0928_trn
VLOG[2] (compute-mfcc-feats:main():compute-mfcc-feats.cc:178) Processed features for key chh07_st0989_trn
VLOG[2] (compute-mfcc-feats:main():compute-mfcc-feats.cc:178) Processed features for key chh07_st1066_trn
VLOG[2] (compute-mfcc-feats:main():compute-mfcc-feats.cc:178) Processed features for key chh07_st1123_trn
VLOG[2] (compute-mfcc-feats:main():compute-mfcc-feats.cc:178) Processed features for key chh07_st1210_trn
VLOG[2] (compute-mfcc-feats:main():compute-mfcc-feats.cc:178) Processed features for key chh07_st1287_trn
LOG (compute-mfcc-feats:main():compute-mfcc-feats.cc:177) Processed 410 utterances
VLOG[2] (compute-mfcc-feats:main():compute-mfcc-feats.cc:178) Processed features for key chh07_st1358_trn
VLOG[2] (compute-mfcc-feats:main():compute-mfcc-feats.cc:178) Processed features for key chh07_st1418_trn
VLOG[2] (compute-mfcc-feats:main():compute-mfcc-feats.cc:178) Processed features for key chh07_st1500_trn
VLOG[2] (compute-mfcc-feats:main():compute-mfcc-feats.cc:178) Processed features for key chh07_st1556_trn
VLOG[2] (compute-mfcc-feats:main():compute-mfcc-feats.cc:178) Processed features for key chh07_st1628_trn
VLOG[2] (compute-mfcc-feats:main():compute-mfcc-feats.cc:178) Processed features for key chh07_st1692_trn
VLOG[2] (compute-mfcc-feats:main():compute-mfcc-feats.cc:178) Processed features for key chh07_st1774_trn
VLOG[2] (compute-mfcc-feats:main():compute-mfcc-feats.cc:178) Processed features for key chh07_st1864_trn
VLOG[2] (compute-mfcc-feats:main():compute-mfcc-feats.cc:178) Processed features for key chh07_st1931_trn
VLOG[2] (compute-mfcc-feats:main():compute-mfcc-feats.cc:178) Processed features for key chh07_st2007_trn
LOG (compute-mfcc-feats:main():compute-mfcc-feats.cc:177) Processed 420 utterances
VLOG[2] (compute-mfcc-feats:main():compute-mfcc-feats.cc:178) Processed features for key chh07_st2115_trn
VLOG[2] (compute-mfcc-feats:main():compute-mfcc-feats.cc:178) Processed features for key chh07_st2185_trn
VLOG[2] (compute-mfcc-feats:main():compute-mfcc-feats.cc:178) Processed features for key cke03_sr008_trn
VLOG[2] (compute-mfcc-feats:main():compute-mfcc-feats.cc:178) Processed features for key cke03_sr048_trn
VLOG[2] (compute-mfcc-feats:main():compute-mfcc-feats.cc:178) Processed features for key cke03_sr088_trn
VLOG[2] (compute-mfcc-feats:main():compute-mfcc-feats.cc:178) Processed features for key cke03_sr128_trn
VLOG[2] (compute-mfcc-feats:main():compute-mfcc-feats.cc:178) Processed features for key cke03_sr168_trn
VLOG[2] (compute-mfcc-feats:main():compute-mfcc-feats.cc:178) Processed features for key cke03_sr208_trn
VLOG[2] (compute-mfcc-feats:main():compute-mfcc-feats.cc:178) Processed features for key cke03_sr248_trn
VLOG[2] (compute-mfcc-feats:main():compute-mfcc-feats.cc:178) Processed features for key cke03_sr288_trn
LOG (compute-mfcc-feats:main():compute-mfcc-feats.cc:177) Processed 430 utterances
VLOG[2] (compute-mfcc-feats:main():compute-mfcc-feats.cc:178) Processed features for key cke03_sr328_trn
VLOG[2] (compute-mfcc-feats:main():compute-mfcc-feats.cc:178) Processed features for key cke03_sr368_trn
VLOG[2] (compute-mfcc-feats:main():compute-mfcc-feats.cc:178) Processed features for key cke03_sr408_trn
VLOG[2] (compute-mfcc-feats:main():compute-mfcc-feats.cc:178) Processed features for key cke03_sr448_trn
VLOG[2] (compute-mfcc-feats:main():compute-mfcc-feats.cc:178) Processed features for key cke03_sr488_trn
VLOG[2] (compute-mfcc-feats:main():compute-mfcc-feats.cc:178) Processed features for key cke03_sr528_trn
VLOG[2] (compute-mfcc-feats:main():compute-mfcc-feats.cc:178) Processed features for key cke03_sr568_trn
VLOG[2] (compute-mfcc-feats:main():compute-mfcc-feats.cc:178) Processed features for key cke03_st0017_trn
VLOG[2] (compute-mfcc-feats:main():compute-mfcc-feats.cc:178) Processed features for key cke03_st0095_trn
VLOG[2] (compute-mfcc-feats:main():compute-mfcc-feats.cc:178) Processed features for key cke03_st0192_trn
LOG (compute-mfcc-feats:main():compute-mfcc-feats.cc:177) Processed 440 utterances
VLOG[2] (compute-mfcc-feats:main():compute-mfcc-feats.cc:178) Processed features for key cke03_st0266_trn
VLOG[2] (compute-mfcc-feats:main():compute-mfcc-feats.cc:178) Processed features for key cke03_st0356_trn
VLOG[2] (compute-mfcc-feats:main():compute-mfcc-feats.cc:178) Processed features for key cke03_st0435_trn
VLOG[2] (compute-mfcc-feats:main():compute-mfcc-feats.cc:178) Processed features for key cke03_st0529_trn
VLOG[2] (compute-mfcc-feats:main():compute-mfcc-feats.cc:178) Processed features for key cke03_st0624_trn
VLOG[2] (compute-mfcc-feats:main():compute-mfcc-feats.cc:178) Processed features for key cke03_st0722_trn
VLOG[2] (compute-mfcc-feats:main():compute-mfcc-feats.cc:178) Processed features for key cke03_st0803_trn
VLOG[2] (compute-mfcc-feats:main():compute-mfcc-feats.cc:178) Processed features for key cke03_st0901_trn
VLOG[2] (compute-mfcc-feats:main():compute-mfcc-feats.cc:178) Processed features for key cke03_st0986_trn
VLOG[2] (compute-mfcc-feats:main():compute-mfcc-feats.cc:178) Processed features for key cke03_st1087_trn
LOG (compute-mfcc-feats:main():compute-mfcc-feats.cc:177) Processed 450 utterances
VLOG[2] (compute-mfcc-feats:main():compute-mfcc-feats.cc:178) Processed features for key cke03_st1180_trn
VLOG[2] (compute-mfcc-feats:main():compute-mfcc-feats.cc:178) Processed features for key cke03_st1252_trn
VLOG[2] (compute-mfcc-feats:main():compute-mfcc-feats.cc:178) Processed features for key cke03_st1348_trn
VLOG[2] (compute-mfcc-feats:main():compute-mfcc-feats.cc:178) Processed features for key cke03_st1437_trn
VLOG[2] (compute-mfcc-feats:main():compute-mfcc-feats.cc:178) Processed features for key cke03_st1539_trn
VLOG[2] (compute-mfcc-feats:main():compute-mfcc-feats.cc:178) Processed features for key cke03_st1653_trn
VLOG[2] (compute-mfcc-feats:main():compute-mfcc-feats.cc:178) Processed features for key cke03_st1736_trn
VLOG[2] (compute-mfcc-feats:main():compute-mfcc-feats.cc:178) Processed features for key cke03_st1822_trn
VLOG[2] (compute-mfcc-feats:main():compute-mfcc-feats.cc:178) Processed features for key cke03_st1903_trn
VLOG[2] (compute-mfcc-feats:main():compute-mfcc-feats.cc:178) Processed features for key cke03_st1994_trn
LOG (compute-mfcc-feats:main():compute-mfcc-feats.cc:177) Processed 460 utterances
VLOG[2] (compute-mfcc-feats:main():compute-mfcc-feats.cc:178) Processed features for key cke03_st2065_trn
VLOG[2] (compute-mfcc-feats:main():compute-mfcc-feats.cc:178) Processed features for key cke03_st2164_trn
VLOG[2] (compute-mfcc-feats:main():compute-mfcc-feats.cc:178) Processed features for key cmb05_sr022_trn
VLOG[2] (compute-mfcc-feats:main():compute-mfcc-feats.cc:178) Processed features for key cmb05_sr062_trn
VLOG[2] (compute-mfcc-feats:main():compute-mfcc-feats.cc:178) Processed features for key cmb05_sr102_trn
VLOG[2] (compute-mfcc-feats:main():compute-mfcc-feats.cc:178) Processed features for key cmb05_sr142_trn
VLOG[2] (compute-mfcc-feats:main():compute-mfcc-feats.cc:178) Processed features for key cmb05_sr182_trn
VLOG[2] (compute-mfcc-feats:main():compute-mfcc-feats.cc:178) Processed features for key cmb05_sr222_trn
VLOG[2] (compute-mfcc-feats:main():compute-mfcc-feats.cc:178) Processed features for key cmb05_sr262_trn
VLOG[2] (compute-mfcc-feats:main():compute-mfcc-feats.cc:178) Processed features for key cmb05_sr302_trn
LOG (compute-mfcc-feats:main():compute-mfcc-feats.cc:177) Processed 470 utterances
VLOG[2] (compute-mfcc-feats:main():compute-mfcc-feats.cc:178) Processed features for key cmb05_sr342_trn
VLOG[2] (compute-mfcc-feats:main():compute-mfcc-feats.cc:178) Processed features for key cmb05_sr382_trn
VLOG[2] (compute-mfcc-feats:main():compute-mfcc-feats.cc:178) Processed features for key cmb05_sr422_trn
VLOG[2] (compute-mfcc-feats:main():compute-mfcc-feats.cc:178) Processed features for key cmb05_sr462_trn
VLOG[2] (compute-mfcc-feats:main():compute-mfcc-feats.cc:178) Processed features for key cmb05_sr502_trn
VLOG[2] (compute-mfcc-feats:main():compute-mfcc-feats.cc:178) Processed features for key cmb05_sr542_trn
VLOG[2] (compute-mfcc-feats:main():compute-mfcc-feats.cc:178) Processed features for key cmb05_sr582_trn
VLOG[2] (compute-mfcc-feats:main():compute-mfcc-feats.cc:178) Processed features for key cmb05_st0045_trn
VLOG[2] (compute-mfcc-feats:main():compute-mfcc-feats.cc:178) Processed features for key cmb05_st0126_trn
VLOG[2] (compute-mfcc-feats:main():compute-mfcc-feats.cc:178) Processed features for key cmb05_st0217_trn
LOG (compute-mfcc-feats:main():compute-mfcc-feats.cc:177) Processed 480 utterances
VLOG[2] (compute-mfcc-feats:main():compute-mfcc-feats.cc:178) Processed features for key cmb05_st0297_trn
VLOG[2] (compute-mfcc-feats:main():compute-mfcc-feats.cc:178) Processed features for key cmb05_st0382_trn
VLOG[2] (compute-mfcc-feats:main():compute-mfcc-feats.cc:178) Processed features for key cmb05_st0470_trn
VLOG[2] (compute-mfcc-feats:main():compute-mfcc-feats.cc:178) Processed features for key cmb05_st0558_trn
VLOG[2] (compute-mfcc-feats:main():compute-mfcc-feats.cc:178) Processed features for key cmb05_st0647_trn
VLOG[2] (compute-mfcc-feats:main():compute-mfcc-feats.cc:178) Processed features for key cmb05_st0743_trn
VLOG[2] (compute-mfcc-feats:main():compute-mfcc-feats.cc:178) Processed features for key cmb05_st0831_trn
VLOG[2] (compute-mfcc-feats:main():compute-mfcc-feats.cc:178) Processed features for key cmb05_st0926_trn
VLOG[2] (compute-mfcc-feats:main():compute-mfcc-feats.cc:178) Processed features for key cmb05_st1018_trn
VLOG[2] (compute-mfcc-feats:main():compute-mfcc-feats.cc:178) Processed features for key cmb05_st1120_trn
LOG (compute-mfcc-feats:main():compute-mfcc-feats.cc:177) Processed 490 utterances
VLOG[2] (compute-mfcc-feats:main():compute-mfcc-feats.cc:178) Processed features for key cmb05_st1203_trn
VLOG[2] (compute-mfcc-feats:main():compute-mfcc-feats.cc:178) Processed features for key cmb05_st1284_trn
VLOG[2] (compute-mfcc-feats:main():compute-mfcc-feats.cc:178) Processed features for key cmb05_st1374_trn
VLOG[2] (compute-mfcc-feats:main():compute-mfcc-feats.cc:178) Processed features for key cmb05_st1479_trn
VLOG[2] (compute-mfcc-feats:main():compute-mfcc-feats.cc:178) Processed features for key cmb05_st1590_trn
VLOG[2] (compute-mfcc-feats:main():compute-mfcc-feats.cc:178) Processed features for key cmb05_st1674_trn
VLOG[2] (compute-mfcc-feats:main():compute-mfcc-feats.cc:178) Processed features for key cmb05_st1768_trn
VLOG[2] (compute-mfcc-feats:main():compute-mfcc-feats.cc:178) Processed features for key cmb05_st1848_trn
VLOG[2] (compute-mfcc-feats:main():compute-mfcc-feats.cc:178) Processed features for key cmb05_st1935_trn
VLOG[2] (compute-mfcc-feats:main():compute-mfcc-feats.cc:178) Processed features for key cmb05_st2019_trn
LOG (compute-mfcc-feats:main():compute-mfcc-feats.cc:181)  Done 499 out of 499 utterances.
LOG (copy-feats:main():copy-feats.cc:120) Copied 499 feature matrices.
# Accounting: time=29 threads=1
# Ended (code 0) at Sat Sep 10 03:55:04 PDT 2016, elapsed time 29 seconds
