# compute-mfcc-feats --verbose=2 --config=conf/mfcc.conf scp,p:exp/make_mfcc/train/wav_train.5.scp ark:- | copy-feats --compress=true ark:- ark,scp:/home/rb/Documents/ICT/speech_recognition/featdir/rm_mfccdir/raw_mfcc_train.5.ark,/home/rb/Documents/ICT/speech_recognition/featdir/rm_mfccdir/raw_mfcc_train.5.scp 
# Started at Sat Sep 10 03:55:02 PDT 2016
#
copy-feats --compress=true ark:- ark,scp:/home/rb/Documents/ICT/speech_recognition/featdir/rm_mfccdir/raw_mfcc_train.5.ark,/home/rb/Documents/ICT/speech_recognition/featdir/rm_mfccdir/raw_mfcc_train.5.scp 
compute-mfcc-feats --verbose=2 --config=conf/mfcc.conf scp,p:exp/make_mfcc/train/wav_train.5.scp ark:- 
VLOG[2] (compute-mfcc-feats:main():compute-mfcc-feats.cc:178) Processed features for key fwk04_sr270_trn
VLOG[2] (compute-mfcc-feats:main():compute-mfcc-feats.cc:178) Processed features for key fwk04_sr310_trn
VLOG[2] (compute-mfcc-feats:main():compute-mfcc-feats.cc:178) Processed features for key fwk04_sr350_trn
VLOG[2] (compute-mfcc-feats:main():compute-mfcc-feats.cc:178) Processed features for key fwk04_sr390_trn
VLOG[2] (compute-mfcc-feats:main():compute-mfcc-feats.cc:178) Processed features for key fwk04_sr430_trn
VLOG[2] (compute-mfcc-feats:main():compute-mfcc-feats.cc:178) Processed features for key fwk04_sr470_trn
VLOG[2] (compute-mfcc-feats:main():compute-mfcc-feats.cc:178) Processed features for key fwk04_sr510_trn
VLOG[2] (compute-mfcc-feats:main():compute-mfcc-feats.cc:178) Processed features for key fwk04_sr550_trn
VLOG[2] (compute-mfcc-feats:main():compute-mfcc-feats.cc:178) Processed features for key fwk04_sr590_trn
LOG (compute-mfcc-feats:main():compute-mfcc-feats.cc:177) Processed 10 utterances
VLOG[2] (compute-mfcc-feats:main():compute-mfcc-feats.cc:178) Processed features for key fwk04_st0061_trn
VLOG[2] (compute-mfcc-feats:main():compute-mfcc-feats.cc:178) Processed features for key fwk04_st0138_trn
VLOG[2] (compute-mfcc-feats:main():compute-mfcc-feats.cc:178) Processed features for key fwk04_st0235_trn
VLOG[2] (compute-mfcc-feats:main():compute-mfcc-feats.cc:178) Processed features for key fwk04_st0317_trn
VLOG[2] (compute-mfcc-feats:main():compute-mfcc-feats.cc:178) Processed features for key fwk04_st0405_trn
VLOG[2] (compute-mfcc-feats:main():compute-mfcc-feats.cc:178) Processed features for key fwk04_st0487_trn
VLOG[2] (compute-mfcc-feats:main():compute-mfcc-feats.cc:178) Processed features for key fwk04_st0572_trn
VLOG[2] (compute-mfcc-feats:main():compute-mfcc-feats.cc:178) Processed features for key fwk04_st0673_trn
VLOG[2] (compute-mfcc-feats:main():compute-mfcc-feats.cc:178) Processed features for key fwk04_st0768_trn
VLOG[2] (compute-mfcc-feats:main():compute-mfcc-feats.cc:178) Processed features for key fwk04_st0852_trn
LOG (compute-mfcc-feats:main():compute-mfcc-feats.cc:177) Processed 20 utterances
VLOG[2] (compute-mfcc-feats:main():compute-mfcc-feats.cc:178) Processed features for key fwk04_st0942_trn
VLOG[2] (compute-mfcc-feats:main():compute-mfcc-feats.cc:178) Processed features for key fwk04_st1039_trn
VLOG[2] (compute-mfcc-feats:main():compute-mfcc-feats.cc:178) Processed features for key fwk04_st1141_trn
VLOG[2] (compute-mfcc-feats:main():compute-mfcc-feats.cc:178) Processed features for key fwk04_st1219_trn
VLOG[2] (compute-mfcc-feats:main():compute-mfcc-feats.cc:178) Processed features for key fwk04_st1302_trn
VLOG[2] (compute-mfcc-feats:main():compute-mfcc-feats.cc:178) Processed features for key fwk04_st1392_trn
VLOG[2] (compute-mfcc-feats:main():compute-mfcc-feats.cc:178) Processed features for key fwk04_st1495_trn
VLOG[2] (compute-mfcc-feats:main():compute-mfcc-feats.cc:178) Processed features for key fwk04_st1612_trn
VLOG[2] (compute-mfcc-feats:main():compute-mfcc-feats.cc:178) Processed features for key fwk04_st1689_trn
VLOG[2] (compute-mfcc-feats:main():compute-mfcc-feats.cc:178) Processed features for key fwk04_st1789_trn
LOG (compute-mfcc-feats:main():compute-mfcc-feats.cc:177) Processed 30 utterances
VLOG[2] (compute-mfcc-feats:main():compute-mfcc-feats.cc:178) Processed features for key fwk04_st1867_trn
VLOG[2] (compute-mfcc-feats:main():compute-mfcc-feats.cc:178) Processed features for key fwk04_st1952_trn
VLOG[2] (compute-mfcc-feats:main():compute-mfcc-feats.cc:178) Processed features for key fwk04_st2032_trn
VLOG[2] (compute-mfcc-feats:main():compute-mfcc-feats.cc:178) Processed features for key fwk04_st2121_trn
VLOG[2] (compute-mfcc-feats:main():compute-mfcc-feats.cc:178) Processed features for key fwk04_st2219_trn
VLOG[2] (compute-mfcc-feats:main():compute-mfcc-feats.cc:178) Processed features for key gjd04_sr010_trn
VLOG[2] (compute-mfcc-feats:main():compute-mfcc-feats.cc:178) Processed features for key gjd04_sr050_trn
VLOG[2] (compute-mfcc-feats:main():compute-mfcc-feats.cc:178) Processed features for key gjd04_sr090_trn
VLOG[2] (compute-mfcc-feats:main():compute-mfcc-feats.cc:178) Processed features for key gjd04_sr130_trn
VLOG[2] (compute-mfcc-feats:main():compute-mfcc-feats.cc:178) Processed features for key gjd04_sr170_trn
LOG (compute-mfcc-feats:main():compute-mfcc-feats.cc:177) Processed 40 utterances
VLOG[2] (compute-mfcc-feats:main():compute-mfcc-feats.cc:178) Processed features for key gjd04_sr210_trn
VLOG[2] (compute-mfcc-feats:main():compute-mfcc-feats.cc:178) Processed features for key gjd04_sr250_trn
VLOG[2] (compute-mfcc-feats:main():compute-mfcc-feats.cc:178) Processed features for key gjd04_sr290_trn
VLOG[2] (compute-mfcc-feats:main():compute-mfcc-feats.cc:178) Processed features for key gjd04_sr330_trn
VLOG[2] (compute-mfcc-feats:main():compute-mfcc-feats.cc:178) Processed features for key gjd04_sr370_trn
VLOG[2] (compute-mfcc-feats:main():compute-mfcc-feats.cc:178) Processed features for key gjd04_sr410_trn
VLOG[2] (compute-mfcc-feats:main():compute-mfcc-feats.cc:178) Processed features for key gjd04_sr450_trn
VLOG[2] (compute-mfcc-feats:main():compute-mfcc-feats.cc:178) Processed features for key gjd04_sr490_trn
VLOG[2] (compute-mfcc-feats:main():compute-mfcc-feats.cc:178) Processed features for key gjd04_sr530_trn
VLOG[2] (compute-mfcc-feats:main():compute-mfcc-feats.cc:178) Processed features for key gjd04_sr570_trn
LOG (compute-mfcc-feats:main():compute-mfcc-feats.cc:177) Processed 50 utterances
VLOG[2] (compute-mfcc-feats:main():compute-mfcc-feats.cc:178) Processed features for key gjd04_st0021_trn
VLOG[2] (compute-mfcc-feats:main():compute-mfcc-feats.cc:178) Processed features for key gjd04_st0099_trn
VLOG[2] (compute-mfcc-feats:main():compute-mfcc-feats.cc:178) Processed features for key gjd04_st0195_trn
VLOG[2] (compute-mfcc-feats:main():compute-mfcc-feats.cc:178) Processed features for key gjd04_st0271_trn
VLOG[2] (compute-mfcc-feats:main():compute-mfcc-feats.cc:178) Processed features for key gjd04_st0361_trn
VLOG[2] (compute-mfcc-feats:main():compute-mfcc-feats.cc:178) Processed features for key gjd04_st0442_trn
VLOG[2] (compute-mfcc-feats:main():compute-mfcc-feats.cc:178) Processed features for key gjd04_st0537_trn
VLOG[2] (compute-mfcc-feats:main():compute-mfcc-feats.cc:178) Processed features for key gjd04_st0628_trn
VLOG[2] (compute-mfcc-feats:main():compute-mfcc-feats.cc:178) Processed features for key gjd04_st0725_trn
VLOG[2] (compute-mfcc-feats:main():compute-mfcc-feats.cc:178) Processed features for key gjd04_st0806_trn
LOG (compute-mfcc-feats:main():compute-mfcc-feats.cc:177) Processed 60 utterances
VLOG[2] (compute-mfcc-feats:main():compute-mfcc-feats.cc:178) Processed features for key gjd04_st0903_trn
VLOG[2] (compute-mfcc-feats:main():compute-mfcc-feats.cc:178) Processed features for key gjd04_st0998_trn
VLOG[2] (compute-mfcc-feats:main():compute-mfcc-feats.cc:178) Processed features for key gjd04_st1092_trn
VLOG[2] (compute-mfcc-feats:main():compute-mfcc-feats.cc:178) Processed features for key gjd04_st1187_trn
VLOG[2] (compute-mfcc-feats:main():compute-mfcc-feats.cc:178) Processed features for key gjd04_st1254_trn
VLOG[2] (compute-mfcc-feats:main():compute-mfcc-feats.cc:178) Processed features for key gjd04_st1351_trn
VLOG[2] (compute-mfcc-feats:main():compute-mfcc-feats.cc:178) Processed features for key gjd04_st1441_trn
VLOG[2] (compute-mfcc-feats:main():compute-mfcc-feats.cc:178) Processed features for key gjd04_st1550_trn
VLOG[2] (compute-mfcc-feats:main():compute-mfcc-feats.cc:178) Processed features for key gjd04_st1657_trn
VLOG[2] (compute-mfcc-feats:main():compute-mfcc-feats.cc:178) Processed features for key gjd04_st1742_trn
LOG (compute-mfcc-feats:main():compute-mfcc-feats.cc:177) Processed 70 utterances
VLOG[2] (compute-mfcc-feats:main():compute-mfcc-feats.cc:178) Processed features for key gjd04_st1824_trn
VLOG[2] (compute-mfcc-feats:main():compute-mfcc-feats.cc:178) Processed features for key gjd04_st1906_trn
VLOG[2] (compute-mfcc-feats:main():compute-mfcc-feats.cc:178) Processed features for key gjd04_st1997_trn
VLOG[2] (compute-mfcc-feats:main():compute-mfcc-feats.cc:178) Processed features for key gjd04_st2070_trn
VLOG[2] (compute-mfcc-feats:main():compute-mfcc-feats.cc:178) Processed features for key gjd04_st2167_trn
VLOG[2] (compute-mfcc-feats:main():compute-mfcc-feats.cc:178) Processed features for key gmd05_sr026_trn
VLOG[2] (compute-mfcc-feats:main():compute-mfcc-feats.cc:178) Processed features for key gmd05_sr066_trn
VLOG[2] (compute-mfcc-feats:main():compute-mfcc-feats.cc:178) Processed features for key gmd05_sr106_trn
VLOG[2] (compute-mfcc-feats:main():compute-mfcc-feats.cc:178) Processed features for key gmd05_sr146_trn
VLOG[2] (compute-mfcc-feats:main():compute-mfcc-feats.cc:178) Processed features for key gmd05_sr186_trn
LOG (compute-mfcc-feats:main():compute-mfcc-feats.cc:177) Processed 80 utterances
VLOG[2] (compute-mfcc-feats:main():compute-mfcc-feats.cc:178) Processed features for key gmd05_sr226_trn
VLOG[2] (compute-mfcc-feats:main():compute-mfcc-feats.cc:178) Processed features for key gmd05_sr266_trn
VLOG[2] (compute-mfcc-feats:main():compute-mfcc-feats.cc:178) Processed features for key gmd05_sr306_trn
VLOG[2] (compute-mfcc-feats:main():compute-mfcc-feats.cc:178) Processed features for key gmd05_sr346_trn
VLOG[2] (compute-mfcc-feats:main():compute-mfcc-feats.cc:178) Processed features for key gmd05_sr386_trn
VLOG[2] (compute-mfcc-feats:main():compute-mfcc-feats.cc:178) Processed features for key gmd05_sr426_trn
VLOG[2] (compute-mfcc-feats:main():compute-mfcc-feats.cc:178) Processed features for key gmd05_sr466_trn
VLOG[2] (compute-mfcc-feats:main():compute-mfcc-feats.cc:178) Processed features for key gmd05_sr506_trn
VLOG[2] (compute-mfcc-feats:main():compute-mfcc-feats.cc:178) Processed features for key gmd05_sr546_trn
VLOG[2] (compute-mfcc-feats:main():compute-mfcc-feats.cc:178) Processed features for key gmd05_sr586_trn
LOG (compute-mfcc-feats:main():compute-mfcc-feats.cc:177) Processed 90 utterances
VLOG[2] (compute-mfcc-feats:main():compute-mfcc-feats.cc:178) Processed features for key gmd05_st0051_trn
VLOG[2] (compute-mfcc-feats:main():compute-mfcc-feats.cc:178) Processed features for key gmd05_st0132_trn
VLOG[2] (compute-mfcc-feats:main():compute-mfcc-feats.cc:178) Processed features for key gmd05_st0229_trn
VLOG[2] (compute-mfcc-feats:main():compute-mfcc-feats.cc:178) Processed features for key gmd05_st0310_trn
VLOG[2] (compute-mfcc-feats:main():compute-mfcc-feats.cc:178) Processed features for key gmd05_st0388_trn
VLOG[2] (compute-mfcc-feats:main():compute-mfcc-feats.cc:178) Processed features for key gmd05_st0482_trn
VLOG[2] (compute-mfcc-feats:main():compute-mfcc-feats.cc:178) Processed features for key gmd05_st0566_trn
VLOG[2] (compute-mfcc-feats:main():compute-mfcc-feats.cc:178) Processed features for key gmd05_st0658_trn
VLOG[2] (compute-mfcc-feats:main():compute-mfcc-feats.cc:178) Processed features for key gmd05_st0757_trn
VLOG[2] (compute-mfcc-feats:main():compute-mfcc-feats.cc:178) Processed features for key gmd05_st0844_trn
LOG (compute-mfcc-feats:main():compute-mfcc-feats.cc:177) Processed 100 utterances
VLOG[2] (compute-mfcc-feats:main():compute-mfcc-feats.cc:178) Processed features for key gmd05_st0934_trn
VLOG[2] (compute-mfcc-feats:main():compute-mfcc-feats.cc:178) Processed features for key gmd05_st1026_trn
VLOG[2] (compute-mfcc-feats:main():compute-mfcc-feats.cc:178) Processed features for key gmd05_st1131_trn
VLOG[2] (compute-mfcc-feats:main():compute-mfcc-feats.cc:178) Processed features for key gmd05_st1214_trn
VLOG[2] (compute-mfcc-feats:main():compute-mfcc-feats.cc:178) Processed features for key gmd05_st1292_trn
VLOG[2] (compute-mfcc-feats:main():compute-mfcc-feats.cc:178) Processed features for key gmd05_st1385_trn
VLOG[2] (compute-mfcc-feats:main():compute-mfcc-feats.cc:178) Processed features for key gmd05_st1486_trn
VLOG[2] (compute-mfcc-feats:main():compute-mfcc-feats.cc:178) Processed features for key gmd05_st1597_trn
VLOG[2] (compute-mfcc-feats:main():compute-mfcc-feats.cc:178) Processed features for key gmd05_st1684_trn
VLOG[2] (compute-mfcc-feats:main():compute-mfcc-feats.cc:178) Processed features for key gmd05_st1780_trn
LOG (compute-mfcc-feats:main():compute-mfcc-feats.cc:177) Processed 110 utterances
VLOG[2] (compute-mfcc-feats:main():compute-mfcc-feats.cc:178) Processed features for key gmd05_st1855_trn
VLOG[2] (compute-mfcc-feats:main():compute-mfcc-feats.cc:178) Processed features for key gmd05_st1940_trn
VLOG[2] (compute-mfcc-feats:main():compute-mfcc-feats.cc:178) Processed features for key gmd05_st2026_trn
VLOG[2] (compute-mfcc-feats:main():compute-mfcc-feats.cc:178) Processed features for key gmd05_st2114_trn
VLOG[2] (compute-mfcc-feats:main():compute-mfcc-feats.cc:178) Processed features for key gmd05_st2207_trn
VLOG[2] (compute-mfcc-feats:main():compute-mfcc-feats.cc:178) Processed features for key grl01_st0075_trn
VLOG[2] (compute-mfcc-feats:main():compute-mfcc-feats.cc:178) Processed features for key grl01_st0155_trn
VLOG[2] (compute-mfcc-feats:main():compute-mfcc-feats.cc:178) Processed features for key grl01_st0226_trn
VLOG[2] (compute-mfcc-feats:main():compute-mfcc-feats.cc:178) Processed features for key grl01_st0309_trn
VLOG[2] (compute-mfcc-feats:main():compute-mfcc-feats.cc:178) Processed features for key grl01_st0392_trn
LOG (compute-mfcc-feats:main():compute-mfcc-feats.cc:177) Processed 120 utterances
VLOG[2] (compute-mfcc-feats:main():compute-mfcc-feats.cc:178) Processed features for key grl01_st0473_trn
VLOG[2] (compute-mfcc-feats:main():compute-mfcc-feats.cc:178) Processed features for key grl01_st0549_trn
VLOG[2] (compute-mfcc-feats:main():compute-mfcc-feats.cc:178) Processed features for key grl01_st0617_trn
VLOG[2] (compute-mfcc-feats:main():compute-mfcc-feats.cc:178) Processed features for key grl01_st0692_trn
VLOG[2] (compute-mfcc-feats:main():compute-mfcc-feats.cc:178) Processed features for key grl01_st0753_trn
VLOG[2] (compute-mfcc-feats:main():compute-mfcc-feats.cc:178) Processed features for key grl01_st0837_trn
VLOG[2] (compute-mfcc-feats:main():compute-mfcc-feats.cc:178) Processed features for key grl01_st0887_trn
VLOG[2] (compute-mfcc-feats:main():compute-mfcc-feats.cc:178) Processed features for key grl01_st0955_trn
VLOG[2] (compute-mfcc-feats:main():compute-mfcc-feats.cc:178) Processed features for key grl01_st1038_trn
VLOG[2] (compute-mfcc-feats:main():compute-mfcc-feats.cc:178) Processed features for key grl01_st1086_trn
LOG (compute-mfcc-feats:main():compute-mfcc-feats.cc:177) Processed 130 utterances
VLOG[2] (compute-mfcc-feats:main():compute-mfcc-feats.cc:178) Processed features for key grl01_st1161_trn
VLOG[2] (compute-mfcc-feats:main():compute-mfcc-feats.cc:178) Processed features for key grl01_st1250_trn
VLOG[2] (compute-mfcc-feats:main():compute-mfcc-feats.cc:178) Processed features for key grl01_st1307_trn
VLOG[2] (compute-mfcc-feats:main():compute-mfcc-feats.cc:178) Processed features for key grl01_st1396_trn
VLOG[2] (compute-mfcc-feats:main():compute-mfcc-feats.cc:178) Processed features for key grl01_st1454_trn
VLOG[2] (compute-mfcc-feats:main():compute-mfcc-feats.cc:178) Processed features for key grl01_st1526_trn
VLOG[2] (compute-mfcc-feats:main():compute-mfcc-feats.cc:178) Processed features for key grl01_st1589_trn
VLOG[2] (compute-mfcc-feats:main():compute-mfcc-feats.cc:178) Processed features for key grl01_st1654_trn
VLOG[2] (compute-mfcc-feats:main():compute-mfcc-feats.cc:178) Processed features for key grl01_st1733_trn
VLOG[2] (compute-mfcc-feats:main():compute-mfcc-feats.cc:178) Processed features for key grl01_st1808_trn
LOG (compute-mfcc-feats:main():compute-mfcc-feats.cc:177) Processed 140 utterances
VLOG[2] (compute-mfcc-feats:main():compute-mfcc-feats.cc:178) Processed features for key grl01_st1900_trn
VLOG[2] (compute-mfcc-feats:main():compute-mfcc-feats.cc:178) Processed features for key grl01_st1962_trn
VLOG[2] (compute-mfcc-feats:main():compute-mfcc-feats.cc:178) Processed features for key grl01_st2045_trn
VLOG[2] (compute-mfcc-feats:main():compute-mfcc-feats.cc:178) Processed features for key grl01_st2141_trn
VLOG[2] (compute-mfcc-feats:main():compute-mfcc-feats.cc:178) Processed features for key grl01_st2217_trn
VLOG[2] (compute-mfcc-feats:main():compute-mfcc-feats.cc:178) Processed features for key gwt02_st0018_trn
VLOG[2] (compute-mfcc-feats:main():compute-mfcc-feats.cc:178) Processed features for key gwt02_st0102_trn
VLOG[2] (compute-mfcc-feats:main():compute-mfcc-feats.cc:178) Processed features for key gwt02_st0187_trn
VLOG[2] (compute-mfcc-feats:main():compute-mfcc-feats.cc:178) Processed features for key gwt02_st0268_trn
VLOG[2] (compute-mfcc-feats:main():compute-mfcc-feats.cc:178) Processed features for key gwt02_st0345_trn
LOG (compute-mfcc-feats:main():compute-mfcc-feats.cc:177) Processed 150 utterances
VLOG[2] (compute-mfcc-feats:main():compute-mfcc-feats.cc:178) Processed features for key gwt02_st0425_trn
VLOG[2] (compute-mfcc-feats:main():compute-mfcc-feats.cc:178) Processed features for key gwt02_st0511_trn
VLOG[2] (compute-mfcc-feats:main():compute-mfcc-feats.cc:178) Processed features for key gwt02_st0584_trn
VLOG[2] (compute-mfcc-feats:main():compute-mfcc-feats.cc:178) Processed features for key gwt02_st0657_trn
VLOG[2] (compute-mfcc-feats:main():compute-mfcc-feats.cc:178) Processed features for key gwt02_st0715_trn
VLOG[2] (compute-mfcc-feats:main():compute-mfcc-feats.cc:178) Processed features for key gwt02_st0776_trn
VLOG[2] (compute-mfcc-feats:main():compute-mfcc-feats.cc:178) Processed features for key gwt02_st0858_trn
VLOG[2] (compute-mfcc-feats:main():compute-mfcc-feats.cc:178) Processed features for key gwt02_st0921_trn
VLOG[2] (compute-mfcc-feats:main():compute-mfcc-feats.cc:178) Processed features for key gwt02_st0983_trn
VLOG[2] (compute-mfcc-feats:main():compute-mfcc-feats.cc:178) Processed features for key gwt02_st1063_trn
LOG (compute-mfcc-feats:main():compute-mfcc-feats.cc:177) Processed 160 utterances
VLOG[2] (compute-mfcc-feats:main():compute-mfcc-feats.cc:178) Processed features for key gwt02_st1110_trn
VLOG[2] (compute-mfcc-feats:main():compute-mfcc-feats.cc:178) Processed features for key gwt02_st1201_trn
VLOG[2] (compute-mfcc-feats:main():compute-mfcc-feats.cc:178) Processed features for key gwt02_st1280_trn
VLOG[2] (compute-mfcc-feats:main():compute-mfcc-feats.cc:178) Processed features for key gwt02_st1341_trn
VLOG[2] (compute-mfcc-feats:main():compute-mfcc-feats.cc:178) Processed features for key gwt02_st1413_trn
VLOG[2] (compute-mfcc-feats:main():compute-mfcc-feats.cc:178) Processed features for key gwt02_st1487_trn
VLOG[2] (compute-mfcc-feats:main():compute-mfcc-feats.cc:178) Processed features for key gwt02_st1552_trn
VLOG[2] (compute-mfcc-feats:main():compute-mfcc-feats.cc:178) Processed features for key gwt02_st1620_trn
VLOG[2] (compute-mfcc-feats:main():compute-mfcc-feats.cc:178) Processed features for key gwt02_st1683_trn
VLOG[2] (compute-mfcc-feats:main():compute-mfcc-feats.cc:178) Processed features for key gwt02_st1765_trn
LOG (compute-mfcc-feats:main():compute-mfcc-feats.cc:177) Processed 170 utterances
VLOG[2] (compute-mfcc-feats:main():compute-mfcc-feats.cc:178) Processed features for key gwt02_st1853_trn
VLOG[2] (compute-mfcc-feats:main():compute-mfcc-feats.cc:178) Processed features for key gwt02_st1928_trn
VLOG[2] (compute-mfcc-feats:main():compute-mfcc-feats.cc:178) Processed features for key gwt02_st1988_trn
VLOG[2] (compute-mfcc-feats:main():compute-mfcc-feats.cc:178) Processed features for key gwt02_st2110_trn
VLOG[2] (compute-mfcc-feats:main():compute-mfcc-feats.cc:178) Processed features for key gwt02_st2179_trn
VLOG[2] (compute-mfcc-feats:main():compute-mfcc-feats.cc:178) Processed features for key gxp04_sr003_trn
VLOG[2] (compute-mfcc-feats:main():compute-mfcc-feats.cc:178) Processed features for key gxp04_sr043_trn
VLOG[2] (compute-mfcc-feats:main():compute-mfcc-feats.cc:178) Processed features for key gxp04_sr083_trn
VLOG[2] (compute-mfcc-feats:main():compute-mfcc-feats.cc:178) Processed features for key gxp04_sr123_trn
VLOG[2] (compute-mfcc-feats:main():compute-mfcc-feats.cc:178) Processed features for key gxp04_sr163_trn
LOG (compute-mfcc-feats:main():compute-mfcc-feats.cc:177) Processed 180 utterances
VLOG[2] (compute-mfcc-feats:main():compute-mfcc-feats.cc:178) Processed features for key gxp04_sr203_trn
VLOG[2] (compute-mfcc-feats:main():compute-mfcc-feats.cc:178) Processed features for key gxp04_sr243_trn
VLOG[2] (compute-mfcc-feats:main():compute-mfcc-feats.cc:178) Processed features for key gxp04_sr283_trn
VLOG[2] (compute-mfcc-feats:main():compute-mfcc-feats.cc:178) Processed features for key gxp04_sr323_trn
VLOG[2] (compute-mfcc-feats:main():compute-mfcc-feats.cc:178) Processed features for key gxp04_sr363_trn
VLOG[2] (compute-mfcc-feats:main():compute-mfcc-feats.cc:178) Processed features for key gxp04_sr403_trn
VLOG[2] (compute-mfcc-feats:main():compute-mfcc-feats.cc:178) Processed features for key gxp04_sr443_trn
VLOG[2] (compute-mfcc-feats:main():compute-mfcc-feats.cc:178) Processed features for key gxp04_sr483_trn
VLOG[2] (compute-mfcc-feats:main():compute-mfcc-feats.cc:178) Processed features for key gxp04_sr523_trn
VLOG[2] (compute-mfcc-feats:main():compute-mfcc-feats.cc:178) Processed features for key gxp04_sr563_trn
LOG (compute-mfcc-feats:main():compute-mfcc-feats.cc:177) Processed 190 utterances
VLOG[2] (compute-mfcc-feats:main():compute-mfcc-feats.cc:178) Processed features for key gxp04_st0005_trn
VLOG[2] (compute-mfcc-feats:main():compute-mfcc-feats.cc:178) Processed features for key gxp04_st0083_trn
VLOG[2] (compute-mfcc-feats:main():compute-mfcc-feats.cc:178) Processed features for key gxp04_st0171_trn
VLOG[2] (compute-mfcc-feats:main():compute-mfcc-feats.cc:178) Processed features for key gxp04_st0260_trn
VLOG[2] (compute-mfcc-feats:main():compute-mfcc-feats.cc:178) Processed features for key gxp04_st0346_trn
VLOG[2] (compute-mfcc-feats:main():compute-mfcc-feats.cc:178) Processed features for key gxp04_st0429_trn
VLOG[2] (compute-mfcc-feats:main():compute-mfcc-feats.cc:178) Processed features for key gxp04_st0515_trn
VLOG[2] (compute-mfcc-feats:main():compute-mfcc-feats.cc:178) Processed features for key gxp04_st0610_trn
VLOG[2] (compute-mfcc-feats:main():compute-mfcc-feats.cc:178) Processed features for key gxp04_st0711_trn
VLOG[2] (compute-mfcc-feats:main():compute-mfcc-feats.cc:178) Processed features for key gxp04_st0794_trn
LOG (compute-mfcc-feats:main():compute-mfcc-feats.cc:177) Processed 200 utterances
VLOG[2] (compute-mfcc-feats:main():compute-mfcc-feats.cc:178) Processed features for key gxp04_st0885_trn
VLOG[2] (compute-mfcc-feats:main():compute-mfcc-feats.cc:178) Processed features for key gxp04_st0976_trn
VLOG[2] (compute-mfcc-feats:main():compute-mfcc-feats.cc:178) Processed features for key gxp04_st1072_trn
VLOG[2] (compute-mfcc-feats:main():compute-mfcc-feats.cc:178) Processed features for key gxp04_st1167_trn
VLOG[2] (compute-mfcc-feats:main():compute-mfcc-feats.cc:178) Processed features for key gxp04_st1246_trn
VLOG[2] (compute-mfcc-feats:main():compute-mfcc-feats.cc:178) Processed features for key gxp04_st1336_trn
VLOG[2] (compute-mfcc-feats:main():compute-mfcc-feats.cc:178) Processed features for key gxp04_st1429_trn
VLOG[2] (compute-mfcc-feats:main():compute-mfcc-feats.cc:178) Processed features for key gxp04_st1529_trn
VLOG[2] (compute-mfcc-feats:main():compute-mfcc-feats.cc:178) Processed features for key gxp04_st1641_trn
VLOG[2] (compute-mfcc-feats:main():compute-mfcc-feats.cc:178) Processed features for key gxp04_st1725_trn
LOG (compute-mfcc-feats:main():compute-mfcc-feats.cc:177) Processed 210 utterances
VLOG[2] (compute-mfcc-feats:main():compute-mfcc-feats.cc:178) Processed features for key gxp04_st1814_trn
VLOG[2] (compute-mfcc-feats:main():compute-mfcc-feats.cc:178) Processed features for key gxp04_st1894_trn
VLOG[2] (compute-mfcc-feats:main():compute-mfcc-feats.cc:178) Processed features for key gxp04_st1981_trn
VLOG[2] (compute-mfcc-feats:main():compute-mfcc-feats.cc:178) Processed features for key gxp04_st2054_trn
VLOG[2] (compute-mfcc-feats:main():compute-mfcc-feats.cc:178) Processed features for key gxp04_st2148_trn
VLOG[2] (compute-mfcc-feats:main():compute-mfcc-feats.cc:178) Processed features for key hbs07_sr037_trn
VLOG[2] (compute-mfcc-feats:main():compute-mfcc-feats.cc:178) Processed features for key hbs07_sr077_trn
VLOG[2] (compute-mfcc-feats:main():compute-mfcc-feats.cc:178) Processed features for key hbs07_sr117_trn
VLOG[2] (compute-mfcc-feats:main():compute-mfcc-feats.cc:178) Processed features for key hbs07_sr157_trn
VLOG[2] (compute-mfcc-feats:main():compute-mfcc-feats.cc:178) Processed features for key hbs07_sr197_trn
LOG (compute-mfcc-feats:main():compute-mfcc-feats.cc:177) Processed 220 utterances
VLOG[2] (compute-mfcc-feats:main():compute-mfcc-feats.cc:178) Processed features for key hbs07_sr237_trn
VLOG[2] (compute-mfcc-feats:main():compute-mfcc-feats.cc:178) Processed features for key hbs07_sr277_trn
VLOG[2] (compute-mfcc-feats:main():compute-mfcc-feats.cc:178) Processed features for key hbs07_sr317_trn
VLOG[2] (compute-mfcc-feats:main():compute-mfcc-feats.cc:178) Processed features for key hbs07_sr357_trn
VLOG[2] (compute-mfcc-feats:main():compute-mfcc-feats.cc:178) Processed features for key hbs07_sr397_trn
VLOG[2] (compute-mfcc-feats:main():compute-mfcc-feats.cc:178) Processed features for key hbs07_sr437_trn
VLOG[2] (compute-mfcc-feats:main():compute-mfcc-feats.cc:178) Processed features for key hbs07_sr477_trn
VLOG[2] (compute-mfcc-feats:main():compute-mfcc-feats.cc:178) Processed features for key hbs07_sr517_trn
VLOG[2] (compute-mfcc-feats:main():compute-mfcc-feats.cc:178) Processed features for key hbs07_sr557_trn
VLOG[2] (compute-mfcc-feats:main():compute-mfcc-feats.cc:178) Processed features for key hbs07_sr597_trn
LOG (compute-mfcc-feats:main():compute-mfcc-feats.cc:177) Processed 230 utterances
VLOG[2] (compute-mfcc-feats:main():compute-mfcc-feats.cc:178) Processed features for key hbs07_st0073_trn
VLOG[2] (compute-mfcc-feats:main():compute-mfcc-feats.cc:178) Processed features for key hbs07_st0152_trn
VLOG[2] (compute-mfcc-feats:main():compute-mfcc-feats.cc:178) Processed features for key hbs07_st0249_trn
VLOG[2] (compute-mfcc-feats:main():compute-mfcc-feats.cc:178) Processed features for key hbs07_st0333_trn
VLOG[2] (compute-mfcc-feats:main():compute-mfcc-feats.cc:178) Processed features for key hbs07_st0414_trn
VLOG[2] (compute-mfcc-feats:main():compute-mfcc-feats.cc:178) Processed features for key hbs07_st0499_trn
VLOG[2] (compute-mfcc-feats:main():compute-mfcc-feats.cc:178) Processed features for key hbs07_st0594_trn
VLOG[2] (compute-mfcc-feats:main():compute-mfcc-feats.cc:178) Processed features for key hbs07_st0689_trn
VLOG[2] (compute-mfcc-feats:main():compute-mfcc-feats.cc:178) Processed features for key hbs07_st0784_trn
VLOG[2] (compute-mfcc-feats:main():compute-mfcc-feats.cc:178) Processed features for key hbs07_st0875_trn
LOG (compute-mfcc-feats:main():compute-mfcc-feats.cc:177) Processed 240 utterances
VLOG[2] (compute-mfcc-feats:main():compute-mfcc-feats.cc:178) Processed features for key hbs07_st0963_trn
VLOG[2] (compute-mfcc-feats:main():compute-mfcc-feats.cc:178) Processed features for key hbs07_st1058_trn
VLOG[2] (compute-mfcc-feats:main():compute-mfcc-feats.cc:178) Processed features for key hbs07_st1153_trn
VLOG[2] (compute-mfcc-feats:main():compute-mfcc-feats.cc:178) Processed features for key hbs07_st1234_trn
VLOG[2] (compute-mfcc-feats:main():compute-mfcc-feats.cc:178) Processed features for key hbs07_st1322_trn
VLOG[2] (compute-mfcc-feats:main():compute-mfcc-feats.cc:178) Processed features for key hbs07_st1416_trn
VLOG[2] (compute-mfcc-feats:main():compute-mfcc-feats.cc:178) Processed features for key hbs07_st1508_trn
VLOG[2] (compute-mfcc-feats:main():compute-mfcc-feats.cc:178) Processed features for key hbs07_st1623_trn
VLOG[2] (compute-mfcc-feats:main():compute-mfcc-feats.cc:178) Processed features for key hbs07_st1704_trn
VLOG[2] (compute-mfcc-feats:main():compute-mfcc-feats.cc:178) Processed features for key hbs07_st1801_trn
LOG (compute-mfcc-feats:main():compute-mfcc-feats.cc:177) Processed 250 utterances
VLOG[2] (compute-mfcc-feats:main():compute-mfcc-feats.cc:178) Processed features for key hbs07_st1884_trn
VLOG[2] (compute-mfcc-feats:main():compute-mfcc-feats.cc:178) Processed features for key hbs07_st1969_trn
VLOG[2] (compute-mfcc-feats:main():compute-mfcc-feats.cc:178) Processed features for key hbs07_st2047_trn
VLOG[2] (compute-mfcc-feats:main():compute-mfcc-feats.cc:178) Processed features for key hbs07_st2137_trn
VLOG[2] (compute-mfcc-feats:main():compute-mfcc-feats.cc:178) Processed features for key hbs07_st2232_trn
VLOG[2] (compute-mfcc-feats:main():compute-mfcc-feats.cc:178) Processed features for key hes05_sr005_trn
VLOG[2] (compute-mfcc-feats:main():compute-mfcc-feats.cc:178) Processed features for key hes05_sr045_trn
VLOG[2] (compute-mfcc-feats:main():compute-mfcc-feats.cc:178) Processed features for key hes05_sr085_trn
VLOG[2] (compute-mfcc-feats:main():compute-mfcc-feats.cc:178) Processed features for key hes05_sr125_trn
VLOG[2] (compute-mfcc-feats:main():compute-mfcc-feats.cc:178) Processed features for key hes05_sr165_trn
LOG (compute-mfcc-feats:main():compute-mfcc-feats.cc:177) Processed 260 utterances
VLOG[2] (compute-mfcc-feats:main():compute-mfcc-feats.cc:178) Processed features for key hes05_sr205_trn
VLOG[2] (compute-mfcc-feats:main():compute-mfcc-feats.cc:178) Processed features for key hes05_sr245_trn
VLOG[2] (compute-mfcc-feats:main():compute-mfcc-feats.cc:178) Processed features for key hes05_sr285_trn
VLOG[2] (compute-mfcc-feats:main():compute-mfcc-feats.cc:178) Processed features for key hes05_sr325_trn
VLOG[2] (compute-mfcc-feats:main():compute-mfcc-feats.cc:178) Processed features for key hes05_sr365_trn
VLOG[2] (compute-mfcc-feats:main():compute-mfcc-feats.cc:178) Processed features for key hes05_sr405_trn
VLOG[2] (compute-mfcc-feats:main():compute-mfcc-feats.cc:178) Processed features for key hes05_sr445_trn
VLOG[2] (compute-mfcc-feats:main():compute-mfcc-feats.cc:178) Processed features for key hes05_sr485_trn
VLOG[2] (compute-mfcc-feats:main():compute-mfcc-feats.cc:178) Processed features for key hes05_sr525_trn
VLOG[2] (compute-mfcc-feats:main():compute-mfcc-feats.cc:178) Processed features for key hes05_sr565_trn
LOG (compute-mfcc-feats:main():compute-mfcc-feats.cc:177) Processed 270 utterances
VLOG[2] (compute-mfcc-feats:main():compute-mfcc-feats.cc:178) Processed features for key hes05_st0008_trn
VLOG[2] (compute-mfcc-feats:main():compute-mfcc-feats.cc:178) Processed features for key hes05_st0089_trn
VLOG[2] (compute-mfcc-feats:main():compute-mfcc-feats.cc:178) Processed features for key hes05_st0175_trn
VLOG[2] (compute-mfcc-feats:main():compute-mfcc-feats.cc:178) Processed features for key hes05_st0263_trn
VLOG[2] (compute-mfcc-feats:main():compute-mfcc-feats.cc:178) Processed features for key hes05_st0349_trn
VLOG[2] (compute-mfcc-feats:main():compute-mfcc-feats.cc:178) Processed features for key hes05_st0431_trn
VLOG[2] (compute-mfcc-feats:main():compute-mfcc-feats.cc:178) Processed features for key hes05_st0523_trn
VLOG[2] (compute-mfcc-feats:main():compute-mfcc-feats.cc:178) Processed features for key hes05_st0618_trn
VLOG[2] (compute-mfcc-feats:main():compute-mfcc-feats.cc:178) Processed features for key hes05_st0717_trn
VLOG[2] (compute-mfcc-feats:main():compute-mfcc-feats.cc:178) Processed features for key hes05_st0797_trn
LOG (compute-mfcc-feats:main():compute-mfcc-feats.cc:177) Processed 280 utterances
VLOG[2] (compute-mfcc-feats:main():compute-mfcc-feats.cc:178) Processed features for key hes05_st0888_trn
VLOG[2] (compute-mfcc-feats:main():compute-mfcc-feats.cc:178) Processed features for key hes05_st0979_trn
VLOG[2] (compute-mfcc-feats:main():compute-mfcc-feats.cc:178) Processed features for key hes05_st1077_trn
VLOG[2] (compute-mfcc-feats:main():compute-mfcc-feats.cc:178) Processed features for key hes05_st1170_trn
VLOG[2] (compute-mfcc-feats:main():compute-mfcc-feats.cc:178) Processed features for key hes05_st1248_trn
VLOG[2] (compute-mfcc-feats:main():compute-mfcc-feats.cc:178) Processed features for key hes05_st1342_trn
VLOG[2] (compute-mfcc-feats:main():compute-mfcc-feats.cc:178) Processed features for key hes05_st1432_trn
VLOG[2] (compute-mfcc-feats:main():compute-mfcc-feats.cc:178) Processed features for key hes05_st1531_trn
VLOG[2] (compute-mfcc-feats:main():compute-mfcc-feats.cc:178) Processed features for key hes05_st1644_trn
VLOG[2] (compute-mfcc-feats:main():compute-mfcc-feats.cc:178) Processed features for key hes05_st1728_trn
LOG (compute-mfcc-feats:main():compute-mfcc-feats.cc:177) Processed 290 utterances
VLOG[2] (compute-mfcc-feats:main():compute-mfcc-feats.cc:178) Processed features for key hes05_st1818_trn
VLOG[2] (compute-mfcc-feats:main():compute-mfcc-feats.cc:178) Processed features for key hes05_st1897_trn
VLOG[2] (compute-mfcc-feats:main():compute-mfcc-feats.cc:178) Processed features for key hes05_st1990_trn
VLOG[2] (compute-mfcc-feats:main():compute-mfcc-feats.cc:178) Processed features for key hes05_st2058_trn
VLOG[2] (compute-mfcc-feats:main():compute-mfcc-feats.cc:178) Processed features for key hes05_st2153_trn
VLOG[2] (compute-mfcc-feats:main():compute-mfcc-feats.cc:178) Processed features for key hjb03_st0050_trn
VLOG[2] (compute-mfcc-feats:main():compute-mfcc-feats.cc:178) Processed features for key hjb03_st0135_trn
VLOG[2] (compute-mfcc-feats:main():compute-mfcc-feats.cc:178) Processed features for key hjb03_st0207_trn
VLOG[2] (compute-mfcc-feats:main():compute-mfcc-feats.cc:178) Processed features for key hjb03_st0301_trn
VLOG[2] (compute-mfcc-feats:main():compute-mfcc-feats.cc:178) Processed features for key hjb03_st0370_trn
LOG (compute-mfcc-feats:main():compute-mfcc-feats.cc:177) Processed 300 utterances
VLOG[2] (compute-mfcc-feats:main():compute-mfcc-feats.cc:178) Processed features for key hjb03_st0454_trn
VLOG[2] (compute-mfcc-feats:main():compute-mfcc-feats.cc:178) Processed features for key hjb03_st0525_trn
VLOG[2] (compute-mfcc-feats:main():compute-mfcc-feats.cc:178) Processed features for key hjb03_st0611_trn
VLOG[2] (compute-mfcc-feats:main():compute-mfcc-feats.cc:178) Processed features for key hjb03_st0674_trn
VLOG[2] (compute-mfcc-feats:main():compute-mfcc-feats.cc:178) Processed features for key hjb03_st0746_trn
VLOG[2] (compute-mfcc-feats:main():compute-mfcc-feats.cc:178) Processed features for key hjb03_st0815_trn
VLOG[2] (compute-mfcc-feats:main():compute-mfcc-feats.cc:178) Processed features for key hjb03_st0870_trn
VLOG[2] (compute-mfcc-feats:main():compute-mfcc-feats.cc:178) Processed features for key hjb03_st0943_trn
VLOG[2] (compute-mfcc-feats:main():compute-mfcc-feats.cc:178) Processed features for key hjb03_st1021_trn
VLOG[2] (compute-mfcc-feats:main():compute-mfcc-feats.cc:178) Processed features for key hjb03_st1078_trn
LOG (compute-mfcc-feats:main():compute-mfcc-feats.cc:177) Processed 310 utterances
VLOG[2] (compute-mfcc-feats:main():compute-mfcc-feats.cc:178) Processed features for key hjb03_st1138_trn
VLOG[2] (compute-mfcc-feats:main():compute-mfcc-feats.cc:178) Processed features for key hjb03_st1232_trn
VLOG[2] (compute-mfcc-feats:main():compute-mfcc-feats.cc:178) Processed features for key hjb03_st1297_trn
VLOG[2] (compute-mfcc-feats:main():compute-mfcc-feats.cc:178) Processed features for key hjb03_st1368_trn
VLOG[2] (compute-mfcc-feats:main():compute-mfcc-feats.cc:178) Processed features for key hjb03_st1436_trn
VLOG[2] (compute-mfcc-feats:main():compute-mfcc-feats.cc:178) Processed features for key hjb03_st1510_trn
VLOG[2] (compute-mfcc-feats:main():compute-mfcc-feats.cc:178) Processed features for key hjb03_st1576_trn
VLOG[2] (compute-mfcc-feats:main():compute-mfcc-feats.cc:178) Processed features for key hjb03_st1636_trn
VLOG[2] (compute-mfcc-feats:main():compute-mfcc-feats.cc:178) Processed features for key hjb03_st1712_trn
VLOG[2] (compute-mfcc-feats:main():compute-mfcc-feats.cc:178) Processed features for key hjb03_st1784_trn
LOG (compute-mfcc-feats:main():compute-mfcc-feats.cc:177) Processed 320 utterances
VLOG[2] (compute-mfcc-feats:main():compute-mfcc-feats.cc:178) Processed features for key hjb03_st1870_trn
VLOG[2] (compute-mfcc-feats:main():compute-mfcc-feats.cc:178) Processed features for key hjb03_st1947_trn
VLOG[2] (compute-mfcc-feats:main():compute-mfcc-feats.cc:178) Processed features for key hjb03_st2025_trn
VLOG[2] (compute-mfcc-feats:main():compute-mfcc-feats.cc:178) Processed features for key hjb03_st2123_trn
VLOG[2] (compute-mfcc-feats:main():compute-mfcc-feats.cc:178) Processed features for key hjb03_st2192_trn
VLOG[2] (compute-mfcc-feats:main():compute-mfcc-feats.cc:178) Processed features for key hpg03_sr001_trn
VLOG[2] (compute-mfcc-feats:main():compute-mfcc-feats.cc:178) Processed features for key hpg03_sr041_trn
VLOG[2] (compute-mfcc-feats:main():compute-mfcc-feats.cc:178) Processed features for key hpg03_sr081_trn
VLOG[2] (compute-mfcc-feats:main():compute-mfcc-feats.cc:178) Processed features for key hpg03_sr121_trn
VLOG[2] (compute-mfcc-feats:main():compute-mfcc-feats.cc:178) Processed features for key hpg03_sr161_trn
LOG (compute-mfcc-feats:main():compute-mfcc-feats.cc:177) Processed 330 utterances
VLOG[2] (compute-mfcc-feats:main():compute-mfcc-feats.cc:178) Processed features for key hpg03_sr201_trn
VLOG[2] (compute-mfcc-feats:main():compute-mfcc-feats.cc:178) Processed features for key hpg03_sr241_trn
VLOG[2] (compute-mfcc-feats:main():compute-mfcc-feats.cc:178) Processed features for key hpg03_sr281_trn
VLOG[2] (compute-mfcc-feats:main():compute-mfcc-feats.cc:178) Processed features for key hpg03_sr321_trn
VLOG[2] (compute-mfcc-feats:main():compute-mfcc-feats.cc:178) Processed features for key hpg03_sr361_trn
VLOG[2] (compute-mfcc-feats:main():compute-mfcc-feats.cc:178) Processed features for key hpg03_sr401_trn
VLOG[2] (compute-mfcc-feats:main():compute-mfcc-feats.cc:178) Processed features for key hpg03_sr441_trn
VLOG[2] (compute-mfcc-feats:main():compute-mfcc-feats.cc:178) Processed features for key hpg03_sr481_trn
VLOG[2] (compute-mfcc-feats:main():compute-mfcc-feats.cc:178) Processed features for key hpg03_sr521_trn
VLOG[2] (compute-mfcc-feats:main():compute-mfcc-feats.cc:178) Processed features for key hpg03_sr561_trn
LOG (compute-mfcc-feats:main():compute-mfcc-feats.cc:177) Processed 340 utterances
VLOG[2] (compute-mfcc-feats:main():compute-mfcc-feats.cc:178) Processed features for key hpg03_st0001_trn
VLOG[2] (compute-mfcc-feats:main():compute-mfcc-feats.cc:178) Processed features for key hpg03_st0081_trn
VLOG[2] (compute-mfcc-feats:main():compute-mfcc-feats.cc:178) Processed features for key hpg03_st0166_trn
VLOG[2] (compute-mfcc-feats:main():compute-mfcc-feats.cc:178) Processed features for key hpg03_st0257_trn
VLOG[2] (compute-mfcc-feats:main():compute-mfcc-feats.cc:178) Processed features for key hpg03_st0340_trn
VLOG[2] (compute-mfcc-feats:main():compute-mfcc-feats.cc:178) Processed features for key hpg03_st0423_trn
VLOG[2] (compute-mfcc-feats:main():compute-mfcc-feats.cc:178) Processed features for key hpg03_st0510_trn
VLOG[2] (compute-mfcc-feats:main():compute-mfcc-feats.cc:178) Processed features for key hpg03_st0606_trn
VLOG[2] (compute-mfcc-feats:main():compute-mfcc-feats.cc:178) Processed features for key hpg03_st0704_trn
VLOG[2] (compute-mfcc-feats:main():compute-mfcc-feats.cc:178) Processed features for key hpg03_st0789_trn
LOG (compute-mfcc-feats:main():compute-mfcc-feats.cc:177) Processed 350 utterances
VLOG[2] (compute-mfcc-feats:main():compute-mfcc-feats.cc:178) Processed features for key hpg03_st0879_trn
VLOG[2] (compute-mfcc-feats:main():compute-mfcc-feats.cc:178) Processed features for key hpg03_st0973_trn
VLOG[2] (compute-mfcc-feats:main():compute-mfcc-feats.cc:178) Processed features for key hpg03_st1070_trn
VLOG[2] (compute-mfcc-feats:main():compute-mfcc-feats.cc:178) Processed features for key hpg03_st1164_trn
VLOG[2] (compute-mfcc-feats:main():compute-mfcc-feats.cc:178) Processed features for key hpg03_st1242_trn
VLOG[2] (compute-mfcc-feats:main():compute-mfcc-feats.cc:178) Processed features for key hpg03_st1329_trn
VLOG[2] (compute-mfcc-feats:main():compute-mfcc-feats.cc:178) Processed features for key hpg03_st1426_trn
VLOG[2] (compute-mfcc-feats:main():compute-mfcc-feats.cc:178) Processed features for key hpg03_st1525_trn
VLOG[2] (compute-mfcc-feats:main():compute-mfcc-feats.cc:178) Processed features for key hpg03_st1635_trn
VLOG[2] (compute-mfcc-feats:main():compute-mfcc-feats.cc:178) Processed features for key hpg03_st1717_trn
LOG (compute-mfcc-feats:main():compute-mfcc-feats.cc:177) Processed 360 utterances
VLOG[2] (compute-mfcc-feats:main():compute-mfcc-feats.cc:178) Processed features for key hpg03_st1807_trn
VLOG[2] (compute-mfcc-feats:main():compute-mfcc-feats.cc:178) Processed features for key hpg03_st1892_trn
VLOG[2] (compute-mfcc-feats:main():compute-mfcc-feats.cc:178) Processed features for key hpg03_st1979_trn
VLOG[2] (compute-mfcc-feats:main():compute-mfcc-feats.cc:178) Processed features for key hpg03_st2052_trn
VLOG[2] (compute-mfcc-feats:main():compute-mfcc-feats.cc:178) Processed features for key hpg03_st2145_trn
VLOG[2] (compute-mfcc-feats:main():compute-mfcc-feats.cc:178) Processed features for key jcs05_sr035_trn
VLOG[2] (compute-mfcc-feats:main():compute-mfcc-feats.cc:178) Processed features for key jcs05_sr075_trn
VLOG[2] (compute-mfcc-feats:main():compute-mfcc-feats.cc:178) Processed features for key jcs05_sr115_trn
VLOG[2] (compute-mfcc-feats:main():compute-mfcc-feats.cc:178) Processed features for key jcs05_sr155_trn
VLOG[2] (compute-mfcc-feats:main():compute-mfcc-feats.cc:178) Processed features for key jcs05_sr195_trn
LOG (compute-mfcc-feats:main():compute-mfcc-feats.cc:177) Processed 370 utterances
VLOG[2] (compute-mfcc-feats:main():compute-mfcc-feats.cc:178) Processed features for key jcs05_sr235_trn
VLOG[2] (compute-mfcc-feats:main():compute-mfcc-feats.cc:178) Processed features for key jcs05_sr275_trn
VLOG[2] (compute-mfcc-feats:main():compute-mfcc-feats.cc:178) Processed features for key jcs05_sr315_trn
VLOG[2] (compute-mfcc-feats:main():compute-mfcc-feats.cc:178) Processed features for key jcs05_sr355_trn
VLOG[2] (compute-mfcc-feats:main():compute-mfcc-feats.cc:178) Processed features for key jcs05_sr395_trn
VLOG[2] (compute-mfcc-feats:main():compute-mfcc-feats.cc:178) Processed features for key jcs05_sr435_trn
VLOG[2] (compute-mfcc-feats:main():compute-mfcc-feats.cc:178) Processed features for key jcs05_sr475_trn
VLOG[2] (compute-mfcc-feats:main():compute-mfcc-feats.cc:178) Processed features for key jcs05_sr515_trn
VLOG[2] (compute-mfcc-feats:main():compute-mfcc-feats.cc:178) Processed features for key jcs05_sr555_trn
VLOG[2] (compute-mfcc-feats:main():compute-mfcc-feats.cc:178) Processed features for key jcs05_sr595_trn
LOG (compute-mfcc-feats:main():compute-mfcc-feats.cc:177) Processed 380 utterances
VLOG[2] (compute-mfcc-feats:main():compute-mfcc-feats.cc:178) Processed features for key jcs05_st0071_trn
VLOG[2] (compute-mfcc-feats:main():compute-mfcc-feats.cc:178) Processed features for key jcs05_st0147_trn
VLOG[2] (compute-mfcc-feats:main():compute-mfcc-feats.cc:178) Processed features for key jcs05_st0247_trn
VLOG[2] (compute-mfcc-feats:main():compute-mfcc-feats.cc:178) Processed features for key jcs05_st0326_trn
VLOG[2] (compute-mfcc-feats:main():compute-mfcc-feats.cc:178) Processed features for key jcs05_st0412_trn
VLOG[2] (compute-mfcc-feats:main():compute-mfcc-feats.cc:178) Processed features for key jcs05_st0496_trn
VLOG[2] (compute-mfcc-feats:main():compute-mfcc-feats.cc:178) Processed features for key jcs05_st0589_trn
VLOG[2] (compute-mfcc-feats:main():compute-mfcc-feats.cc:178) Processed features for key jcs05_st0684_trn
VLOG[2] (compute-mfcc-feats:main():compute-mfcc-feats.cc:178) Processed features for key jcs05_st0782_trn
VLOG[2] (compute-mfcc-feats:main():compute-mfcc-feats.cc:178) Processed features for key jcs05_st0873_trn
LOG (compute-mfcc-feats:main():compute-mfcc-feats.cc:177) Processed 390 utterances
VLOG[2] (compute-mfcc-feats:main():compute-mfcc-feats.cc:178) Processed features for key jcs05_st0960_trn
VLOG[2] (compute-mfcc-feats:main():compute-mfcc-feats.cc:178) Processed features for key jcs05_st1053_trn
VLOG[2] (compute-mfcc-feats:main():compute-mfcc-feats.cc:178) Processed features for key jcs05_st1151_trn
VLOG[2] (compute-mfcc-feats:main():compute-mfcc-feats.cc:178) Processed features for key jcs05_st1229_trn
VLOG[2] (compute-mfcc-feats:main():compute-mfcc-feats.cc:178) Processed features for key jcs05_st1316_trn
VLOG[2] (compute-mfcc-feats:main():compute-mfcc-feats.cc:178) Processed features for key jcs05_st1401_trn
VLOG[2] (compute-mfcc-feats:main():compute-mfcc-feats.cc:178) Processed features for key jcs05_st1506_trn
VLOG[2] (compute-mfcc-feats:main():compute-mfcc-feats.cc:178) Processed features for key jcs05_st1621_trn
VLOG[2] (compute-mfcc-feats:main():compute-mfcc-feats.cc:178) Processed features for key jcs05_st1698_trn
VLOG[2] (compute-mfcc-feats:main():compute-mfcc-feats.cc:178) Processed features for key jcs05_st1797_trn
LOG (compute-mfcc-feats:main():compute-mfcc-feats.cc:177) Processed 400 utterances
VLOG[2] (compute-mfcc-feats:main():compute-mfcc-feats.cc:178) Processed features for key jcs05_st1882_trn
VLOG[2] (compute-mfcc-feats:main():compute-mfcc-feats.cc:178) Processed features for key jcs05_st1966_trn
VLOG[2] (compute-mfcc-feats:main():compute-mfcc-feats.cc:178) Processed features for key jcs05_st2044_trn
VLOG[2] (compute-mfcc-feats:main():compute-mfcc-feats.cc:178) Processed features for key jcs05_st2134_trn
VLOG[2] (compute-mfcc-feats:main():compute-mfcc-feats.cc:178) Processed features for key jcs05_st2227_trn
VLOG[2] (compute-mfcc-feats:main():compute-mfcc-feats.cc:178) Processed features for key jem01_sr036_trn
VLOG[2] (compute-mfcc-feats:main():compute-mfcc-feats.cc:178) Processed features for key jem01_sr076_trn
VLOG[2] (compute-mfcc-feats:main():compute-mfcc-feats.cc:178) Processed features for key jem01_sr116_trn
VLOG[2] (compute-mfcc-feats:main():compute-mfcc-feats.cc:178) Processed features for key jem01_sr156_trn
VLOG[2] (compute-mfcc-feats:main():compute-mfcc-feats.cc:178) Processed features for key jem01_sr196_trn
LOG (compute-mfcc-feats:main():compute-mfcc-feats.cc:177) Processed 410 utterances
VLOG[2] (compute-mfcc-feats:main():compute-mfcc-feats.cc:178) Processed features for key jem01_sr236_trn
VLOG[2] (compute-mfcc-feats:main():compute-mfcc-feats.cc:178) Processed features for key jem01_sr276_trn
VLOG[2] (compute-mfcc-feats:main():compute-mfcc-feats.cc:178) Processed features for key jem01_sr316_trn
VLOG[2] (compute-mfcc-feats:main():compute-mfcc-feats.cc:178) Processed features for key jem01_sr356_trn
VLOG[2] (compute-mfcc-feats:main():compute-mfcc-feats.cc:178) Processed features for key jem01_sr396_trn
VLOG[2] (compute-mfcc-feats:main():compute-mfcc-feats.cc:178) Processed features for key jem01_sr436_trn
VLOG[2] (compute-mfcc-feats:main():compute-mfcc-feats.cc:178) Processed features for key jem01_sr476_trn
VLOG[2] (compute-mfcc-feats:main():compute-mfcc-feats.cc:178) Processed features for key jem01_sr516_trn
VLOG[2] (compute-mfcc-feats:main():compute-mfcc-feats.cc:178) Processed features for key jem01_sr556_trn
VLOG[2] (compute-mfcc-feats:main():compute-mfcc-feats.cc:178) Processed features for key jem01_sr596_trn
LOG (compute-mfcc-feats:main():compute-mfcc-feats.cc:177) Processed 420 utterances
VLOG[2] (compute-mfcc-feats:main():compute-mfcc-feats.cc:178) Processed features for key jem01_st0072_trn
VLOG[2] (compute-mfcc-feats:main():compute-mfcc-feats.cc:178) Processed features for key jem01_st0149_trn
VLOG[2] (compute-mfcc-feats:main():compute-mfcc-feats.cc:178) Processed features for key jem01_st0248_trn
VLOG[2] (compute-mfcc-feats:main():compute-mfcc-feats.cc:178) Processed features for key jem01_st0327_trn
VLOG[2] (compute-mfcc-feats:main():compute-mfcc-feats.cc:178) Processed features for key jem01_st0413_trn
VLOG[2] (compute-mfcc-feats:main():compute-mfcc-feats.cc:178) Processed features for key jem01_st0498_trn
VLOG[2] (compute-mfcc-feats:main():compute-mfcc-feats.cc:178) Processed features for key jem01_st0592_trn
VLOG[2] (compute-mfcc-feats:main():compute-mfcc-feats.cc:178) Processed features for key jem01_st0686_trn
VLOG[2] (compute-mfcc-feats:main():compute-mfcc-feats.cc:178) Processed features for key jem01_st0783_trn
VLOG[2] (compute-mfcc-feats:main():compute-mfcc-feats.cc:178) Processed features for key jem01_st0874_trn
LOG (compute-mfcc-feats:main():compute-mfcc-feats.cc:177) Processed 430 utterances
VLOG[2] (compute-mfcc-feats:main():compute-mfcc-feats.cc:178) Processed features for key jem01_st0961_trn
VLOG[2] (compute-mfcc-feats:main():compute-mfcc-feats.cc:178) Processed features for key jem01_st1056_trn
VLOG[2] (compute-mfcc-feats:main():compute-mfcc-feats.cc:178) Processed features for key jem01_st1152_trn
VLOG[2] (compute-mfcc-feats:main():compute-mfcc-feats.cc:178) Processed features for key jem01_st1233_trn
VLOG[2] (compute-mfcc-feats:main():compute-mfcc-feats.cc:178) Processed features for key jem01_st1317_trn
VLOG[2] (compute-mfcc-feats:main():compute-mfcc-feats.cc:178) Processed features for key jem01_st1408_trn
VLOG[2] (compute-mfcc-feats:main():compute-mfcc-feats.cc:178) Processed features for key jem01_st1507_trn
VLOG[2] (compute-mfcc-feats:main():compute-mfcc-feats.cc:178) Processed features for key jem01_st1622_trn
VLOG[2] (compute-mfcc-feats:main():compute-mfcc-feats.cc:178) Processed features for key jem01_st1703_trn
VLOG[2] (compute-mfcc-feats:main():compute-mfcc-feats.cc:178) Processed features for key jem01_st1800_trn
LOG (compute-mfcc-feats:main():compute-mfcc-feats.cc:177) Processed 440 utterances
VLOG[2] (compute-mfcc-feats:main():compute-mfcc-feats.cc:178) Processed features for key jem01_st1883_trn
VLOG[2] (compute-mfcc-feats:main():compute-mfcc-feats.cc:178) Processed features for key jem01_st1967_trn
VLOG[2] (compute-mfcc-feats:main():compute-mfcc-feats.cc:178) Processed features for key jem01_st2046_trn
VLOG[2] (compute-mfcc-feats:main():compute-mfcc-feats.cc:178) Processed features for key jem01_st2136_trn
VLOG[2] (compute-mfcc-feats:main():compute-mfcc-feats.cc:178) Processed features for key jem01_st2231_trn
VLOG[2] (compute-mfcc-feats:main():compute-mfcc-feats.cc:178) Processed features for key jfc06_st0004_trn
VLOG[2] (compute-mfcc-feats:main():compute-mfcc-feats.cc:178) Processed features for key jfc06_st0091_trn
VLOG[2] (compute-mfcc-feats:main():compute-mfcc-feats.cc:178) Processed features for key jfc06_st0173_trn
VLOG[2] (compute-mfcc-feats:main():compute-mfcc-feats.cc:178) Processed features for key jfc06_st0242_trn
VLOG[2] (compute-mfcc-feats:main():compute-mfcc-feats.cc:178) Processed features for key jfc06_st0329_trn
LOG (compute-mfcc-feats:main():compute-mfcc-feats.cc:177) Processed 450 utterances
VLOG[2] (compute-mfcc-feats:main():compute-mfcc-feats.cc:178) Processed features for key jfc06_st0401_trn
VLOG[2] (compute-mfcc-feats:main():compute-mfcc-feats.cc:178) Processed features for key jfc06_st0483_trn
VLOG[2] (compute-mfcc-feats:main():compute-mfcc-feats.cc:178) Processed features for key jfc06_st0567_trn
VLOG[2] (compute-mfcc-feats:main():compute-mfcc-feats.cc:178) Processed features for key jfc06_st0644_trn
VLOG[2] (compute-mfcc-feats:main():compute-mfcc-feats.cc:178) Processed features for key jfc06_st0702_trn
VLOG[2] (compute-mfcc-feats:main():compute-mfcc-feats.cc:178) Processed features for key jfc06_st0765_trn
VLOG[2] (compute-mfcc-feats:main():compute-mfcc-feats.cc:178) Processed features for key jfc06_st0845_trn
VLOG[2] (compute-mfcc-feats:main():compute-mfcc-feats.cc:178) Processed features for key jfc06_st0898_trn
VLOG[2] (compute-mfcc-feats:main():compute-mfcc-feats.cc:178) Processed features for key jfc06_st0965_trn
VLOG[2] (compute-mfcc-feats:main():compute-mfcc-feats.cc:178) Processed features for key jfc06_st1052_trn
LOG (compute-mfcc-feats:main():compute-mfcc-feats.cc:177) Processed 460 utterances
VLOG[2] (compute-mfcc-feats:main():compute-mfcc-feats.cc:178) Processed features for key jfc06_st1096_trn
VLOG[2] (compute-mfcc-feats:main():compute-mfcc-feats.cc:178) Processed features for key jfc06_st1177_trn
VLOG[2] (compute-mfcc-feats:main():compute-mfcc-feats.cc:178) Processed features for key jfc06_st1267_trn
VLOG[2] (compute-mfcc-feats:main():compute-mfcc-feats.cc:178) Processed features for key jfc06_st1326_trn
VLOG[2] (compute-mfcc-feats:main():compute-mfcc-feats.cc:178) Processed features for key jfc06_st1405_trn
VLOG[2] (compute-mfcc-feats:main():compute-mfcc-feats.cc:178) Processed features for key jfc06_st1470_trn
VLOG[2] (compute-mfcc-feats:main():compute-mfcc-feats.cc:178) Processed features for key jfc06_st1538_trn
VLOG[2] (compute-mfcc-feats:main():compute-mfcc-feats.cc:178) Processed features for key jfc06_st1600_trn
VLOG[2] (compute-mfcc-feats:main():compute-mfcc-feats.cc:178) Processed features for key jfc06_st1666_trn
VLOG[2] (compute-mfcc-feats:main():compute-mfcc-feats.cc:178) Processed features for key jfc06_st1740_trn
LOG (compute-mfcc-feats:main():compute-mfcc-feats.cc:177) Processed 470 utterances
VLOG[2] (compute-mfcc-feats:main():compute-mfcc-feats.cc:178) Processed features for key jfc06_st1817_trn
VLOG[2] (compute-mfcc-feats:main():compute-mfcc-feats.cc:178) Processed features for key jfc06_st1910_trn
VLOG[2] (compute-mfcc-feats:main():compute-mfcc-feats.cc:178) Processed features for key jfc06_st1976_trn
VLOG[2] (compute-mfcc-feats:main():compute-mfcc-feats.cc:178) Processed features for key jfc06_st2088_trn
VLOG[2] (compute-mfcc-feats:main():compute-mfcc-feats.cc:178) Processed features for key jfc06_st2154_trn
VLOG[2] (compute-mfcc-feats:main():compute-mfcc-feats.cc:178) Processed features for key jfr07_st0018_trn
VLOG[2] (compute-mfcc-feats:main():compute-mfcc-feats.cc:178) Processed features for key jfr07_st0102_trn
VLOG[2] (compute-mfcc-feats:main():compute-mfcc-feats.cc:178) Processed features for key jfr07_st0187_trn
VLOG[2] (compute-mfcc-feats:main():compute-mfcc-feats.cc:178) Processed features for key jfr07_st0268_trn
VLOG[2] (compute-mfcc-feats:main():compute-mfcc-feats.cc:178) Processed features for key jfr07_st0345_trn
LOG (compute-mfcc-feats:main():compute-mfcc-feats.cc:177) Processed 480 utterances
VLOG[2] (compute-mfcc-feats:main():compute-mfcc-feats.cc:178) Processed features for key jfr07_st0425_trn
VLOG[2] (compute-mfcc-feats:main():compute-mfcc-feats.cc:178) Processed features for key jfr07_st0511_trn
VLOG[2] (compute-mfcc-feats:main():compute-mfcc-feats.cc:178) Processed features for key jfr07_st0584_trn
VLOG[2] (compute-mfcc-feats:main():compute-mfcc-feats.cc:178) Processed features for key jfr07_st0657_trn
VLOG[2] (compute-mfcc-feats:main():compute-mfcc-feats.cc:178) Processed features for key jfr07_st0715_trn
VLOG[2] (compute-mfcc-feats:main():compute-mfcc-feats.cc:178) Processed features for key jfr07_st0776_trn
VLOG[2] (compute-mfcc-feats:main():compute-mfcc-feats.cc:178) Processed features for key jfr07_st0858_trn
VLOG[2] (compute-mfcc-feats:main():compute-mfcc-feats.cc:178) Processed features for key jfr07_st0921_trn
VLOG[2] (compute-mfcc-feats:main():compute-mfcc-feats.cc:178) Processed features for key jfr07_st0983_trn
VLOG[2] (compute-mfcc-feats:main():compute-mfcc-feats.cc:178) Processed features for key jfr07_st1063_trn
LOG (compute-mfcc-feats:main():compute-mfcc-feats.cc:177) Processed 490 utterances
VLOG[2] (compute-mfcc-feats:main():compute-mfcc-feats.cc:178) Processed features for key jfr07_st1110_trn
VLOG[2] (compute-mfcc-feats:main():compute-mfcc-feats.cc:178) Processed features for key jfr07_st1201_trn
VLOG[2] (compute-mfcc-feats:main():compute-mfcc-feats.cc:178) Processed features for key jfr07_st1280_trn
VLOG[2] (compute-mfcc-feats:main():compute-mfcc-feats.cc:178) Processed features for key jfr07_st1341_trn
VLOG[2] (compute-mfcc-feats:main():compute-mfcc-feats.cc:178) Processed features for key jfr07_st1413_trn
VLOG[2] (compute-mfcc-feats:main():compute-mfcc-feats.cc:178) Processed features for key jfr07_st1487_trn
VLOG[2] (compute-mfcc-feats:main():compute-mfcc-feats.cc:178) Processed features for key jfr07_st1552_trn
VLOG[2] (compute-mfcc-feats:main():compute-mfcc-feats.cc:178) Processed features for key jfr07_st1620_trn
VLOG[2] (compute-mfcc-feats:main():compute-mfcc-feats.cc:178) Processed features for key jfr07_st1683_trn
VLOG[2] (compute-mfcc-feats:main():compute-mfcc-feats.cc:178) Processed features for key jfr07_st1765_trn
LOG (compute-mfcc-feats:main():compute-mfcc-feats.cc:181)  Done 499 out of 499 utterances.
LOG (copy-feats:main():copy-feats.cc:120) Copied 499 feature matrices.
# Accounting: time=28 threads=1
# Ended (code 0) at Sat Sep 10 03:55:30 PDT 2016, elapsed time 28 seconds
