# compute-mfcc-feats --verbose=2 --config=conf/mfcc.conf scp,p:exp/make_mfcc/train/wav_train.7.scp ark:- | copy-feats --compress=true ark:- ark,scp:/home/rb/Documents/ICT/speech_recognition/featdir/rm_mfccdir/raw_mfcc_train.7.ark,/home/rb/Documents/ICT/speech_recognition/featdir/rm_mfccdir/raw_mfcc_train.7.scp 
# Started at Sat Sep 10 03:55:04 PDT 2016
#
copy-feats --compress=true ark:- ark,scp:/home/rb/Documents/ICT/speech_recognition/featdir/rm_mfccdir/raw_mfcc_train.7.ark,/home/rb/Documents/ICT/speech_recognition/featdir/rm_mfccdir/raw_mfcc_train.7.scp 
compute-mfcc-feats --verbose=2 --config=conf/mfcc.conf scp,p:exp/make_mfcc/train/wav_train.7.scp ark:- 
VLOG[2] (compute-mfcc-feats:main():compute-mfcc-feats.cc:178) Processed features for key ljd03_st1778_trn
VLOG[2] (compute-mfcc-feats:main():compute-mfcc-feats.cc:178) Processed features for key ljd03_st1865_trn
VLOG[2] (compute-mfcc-feats:main():compute-mfcc-feats.cc:178) Processed features for key ljd03_st1934_trn
VLOG[2] (compute-mfcc-feats:main():compute-mfcc-feats.cc:178) Processed features for key ljd03_st2008_trn
VLOG[2] (compute-mfcc-feats:main():compute-mfcc-feats.cc:178) Processed features for key ljd03_st2116_trn
VLOG[2] (compute-mfcc-feats:main():compute-mfcc-feats.cc:178) Processed features for key ljd03_st2188_trn
VLOG[2] (compute-mfcc-feats:main():compute-mfcc-feats.cc:178) Processed features for key lmk05_st0088_trn
VLOG[2] (compute-mfcc-feats:main():compute-mfcc-feats.cc:178) Processed features for key lmk05_st0160_trn
VLOG[2] (compute-mfcc-feats:main():compute-mfcc-feats.cc:178) Processed features for key lmk05_st0237_trn
LOG (compute-mfcc-feats:main():compute-mfcc-feats.cc:177) Processed 10 utterances
VLOG[2] (compute-mfcc-feats:main():compute-mfcc-feats.cc:178) Processed features for key lmk05_st0321_trn
VLOG[2] (compute-mfcc-feats:main():compute-mfcc-feats.cc:178) Processed features for key lmk05_st0399_trn
VLOG[2] (compute-mfcc-feats:main():compute-mfcc-feats.cc:178) Processed features for key lmk05_st0477_trn
VLOG[2] (compute-mfcc-feats:main():compute-mfcc-feats.cc:178) Processed features for key lmk05_st0564_trn
VLOG[2] (compute-mfcc-feats:main():compute-mfcc-feats.cc:178) Processed features for key lmk05_st0627_trn
VLOG[2] (compute-mfcc-feats:main():compute-mfcc-feats.cc:178) Processed features for key lmk05_st0697_trn
VLOG[2] (compute-mfcc-feats:main():compute-mfcc-feats.cc:178) Processed features for key lmk05_st0759_trn
VLOG[2] (compute-mfcc-feats:main():compute-mfcc-feats.cc:178) Processed features for key lmk05_st0841_trn
VLOG[2] (compute-mfcc-feats:main():compute-mfcc-feats.cc:178) Processed features for key lmk05_st0891_trn
VLOG[2] (compute-mfcc-feats:main():compute-mfcc-feats.cc:178) Processed features for key lmk05_st0959_trn
LOG (compute-mfcc-feats:main():compute-mfcc-feats.cc:177) Processed 20 utterances
VLOG[2] (compute-mfcc-feats:main():compute-mfcc-feats.cc:178) Processed features for key lmk05_st1042_trn
VLOG[2] (compute-mfcc-feats:main():compute-mfcc-feats.cc:178) Processed features for key lmk05_st1093_trn
VLOG[2] (compute-mfcc-feats:main():compute-mfcc-feats.cc:178) Processed features for key lmk05_st1171_trn
VLOG[2] (compute-mfcc-feats:main():compute-mfcc-feats.cc:178) Processed features for key lmk05_st1260_trn
VLOG[2] (compute-mfcc-feats:main():compute-mfcc-feats.cc:178) Processed features for key lmk05_st1315_trn
VLOG[2] (compute-mfcc-feats:main():compute-mfcc-feats.cc:178) Processed features for key lmk05_st1400_trn
VLOG[2] (compute-mfcc-feats:main():compute-mfcc-feats.cc:178) Processed features for key lmk05_st1461_trn
VLOG[2] (compute-mfcc-feats:main():compute-mfcc-feats.cc:178) Processed features for key lmk05_st1533_trn
VLOG[2] (compute-mfcc-feats:main():compute-mfcc-feats.cc:178) Processed features for key lmk05_st1594_trn
VLOG[2] (compute-mfcc-feats:main():compute-mfcc-feats.cc:178) Processed features for key lmk05_st1658_trn
LOG (compute-mfcc-feats:main():compute-mfcc-feats.cc:177) Processed 30 utterances
VLOG[2] (compute-mfcc-feats:main():compute-mfcc-feats.cc:178) Processed features for key lmk05_st1737_trn
VLOG[2] (compute-mfcc-feats:main():compute-mfcc-feats.cc:178) Processed features for key lmk05_st1811_trn
VLOG[2] (compute-mfcc-feats:main():compute-mfcc-feats.cc:178) Processed features for key lmk05_st1905_trn
VLOG[2] (compute-mfcc-feats:main():compute-mfcc-feats.cc:178) Processed features for key lmk05_st1974_trn
VLOG[2] (compute-mfcc-feats:main():compute-mfcc-feats.cc:178) Processed features for key lmk05_st2073_trn
VLOG[2] (compute-mfcc-feats:main():compute-mfcc-feats.cc:178) Processed features for key lmk05_st2150_trn
VLOG[2] (compute-mfcc-feats:main():compute-mfcc-feats.cc:178) Processed features for key lmk05_st2229_trn
VLOG[2] (compute-mfcc-feats:main():compute-mfcc-feats.cc:178) Processed features for key mah05_sr015_trn
VLOG[2] (compute-mfcc-feats:main():compute-mfcc-feats.cc:178) Processed features for key mah05_sr055_trn
VLOG[2] (compute-mfcc-feats:main():compute-mfcc-feats.cc:178) Processed features for key mah05_sr095_trn
LOG (compute-mfcc-feats:main():compute-mfcc-feats.cc:177) Processed 40 utterances
VLOG[2] (compute-mfcc-feats:main():compute-mfcc-feats.cc:178) Processed features for key mah05_sr135_trn
VLOG[2] (compute-mfcc-feats:main():compute-mfcc-feats.cc:178) Processed features for key mah05_sr175_trn
VLOG[2] (compute-mfcc-feats:main():compute-mfcc-feats.cc:178) Processed features for key mah05_sr215_trn
VLOG[2] (compute-mfcc-feats:main():compute-mfcc-feats.cc:178) Processed features for key mah05_sr255_trn
VLOG[2] (compute-mfcc-feats:main():compute-mfcc-feats.cc:178) Processed features for key mah05_sr295_trn
VLOG[2] (compute-mfcc-feats:main():compute-mfcc-feats.cc:178) Processed features for key mah05_sr335_trn
VLOG[2] (compute-mfcc-feats:main():compute-mfcc-feats.cc:178) Processed features for key mah05_sr375_trn
VLOG[2] (compute-mfcc-feats:main():compute-mfcc-feats.cc:178) Processed features for key mah05_sr415_trn
VLOG[2] (compute-mfcc-feats:main():compute-mfcc-feats.cc:178) Processed features for key mah05_sr455_trn
VLOG[2] (compute-mfcc-feats:main():compute-mfcc-feats.cc:178) Processed features for key mah05_sr495_trn
LOG (compute-mfcc-feats:main():compute-mfcc-feats.cc:177) Processed 50 utterances
VLOG[2] (compute-mfcc-feats:main():compute-mfcc-feats.cc:178) Processed features for key mah05_sr535_trn
VLOG[2] (compute-mfcc-feats:main():compute-mfcc-feats.cc:178) Processed features for key mah05_sr575_trn
VLOG[2] (compute-mfcc-feats:main():compute-mfcc-feats.cc:178) Processed features for key mah05_st0032_trn
VLOG[2] (compute-mfcc-feats:main():compute-mfcc-feats.cc:178) Processed features for key mah05_st0109_trn
VLOG[2] (compute-mfcc-feats:main():compute-mfcc-feats.cc:178) Processed features for key mah05_st0205_trn
VLOG[2] (compute-mfcc-feats:main():compute-mfcc-feats.cc:178) Processed features for key mah05_st0282_trn
VLOG[2] (compute-mfcc-feats:main():compute-mfcc-feats.cc:178) Processed features for key mah05_st0369_trn
VLOG[2] (compute-mfcc-feats:main():compute-mfcc-feats.cc:178) Processed features for key mah05_st0452_trn
VLOG[2] (compute-mfcc-feats:main():compute-mfcc-feats.cc:178) Processed features for key mah05_st0543_trn
VLOG[2] (compute-mfcc-feats:main():compute-mfcc-feats.cc:178) Processed features for key mah05_st0636_trn
LOG (compute-mfcc-feats:main():compute-mfcc-feats.cc:177) Processed 60 utterances
VLOG[2] (compute-mfcc-feats:main():compute-mfcc-feats.cc:178) Processed features for key mah05_st0734_trn
VLOG[2] (compute-mfcc-feats:main():compute-mfcc-feats.cc:178) Processed features for key mah05_st0820_trn
VLOG[2] (compute-mfcc-feats:main():compute-mfcc-feats.cc:178) Processed features for key mah05_st0913_trn
VLOG[2] (compute-mfcc-feats:main():compute-mfcc-feats.cc:178) Processed features for key mah05_st1008_trn
VLOG[2] (compute-mfcc-feats:main():compute-mfcc-feats.cc:178) Processed features for key mah05_st1106_trn
VLOG[2] (compute-mfcc-feats:main():compute-mfcc-feats.cc:178) Processed features for key mah05_st1194_trn
VLOG[2] (compute-mfcc-feats:main():compute-mfcc-feats.cc:178) Processed features for key mah05_st1264_trn
VLOG[2] (compute-mfcc-feats:main():compute-mfcc-feats.cc:178) Processed features for key mah05_st1357_trn
VLOG[2] (compute-mfcc-feats:main():compute-mfcc-feats.cc:178) Processed features for key mah05_st1465_trn
VLOG[2] (compute-mfcc-feats:main():compute-mfcc-feats.cc:178) Processed features for key mah05_st1570_trn
LOG (compute-mfcc-feats:main():compute-mfcc-feats.cc:177) Processed 70 utterances
VLOG[2] (compute-mfcc-feats:main():compute-mfcc-feats.cc:178) Processed features for key mah05_st1665_trn
VLOG[2] (compute-mfcc-feats:main():compute-mfcc-feats.cc:178) Processed features for key mah05_st1749_trn
VLOG[2] (compute-mfcc-feats:main():compute-mfcc-feats.cc:178) Processed features for key mah05_st1837_trn
VLOG[2] (compute-mfcc-feats:main():compute-mfcc-feats.cc:178) Processed features for key mah05_st1918_trn
VLOG[2] (compute-mfcc-feats:main():compute-mfcc-feats.cc:178) Processed features for key mah05_st2005_trn
VLOG[2] (compute-mfcc-feats:main():compute-mfcc-feats.cc:178) Processed features for key mah05_st2083_trn
VLOG[2] (compute-mfcc-feats:main():compute-mfcc-feats.cc:178) Processed features for key mah05_st2182_trn
VLOG[2] (compute-mfcc-feats:main():compute-mfcc-feats.cc:178) Processed features for key mcc05_sr012_trn
VLOG[2] (compute-mfcc-feats:main():compute-mfcc-feats.cc:178) Processed features for key mcc05_sr052_trn
VLOG[2] (compute-mfcc-feats:main():compute-mfcc-feats.cc:178) Processed features for key mcc05_sr092_trn
LOG (compute-mfcc-feats:main():compute-mfcc-feats.cc:177) Processed 80 utterances
VLOG[2] (compute-mfcc-feats:main():compute-mfcc-feats.cc:178) Processed features for key mcc05_sr132_trn
VLOG[2] (compute-mfcc-feats:main():compute-mfcc-feats.cc:178) Processed features for key mcc05_sr172_trn
VLOG[2] (compute-mfcc-feats:main():compute-mfcc-feats.cc:178) Processed features for key mcc05_sr212_trn
VLOG[2] (compute-mfcc-feats:main():compute-mfcc-feats.cc:178) Processed features for key mcc05_sr252_trn
VLOG[2] (compute-mfcc-feats:main():compute-mfcc-feats.cc:178) Processed features for key mcc05_sr292_trn
VLOG[2] (compute-mfcc-feats:main():compute-mfcc-feats.cc:178) Processed features for key mcc05_sr332_trn
VLOG[2] (compute-mfcc-feats:main():compute-mfcc-feats.cc:178) Processed features for key mcc05_sr372_trn
VLOG[2] (compute-mfcc-feats:main():compute-mfcc-feats.cc:178) Processed features for key mcc05_sr412_trn
VLOG[2] (compute-mfcc-feats:main():compute-mfcc-feats.cc:178) Processed features for key mcc05_sr452_trn
VLOG[2] (compute-mfcc-feats:main():compute-mfcc-feats.cc:178) Processed features for key mcc05_sr492_trn
LOG (compute-mfcc-feats:main():compute-mfcc-feats.cc:177) Processed 90 utterances
VLOG[2] (compute-mfcc-feats:main():compute-mfcc-feats.cc:178) Processed features for key mcc05_sr532_trn
VLOG[2] (compute-mfcc-feats:main():compute-mfcc-feats.cc:178) Processed features for key mcc05_sr572_trn
VLOG[2] (compute-mfcc-feats:main():compute-mfcc-feats.cc:178) Processed features for key mcc05_st0023_trn
VLOG[2] (compute-mfcc-feats:main():compute-mfcc-feats.cc:178) Processed features for key mcc05_st0106_trn
VLOG[2] (compute-mfcc-feats:main():compute-mfcc-feats.cc:178) Processed features for key mcc05_st0199_trn
VLOG[2] (compute-mfcc-feats:main():compute-mfcc-feats.cc:178) Processed features for key mcc05_st0274_trn
VLOG[2] (compute-mfcc-feats:main():compute-mfcc-feats.cc:178) Processed features for key mcc05_st0363_trn
VLOG[2] (compute-mfcc-feats:main():compute-mfcc-feats.cc:178) Processed features for key mcc05_st0447_trn
VLOG[2] (compute-mfcc-feats:main():compute-mfcc-feats.cc:178) Processed features for key mcc05_st0539_trn
VLOG[2] (compute-mfcc-feats:main():compute-mfcc-feats.cc:178) Processed features for key mcc05_st0631_trn
LOG (compute-mfcc-feats:main():compute-mfcc-feats.cc:177) Processed 100 utterances
VLOG[2] (compute-mfcc-feats:main():compute-mfcc-feats.cc:178) Processed features for key mcc05_st0730_trn
VLOG[2] (compute-mfcc-feats:main():compute-mfcc-feats.cc:178) Processed features for key mcc05_st0812_trn
VLOG[2] (compute-mfcc-feats:main():compute-mfcc-feats.cc:178) Processed features for key mcc05_st0907_trn
VLOG[2] (compute-mfcc-feats:main():compute-mfcc-feats.cc:178) Processed features for key mcc05_st1001_trn
VLOG[2] (compute-mfcc-feats:main():compute-mfcc-feats.cc:178) Processed features for key mcc05_st1101_trn
VLOG[2] (compute-mfcc-feats:main():compute-mfcc-feats.cc:178) Processed features for key mcc05_st1190_trn
VLOG[2] (compute-mfcc-feats:main():compute-mfcc-feats.cc:178) Processed features for key mcc05_st1257_trn
VLOG[2] (compute-mfcc-feats:main():compute-mfcc-feats.cc:178) Processed features for key mcc05_st1353_trn
VLOG[2] (compute-mfcc-feats:main():compute-mfcc-feats.cc:178) Processed features for key mcc05_st1455_trn
VLOG[2] (compute-mfcc-feats:main():compute-mfcc-feats.cc:178) Processed features for key mcc05_st1558_trn
LOG (compute-mfcc-feats:main():compute-mfcc-feats.cc:177) Processed 110 utterances
VLOG[2] (compute-mfcc-feats:main():compute-mfcc-feats.cc:178) Processed features for key mcc05_st1661_trn
VLOG[2] (compute-mfcc-feats:main():compute-mfcc-feats.cc:178) Processed features for key mcc05_st1744_trn
VLOG[2] (compute-mfcc-feats:main():compute-mfcc-feats.cc:178) Processed features for key mcc05_st1829_trn
VLOG[2] (compute-mfcc-feats:main():compute-mfcc-feats.cc:178) Processed features for key mcc05_st1913_trn
VLOG[2] (compute-mfcc-feats:main():compute-mfcc-feats.cc:178) Processed features for key mcc05_st2000_trn
VLOG[2] (compute-mfcc-feats:main():compute-mfcc-feats.cc:178) Processed features for key mcc05_st2076_trn
VLOG[2] (compute-mfcc-feats:main():compute-mfcc-feats.cc:178) Processed features for key mcc05_st2174_trn
VLOG[2] (compute-mfcc-feats:main():compute-mfcc-feats.cc:178) Processed features for key mdm04_sr025_trn
VLOG[2] (compute-mfcc-feats:main():compute-mfcc-feats.cc:178) Processed features for key mdm04_sr065_trn
VLOG[2] (compute-mfcc-feats:main():compute-mfcc-feats.cc:178) Processed features for key mdm04_sr105_trn
LOG (compute-mfcc-feats:main():compute-mfcc-feats.cc:177) Processed 120 utterances
VLOG[2] (compute-mfcc-feats:main():compute-mfcc-feats.cc:178) Processed features for key mdm04_sr145_trn
VLOG[2] (compute-mfcc-feats:main():compute-mfcc-feats.cc:178) Processed features for key mdm04_sr185_trn
VLOG[2] (compute-mfcc-feats:main():compute-mfcc-feats.cc:178) Processed features for key mdm04_sr225_trn
VLOG[2] (compute-mfcc-feats:main():compute-mfcc-feats.cc:178) Processed features for key mdm04_sr265_trn
VLOG[2] (compute-mfcc-feats:main():compute-mfcc-feats.cc:178) Processed features for key mdm04_sr305_trn
VLOG[2] (compute-mfcc-feats:main():compute-mfcc-feats.cc:178) Processed features for key mdm04_sr345_trn
VLOG[2] (compute-mfcc-feats:main():compute-mfcc-feats.cc:178) Processed features for key mdm04_sr385_trn
VLOG[2] (compute-mfcc-feats:main():compute-mfcc-feats.cc:178) Processed features for key mdm04_sr425_trn
VLOG[2] (compute-mfcc-feats:main():compute-mfcc-feats.cc:178) Processed features for key mdm04_sr465_trn
VLOG[2] (compute-mfcc-feats:main():compute-mfcc-feats.cc:178) Processed features for key mdm04_sr505_trn
LOG (compute-mfcc-feats:main():compute-mfcc-feats.cc:177) Processed 130 utterances
VLOG[2] (compute-mfcc-feats:main():compute-mfcc-feats.cc:178) Processed features for key mdm04_sr545_trn
VLOG[2] (compute-mfcc-feats:main():compute-mfcc-feats.cc:178) Processed features for key mdm04_sr585_trn
VLOG[2] (compute-mfcc-feats:main():compute-mfcc-feats.cc:178) Processed features for key mdm04_st0048_trn
VLOG[2] (compute-mfcc-feats:main():compute-mfcc-feats.cc:178) Processed features for key mdm04_st0131_trn
VLOG[2] (compute-mfcc-feats:main():compute-mfcc-feats.cc:178) Processed features for key mdm04_st0227_trn
VLOG[2] (compute-mfcc-feats:main():compute-mfcc-feats.cc:178) Processed features for key mdm04_st0306_trn
VLOG[2] (compute-mfcc-feats:main():compute-mfcc-feats.cc:178) Processed features for key mdm04_st0386_trn
VLOG[2] (compute-mfcc-feats:main():compute-mfcc-feats.cc:178) Processed features for key mdm04_st0481_trn
VLOG[2] (compute-mfcc-feats:main():compute-mfcc-feats.cc:178) Processed features for key mdm04_st0563_trn
VLOG[2] (compute-mfcc-feats:main():compute-mfcc-feats.cc:178) Processed features for key mdm04_st0655_trn
LOG (compute-mfcc-feats:main():compute-mfcc-feats.cc:177) Processed 140 utterances
VLOG[2] (compute-mfcc-feats:main():compute-mfcc-feats.cc:178) Processed features for key mdm04_st0755_trn
VLOG[2] (compute-mfcc-feats:main():compute-mfcc-feats.cc:178) Processed features for key mdm04_st0836_trn
VLOG[2] (compute-mfcc-feats:main():compute-mfcc-feats.cc:178) Processed features for key mdm04_st0932_trn
VLOG[2] (compute-mfcc-feats:main():compute-mfcc-feats.cc:178) Processed features for key mdm04_st1023_trn
VLOG[2] (compute-mfcc-feats:main():compute-mfcc-feats.cc:178) Processed features for key mdm04_st1125_trn
VLOG[2] (compute-mfcc-feats:main():compute-mfcc-feats.cc:178) Processed features for key mdm04_st1209_trn
VLOG[2] (compute-mfcc-feats:main():compute-mfcc-feats.cc:178) Processed features for key mdm04_st1291_trn
VLOG[2] (compute-mfcc-feats:main():compute-mfcc-feats.cc:178) Processed features for key mdm04_st1378_trn
VLOG[2] (compute-mfcc-feats:main():compute-mfcc-feats.cc:178) Processed features for key mdm04_st1483_trn
VLOG[2] (compute-mfcc-feats:main():compute-mfcc-feats.cc:178) Processed features for key mdm04_st1596_trn
LOG (compute-mfcc-feats:main():compute-mfcc-feats.cc:177) Processed 150 utterances
VLOG[2] (compute-mfcc-feats:main():compute-mfcc-feats.cc:178) Processed features for key mdm04_st1681_trn
VLOG[2] (compute-mfcc-feats:main():compute-mfcc-feats.cc:178) Processed features for key mdm04_st1776_trn
VLOG[2] (compute-mfcc-feats:main():compute-mfcc-feats.cc:178) Processed features for key mdm04_st1854_trn
VLOG[2] (compute-mfcc-feats:main():compute-mfcc-feats.cc:178) Processed features for key mdm04_st1939_trn
VLOG[2] (compute-mfcc-feats:main():compute-mfcc-feats.cc:178) Processed features for key mdm04_st2024_trn
VLOG[2] (compute-mfcc-feats:main():compute-mfcc-feats.cc:178) Processed features for key mdm04_st2113_trn
VLOG[2] (compute-mfcc-feats:main():compute-mfcc-feats.cc:178) Processed features for key mdm04_st2205_trn
VLOG[2] (compute-mfcc-feats:main():compute-mfcc-feats.cc:178) Processed features for key mgk02_sr028_trn
VLOG[2] (compute-mfcc-feats:main():compute-mfcc-feats.cc:178) Processed features for key mgk02_sr068_trn
VLOG[2] (compute-mfcc-feats:main():compute-mfcc-feats.cc:178) Processed features for key mgk02_sr108_trn
LOG (compute-mfcc-feats:main():compute-mfcc-feats.cc:177) Processed 160 utterances
VLOG[2] (compute-mfcc-feats:main():compute-mfcc-feats.cc:178) Processed features for key mgk02_sr148_trn
VLOG[2] (compute-mfcc-feats:main():compute-mfcc-feats.cc:178) Processed features for key mgk02_sr188_trn
VLOG[2] (compute-mfcc-feats:main():compute-mfcc-feats.cc:178) Processed features for key mgk02_sr228_trn
VLOG[2] (compute-mfcc-feats:main():compute-mfcc-feats.cc:178) Processed features for key mgk02_sr268_trn
VLOG[2] (compute-mfcc-feats:main():compute-mfcc-feats.cc:178) Processed features for key mgk02_sr308_trn
VLOG[2] (compute-mfcc-feats:main():compute-mfcc-feats.cc:178) Processed features for key mgk02_sr348_trn
VLOG[2] (compute-mfcc-feats:main():compute-mfcc-feats.cc:178) Processed features for key mgk02_sr388_trn
VLOG[2] (compute-mfcc-feats:main():compute-mfcc-feats.cc:178) Processed features for key mgk02_sr428_trn
VLOG[2] (compute-mfcc-feats:main():compute-mfcc-feats.cc:178) Processed features for key mgk02_sr468_trn
VLOG[2] (compute-mfcc-feats:main():compute-mfcc-feats.cc:178) Processed features for key mgk02_sr508_trn
LOG (compute-mfcc-feats:main():compute-mfcc-feats.cc:177) Processed 170 utterances
VLOG[2] (compute-mfcc-feats:main():compute-mfcc-feats.cc:178) Processed features for key mgk02_sr548_trn
VLOG[2] (compute-mfcc-feats:main():compute-mfcc-feats.cc:178) Processed features for key mgk02_sr588_trn
VLOG[2] (compute-mfcc-feats:main():compute-mfcc-feats.cc:178) Processed features for key mgk02_st0053_trn
VLOG[2] (compute-mfcc-feats:main():compute-mfcc-feats.cc:178) Processed features for key mgk02_st0136_trn
VLOG[2] (compute-mfcc-feats:main():compute-mfcc-feats.cc:178) Processed features for key mgk02_st0232_trn
VLOG[2] (compute-mfcc-feats:main():compute-mfcc-feats.cc:178) Processed features for key mgk02_st0315_trn
VLOG[2] (compute-mfcc-feats:main():compute-mfcc-feats.cc:178) Processed features for key mgk02_st0395_trn
VLOG[2] (compute-mfcc-feats:main():compute-mfcc-feats.cc:178) Processed features for key mgk02_st0485_trn
VLOG[2] (compute-mfcc-feats:main():compute-mfcc-feats.cc:178) Processed features for key mgk02_st0570_trn
VLOG[2] (compute-mfcc-feats:main():compute-mfcc-feats.cc:178) Processed features for key mgk02_st0667_trn
LOG (compute-mfcc-feats:main():compute-mfcc-feats.cc:177) Processed 180 utterances
VLOG[2] (compute-mfcc-feats:main():compute-mfcc-feats.cc:178) Processed features for key mgk02_st0761_trn
VLOG[2] (compute-mfcc-feats:main():compute-mfcc-feats.cc:178) Processed features for key mgk02_st0849_trn
VLOG[2] (compute-mfcc-feats:main():compute-mfcc-feats.cc:178) Processed features for key mgk02_st0940_trn
VLOG[2] (compute-mfcc-feats:main():compute-mfcc-feats.cc:178) Processed features for key mgk02_st1031_trn
VLOG[2] (compute-mfcc-feats:main():compute-mfcc-feats.cc:178) Processed features for key mgk02_st1133_trn
VLOG[2] (compute-mfcc-feats:main():compute-mfcc-feats.cc:178) Processed features for key mgk02_st1217_trn
VLOG[2] (compute-mfcc-feats:main():compute-mfcc-feats.cc:178) Processed features for key mgk02_st1299_trn
VLOG[2] (compute-mfcc-feats:main():compute-mfcc-feats.cc:178) Processed features for key mgk02_st1388_trn
VLOG[2] (compute-mfcc-feats:main():compute-mfcc-feats.cc:178) Processed features for key mgk02_st1492_trn
VLOG[2] (compute-mfcc-feats:main():compute-mfcc-feats.cc:178) Processed features for key mgk02_st1608_trn
LOG (compute-mfcc-feats:main():compute-mfcc-feats.cc:177) Processed 190 utterances
VLOG[2] (compute-mfcc-feats:main():compute-mfcc-feats.cc:178) Processed features for key mgk02_st1686_trn
VLOG[2] (compute-mfcc-feats:main():compute-mfcc-feats.cc:178) Processed features for key mgk02_st1787_trn
VLOG[2] (compute-mfcc-feats:main():compute-mfcc-feats.cc:178) Processed features for key mgk02_st1861_trn
VLOG[2] (compute-mfcc-feats:main():compute-mfcc-feats.cc:178) Processed features for key mgk02_st1948_trn
VLOG[2] (compute-mfcc-feats:main():compute-mfcc-feats.cc:178) Processed features for key mgk02_st2030_trn
VLOG[2] (compute-mfcc-feats:main():compute-mfcc-feats.cc:178) Processed features for key mgk02_st2119_trn
VLOG[2] (compute-mfcc-feats:main():compute-mfcc-feats.cc:178) Processed features for key mgk02_st2213_trn
VLOG[2] (compute-mfcc-feats:main():compute-mfcc-feats.cc:178) Processed features for key mju06_sr037_trn
VLOG[2] (compute-mfcc-feats:main():compute-mfcc-feats.cc:178) Processed features for key mju06_sr077_trn
VLOG[2] (compute-mfcc-feats:main():compute-mfcc-feats.cc:178) Processed features for key mju06_sr117_trn
LOG (compute-mfcc-feats:main():compute-mfcc-feats.cc:177) Processed 200 utterances
VLOG[2] (compute-mfcc-feats:main():compute-mfcc-feats.cc:178) Processed features for key mju06_sr157_trn
VLOG[2] (compute-mfcc-feats:main():compute-mfcc-feats.cc:178) Processed features for key mju06_sr197_trn
VLOG[2] (compute-mfcc-feats:main():compute-mfcc-feats.cc:178) Processed features for key mju06_sr237_trn
VLOG[2] (compute-mfcc-feats:main():compute-mfcc-feats.cc:178) Processed features for key mju06_sr277_trn
VLOG[2] (compute-mfcc-feats:main():compute-mfcc-feats.cc:178) Processed features for key mju06_sr317_trn
VLOG[2] (compute-mfcc-feats:main():compute-mfcc-feats.cc:178) Processed features for key mju06_sr357_trn
VLOG[2] (compute-mfcc-feats:main():compute-mfcc-feats.cc:178) Processed features for key mju06_sr397_trn
VLOG[2] (compute-mfcc-feats:main():compute-mfcc-feats.cc:178) Processed features for key mju06_sr437_trn
VLOG[2] (compute-mfcc-feats:main():compute-mfcc-feats.cc:178) Processed features for key mju06_sr477_trn
VLOG[2] (compute-mfcc-feats:main():compute-mfcc-feats.cc:178) Processed features for key mju06_sr517_trn
LOG (compute-mfcc-feats:main():compute-mfcc-feats.cc:177) Processed 210 utterances
VLOG[2] (compute-mfcc-feats:main():compute-mfcc-feats.cc:178) Processed features for key mju06_sr557_trn
VLOG[2] (compute-mfcc-feats:main():compute-mfcc-feats.cc:178) Processed features for key mju06_sr597_trn
VLOG[2] (compute-mfcc-feats:main():compute-mfcc-feats.cc:178) Processed features for key mju06_st0073_trn
VLOG[2] (compute-mfcc-feats:main():compute-mfcc-feats.cc:178) Processed features for key mju06_st0152_trn
VLOG[2] (compute-mfcc-feats:main():compute-mfcc-feats.cc:178) Processed features for key mju06_st0249_trn
VLOG[2] (compute-mfcc-feats:main():compute-mfcc-feats.cc:178) Processed features for key mju06_st0333_trn
VLOG[2] (compute-mfcc-feats:main():compute-mfcc-feats.cc:178) Processed features for key mju06_st0414_trn
VLOG[2] (compute-mfcc-feats:main():compute-mfcc-feats.cc:178) Processed features for key mju06_st0499_trn
VLOG[2] (compute-mfcc-feats:main():compute-mfcc-feats.cc:178) Processed features for key mju06_st0594_trn
VLOG[2] (compute-mfcc-feats:main():compute-mfcc-feats.cc:178) Processed features for key mju06_st0689_trn
LOG (compute-mfcc-feats:main():compute-mfcc-feats.cc:177) Processed 220 utterances
VLOG[2] (compute-mfcc-feats:main():compute-mfcc-feats.cc:178) Processed features for key mju06_st0784_trn
VLOG[2] (compute-mfcc-feats:main():compute-mfcc-feats.cc:178) Processed features for key mju06_st0875_trn
VLOG[2] (compute-mfcc-feats:main():compute-mfcc-feats.cc:178) Processed features for key mju06_st0963_trn
VLOG[2] (compute-mfcc-feats:main():compute-mfcc-feats.cc:178) Processed features for key mju06_st1058_trn
VLOG[2] (compute-mfcc-feats:main():compute-mfcc-feats.cc:178) Processed features for key mju06_st1153_trn
VLOG[2] (compute-mfcc-feats:main():compute-mfcc-feats.cc:178) Processed features for key mju06_st1234_trn
VLOG[2] (compute-mfcc-feats:main():compute-mfcc-feats.cc:178) Processed features for key mju06_st1322_trn
VLOG[2] (compute-mfcc-feats:main():compute-mfcc-feats.cc:178) Processed features for key mju06_st1416_trn
VLOG[2] (compute-mfcc-feats:main():compute-mfcc-feats.cc:178) Processed features for key mju06_st1508_trn
VLOG[2] (compute-mfcc-feats:main():compute-mfcc-feats.cc:178) Processed features for key mju06_st1623_trn
LOG (compute-mfcc-feats:main():compute-mfcc-feats.cc:177) Processed 230 utterances
VLOG[2] (compute-mfcc-feats:main():compute-mfcc-feats.cc:178) Processed features for key mju06_st1704_trn
VLOG[2] (compute-mfcc-feats:main():compute-mfcc-feats.cc:178) Processed features for key mju06_st1801_trn
VLOG[2] (compute-mfcc-feats:main():compute-mfcc-feats.cc:178) Processed features for key mju06_st1884_trn
VLOG[2] (compute-mfcc-feats:main():compute-mfcc-feats.cc:178) Processed features for key mju06_st1969_trn
VLOG[2] (compute-mfcc-feats:main():compute-mfcc-feats.cc:178) Processed features for key mju06_st2047_trn
VLOG[2] (compute-mfcc-feats:main():compute-mfcc-feats.cc:178) Processed features for key mju06_st2137_trn
VLOG[2] (compute-mfcc-feats:main():compute-mfcc-feats.cc:178) Processed features for key mju06_st2232_trn
VLOG[2] (compute-mfcc-feats:main():compute-mfcc-feats.cc:178) Processed features for key mmh02_sr040_trn
VLOG[2] (compute-mfcc-feats:main():compute-mfcc-feats.cc:178) Processed features for key mmh02_sr080_trn
VLOG[2] (compute-mfcc-feats:main():compute-mfcc-feats.cc:178) Processed features for key mmh02_sr120_trn
LOG (compute-mfcc-feats:main():compute-mfcc-feats.cc:177) Processed 240 utterances
VLOG[2] (compute-mfcc-feats:main():compute-mfcc-feats.cc:178) Processed features for key mmh02_sr160_trn
VLOG[2] (compute-mfcc-feats:main():compute-mfcc-feats.cc:178) Processed features for key mmh02_sr200_trn
VLOG[2] (compute-mfcc-feats:main():compute-mfcc-feats.cc:178) Processed features for key mmh02_sr240_trn
VLOG[2] (compute-mfcc-feats:main():compute-mfcc-feats.cc:178) Processed features for key mmh02_sr280_trn
VLOG[2] (compute-mfcc-feats:main():compute-mfcc-feats.cc:178) Processed features for key mmh02_sr320_trn
VLOG[2] (compute-mfcc-feats:main():compute-mfcc-feats.cc:178) Processed features for key mmh02_sr360_trn
VLOG[2] (compute-mfcc-feats:main():compute-mfcc-feats.cc:178) Processed features for key mmh02_sr400_trn
VLOG[2] (compute-mfcc-feats:main():compute-mfcc-feats.cc:178) Processed features for key mmh02_sr440_trn
VLOG[2] (compute-mfcc-feats:main():compute-mfcc-feats.cc:178) Processed features for key mmh02_sr480_trn
VLOG[2] (compute-mfcc-feats:main():compute-mfcc-feats.cc:178) Processed features for key mmh02_sr520_trn
LOG (compute-mfcc-feats:main():compute-mfcc-feats.cc:177) Processed 250 utterances
VLOG[2] (compute-mfcc-feats:main():compute-mfcc-feats.cc:178) Processed features for key mmh02_sr560_trn
VLOG[2] (compute-mfcc-feats:main():compute-mfcc-feats.cc:178) Processed features for key mmh02_sr600_trn
VLOG[2] (compute-mfcc-feats:main():compute-mfcc-feats.cc:178) Processed features for key mmh02_st0080_trn
VLOG[2] (compute-mfcc-feats:main():compute-mfcc-feats.cc:178) Processed features for key mmh02_st0164_trn
VLOG[2] (compute-mfcc-feats:main():compute-mfcc-feats.cc:178) Processed features for key mmh02_st0256_trn
VLOG[2] (compute-mfcc-feats:main():compute-mfcc-feats.cc:178) Processed features for key mmh02_st0339_trn
VLOG[2] (compute-mfcc-feats:main():compute-mfcc-feats.cc:178) Processed features for key mmh02_st0417_trn
VLOG[2] (compute-mfcc-feats:main():compute-mfcc-feats.cc:178) Processed features for key mmh02_st0509_trn
VLOG[2] (compute-mfcc-feats:main():compute-mfcc-feats.cc:178) Processed features for key mmh02_st0604_trn
VLOG[2] (compute-mfcc-feats:main():compute-mfcc-feats.cc:178) Processed features for key mmh02_st0699_trn
LOG (compute-mfcc-feats:main():compute-mfcc-feats.cc:177) Processed 260 utterances
VLOG[2] (compute-mfcc-feats:main():compute-mfcc-feats.cc:178) Processed features for key mmh02_st0788_trn
VLOG[2] (compute-mfcc-feats:main():compute-mfcc-feats.cc:178) Processed features for key mmh02_st0878_trn
VLOG[2] (compute-mfcc-feats:main():compute-mfcc-feats.cc:178) Processed features for key mmh02_st0971_trn
VLOG[2] (compute-mfcc-feats:main():compute-mfcc-feats.cc:178) Processed features for key mmh02_st1068_trn
VLOG[2] (compute-mfcc-feats:main():compute-mfcc-feats.cc:178) Processed features for key mmh02_st1160_trn
VLOG[2] (compute-mfcc-feats:main():compute-mfcc-feats.cc:178) Processed features for key mmh02_st1241_trn
VLOG[2] (compute-mfcc-feats:main():compute-mfcc-feats.cc:178) Processed features for key mmh02_st1328_trn
VLOG[2] (compute-mfcc-feats:main():compute-mfcc-feats.cc:178) Processed features for key mmh02_st1425_trn
VLOG[2] (compute-mfcc-feats:main():compute-mfcc-feats.cc:178) Processed features for key mmh02_st1522_trn
VLOG[2] (compute-mfcc-feats:main():compute-mfcc-feats.cc:178) Processed features for key mmh02_st1632_trn
LOG (compute-mfcc-feats:main():compute-mfcc-feats.cc:177) Processed 270 utterances
VLOG[2] (compute-mfcc-feats:main():compute-mfcc-feats.cc:178) Processed features for key mmh02_st1716_trn
VLOG[2] (compute-mfcc-feats:main():compute-mfcc-feats.cc:178) Processed features for key mmh02_st1806_trn
VLOG[2] (compute-mfcc-feats:main():compute-mfcc-feats.cc:178) Processed features for key mmh02_st1891_trn
VLOG[2] (compute-mfcc-feats:main():compute-mfcc-feats.cc:178) Processed features for key mmh02_st1973_trn
VLOG[2] (compute-mfcc-feats:main():compute-mfcc-feats.cc:178) Processed features for key mmh02_st2051_trn
VLOG[2] (compute-mfcc-feats:main():compute-mfcc-feats.cc:178) Processed features for key mmh02_st2142_trn
VLOG[2] (compute-mfcc-feats:main():compute-mfcc-feats.cc:178) Processed features for key mmh02_st2235_trn
VLOG[2] (compute-mfcc-feats:main():compute-mfcc-feats.cc:178) Processed features for key pgl02_sr033_trn
VLOG[2] (compute-mfcc-feats:main():compute-mfcc-feats.cc:178) Processed features for key pgl02_sr073_trn
VLOG[2] (compute-mfcc-feats:main():compute-mfcc-feats.cc:178) Processed features for key pgl02_sr113_trn
LOG (compute-mfcc-feats:main():compute-mfcc-feats.cc:177) Processed 280 utterances
VLOG[2] (compute-mfcc-feats:main():compute-mfcc-feats.cc:178) Processed features for key pgl02_sr153_trn
VLOG[2] (compute-mfcc-feats:main():compute-mfcc-feats.cc:178) Processed features for key pgl02_sr193_trn
VLOG[2] (compute-mfcc-feats:main():compute-mfcc-feats.cc:178) Processed features for key pgl02_sr233_trn
VLOG[2] (compute-mfcc-feats:main():compute-mfcc-feats.cc:178) Processed features for key pgl02_sr273_trn
VLOG[2] (compute-mfcc-feats:main():compute-mfcc-feats.cc:178) Processed features for key pgl02_sr313_trn
VLOG[2] (compute-mfcc-feats:main():compute-mfcc-feats.cc:178) Processed features for key pgl02_sr353_trn
VLOG[2] (compute-mfcc-feats:main():compute-mfcc-feats.cc:178) Processed features for key pgl02_sr393_trn
VLOG[2] (compute-mfcc-feats:main():compute-mfcc-feats.cc:178) Processed features for key pgl02_sr433_trn
VLOG[2] (compute-mfcc-feats:main():compute-mfcc-feats.cc:178) Processed features for key pgl02_sr473_trn
VLOG[2] (compute-mfcc-feats:main():compute-mfcc-feats.cc:178) Processed features for key pgl02_sr513_trn
LOG (compute-mfcc-feats:main():compute-mfcc-feats.cc:177) Processed 290 utterances
VLOG[2] (compute-mfcc-feats:main():compute-mfcc-feats.cc:178) Processed features for key pgl02_sr553_trn
VLOG[2] (compute-mfcc-feats:main():compute-mfcc-feats.cc:178) Processed features for key pgl02_sr593_trn
VLOG[2] (compute-mfcc-feats:main():compute-mfcc-feats.cc:178) Processed features for key pgl02_st0067_trn
VLOG[2] (compute-mfcc-feats:main():compute-mfcc-feats.cc:178) Processed features for key pgl02_st0145_trn
VLOG[2] (compute-mfcc-feats:main():compute-mfcc-feats.cc:178) Processed features for key pgl02_st0245_trn
VLOG[2] (compute-mfcc-feats:main():compute-mfcc-feats.cc:178) Processed features for key pgl02_st0322_trn
VLOG[2] (compute-mfcc-feats:main():compute-mfcc-feats.cc:178) Processed features for key pgl02_st0409_trn
VLOG[2] (compute-mfcc-feats:main():compute-mfcc-feats.cc:178) Processed features for key pgl02_st0492_trn
VLOG[2] (compute-mfcc-feats:main():compute-mfcc-feats.cc:178) Processed features for key pgl02_st0575_trn
VLOG[2] (compute-mfcc-feats:main():compute-mfcc-feats.cc:178) Processed features for key pgl02_st0682_trn
LOG (compute-mfcc-feats:main():compute-mfcc-feats.cc:177) Processed 300 utterances
VLOG[2] (compute-mfcc-feats:main():compute-mfcc-feats.cc:178) Processed features for key pgl02_st0775_trn
VLOG[2] (compute-mfcc-feats:main():compute-mfcc-feats.cc:178) Processed features for key pgl02_st0864_trn
VLOG[2] (compute-mfcc-feats:main():compute-mfcc-feats.cc:178) Processed features for key pgl02_st0947_trn
VLOG[2] (compute-mfcc-feats:main():compute-mfcc-feats.cc:178) Processed features for key pgl02_st1048_trn
VLOG[2] (compute-mfcc-feats:main():compute-mfcc-feats.cc:178) Processed features for key pgl02_st1147_trn
VLOG[2] (compute-mfcc-feats:main():compute-mfcc-feats.cc:178) Processed features for key pgl02_st1225_trn
VLOG[2] (compute-mfcc-feats:main():compute-mfcc-feats.cc:178) Processed features for key pgl02_st1309_trn
VLOG[2] (compute-mfcc-feats:main():compute-mfcc-feats.cc:178) Processed features for key pgl02_st1397_trn
VLOG[2] (compute-mfcc-feats:main():compute-mfcc-feats.cc:178) Processed features for key pgl02_st1499_trn
VLOG[2] (compute-mfcc-feats:main():compute-mfcc-feats.cc:178) Processed features for key pgl02_st1618_trn
LOG (compute-mfcc-feats:main():compute-mfcc-feats.cc:177) Processed 310 utterances
VLOG[2] (compute-mfcc-feats:main():compute-mfcc-feats.cc:178) Processed features for key pgl02_st1695_trn
VLOG[2] (compute-mfcc-feats:main():compute-mfcc-feats.cc:178) Processed features for key pgl02_st1794_trn
VLOG[2] (compute-mfcc-feats:main():compute-mfcc-feats.cc:178) Processed features for key pgl02_st1880_trn
VLOG[2] (compute-mfcc-feats:main():compute-mfcc-feats.cc:178) Processed features for key pgl02_st1960_trn
VLOG[2] (compute-mfcc-feats:main():compute-mfcc-feats.cc:178) Processed features for key pgl02_st2038_trn
VLOG[2] (compute-mfcc-feats:main():compute-mfcc-feats.cc:178) Processed features for key pgl02_st2127_trn
VLOG[2] (compute-mfcc-feats:main():compute-mfcc-feats.cc:178) Processed features for key pgl02_st2223_trn
VLOG[2] (compute-mfcc-feats:main():compute-mfcc-feats.cc:178) Processed features for key rav05_st0027_trn
VLOG[2] (compute-mfcc-feats:main():compute-mfcc-feats.cc:178) Processed features for key rav05_st0115_trn
VLOG[2] (compute-mfcc-feats:main():compute-mfcc-feats.cc:178) Processed features for key rav05_st0191_trn
LOG (compute-mfcc-feats:main():compute-mfcc-feats.cc:177) Processed 320 utterances
VLOG[2] (compute-mfcc-feats:main():compute-mfcc-feats.cc:178) Processed features for key rav05_st0278_trn
VLOG[2] (compute-mfcc-feats:main():compute-mfcc-feats.cc:178) Processed features for key rav05_st0351_trn
VLOG[2] (compute-mfcc-feats:main():compute-mfcc-feats.cc:178) Processed features for key rav05_st0438_trn
VLOG[2] (compute-mfcc-feats:main():compute-mfcc-feats.cc:178) Processed features for key rav05_st0514_trn
VLOG[2] (compute-mfcc-feats:main():compute-mfcc-feats.cc:178) Processed features for key rav05_st0588_trn
VLOG[2] (compute-mfcc-feats:main():compute-mfcc-feats.cc:178) Processed features for key rav05_st0662_trn
VLOG[2] (compute-mfcc-feats:main():compute-mfcc-feats.cc:178) Processed features for key rav05_st0719_trn
VLOG[2] (compute-mfcc-feats:main():compute-mfcc-feats.cc:178) Processed features for key rav05_st0785_trn
VLOG[2] (compute-mfcc-feats:main():compute-mfcc-feats.cc:178) Processed features for key rav05_st0861_trn
VLOG[2] (compute-mfcc-feats:main():compute-mfcc-feats.cc:178) Processed features for key rav05_st0928_trn
LOG (compute-mfcc-feats:main():compute-mfcc-feats.cc:177) Processed 330 utterances
VLOG[2] (compute-mfcc-feats:main():compute-mfcc-feats.cc:178) Processed features for key rav05_st0989_trn
VLOG[2] (compute-mfcc-feats:main():compute-mfcc-feats.cc:178) Processed features for key rav05_st1066_trn
VLOG[2] (compute-mfcc-feats:main():compute-mfcc-feats.cc:178) Processed features for key rav05_st1123_trn
VLOG[2] (compute-mfcc-feats:main():compute-mfcc-feats.cc:178) Processed features for key rav05_st1210_trn
VLOG[2] (compute-mfcc-feats:main():compute-mfcc-feats.cc:178) Processed features for key rav05_st1287_trn
VLOG[2] (compute-mfcc-feats:main():compute-mfcc-feats.cc:178) Processed features for key rav05_st1358_trn
VLOG[2] (compute-mfcc-feats:main():compute-mfcc-feats.cc:178) Processed features for key rav05_st1418_trn
VLOG[2] (compute-mfcc-feats:main():compute-mfcc-feats.cc:178) Processed features for key rav05_st1500_trn
VLOG[2] (compute-mfcc-feats:main():compute-mfcc-feats.cc:178) Processed features for key rav05_st1556_trn
VLOG[2] (compute-mfcc-feats:main():compute-mfcc-feats.cc:178) Processed features for key rav05_st1628_trn
LOG (compute-mfcc-feats:main():compute-mfcc-feats.cc:177) Processed 340 utterances
VLOG[2] (compute-mfcc-feats:main():compute-mfcc-feats.cc:178) Processed features for key rav05_st1692_trn
VLOG[2] (compute-mfcc-feats:main():compute-mfcc-feats.cc:178) Processed features for key rav05_st1774_trn
VLOG[2] (compute-mfcc-feats:main():compute-mfcc-feats.cc:178) Processed features for key rav05_st1864_trn
VLOG[2] (compute-mfcc-feats:main():compute-mfcc-feats.cc:178) Processed features for key rav05_st1931_trn
VLOG[2] (compute-mfcc-feats:main():compute-mfcc-feats.cc:178) Processed features for key rav05_st2007_trn
VLOG[2] (compute-mfcc-feats:main():compute-mfcc-feats.cc:178) Processed features for key rav05_st2115_trn
VLOG[2] (compute-mfcc-feats:main():compute-mfcc-feats.cc:178) Processed features for key rav05_st2185_trn
VLOG[2] (compute-mfcc-feats:main():compute-mfcc-feats.cc:178) Processed features for key rcg01_sr031_trn
VLOG[2] (compute-mfcc-feats:main():compute-mfcc-feats.cc:178) Processed features for key rcg01_sr071_trn
VLOG[2] (compute-mfcc-feats:main():compute-mfcc-feats.cc:178) Processed features for key rcg01_sr111_trn
LOG (compute-mfcc-feats:main():compute-mfcc-feats.cc:177) Processed 350 utterances
VLOG[2] (compute-mfcc-feats:main():compute-mfcc-feats.cc:178) Processed features for key rcg01_sr151_trn
VLOG[2] (compute-mfcc-feats:main():compute-mfcc-feats.cc:178) Processed features for key rcg01_sr191_trn
VLOG[2] (compute-mfcc-feats:main():compute-mfcc-feats.cc:178) Processed features for key rcg01_sr231_trn
VLOG[2] (compute-mfcc-feats:main():compute-mfcc-feats.cc:178) Processed features for key rcg01_sr271_trn
VLOG[2] (compute-mfcc-feats:main():compute-mfcc-feats.cc:178) Processed features for key rcg01_sr311_trn
VLOG[2] (compute-mfcc-feats:main():compute-mfcc-feats.cc:178) Processed features for key rcg01_sr351_trn
VLOG[2] (compute-mfcc-feats:main():compute-mfcc-feats.cc:178) Processed features for key rcg01_sr391_trn
VLOG[2] (compute-mfcc-feats:main():compute-mfcc-feats.cc:178) Processed features for key rcg01_sr431_trn
VLOG[2] (compute-mfcc-feats:main():compute-mfcc-feats.cc:178) Processed features for key rcg01_sr471_trn
VLOG[2] (compute-mfcc-feats:main():compute-mfcc-feats.cc:178) Processed features for key rcg01_sr511_trn
LOG (compute-mfcc-feats:main():compute-mfcc-feats.cc:177) Processed 360 utterances
VLOG[2] (compute-mfcc-feats:main():compute-mfcc-feats.cc:178) Processed features for key rcg01_sr551_trn
VLOG[2] (compute-mfcc-feats:main():compute-mfcc-feats.cc:178) Processed features for key rcg01_sr591_trn
VLOG[2] (compute-mfcc-feats:main():compute-mfcc-feats.cc:178) Processed features for key rcg01_st0062_trn
VLOG[2] (compute-mfcc-feats:main():compute-mfcc-feats.cc:178) Processed features for key rcg01_st0140_trn
VLOG[2] (compute-mfcc-feats:main():compute-mfcc-feats.cc:178) Processed features for key rcg01_st0236_trn
VLOG[2] (compute-mfcc-feats:main():compute-mfcc-feats.cc:178) Processed features for key rcg01_st0319_trn
VLOG[2] (compute-mfcc-feats:main():compute-mfcc-feats.cc:178) Processed features for key rcg01_st0407_trn
VLOG[2] (compute-mfcc-feats:main():compute-mfcc-feats.cc:178) Processed features for key rcg01_st0489_trn
VLOG[2] (compute-mfcc-feats:main():compute-mfcc-feats.cc:178) Processed features for key rcg01_st0573_trn
VLOG[2] (compute-mfcc-feats:main():compute-mfcc-feats.cc:178) Processed features for key rcg01_st0679_trn
LOG (compute-mfcc-feats:main():compute-mfcc-feats.cc:177) Processed 370 utterances
VLOG[2] (compute-mfcc-feats:main():compute-mfcc-feats.cc:178) Processed features for key rcg01_st0769_trn
VLOG[2] (compute-mfcc-feats:main():compute-mfcc-feats.cc:178) Processed features for key rcg01_st0853_trn
VLOG[2] (compute-mfcc-feats:main():compute-mfcc-feats.cc:178) Processed features for key rcg01_st0944_trn
VLOG[2] (compute-mfcc-feats:main():compute-mfcc-feats.cc:178) Processed features for key rcg01_st1043_trn
VLOG[2] (compute-mfcc-feats:main():compute-mfcc-feats.cc:178) Processed features for key rcg01_st1143_trn
VLOG[2] (compute-mfcc-feats:main():compute-mfcc-feats.cc:178) Processed features for key rcg01_st1220_trn
VLOG[2] (compute-mfcc-feats:main():compute-mfcc-feats.cc:178) Processed features for key rcg01_st1304_trn
VLOG[2] (compute-mfcc-feats:main():compute-mfcc-feats.cc:178) Processed features for key rcg01_st1393_trn
VLOG[2] (compute-mfcc-feats:main():compute-mfcc-feats.cc:178) Processed features for key rcg01_st1497_trn
VLOG[2] (compute-mfcc-feats:main():compute-mfcc-feats.cc:178) Processed features for key rcg01_st1614_trn
LOG (compute-mfcc-feats:main():compute-mfcc-feats.cc:177) Processed 380 utterances
VLOG[2] (compute-mfcc-feats:main():compute-mfcc-feats.cc:178) Processed features for key rcg01_st1691_trn
VLOG[2] (compute-mfcc-feats:main():compute-mfcc-feats.cc:178) Processed features for key rcg01_st1790_trn
VLOG[2] (compute-mfcc-feats:main():compute-mfcc-feats.cc:178) Processed features for key rcg01_st1869_trn
VLOG[2] (compute-mfcc-feats:main():compute-mfcc-feats.cc:178) Processed features for key rcg01_st1953_trn
VLOG[2] (compute-mfcc-feats:main():compute-mfcc-feats.cc:178) Processed features for key rcg01_st2036_trn
VLOG[2] (compute-mfcc-feats:main():compute-mfcc-feats.cc:178) Processed features for key rcg01_st2124_trn
VLOG[2] (compute-mfcc-feats:main():compute-mfcc-feats.cc:178) Processed features for key rcg01_st2220_trn
VLOG[2] (compute-mfcc-feats:main():compute-mfcc-feats.cc:178) Processed features for key rdd01_st0010_trn
VLOG[2] (compute-mfcc-feats:main():compute-mfcc-feats.cc:178) Processed features for key rdd01_st0100_trn
VLOG[2] (compute-mfcc-feats:main():compute-mfcc-feats.cc:178) Processed features for key rdd01_st0185_trn
LOG (compute-mfcc-feats:main():compute-mfcc-feats.cc:177) Processed 390 utterances
VLOG[2] (compute-mfcc-feats:main():compute-mfcc-feats.cc:178) Processed features for key rdd01_st0258_trn
VLOG[2] (compute-mfcc-feats:main():compute-mfcc-feats.cc:178) Processed features for key rdd01_st0341_trn
VLOG[2] (compute-mfcc-feats:main():compute-mfcc-feats.cc:178) Processed features for key rdd01_st0419_trn
VLOG[2] (compute-mfcc-feats:main():compute-mfcc-feats.cc:178) Processed features for key rdd01_st0500_trn
VLOG[2] (compute-mfcc-feats:main():compute-mfcc-feats.cc:178) Processed features for key rdd01_st0582_trn
VLOG[2] (compute-mfcc-feats:main():compute-mfcc-feats.cc:178) Processed features for key rdd01_st0651_trn
VLOG[2] (compute-mfcc-feats:main():compute-mfcc-feats.cc:178) Processed features for key rdd01_st0709_trn
VLOG[2] (compute-mfcc-feats:main():compute-mfcc-feats.cc:178) Processed features for key rdd01_st0773_trn
VLOG[2] (compute-mfcc-feats:main():compute-mfcc-feats.cc:178) Processed features for key rdd01_st0856_trn
VLOG[2] (compute-mfcc-feats:main():compute-mfcc-feats.cc:178) Processed features for key rdd01_st0912_trn
LOG (compute-mfcc-feats:main():compute-mfcc-feats.cc:177) Processed 400 utterances
VLOG[2] (compute-mfcc-feats:main():compute-mfcc-feats.cc:178) Processed features for key rdd01_st0977_trn
VLOG[2] (compute-mfcc-feats:main():compute-mfcc-feats.cc:178) Processed features for key rdd01_st1061_trn
VLOG[2] (compute-mfcc-feats:main():compute-mfcc-feats.cc:178) Processed features for key rdd01_st1107_trn
VLOG[2] (compute-mfcc-feats:main():compute-mfcc-feats.cc:178) Processed features for key rdd01_st1188_trn
VLOG[2] (compute-mfcc-feats:main():compute-mfcc-feats.cc:178) Processed features for key rdd01_st1277_trn
VLOG[2] (compute-mfcc-feats:main():compute-mfcc-feats.cc:178) Processed features for key rdd01_st1338_trn
VLOG[2] (compute-mfcc-feats:main():compute-mfcc-feats.cc:178) Processed features for key rdd01_st1409_trn
VLOG[2] (compute-mfcc-feats:main():compute-mfcc-feats.cc:178) Processed features for key rdd01_st1484_trn
VLOG[2] (compute-mfcc-feats:main():compute-mfcc-feats.cc:178) Processed features for key rdd01_st1547_trn
VLOG[2] (compute-mfcc-feats:main():compute-mfcc-feats.cc:178) Processed features for key rdd01_st1607_trn
LOG (compute-mfcc-feats:main():compute-mfcc-feats.cc:177) Processed 410 utterances
VLOG[2] (compute-mfcc-feats:main():compute-mfcc-feats.cc:178) Processed features for key rdd01_st1680_trn
VLOG[2] (compute-mfcc-feats:main():compute-mfcc-feats.cc:178) Processed features for key rdd01_st1758_trn
VLOG[2] (compute-mfcc-feats:main():compute-mfcc-feats.cc:178) Processed features for key rdd01_st1835_trn
VLOG[2] (compute-mfcc-feats:main():compute-mfcc-feats.cc:178) Processed features for key rdd01_st1922_trn
VLOG[2] (compute-mfcc-feats:main():compute-mfcc-feats.cc:178) Processed features for key rdd01_st1984_trn
VLOG[2] (compute-mfcc-feats:main():compute-mfcc-feats.cc:178) Processed features for key rdd01_st2097_trn
VLOG[2] (compute-mfcc-feats:main():compute-mfcc-feats.cc:178) Processed features for key rdd01_st2161_trn
VLOG[2] (compute-mfcc-feats:main():compute-mfcc-feats.cc:178) Processed features for key rgm04_sr014_trn
VLOG[2] (compute-mfcc-feats:main():compute-mfcc-feats.cc:178) Processed features for key rgm04_sr054_trn
VLOG[2] (compute-mfcc-feats:main():compute-mfcc-feats.cc:178) Processed features for key rgm04_sr094_trn
LOG (compute-mfcc-feats:main():compute-mfcc-feats.cc:177) Processed 420 utterances
VLOG[2] (compute-mfcc-feats:main():compute-mfcc-feats.cc:178) Processed features for key rgm04_sr134_trn
VLOG[2] (compute-mfcc-feats:main():compute-mfcc-feats.cc:178) Processed features for key rgm04_sr174_trn
VLOG[2] (compute-mfcc-feats:main():compute-mfcc-feats.cc:178) Processed features for key rgm04_sr214_trn
VLOG[2] (compute-mfcc-feats:main():compute-mfcc-feats.cc:178) Processed features for key rgm04_sr254_trn
VLOG[2] (compute-mfcc-feats:main():compute-mfcc-feats.cc:178) Processed features for key rgm04_sr294_trn
VLOG[2] (compute-mfcc-feats:main():compute-mfcc-feats.cc:178) Processed features for key rgm04_sr334_trn
VLOG[2] (compute-mfcc-feats:main():compute-mfcc-feats.cc:178) Processed features for key rgm04_sr374_trn
VLOG[2] (compute-mfcc-feats:main():compute-mfcc-feats.cc:178) Processed features for key rgm04_sr414_trn
VLOG[2] (compute-mfcc-feats:main():compute-mfcc-feats.cc:178) Processed features for key rgm04_sr454_trn
VLOG[2] (compute-mfcc-feats:main():compute-mfcc-feats.cc:178) Processed features for key rgm04_sr494_trn
LOG (compute-mfcc-feats:main():compute-mfcc-feats.cc:177) Processed 430 utterances
VLOG[2] (compute-mfcc-feats:main():compute-mfcc-feats.cc:178) Processed features for key rgm04_sr534_trn
VLOG[2] (compute-mfcc-feats:main():compute-mfcc-feats.cc:178) Processed features for key rgm04_sr574_trn
VLOG[2] (compute-mfcc-feats:main():compute-mfcc-feats.cc:178) Processed features for key rgm04_st0026_trn
VLOG[2] (compute-mfcc-feats:main():compute-mfcc-feats.cc:178) Processed features for key rgm04_st0108_trn
VLOG[2] (compute-mfcc-feats:main():compute-mfcc-feats.cc:178) Processed features for key rgm04_st0202_trn
VLOG[2] (compute-mfcc-feats:main():compute-mfcc-feats.cc:178) Processed features for key rgm04_st0281_trn
VLOG[2] (compute-mfcc-feats:main():compute-mfcc-feats.cc:178) Processed features for key rgm04_st0365_trn
VLOG[2] (compute-mfcc-feats:main():compute-mfcc-feats.cc:178) Processed features for key rgm04_st0450_trn
VLOG[2] (compute-mfcc-feats:main():compute-mfcc-feats.cc:178) Processed features for key rgm04_st0541_trn
VLOG[2] (compute-mfcc-feats:main():compute-mfcc-feats.cc:178) Processed features for key rgm04_st0635_trn
LOG (compute-mfcc-feats:main():compute-mfcc-feats.cc:177) Processed 440 utterances
VLOG[2] (compute-mfcc-feats:main():compute-mfcc-feats.cc:178) Processed features for key rgm04_st0733_trn
VLOG[2] (compute-mfcc-feats:main():compute-mfcc-feats.cc:178) Processed features for key rgm04_st0819_trn
VLOG[2] (compute-mfcc-feats:main():compute-mfcc-feats.cc:178) Processed features for key rgm04_st0910_trn
VLOG[2] (compute-mfcc-feats:main():compute-mfcc-feats.cc:178) Processed features for key rgm04_st1004_trn
VLOG[2] (compute-mfcc-feats:main():compute-mfcc-feats.cc:178) Processed features for key rgm04_st1104_trn
VLOG[2] (compute-mfcc-feats:main():compute-mfcc-feats.cc:178) Processed features for key rgm04_st1193_trn
VLOG[2] (compute-mfcc-feats:main():compute-mfcc-feats.cc:178) Processed features for key rgm04_st1262_trn
VLOG[2] (compute-mfcc-feats:main():compute-mfcc-feats.cc:178) Processed features for key rgm04_st1356_trn
VLOG[2] (compute-mfcc-feats:main():compute-mfcc-feats.cc:178) Processed features for key rgm04_st1464_trn
VLOG[2] (compute-mfcc-feats:main():compute-mfcc-feats.cc:178) Processed features for key rgm04_st1568_trn
LOG (compute-mfcc-feats:main():compute-mfcc-feats.cc:177) Processed 450 utterances
VLOG[2] (compute-mfcc-feats:main():compute-mfcc-feats.cc:178) Processed features for key rgm04_st1663_trn
VLOG[2] (compute-mfcc-feats:main():compute-mfcc-feats.cc:178) Processed features for key rgm04_st1747_trn
VLOG[2] (compute-mfcc-feats:main():compute-mfcc-feats.cc:178) Processed features for key rgm04_st1833_trn
VLOG[2] (compute-mfcc-feats:main():compute-mfcc-feats.cc:178) Processed features for key rgm04_st1917_trn
VLOG[2] (compute-mfcc-feats:main():compute-mfcc-feats.cc:178) Processed features for key rgm04_st2004_trn
VLOG[2] (compute-mfcc-feats:main():compute-mfcc-feats.cc:178) Processed features for key rgm04_st2081_trn
VLOG[2] (compute-mfcc-feats:main():compute-mfcc-feats.cc:178) Processed features for key rgm04_st2181_trn
VLOG[2] (compute-mfcc-feats:main():compute-mfcc-feats.cc:178) Processed features for key rjm12_st0055_trn
VLOG[2] (compute-mfcc-feats:main():compute-mfcc-feats.cc:178) Processed features for key rjm12_st0139_trn
VLOG[2] (compute-mfcc-feats:main():compute-mfcc-feats.cc:178) Processed features for key rjm12_st0215_trn
LOG (compute-mfcc-feats:main():compute-mfcc-feats.cc:177) Processed 460 utterances
VLOG[2] (compute-mfcc-feats:main():compute-mfcc-feats.cc:178) Processed features for key rjm12_st0302_trn
VLOG[2] (compute-mfcc-feats:main():compute-mfcc-feats.cc:178) Processed features for key rjm12_st0378_trn
VLOG[2] (compute-mfcc-feats:main():compute-mfcc-feats.cc:178) Processed features for key rjm12_st0458_trn
VLOG[2] (compute-mfcc-feats:main():compute-mfcc-feats.cc:178) Processed features for key rjm12_st0527_trn
VLOG[2] (compute-mfcc-feats:main():compute-mfcc-feats.cc:178) Processed features for key rjm12_st0613_trn
VLOG[2] (compute-mfcc-feats:main():compute-mfcc-feats.cc:178) Processed features for key rjm12_st0677_trn
VLOG[2] (compute-mfcc-feats:main():compute-mfcc-feats.cc:178) Processed features for key rjm12_st0747_trn
VLOG[2] (compute-mfcc-feats:main():compute-mfcc-feats.cc:178) Processed features for key rjm12_st0816_trn
VLOG[2] (compute-mfcc-feats:main():compute-mfcc-feats.cc:178) Processed features for key rjm12_st0871_trn
VLOG[2] (compute-mfcc-feats:main():compute-mfcc-feats.cc:178) Processed features for key rjm12_st0945_trn
LOG (compute-mfcc-feats:main():compute-mfcc-feats.cc:177) Processed 470 utterances
VLOG[2] (compute-mfcc-feats:main():compute-mfcc-feats.cc:178) Processed features for key rjm12_st1025_trn
VLOG[2] (compute-mfcc-feats:main():compute-mfcc-feats.cc:178) Processed features for key rjm12_st1079_trn
VLOG[2] (compute-mfcc-feats:main():compute-mfcc-feats.cc:178) Processed features for key rjm12_st1148_trn
VLOG[2] (compute-mfcc-feats:main():compute-mfcc-feats.cc:178) Processed features for key rjm12_st1237_trn
VLOG[2] (compute-mfcc-feats:main():compute-mfcc-feats.cc:178) Processed features for key rjm12_st1298_trn
VLOG[2] (compute-mfcc-feats:main():compute-mfcc-feats.cc:178) Processed features for key rjm12_st1377_trn
VLOG[2] (compute-mfcc-feats:main():compute-mfcc-feats.cc:178) Processed features for key rjm12_st1438_trn
VLOG[2] (compute-mfcc-feats:main():compute-mfcc-feats.cc:178) Processed features for key rjm12_st1516_trn
VLOG[2] (compute-mfcc-feats:main():compute-mfcc-feats.cc:178) Processed features for key rjm12_st1579_trn
VLOG[2] (compute-mfcc-feats:main():compute-mfcc-feats.cc:178) Processed features for key rjm12_st1638_trn
LOG (compute-mfcc-feats:main():compute-mfcc-feats.cc:177) Processed 480 utterances
VLOG[2] (compute-mfcc-feats:main():compute-mfcc-feats.cc:178) Processed features for key rjm12_st1714_trn
VLOG[2] (compute-mfcc-feats:main():compute-mfcc-feats.cc:178) Processed features for key rjm12_st1791_trn
VLOG[2] (compute-mfcc-feats:main():compute-mfcc-feats.cc:178) Processed features for key rjm12_st1873_trn
VLOG[2] (compute-mfcc-feats:main():compute-mfcc-feats.cc:178) Processed features for key rjm12_st1949_trn
VLOG[2] (compute-mfcc-feats:main():compute-mfcc-feats.cc:178) Processed features for key rjm12_st2028_trn
VLOG[2] (compute-mfcc-feats:main():compute-mfcc-feats.cc:178) Processed features for key rjm12_st2128_trn
VLOG[2] (compute-mfcc-feats:main():compute-mfcc-feats.cc:178) Processed features for key rjm12_st2195_trn
VLOG[2] (compute-mfcc-feats:main():compute-mfcc-feats.cc:178) Processed features for key rtk03_sr001_trn
VLOG[2] (compute-mfcc-feats:main():compute-mfcc-feats.cc:178) Processed features for key rtk03_sr041_trn
VLOG[2] (compute-mfcc-feats:main():compute-mfcc-feats.cc:178) Processed features for key rtk03_sr081_trn
LOG (compute-mfcc-feats:main():compute-mfcc-feats.cc:177) Processed 490 utterances
VLOG[2] (compute-mfcc-feats:main():compute-mfcc-feats.cc:178) Processed features for key rtk03_sr121_trn
VLOG[2] (compute-mfcc-feats:main():compute-mfcc-feats.cc:178) Processed features for key rtk03_sr161_trn
VLOG[2] (compute-mfcc-feats:main():compute-mfcc-feats.cc:178) Processed features for key rtk03_sr201_trn
VLOG[2] (compute-mfcc-feats:main():compute-mfcc-feats.cc:178) Processed features for key rtk03_sr241_trn
VLOG[2] (compute-mfcc-feats:main():compute-mfcc-feats.cc:178) Processed features for key rtk03_sr281_trn
VLOG[2] (compute-mfcc-feats:main():compute-mfcc-feats.cc:178) Processed features for key rtk03_sr321_trn
VLOG[2] (compute-mfcc-feats:main():compute-mfcc-feats.cc:178) Processed features for key rtk03_sr361_trn
VLOG[2] (compute-mfcc-feats:main():compute-mfcc-feats.cc:178) Processed features for key rtk03_sr401_trn
VLOG[2] (compute-mfcc-feats:main():compute-mfcc-feats.cc:178) Processed features for key rtk03_sr441_trn
LOG (compute-mfcc-feats:main():compute-mfcc-feats.cc:181)  Done 498 out of 498 utterances.
LOG (copy-feats:main():copy-feats.cc:120) Copied 498 feature matrices.
# Accounting: time=28 threads=1
# Ended (code 0) at Sat Sep 10 03:55:32 PDT 2016, elapsed time 28 seconds
