# gunzip -c exp/tri1/decode/depth_stats_tmp.*.gz | steps/diagnostic/analyze_lattice_depth_stats.py exp/tri1/graph 
# Started at Wed Oct 12 03:21:21 PDT 2016
#
The total amount of data analyzed assuming 100 frames per second is 0.0 hours
Overall, lattice depth (10,50,90-percentile)=(1,1,4) and mean=3.4
Nonsilence phones as a group account for 79.1% of frames, with lattice depth (10,50,90-percentile)=(1,1,4) and mean=3.4
Phone ʉ_E accounts for 25.2% of frames, with lattice depth (10,50,90-percentile)=(1,1,23) and mean=6.5
Phone SIL accounts for 20.9% of frames, with lattice depth (10,50,90-percentile)=(1,1,4) and mean=3.4
Phone o_B accounts for 7.5% of frames, with lattice depth (10,50,90-percentile)=(1,1,1) and mean=1.0
Phone n_I accounts for 4.6% of frames, with lattice depth (10,50,90-percentile)=(1,1,14) and mean=3.7
Phone ʈʈ_I accounts for 4.3% of frames, with lattice depth (10,50,90-percentile)=(1,1,1) and mean=1.1
Phone d_I accounts for 3.6% of frames, with lattice depth (10,50,90-percentile)=(1,1,3) and mean=2.9
Phone ʲeː_B accounts for 3.5% of frames, with lattice depth (10,50,90-percentile)=(1,1,1) and mean=1.2
Phone ʌ_I accounts for 3.2% of frames, with lattice depth (10,50,90-percentile)=(1,1,1) and mean=1.0
Phone ɾ_I accounts for 3.0% of frames, with lattice depth (10,50,90-percentile)=(1,1,1) and mean=1.0
Phone aː_I accounts for 2.7% of frames, with lattice depth (10,50,90-percentile)=(1,1,1) and mean=1.0
Phone aɪ_B accounts for 2.4% of frames, with lattice depth (10,50,90-percentile)=(1,1,27) and mean=7.3
Phone ʲe_B accounts for 2.4% of frames, with lattice depth (10,50,90-percentile)=(1,1,1) and mean=1.3
Phone b_I accounts for 2.3% of frames, with lattice depth (10,50,90-percentile)=(1,1,1) and mean=1.0
Phone uː_I accounts for 2.2% of frames, with lattice depth (10,50,90-percentile)=(1,1,14) and mean=6.2
Phone m_B accounts for 2.1% of frames, with lattice depth (10,50,90-percentile)=(1,1,2) and mean=2.0
Phone aː_B accounts for 2.1% of frames, with lattice depth (10,50,90-percentile)=(1,1,1) and mean=1.0
Phone ɡ_I accounts for 2.0% of frames, with lattice depth (10,50,90-percentile)=(1,1,1) and mean=1.0
Phone I_B accounts for 1.7% of frames, with lattice depth (10,50,90-percentile)=(1,1,1) and mean=1.0
Phone r_I accounts for 1.3% of frames, with lattice depth (10,50,90-percentile)=(1,1,2) and mean=3.0
Phone ɖ_I accounts for 1.1% of frames, with lattice depth (10,50,90-percentile)=(1,1,1) and mean=1.0
Phone ɳ_I accounts for 1.0% of frames, with lattice depth (10,50,90-percentile)=(1,1,1) and mean=1.0
# Accounting: time=0 threads=1
# Ended (code 0) at Wed Oct 12 03:21:21 PDT 2016, elapsed time 0 seconds
