# lattice-scale --inv-acoustic-scale=9 "ark:gunzip -c exp/tri1/decode/lat.*.gz|" ark:- | lattice-add-penalty --word-ins-penalty=0.0 ark:- ark:- | lattice-best-path --word-symbol-table=exp/tri1/graph/words.txt ark:- ark,t:- | utils/int2sym.pl -f 2- exp/tri1/graph/words.txt | cat > exp/tri1/decode/scoring_kaldi/penalty_0.0/9.txt 
# Started at Wed Oct 12 03:21:21 PDT 2016
#
lattice-best-path --word-symbol-table=exp/tri1/graph/words.txt ark:- ark,t:- 
lattice-scale --inv-acoustic-scale=9 'ark:gunzip -c exp/tri1/decode/lat.*.gz|' ark:- 
lattice-add-penalty --word-ins-penalty=0.0 ark:- ark:- 
LOG (lattice-scale:main():lattice-scale.cc:90) Done 9 lattices.
LOG (lattice-best-path:main():lattice-best-path.cc:99) For utterance raj_1_2_5, best cost 24.8911 + 4621.35 = 4646.24 over 478 frames.
raj_1_2_5 ஆறு எட்டு மூன்று 
LOG (lattice-best-path:main():lattice-best-path.cc:99) For utterance raj_9_3_4, best cost 24.2068 + 5221.99 = 5246.2 over 542 frames.
raj_9_3_4 ஏழு எட்டு ஒன்பது 
LOG (lattice-best-path:main():lattice-best-path.cc:99) For utterance ranjini_1_2_3, best cost 26.0315 + 3122.78 = 3148.81 over 310 frames.
ranjini_1_2_3 ஐந்து ஒன்பது மூன்று 
LOG (lattice-best-path:main():lattice-best-path.cc:99) For utterance ranjini_22_23_24, best cost 38.864 + 5737.44 = 5776.3 over 486 frames.
ranjini_22_23_24 ஒரு ஐந்து மூன்று ஐந்து ஒரு ஐந்து 
LOG (lattice-best-path:main():lattice-best-path.cc:99) For utterance ranjini_4_8_7, best cost 27.7378 + 3458.84 = 3486.58 over 342 frames.
ranjini_4_8_7 ஒன்பது மூன்று ஐந்து 
LOG (lattice-best-path:main():lattice-best-path.cc:99) For utterance ranjini_5_9_3, best cost 17.6131 + 3216.66 = 3234.27 over 326 frames.
ranjini_5_9_3 ஒன்பது மூன்று 
LOG (lattice-best-path:main():lattice-best-path.cc:99) For utterance ranjini_9_3_5, best cost 28.6245 + 3331.98 = 3360.61 over 326 frames.
ranjini_9_3_5 ஒரு இரண்டு மூன்று 
LOG (lattice-best-path:main():lattice-best-path.cc:99) For utterance sindhu_3_5_1, best cost 24.416 + 3205.26 = 3229.67 over 318 frames.
sindhu_3_5_1 நான்கு இரண்டு எட்டு 
LOG (lattice-best-path:main():lattice-best-path.cc:99) For utterance sindhu_4_2_8, best cost 26.774 + 3172.54 = 3199.31 over 318 frames.
sindhu_4_2_8 நான்கு எட்டு ஏழு 
LOG (lattice-add-penalty:main():lattice-add-penalty.cc:62) Done adding word insertion penalty to 9 lattices.
LOG (lattice-best-path:main():lattice-best-path.cc:124) Overall cost per frame is 10.2519 = 0.0694019 [graph] + 10.1825 [acoustic] over 3446 frames.
LOG (lattice-best-path:main():lattice-best-path.cc:128) Done 9 lattices, failed for 0
# Accounting: time=0 threads=1
# Ended (code 0) at Wed Oct 12 03:21:21 PDT 2016, elapsed time 0 seconds
