# gmm-est --write-occs=exp/mono/13.occs --mix-up=411 --power=0.25 exp/mono/12.mdl "gmm-sum-accs - exp/mono/12.*.acc|" exp/mono/13.mdl 
# Started at Wed Oct 12 01:16:57 PDT 2016
#
gmm-est --write-occs=exp/mono/13.occs --mix-up=411 --power=0.25 exp/mono/12.mdl 'gmm-sum-accs - exp/mono/12.*.acc|' exp/mono/13.mdl 
gmm-sum-accs - exp/mono/12.1.acc 
LOG (gmm-sum-accs:main():gmm-sum-accs.cc:63) Summed 1 stats, total count 4908, avg like/frame -89.9323
LOG (gmm-sum-accs:main():gmm-sum-accs.cc:66) Total count of stats is 4908
LOG (gmm-sum-accs:main():gmm-sum-accs.cc:67) Written stats to -
LOG (gmm-est:MleUpdate():transition-model.cc:393) TransitionModel::Update, objf change is 2.08609e-05 per frame over 4908 frames. 
LOG (gmm-est:MleUpdate():transition-model.cc:396) 4 probabilities floored, 221 out of 290 transition-states skipped due to insuffient data (it is normal to have some skipped.)
LOG (gmm-est:main():gmm-est.cc:102) Transition model update: Overall 2.08609e-05 log-like improvement per frame over 4908 frames.
WARNING (gmm-est:MleDiagGmmUpdate():mle-diag-gmm.cc:359) Too little data - removing Gaussian (weight 0.051928, occupation count 9.087326, vector size 39)
WARNING (gmm-est:MleDiagGmmUpdate():mle-diag-gmm.cc:359) Too little data - removing Gaussian (weight 0.010107, occupation count 9.723094, vector size 39)
WARNING (gmm-est:MleDiagGmmUpdate():mle-diag-gmm.cc:359) Too little data - removing Gaussian (weight 0.009915, occupation count 9.538516, vector size 39)
WARNING (gmm-est:MleDiagGmmUpdate():mle-diag-gmm.cc:359) Too little data - removing Gaussian (weight 0.010305, occupation count 9.913861, vector size 39)
WARNING (gmm-est:MleDiagGmmUpdate():mle-diag-gmm.cc:365) Gaussian has too little data but not removing it because it is the last Gaussian: i = 0, occ = 0, weight = 1
WARNING (gmm-est:MleDiagGmmUpdate():mle-diag-gmm.cc:365) Gaussian has too little data but not removing it because it is the last Gaussian: i = 0, occ = 0, weight = 1
WARNING (gmm-est:MleDiagGmmUpdate():mle-diag-gmm.cc:365) Gaussian has too little data but not removing it because it is the last Gaussian: i = 0, occ = 0, weight = 1
WARNING (gmm-est:MleDiagGmmUpdate():mle-diag-gmm.cc:365) Gaussian has too little data but not removing it because it is the last Gaussian: i = 0, occ = 0, weight = 1
WARNING (gmm-est:MleDiagGmmUpdate():mle-diag-gmm.cc:365) Gaussian has too little data but not removing it because it is the last Gaussian: i = 0, occ = 0, weight = 1
WARNING (gmm-est:MleDiagGmmUpdate():mle-diag-gmm.cc:365) Gaussian has too little data but not removing it because it is the last Gaussian: i = 0, occ = 9, weight = 1
WARNING (gmm-est:MleDiagGmmUpdate():mle-diag-gmm.cc:365) Gaussian has too little data but not removing it because it is the last Gaussian: i = 0, occ = 9, weight = 1
WARNING (gmm-est:MleDiagGmmUpdate():mle-diag-gmm.cc:365) Gaussian has too little data but not removing it because it is the last Gaussian: i = 0, occ = 4, weight = 1
LOG (gmm-est:MleAmDiagGmmUpdate():mle-am-diag-gmm.cc:225) 0 variance elements floored in 0 Gaussians, out of 233
LOG (gmm-est:MleAmDiagGmmUpdate():mle-am-diag-gmm.cc:229) Removed 4 Gaussians due to counts < --min-gaussian-occupancy=10 and --remove-low-count-gaussians=true
LOG (gmm-est:main():gmm-est.cc:113) GMM update: Overall 0.165 objective function improvement per frame over 4908 frames
LOG (gmm-est:main():gmm-est.cc:116) GMM update: Overall avg like per frame = -89.9323 over 4908 frames.
WARNING (gmm-est:GetSplitTargets():model-common.cc:134) Could not split up to 411 due to min-count = 20 (or no counts at all)
LOG (gmm-est:SplitByCount():am-diag-gmm.cc:116) Split 70 states with target = 411, power = 0.25, perturb_factor = 0.01 and min_count = 20, split #Gauss from 233 to 234
LOG (gmm-est:main():gmm-est.cc:146) Written model to exp/mono/13.mdl
# Accounting: time=0 threads=1
# Ended (code 0) at Wed Oct 12 01:16:57 PDT 2016, elapsed time 0 seconds
