# build-tree --verbose=1 --max-leaves=2000 --cluster-thresh=-1 exp/tri1/treeacc data/lang/phones/roots.int exp/tri1/questions.qst data/lang/topo exp/tri1/tree 
# Started at Wed Oct 12 03:21:16 PDT 2016
#
build-tree --verbose=1 --max-leaves=2000 --cluster-thresh=-1 exp/tri1/treeacc data/lang/phones/roots.int exp/tri1/questions.qst data/lang/topo exp/tri1/tree 
LOG (build-tree:main():build-tree.cc:100) Number of separate statistics is 194
LOG (build-tree:BuildTree():build-tree.cc:159) BuildTree: before building trees, map has 23 leaves.
LOG (build-tree:SplitDecisionTree():build-tree-utils.cc:577) DoDecisionTreeSplit: split 30 times, #leaves now 53
LOG (build-tree:BuildTree():build-tree.cc:185) Setting clustering threshold to smallest split 304.18
VLOG[1] (build-tree:BuildTree():build-tree.cc:194) After decision tree split, num-leaves = 53, like-impr = 4.0554 per frame over 4908 frames.
VLOG[1] (build-tree:BuildTree():build-tree.cc:198) Including just phones that were split, improvement is 4.0554 per frame over 4908 frames.
LOG (build-tree:BuildTree():build-tree.cc:213) BuildTree: removed 2 leaves.
VLOG[1] (build-tree:BuildTree():build-tree.cc:220) Objf change due to clustering -0.115099 per frame.
VLOG[1] (build-tree:BuildTree():build-tree.cc:223) Normalizing over only split phones, this is: -0.115099 per frame.
VLOG[1] (build-tree:BuildTree():build-tree.cc:226) Num-leaves is now 51
VLOG[1] (build-tree:main():build-tree.cc:138) For pdf-id 1, low count 0
VLOG[1] (build-tree:main():build-tree.cc:138) For pdf-id 2, low count 0
VLOG[1] (build-tree:main():build-tree.cc:138) For pdf-id 3, low count 45
VLOG[1] (build-tree:main():build-tree.cc:138) For pdf-id 4, low count 29
VLOG[1] (build-tree:main():build-tree.cc:138) For pdf-id 6, low count 80
VLOG[1] (build-tree:main():build-tree.cc:138) For pdf-id 8, low count 45
VLOG[1] (build-tree:main():build-tree.cc:138) For pdf-id 10, low count 60
VLOG[1] (build-tree:main():build-tree.cc:138) For pdf-id 11, low count 55
VLOG[1] (build-tree:main():build-tree.cc:138) For pdf-id 12, low count 74
VLOG[1] (build-tree:main():build-tree.cc:138) For pdf-id 13, low count 67
VLOG[1] (build-tree:main():build-tree.cc:138) For pdf-id 14, low count 43
VLOG[1] (build-tree:main():build-tree.cc:138) For pdf-id 15, low count 17
VLOG[1] (build-tree:main():build-tree.cc:138) For pdf-id 16, low count 22
VLOG[1] (build-tree:main():build-tree.cc:138) For pdf-id 17, low count 27
VLOG[1] (build-tree:main():build-tree.cc:138) For pdf-id 18, low count 62
VLOG[1] (build-tree:main():build-tree.cc:138) For pdf-id 20, low count 55
VLOG[1] (build-tree:main():build-tree.cc:138) For pdf-id 21, low count 42
VLOG[1] (build-tree:main():build-tree.cc:138) For pdf-id 22, low count 38
VLOG[1] (build-tree:main():build-tree.cc:138) For pdf-id 24, low count 96
VLOG[1] (build-tree:main():build-tree.cc:138) For pdf-id 26, low count 22
VLOG[1] (build-tree:main():build-tree.cc:138) For pdf-id 29, low count 62
VLOG[1] (build-tree:main():build-tree.cc:138) For pdf-id 30, low count 36
VLOG[1] (build-tree:main():build-tree.cc:138) For pdf-id 31, low count 77
VLOG[1] (build-tree:main():build-tree.cc:138) For pdf-id 32, low count 15
VLOG[1] (build-tree:main():build-tree.cc:138) For pdf-id 33, low count 64
VLOG[1] (build-tree:main():build-tree.cc:138) For pdf-id 34, low count 95
VLOG[1] (build-tree:main():build-tree.cc:138) For pdf-id 35, low count 47
VLOG[1] (build-tree:main():build-tree.cc:138) For pdf-id 36, low count 32
VLOG[1] (build-tree:main():build-tree.cc:138) For pdf-id 38, low count 48
VLOG[1] (build-tree:main():build-tree.cc:138) For pdf-id 40, low count 91
VLOG[1] (build-tree:main():build-tree.cc:138) For pdf-id 41, low count 15
VLOG[1] (build-tree:main():build-tree.cc:138) For pdf-id 42, low count 72
VLOG[1] (build-tree:main():build-tree.cc:138) For pdf-id 43, low count 69
VLOG[1] (build-tree:main():build-tree.cc:138) For pdf-id 44, low count 42
VLOG[1] (build-tree:main():build-tree.cc:138) For pdf-id 45, low count 94
VLOG[1] (build-tree:main():build-tree.cc:138) For pdf-id 46, low count 27
VLOG[1] (build-tree:main():build-tree.cc:138) For pdf-id 49, low count 48
VLOG[1] (build-tree:main():build-tree.cc:138) For pdf-id 50, low count 34
WARNING (build-tree:main():build-tree.cc:180) Saw no stats for following phones: 2 3 4 5 6 7 8 9 10 11 12 13 14 16 17 18 20 21 22 24 26 27 28 30 31 32 34 36 37 38 40 42 44 45 46 47 48 50 51 52 54 55 56 58 59 60 62 63 64 66 67 68 70 71 72 74 75 76 78 79 81 82 83 84 86 88 89 90 92 93 94 
LOG (build-tree:main():build-tree.cc:184) Wrote tree
# Accounting: time=0 threads=1
# Ended (code 0) at Wed Oct 12 03:21:16 PDT 2016, elapsed time 0 seconds
