# gmm-init-model --write-occs=exp/tri1/1.occs exp/tri1/tree exp/tri1/treeacc data/lang/topo exp/tri1/1.mdl 
# Started at Wed Oct 12 03:21:16 PDT 2016
#
gmm-init-model --write-occs=exp/tri1/1.occs exp/tri1/tree exp/tri1/treeacc data/lang/topo exp/tri1/1.mdl 
LOG (gmm-init-model:main():gmm-init-model.cc:271) Number of separate statistics is 194
WARNING (gmm-init-model:InitAmGmm():gmm-init-model.cc:55) Tree has pdf-id 1 with no stats; corresponding phone list: 6 7 8 9 10 
WARNING (gmm-init-model:InitAmGmm():gmm-init-model.cc:55) Tree has pdf-id 2 with no stats; corresponding phone list: 11 12 13 14 
WARNING (gmm-init-model:InitAmGmm():gmm-init-model.cc:83) Very small count for state 3: 45; corresponding phone list: 15 16 17 18 
WARNING (gmm-init-model:InitAmGmm():gmm-init-model.cc:83) Very small count for state 4: 29; corresponding phone list: 19 20 21 22 
WARNING (gmm-init-model:InitAmGmm():gmm-init-model.cc:83) Very small count for state 6: 80; corresponding phone list: 27 28 29 30 
WARNING (gmm-init-model:InitAmGmm():gmm-init-model.cc:83) Very small count for state 8: 45; corresponding phone list: 35 36 37 38 
WARNING (gmm-init-model:InitAmGmm():gmm-init-model.cc:83) Very small count for state 10: 60; corresponding phone list: 43 44 45 46 
WARNING (gmm-init-model:InitAmGmm():gmm-init-model.cc:83) Very small count for state 11: 55; corresponding phone list: 47 48 49 50 
WARNING (gmm-init-model:InitAmGmm():gmm-init-model.cc:83) Very small count for state 12: 74; corresponding phone list: 51 52 53 54 
WARNING (gmm-init-model:InitAmGmm():gmm-init-model.cc:83) Very small count for state 13: 67; corresponding phone list: 55 56 57 58 
WARNING (gmm-init-model:InitAmGmm():gmm-init-model.cc:83) Very small count for state 14: 43; corresponding phone list: 59 60 61 62 
WARNING (gmm-init-model:InitAmGmm():gmm-init-model.cc:83) Very small count for state 15: 17; corresponding phone list: 63 64 65 66 
WARNING (gmm-init-model:InitAmGmm():gmm-init-model.cc:83) Very small count for state 16: 22; corresponding phone list: 67 68 69 70 
WARNING (gmm-init-model:InitAmGmm():gmm-init-model.cc:83) Very small count for state 17: 27; corresponding phone list: 71 72 73 74 
WARNING (gmm-init-model:InitAmGmm():gmm-init-model.cc:83) Very small count for state 18: 62; corresponding phone list: 75 76 77 78 
WARNING (gmm-init-model:InitAmGmm():gmm-init-model.cc:83) Very small count for state 20: 55; corresponding phone list: 83 84 85 86 
WARNING (gmm-init-model:InitAmGmm():gmm-init-model.cc:83) Very small count for state 21: 42; corresponding phone list: 87 88 89 90 
WARNING (gmm-init-model:InitAmGmm():gmm-init-model.cc:83) Very small count for state 22: 38; corresponding phone list: 91 92 93 94 
WARNING (gmm-init-model:InitAmGmm():gmm-init-model.cc:83) Very small count for state 24: 96; corresponding phone list: 1 2 3 4 5 
WARNING (gmm-init-model:InitAmGmm():gmm-init-model.cc:83) Very small count for state 26: 22; corresponding phone list: 75 76 77 78 
WARNING (gmm-init-model:InitAmGmm():gmm-init-model.cc:83) Very small count for state 29: 62; corresponding phone list: 19 20 21 22 
WARNING (gmm-init-model:InitAmGmm():gmm-init-model.cc:83) Very small count for state 30: 36; corresponding phone list: 23 24 25 26 
WARNING (gmm-init-model:InitAmGmm():gmm-init-model.cc:83) Very small count for state 31: 77; corresponding phone list: 1 2 3 4 5 
WARNING (gmm-init-model:InitAmGmm():gmm-init-model.cc:83) Very small count for state 32: 15; corresponding phone list: 47 48 49 50 
WARNING (gmm-init-model:InitAmGmm():gmm-init-model.cc:83) Very small count for state 33: 64; corresponding phone list: 59 60 61 62 
WARNING (gmm-init-model:InitAmGmm():gmm-init-model.cc:83) Very small count for state 34: 95; corresponding phone list: 71 72 73 74 
WARNING (gmm-init-model:InitAmGmm():gmm-init-model.cc:83) Very small count for state 35: 47; corresponding phone list: 47 48 49 50 
WARNING (gmm-init-model:InitAmGmm():gmm-init-model.cc:83) Very small count for state 36: 32; corresponding phone list: 35 36 37 38 
WARNING (gmm-init-model:InitAmGmm():gmm-init-model.cc:83) Very small count for state 38: 48; corresponding phone list: 15 16 17 18 
WARNING (gmm-init-model:InitAmGmm():gmm-init-model.cc:83) Very small count for state 40: 91; corresponding phone list: 83 84 85 86 
WARNING (gmm-init-model:InitAmGmm():gmm-init-model.cc:83) Very small count for state 41: 15; corresponding phone list: 15 16 17 18 
WARNING (gmm-init-model:InitAmGmm():gmm-init-model.cc:83) Very small count for state 42: 72; corresponding phone list: 87 88 89 90 
WARNING (gmm-init-model:InitAmGmm():gmm-init-model.cc:83) Very small count for state 43: 69; corresponding phone list: 47 48 49 50 
WARNING (gmm-init-model:InitAmGmm():gmm-init-model.cc:83) Very small count for state 44: 42; corresponding phone list: 63 64 65 66 
WARNING (gmm-init-model:InitAmGmm():gmm-init-model.cc:83) Very small count for state 45: 94; corresponding phone list: 75 76 77 78 
WARNING (gmm-init-model:InitAmGmm():gmm-init-model.cc:83) Very small count for state 46: 27; corresponding phone list: 67 68 69 70 
WARNING (gmm-init-model:InitAmGmm():gmm-init-model.cc:83) Very small count for state 49: 48; corresponding phone list: 71 72 73 74 
WARNING (gmm-init-model:InitAmGmm():gmm-init-model.cc:83) Very small count for state 50: 34; corresponding phone list: 35 36 37 38 
LOG (gmm-init-model:main():gmm-init-model.cc:306) Wrote model.
# Accounting: time=0 threads=1
# Ended (code 0) at Wed Oct 12 03:21:16 PDT 2016, elapsed time 0 seconds
