# lattice-scale --inv-acoustic-scale=8 "ark:gunzip -c exp/tri1/decode/lat.*.gz|" ark:- | lattice-add-penalty --word-ins-penalty=0.5 ark:- ark:- | lattice-best-path --word-symbol-table=exp/tri1/graph/words.txt ark:- ark,t:- | utils/int2sym.pl -f 2- exp/tri1/graph/words.txt | cat > exp/tri1/decode/scoring_kaldi/penalty_0.5/8.txt 
# Started at Wed Oct 12 02:58:36 PDT 2016
#
lattice-scale --inv-acoustic-scale=8 'ark:gunzip -c exp/tri1/decode/lat.*.gz|' ark:- 
lattice-best-path --word-symbol-table=exp/tri1/graph/words.txt ark:- ark,t:- 
LOG (lattice-scale:main():lattice-scale.cc:90) Done 9 lattices.
lattice-add-penalty --word-ins-penalty=0.5 ark:- ark:- 
LOG (lattice-best-path:main():lattice-best-path.cc:99) For utterance raj_1_2_5, best cost 26.3911 + 5199.02 = 5225.41 over 478 frames.
raj_1_2_5 ஆறு எட்டு மூன்று 
LOG (lattice-best-path:main():lattice-best-path.cc:99) For utterance raj_9_3_4, best cost 25.7068 + 5874.74 = 5900.44 over 542 frames.
raj_9_3_4 ஏழு எட்டு ஒன்பது 
LOG (lattice-best-path:main():lattice-best-path.cc:99) For utterance ranjini_1_2_3, best cost 27.5315 + 3513.13 = 3540.66 over 310 frames.
ranjini_1_2_3 ஐந்து ஒன்பது மூன்று 
LOG (lattice-best-path:main():lattice-best-path.cc:99) For utterance ranjini_22_23_24, best cost 41.864 + 6454.62 = 6496.48 over 486 frames.
ranjini_22_23_24 ஒரு ஐந்து மூன்று ஐந்து ஒரு ஐந்து 
LOG (lattice-add-penalty:main():lattice-add-penalty.cc:62) Done adding word insertion penalty to 9 lattices.
LOG (lattice-best-path:main():lattice-best-path.cc:99) For utterance ranjini_4_8_7, best cost 29.2378 + 3891.2 = 3920.44 over 342 frames.
ranjini_4_8_7 ஒன்பது மூன்று ஐந்து 
LOG (lattice-best-path:main():lattice-best-path.cc:99) For utterance ranjini_5_9_3, best cost 18.6131 + 3618.74 = 3637.35 over 326 frames.
ranjini_5_9_3 ஒன்பது மூன்று 
LOG (lattice-best-path:main():lattice-best-path.cc:99) For utterance ranjini_9_3_5, best cost 30.1245 + 3748.48 = 3778.6 over 326 frames.
ranjini_9_3_5 ஒரு இரண்டு மூன்று 
LOG (lattice-best-path:main():lattice-best-path.cc:99) For utterance sindhu_3_5_1, best cost 25.916 + 3605.91 = 3631.83 over 318 frames.
sindhu_3_5_1 நான்கு இரண்டு எட்டு 
LOG (lattice-best-path:main():lattice-best-path.cc:99) For utterance sindhu_4_2_8, best cost 28.274 + 3569.1 = 3597.38 over 318 frames.
sindhu_4_2_8 நான்கு எட்டு ஏழு 
LOG (lattice-best-path:main():lattice-best-path.cc:124) Overall cost per frame is 11.5289 = 0.0736097 [graph] + 11.4553 [acoustic] over 3446 frames.
LOG (lattice-best-path:main():lattice-best-path.cc:128) Done 9 lattices, failed for 0
# Accounting: time=0 threads=1
# Ended (code 0) at Wed Oct 12 02:58:36 PDT 2016, elapsed time 0 seconds
