# lattice-scale --inv-acoustic-scale=7 "ark:gunzip -c exp/tri1/decode/lat.*.gz|" ark:- | lattice-add-penalty --word-ins-penalty=0.5 ark:- ark:- | lattice-best-path --word-symbol-table=exp/tri1/graph/words.txt ark:- ark,t:- | utils/int2sym.pl -f 2- exp/tri1/graph/words.txt | cat > exp/tri1/decode/scoring_kaldi/penalty_0.5/7.txt 
# Started at Wed Oct 12 03:21:21 PDT 2016
#
lattice-scale --inv-acoustic-scale=7 'ark:gunzip -c exp/tri1/decode/lat.*.gz|' ark:- 
lattice-best-path --word-symbol-table=exp/tri1/graph/words.txt ark:- ark,t:- 
lattice-add-penalty --word-ins-penalty=0.5 ark:- ark:- 
LOG (lattice-scale:main():lattice-scale.cc:90) Done 9 lattices.
LOG (lattice-best-path:main():lattice-best-path.cc:99) For utterance raj_1_2_5, best cost 26.3911 + 5941.73 = 5968.12 over 478 frames.
raj_1_2_5 ஆறு எட்டு மூன்று 
LOG (lattice-best-path:main():lattice-best-path.cc:99) For utterance raj_9_3_4, best cost 25.7068 + 6713.99 = 6739.69 over 542 frames.
raj_9_3_4 ஏழு எட்டு ஒன்பது 
LOG (lattice-best-path:main():lattice-best-path.cc:99) For utterance ranjini_1_2_3, best cost 27.5315 + 4015 = 4042.53 over 310 frames.
ranjini_1_2_3 ஐந்து ஒன்பது மூன்று 
LOG (lattice-add-penalty:main():lattice-add-penalty.cc:62) Done adding word insertion penalty to 9 lattices.
LOG (lattice-best-path:main():lattice-best-path.cc:99) For utterance ranjini_22_23_24, best cost 41.864 + 7376.71 = 7418.57 over 486 frames.
ranjini_22_23_24 ஒரு ஐந்து மூன்று ஐந்து ஒரு ஐந்து 
LOG (lattice-best-path:main():lattice-best-path.cc:99) For utterance ranjini_4_8_7, best cost 29.2378 + 4447.08 = 4476.32 over 342 frames.
ranjini_4_8_7 ஒன்பது மூன்று ஐந்து 
LOG (lattice-best-path:main():lattice-best-path.cc:99) For utterance ranjini_5_9_3, best cost 18.6131 + 4135.7 = 4154.32 over 326 frames.
ranjini_5_9_3 ஒன்பது மூன்று 
LOG (lattice-best-path:main():lattice-best-path.cc:99) For utterance ranjini_9_3_5, best cost 30.1245 + 4283.98 = 4314.1 over 326 frames.
ranjini_9_3_5 ஒரு இரண்டு மூன்று 
LOG (lattice-best-path:main():lattice-best-path.cc:99) For utterance sindhu_3_5_1, best cost 25.916 + 4121.04 = 4146.96 over 318 frames.
sindhu_3_5_1 நான்கு இரண்டு எட்டு 
LOG (lattice-best-path:main():lattice-best-path.cc:99) For utterance sindhu_4_2_8, best cost 28.274 + 4078.97 = 4107.25 over 318 frames.
sindhu_4_2_8 நான்கு எட்டு ஏழு 
LOG (lattice-best-path:main():lattice-best-path.cc:124) Overall cost per frame is 13.1654 = 0.0736097 [graph] + 13.0918 [acoustic] over 3446 frames.
LOG (lattice-best-path:main():lattice-best-path.cc:128) Done 9 lattices, failed for 0
# Accounting: time=1 threads=1
# Ended (code 0) at Wed Oct 12 03:21:22 PDT 2016, elapsed time 1 seconds
