# align-equal-compiled "ark:gunzip -c exp/mono/fsts.4.gz|" "ark,s,cs:apply-cmvn  --utt2spk=ark:data/train.1k/split4/4/utt2spk scp:data/train.1k/split4/4/cmvn.scp scp:data/train.1k/split4/4/feats.scp ark:- | add-deltas ark:- ark:- |" ark,t:- | gmm-acc-stats-ali --binary=true exp/mono/0.mdl "ark,s,cs:apply-cmvn  --utt2spk=ark:data/train.1k/split4/4/utt2spk scp:data/train.1k/split4/4/cmvn.scp scp:data/train.1k/split4/4/feats.scp ark:- | add-deltas ark:- ark:- |" ark:- exp/mono/0.4.acc 
# Started at Sat Sep 10 04:40:54 PDT 2016
#
align-equal-compiled 'ark:gunzip -c exp/mono/fsts.4.gz|' 'ark,s,cs:apply-cmvn  --utt2spk=ark:data/train.1k/split4/4/utt2spk scp:data/train.1k/split4/4/cmvn.scp scp:data/train.1k/split4/4/feats.scp ark:- | add-deltas ark:- ark:- |' ark,t:- 
apply-cmvn --utt2spk=ark:data/train.1k/split4/4/utt2spk scp:data/train.1k/split4/4/cmvn.scp scp:data/train.1k/split4/4/feats.scp ark:- 
add-deltas ark:- ark:- 
gmm-acc-stats-ali --binary=true exp/mono/0.mdl 'ark,s,cs:apply-cmvn  --utt2spk=ark:data/train.1k/split4/4/utt2spk scp:data/train.1k/split4/4/cmvn.scp scp:data/train.1k/split4/4/feats.scp ark:- | add-deltas ark:- ark:- |' ark:- exp/mono/0.4.acc 
apply-cmvn --utt2spk=ark:data/train.1k/split4/4/utt2spk scp:data/train.1k/split4/4/cmvn.scp scp:data/train.1k/split4/4/feats.scp ark:- 
add-deltas ark:- ark:- 
LOG (gmm-acc-stats-ali:main():gmm-acc-stats-ali.cc:105) Processed 50 utterances; for utterance mju06_sr277_trn avg. like is -113.21 over 248 frames.
LOG (gmm-acc-stats-ali:main():gmm-acc-stats-ali.cc:105) Processed 100 utterances; for utterance rdd01_st1188_trn avg. like is -112.198 over 368 frames.
LOG (gmm-acc-stats-ali:main():gmm-acc-stats-ali.cc:105) Processed 150 utterances; for utterance sdc05_sr187_trn avg. like is -109.394 over 297 frames.
LOG (gmm-acc-stats-ali:main():gmm-acc-stats-ali.cc:105) Processed 200 utterances; for utterance tlb03_st2037_trn avg. like is -111.444 over 413 frames.
LOG (apply-cmvn:main():apply-cmvn.cc:146) Applied cepstral mean normalization to 249 utterances, errors on 0
LOG (align-equal-compiled:main():align-equal-compiled.cc:107) Success: done 249 utterances.
LOG (apply-cmvn:main():apply-cmvn.cc:146) Applied cepstral mean normalization to 249 utterances, errors on 0
LOG (gmm-acc-stats-ali:main():gmm-acc-stats-ali.cc:112) Done 249 files, 0 with errors.
LOG (gmm-acc-stats-ali:main():gmm-acc-stats-ali.cc:115) Overall avg like per frame (Gaussian only) = -111.719 over 86719 frames.
LOG (gmm-acc-stats-ali:main():gmm-acc-stats-ali.cc:123) Written accs.
# Accounting: time=1 threads=1
# Ended (code 0) at Sat Sep 10 04:40:55 PDT 2016, elapsed time 1 seconds
