# align-equal-compiled "ark:gunzip -c exp/mono/fsts.3.gz|" "ark,s,cs:apply-cmvn  --utt2spk=ark:data/train.1k/split4/3/utt2spk scp:data/train.1k/split4/3/cmvn.scp scp:data/train.1k/split4/3/feats.scp ark:- | add-deltas ark:- ark:- |" ark,t:- | gmm-acc-stats-ali --binary=true exp/mono/0.mdl "ark,s,cs:apply-cmvn  --utt2spk=ark:data/train.1k/split4/3/utt2spk scp:data/train.1k/split4/3/cmvn.scp scp:data/train.1k/split4/3/feats.scp ark:- | add-deltas ark:- ark:- |" ark:- exp/mono/0.3.acc 
# Started at Sat Sep 10 04:40:54 PDT 2016
#
align-equal-compiled 'ark:gunzip -c exp/mono/fsts.3.gz|' 'ark,s,cs:apply-cmvn  --utt2spk=ark:data/train.1k/split4/3/utt2spk scp:data/train.1k/split4/3/cmvn.scp scp:data/train.1k/split4/3/feats.scp ark:- | add-deltas ark:- ark:- |' ark,t:- 
apply-cmvn --utt2spk=ark:data/train.1k/split4/3/utt2spk scp:data/train.1k/split4/3/cmvn.scp scp:data/train.1k/split4/3/feats.scp ark:- 
add-deltas ark:- ark:- 
gmm-acc-stats-ali --binary=true exp/mono/0.mdl 'ark,s,cs:apply-cmvn  --utt2spk=ark:data/train.1k/split4/3/utt2spk scp:data/train.1k/split4/3/cmvn.scp scp:data/train.1k/split4/3/feats.scp ark:- | add-deltas ark:- ark:- |' ark:- exp/mono/0.3.acc 
add-deltas ark:- ark:- 
apply-cmvn --utt2spk=ark:data/train.1k/split4/3/utt2spk scp:data/train.1k/split4/3/cmvn.scp scp:data/train.1k/split4/3/feats.scp ark:- 
LOG (gmm-acc-stats-ali:main():gmm-acc-stats-ali.cc:105) Processed 50 utterances; for utterance hbs07_st0249_trn avg. like is -112.03 over 240 frames.
LOG (gmm-acc-stats-ali:main():gmm-acc-stats-ali.cc:105) Processed 100 utterances; for utterance jem01_st0961_trn avg. like is -111.045 over 398 frames.
LOG (gmm-acc-stats-ali:main():gmm-acc-stats-ali.cc:105) Processed 150 utterances; for utterance jmd02_st2040_trn avg. like is -111.543 over 292 frames.
LOG (gmm-acc-stats-ali:main():gmm-acc-stats-ali.cc:105) Processed 200 utterances; for utterance kkh05_sr242_trn avg. like is -114.183 over 247 frames.
LOG (apply-cmvn:main():apply-cmvn.cc:146) Applied cepstral mean normalization to 243 utterances, errors on 0
LOG (align-equal-compiled:main():align-equal-compiled.cc:107) Success: done 243 utterances.
LOG (apply-cmvn:main():apply-cmvn.cc:146) Applied cepstral mean normalization to 243 utterances, errors on 0
LOG (gmm-acc-stats-ali:main():gmm-acc-stats-ali.cc:112) Done 243 files, 0 with errors.
LOG (gmm-acc-stats-ali:main():gmm-acc-stats-ali.cc:115) Overall avg like per frame (Gaussian only) = -112.191 over 85137 frames.
LOG (gmm-acc-stats-ali:main():gmm-acc-stats-ali.cc:123) Written accs.
# Accounting: time=1 threads=1
# Ended (code 0) at Sat Sep 10 04:40:55 PDT 2016, elapsed time 1 seconds
